09/17/2020 06:59:06 PM
LogName=Security
SourceName=Microsoft Windows security auditing.
EventCode=4689
EventType=0
Type=Information
ComputerName=win-dc-1603297.attackrange.local
TaskCategory=Process Termination
OpCode=Info
RecordNumber=7465312
Keywords=Audit Success
Message=A process has exited.

Subject:
	Security ID:		ATTACKRANGE\administrator
	Account Name:		administrator
	Account Domain:		ATTACKRANGE
	Logon ID:		0x4FDA1

Process Information:
	Process ID:	0x1498
	Process Name:	C:\Windows\System32\WindowsPowerShell\v1.0\powershell.exe
	Exit Status:	0x0


09/17/2020 06:59:05 PM
LogName=Security
SourceName=Microsoft Windows security auditing.
EventCode=4688
EventType=0
Type=Information
ComputerName=win-dc-1603297.attackrange.local
TaskCategory=Process Creation
OpCode=Info
RecordNumber=7946858
Keywords=Audit Success
Message=A new process has been created.

Creator Subject:
	Security ID:		ATTACKRANGE\administrator
	Account Name:		administrator
	Account Domain:		ATTACKRANGE
	Logon ID:		0x4FDA1

Target Subject:
	Security ID:		NULL SID
	Account Name:		-
	Account Domain:		-
	Logon ID:		0x0

Process Information:
	New Process ID:		0x1498
	New Process Name:	C:\Windows\System32\WindowsPowerShell\v1.0\powershell.exe
	Token Elevation Type:	%%1936
	Mandatory Label:		Mandatory Label\High Mandatory Level
	Creator Process ID:	0x21c0
	Creator Process Name:	C:\Windows\System32\cmd.exe
	Process Command Line:	powershell  -command ""Import-Module PowerSploit; Add-DomainGroupMember; Add-DomainObjectAcl; Add-Persistence; Add-RemoteConnection; Add-ServiceDacl; Convert-ADName; ConvertFrom-SID; ConvertFrom-UACValue; ConvertTo-SID; Enable-Privilege; Export-PowerViewCSV; Find-AVSignature; Find-DomainLocalGroupMember; Find-DomainObjectPropertyOutlier; Find-DomainProcess; Find-DomainShare; Find-DomainUserEvent; Find-DomainUserLocation; Find-InterestingDomainAcl; Find-InterestingDomainShareFile; Find-InterestingFile; Find-LocalAdminAccess; Find-PathDLLHijack; Find-ProcessDLLHijack; Get-ApplicationHost; Get-CachedGPPPassword; Get-ComputerDetail; Get-Domain; Get-DomainComputer; Get-DomainController; Get-DomainDFSShare; Get-DomainDNSRecord; Get-DomainDNSZone; Get-DomainFileServer; Get-DomainForeignGroupMember; Get-DomainForeignUser; Get-DomainGPO; Get-DomainGPOComputerLocalGroupMapping; Get-DomainGPOLocalGroup; Get-DomainGPOUserLocalGroupMapping; Get-DomainGroup; Get-DomainGroupMember; Get-DomainManagedSecurityGroup; Get-DomainOU; Get-DomainObject; Get-DomainObjectAcl; Get-DomainPolicy; Get-DomainSID; Get-DomainSPNTicket; Get-DomainSite; Get-DomainSubnet; Get-DomainTrust; Get-DomainTrustMapping; Get-DomainUser; Get-DomainUserEvent; Get-Forest; Get-ForestDomain; Get-ForestGlobalCatalog; Get-ForestTrust; Get-GPPAutologon; Get-GPPPassword; Get-HttpStatus; Get-Keystrokes; Get-MicrophoneAudio; Get-ModifiablePath; Get-ModifiableRegistryAutoRun; Get-ModifiableScheduledTaskFile; Get-ModifiableService; Get-ModifiableServiceFile; Get-NetComputerSiteName; Get-NetLocalGroup; Get-NetLocalGroupMember; Get-NetLoggedon; Get-NetRDPSession; Get-NetSession; Get-NetShare; Get-PathAcl; Get-ProcessTokenGroup; Get-ProcessTokenPrivilege; Get-RegLoggedOn; Get-RegistryAlwaysInstallElevated; Get-RegistryAutoLogon; Get-SecurityPackage; Get-ServiceDetail; Get-SiteListPassword; Get-System; Get-TimedScreenshot; Get-UnattendedInstallFile; Get-UnquotedService; Get-VaultCredential; Get-VolumeShadowCopy; Get-WMIProcess; Get-WMIRegCachedRDPConnection; Get-WMIRegLastLoggedOn; Get-WMIRegMountedDrive; Get-WMIRegProxy; Get-WebConfig;""

Token Elevation Type indicates the type of token that was assigned to the new process in accordance with User Account Control policy.

Type 1 is a full token with no privileges removed or groups disabled.  A full token is only used if User Account Control is disabled or if the user is the built-in Administrator account or a service account.

Type 2 is an elevated token with no privileges removed or groups disabled.  An elevated token is used when User Account Control is enabled and the user chooses to start the program using Run as administrator.  An elevated token is also used when an application is configured to always require administrative privilege or to always require maximum privilege, and the user is a member of the Administrators group.

Type 3 is a limited token with administrative privileges removed and administrative groups disabled.  The limited token is used when User Account Control is enabled, the application does not require administrative privilege, and the user does not choose to start the program using Run as administrator.



09/17/2020 06:59:04 PM
LogName=Security
SourceName=Microsoft Windows security auditing.
EventCode=4688
EventType=0
Type=Information
ComputerName=win-dc-1603297.attackrange.local
TaskCategory=Process Creation
OpCode=Info
RecordNumber=7946857
Keywords=Audit Success
Message=A new process has been created.

Creator Subject:
	Security ID:		ATTACKRANGE\administrator
	Account Name:		administrator
	Account Domain:		ATTACKRANGE
	Logon ID:		0x4FDA1

Target Subject:
	Security ID:		NULL SID
	Account Name:		-
	Account Domain:		-
	Logon ID:		0x0

Process Information:
	New Process ID:		0x1498
	New Process Name:	C:\Windows\System32\WindowsPowerShell\v1.0\powershell.exe
	Token Elevation Type:	%%1936
	Mandatory Label:		Mandatory Label\High Mandatory Level
	Creator Process ID:	0x21c0
	Creator Process Name:	C:\Windows\System32\cmd.exe
	Process Command Line:	powershell  -command ""Import-Module Install-SSP; Install-ServiceBinary; Invoke-CredentialInjection; Invoke-DllInjection; Invoke-Kerberoast; Invoke-Mimikatz; Invoke-NinjaCopy; Invoke-Portscan; Invoke-PrivescAudit; Invoke-ReflectivePEInjection; Invoke-ReverseDnsLookup; Invoke-RevertToSelf; Invoke-ServiceAbuse; Invoke-Shellcode; Invoke-TokenManipulation; Invoke-UserImpersonation; Invoke-WScriptUACBypass; Invoke-WmiCommand; Mount-VolumeShadowCopy; New-DomainGroup; New-DomainUser; New-ElevatedPersistenceOption; New-UserPersistenceOption; New-VolumeShadowCopy; Out-CompressedDll; Out-EncodedCommand; Out-EncryptedScript; Out-Minidump; PowerView; Remove-Comment; Remove-RemoteConnection; Remove-VolumeShadowCopy; Resolve-IPAddress; Restore-ServiceBinary; Set-CriticalProcess; Set-DomainObject; Set-DomainObjectOwner; Set-DomainUserPassword; Set-MasterBootRecord; Set-ServiceBinaryPath; Test-AdminAccess; Test-ServiceDaclPermission; VolumeShadowCopyTools; Write-HijackDll; Write-ServiceBinary; Write-UserAddMSI;""

Token Elevation Type indicates the type of token that was assigned to the new process in accordance with User Account Control policy.

Type 1 is a full token with no privileges removed or groups disabled.  A full token is only used if User Account Control is disabled or if the user is the built-in Administrator account or a service account.

Type 2 is an elevated token with no privileges removed or groups disabled.  An elevated token is used when User Account Control is enabled and the user chooses to start the program using Run as administrator.  An elevated token is also used when an application is configured to always require administrative privilege or to always require maximum privilege, and the user is a member of the Administrators group.

Type 3 is a limited token with administrative privileges removed and administrative groups disabled.  The limited token is used when User Account Control is enabled, the application does not require administrative privilege, and the user does not choose to start the program using Run as administrator.


09/17/2020 06:59:03 PM
LogName=Security
SourceName=Microsoft Windows security auditing.
EventCode=4688
EventType=0
Type=Information
ComputerName=win-dc-1603297.attackrange.local
TaskCategory=Process Creation
OpCode=Info
RecordNumber=7946856
Keywords=Audit Success
Message=A new process has been created.

Creator Subject:
	Security ID:		ATTACKRANGE\administrator
	Account Name:		administrator
	Account Domain:		ATTACKRANGE
	Logon ID:		0x4FDA1

Target Subject:
	Security ID:		NULL SID
	Account Name:		-
	Account Domain:		-
	Logon ID:		0x0

Process Information:
	New Process ID:		0x1498
	New Process Name:	C:\Windows\System32\WindowsPowerShell\v1.0\powershell.exe
	Token Elevation Type:	%%1936
	Mandatory Label:		Mandatory Label\High Mandatory Level
	Creator Process ID:	0x21c0
	Creator Process Name:	C:\Windows\System32\cmd.exe
	Process Command Line:	powershell  -command ""Import-Module Get-IPAddress; Convert-NameToSid;  Convert-SidToName; Request-SPNTicket; Get-DNSZone; Get-DNSRecord; Get-NetDomain; Get-NetDomainController; Get-NetForest; Get-NetForestDomain; Get-NetForestCatalog; Get-NetUser; Get-UserEvent; Get-NetComputer; Get-ADObject; Set-ADObject; Get-ObjectAcl; Add-ObjectAcl; Invoke-ACLScanner; Get-NetOU; Get-NetSite; Get-NetSubnet; Get-NetGroup; Find-ManagedSecurityGroups; Get-NetGroupMember; Get-NetFileServer; Get-DFSshare; Get-NetGPO; Get-NetGPOGroup; Find-GPOLocation; Find-GPOComputerAdmin; Get-LoggedOnLocal; Invoke-CheckLocalAdminAccess; Get-SiteName; Get-Proxy; Get-LastLoggedOn; Get-CachedRDPConnection; Get-RegistryMountedDrive; Get-NetProcess; Invoke-UserHunter; Invoke-ProcessHunter; Invoke-EventHunter; Invoke-ShareFinder; Invoke-FileFinder; Invoke-EnumerateLocalAdmin; Get-NetDomainTrust; Get-NetForestTrust; Find-ForeignUser; Find-ForeignGroup; Invoke-MapDomainTrust;""

Token Elevation Type indicates the type of token that was assigned to the new process in accordance with User Account Control policy.

Type 1 is a full token with no privileges removed or groups disabled.  A full token is only used if User Account Control is disabled or if the user is the built-in Administrator account or a service account.

Type 2 is an elevated token with no privileges removed or groups disabled.  An elevated token is used when User Account Control is enabled and the user chooses to start the program using Run as administrator.  An elevated token is also used when an application is configured to always require administrative privilege or to always require maximum privilege, and the user is a member of the Administrators group.

Type 3 is a limited token with administrative privileges removed and administrative groups disabled.  The limited token is used when User Account Control is enabled, the application does not require administrative privilege, and the user does not choose to start the program using Run as administrator.
