09/14/2020 08:57:28 PM
LogName=Security
SourceName=Microsoft Windows security auditing.
EventCode=4688
EventType=0
Type=Information
ComputerName=win-dc-1603297.attackrange.local
TaskCategory=Process Creation
OpCode=Info
RecordNumber=1470445
Keywords=Audit Success
Message=A new process has been created.
 
Creator Subject:
    Security ID:        SYSTEM
    Account Name:       WIN-DC-1603297$
    Account Domain:     ATTACKRANGE
    Logon ID:       0x3E7
 
Target Subject:
    Security ID:        NULL SID
    Account Name:       -
    Account Domain:     -
    Logon ID:       0x0
 
Process Information:
    New Process ID:     0x1710
    New Process Name:   C:\Users\ADMINI~1\AppData\Local\Temp\cachedump64.exe
    Token Elevation Type:   %%1936
    Mandatory Label:        Mandatory Label\System Mandatory Level
    Creator Process ID: 0x344
    Creator Process Name:   C:\Windows\System32\services.exe
    Process Command Line:   ""C:\Users\ADMINI~1\AppData\Local\Temp\cachedump64.exe"" -s
 
Token Elevation Type indicates the type of token that was assigned to the new process in accordance with User Account Control policy.
 
Type 1 is a full token with no privileges removed or groups disabled.  A full token is only used if User Account Control is disabled or if the user is the built-in Administrator account or a service account.
 
Type 2 is an elevated token with no privileges removed or groups disabled.  An elevated token is used when User Account Control is enabled and the user chooses to start the program using Run as administrator.  An elevated token is also used when an application is configured to always require administrative privilege or to always require maximum privilege, and the user is a member of the Administrators group.
 
Type 3 is a limited token with administrative privileges removed and administrative groups disabled.  The limited token is used when User Account Control is enabled, the application does not require administrative privilege, and the user does not choose to start the program using Run as administrator."
 
 
 
 
09/14/2020 08:57:28 PM
LogName=Security
SourceName=Microsoft Windows security auditing.
EventCode=4688
EventType=0
Type=Information
ComputerName=win-dc-1603297.attackrange.local
TaskCategory=Process Creation
OpCode=Info
RecordNumber=1470446
Keywords=Audit Success
Message=A new process has been created
 
Creator Subject:
    Security ID:        ATTACKRANGE\administrator
    Account Name:       administrator
    Account Domain:     ATTACKRANGE
    Logon ID:       0xB3D33
 
Target Subject:
    Security ID:        NULL SID
    Account Name:       -
    Account Domain:     -
    Logon ID:       0x0
 
Process Information:
    New Process ID:     0x1548
    New Process Name:   C:\Users\ADMINI~1\AppData\Local\Temp\cachedump64.exe
    Token Elevation Type:   %%1936
    Mandatory Label:        Mandatory Label\High Mandatory Level
    Creator Process ID: 0x550
    Creator Process Name:   C:\Users\Administrator\Downloads\fgdump-2.1.0-exeonly\fgdump.exe
    Process Command Line:    -v
 
Token Elevation Type indicates the type of token that was assigned to the new process in accordance with User Account Control policy.
 
Type 1 is a full token with no privileges removed or groups disabled.  A full token is only used if User Account Control is disabled or if the user is the built-in Administrator account or a service account.
 
Type 2 is an elevated token with no privileges removed or groups disabled.  An elevated token is used when User Account Control is enabled and the user chooses to start the program using Run as administrator.  An elevated token is also used when an application is configured to always require administrative privilege or to always require maximum privilege, and the user is a member of the Administrators group.
 
Type 3 is a limited token with administrative privileges removed and administrative groups disabled.  The limited token is used when User Account Control is enabled, the application does not require administrative privilege, and the user does not choose to start the program using Run as administrator.

