<Event xmlns='http://schemas.microsoft.com/win/2004/08/events/event'><System><Provider Name='Service Control Manager' Guid='{555908d1-a6d7-4695-8e1e-26931d2012f4}' EventSourceName='Service Control Manager'/><EventID Qualifiers='16384'>7045</EventID><Version>0</Version><Level>4</Level><Task>0</Task><Opcode>0</Opcode><Keywords>0x8080000000000000</Keywords><TimeCreated SystemTime='2023-09-15T02:56:27.677029100Z'/><EventRecordID>155523</EventRecordID><Correlation/><Execution ProcessID='600' ThreadID='4380'/><Channel>System</Channel><Computer>ar-win-2.attackrange.local</Computer><Security UserID='S-1-5-21-390003789-444691441-1275789787-500'/></System><EventData><Data Name='ServiceName'>dbutil_2_3</Data><Data Name='ImagePath'>\SystemRoot\System32\DRIVERS\dbutil_2_3.sys</Data><Data Name='ServiceType'>kernel mode driver</Data><Data Name='StartType'>demand start</Data><Data Name='AccountName'></Data></EventData></Event>
<Event xmlns='http://schemas.microsoft.com/win/2004/08/events/event'><System><Provider Name='Service Control Manager' Guid='{555908d1-a6d7-4695-8e1e-26931d2012f4}' EventSourceName='Service Control Manager'/><EventID Qualifiers='16384'>7045</EventID><Version>0</Version><Level>4</Level><Task>0</Task><Opcode>0</Opcode><Keywords>0x8080000000000000</Keywords><TimeCreated SystemTime='2023-09-15T02:55:56.270859400Z'/><EventRecordID>155522</EventRecordID><Correlation/><Execution ProcessID='600' ThreadID='4380'/><Channel>System</Channel><Computer>ar-win-2.attackrange.local</Computer><Security UserID='S-1-5-21-390003789-444691441-1275789787-500'/></System><EventData><Data Name='ServiceName'>dbutil_2_3</Data><Data Name='ImagePath'>SystemRoot\System32\DRIVERS\dbutil_2_3.sys</Data><Data Name='ServiceType'>kernel mode driver</Data><Data Name='StartType'>demand start</Data><Data Name='AccountName'></Data></EventData></Event>
<Event xmlns='http://schemas.microsoft.com/win/2004/08/events/event'><System><Provider Name='Service Control Manager' Guid='{555908d1-a6d7-4695-8e1e-26931d2012f4}' EventSourceName='Service Control Manager'/><EventID Qualifiers='16384'>7045</EventID><Version>0</Version><Level>4</Level><Task>0</Task><Opcode>0</Opcode><Keywords>0x8080000000000000</Keywords><TimeCreated SystemTime='2023-09-15T01:56:04.053106200Z'/><EventRecordID>155515</EventRecordID><Correlation/><Execution ProcessID='600' ThreadID='2556'/><Channel>System</Channel><Computer>ar-win-2.attackrange.local</Computer><Security UserID='S-1-5-21-390003789-444691441-1275789787-500'/></System><EventData><Data Name='ServiceName'>dbutil_2_3</Data><Data Name='ImagePath'>/Downloads/dbutil_2_3.sys</Data><Data Name='ServiceType'>kernel mode driver</Data><Data Name='StartType'>demand start</Data><Data Name='AccountName'></Data></EventData></Event>
<Event xmlns='http://schemas.microsoft.com/win/2004/08/events/event'><System><Provider Name='Service Control Manager' Guid='{555908d1-a6d7-4695-8e1e-26931d2012f4}' EventSourceName='Service Control Manager'/><EventID Qualifiers='16384'>7045</EventID><Version>0</Version><Level>4</Level><Task>0</Task><Opcode>0</Opcode><Keywords>0x8080000000000000</Keywords><TimeCreated SystemTime='2023-09-15T01:53:51.282154400Z'/><EventRecordID>155514</EventRecordID><Correlation/><Execution ProcessID='600' ThreadID='2556'/><Channel>System</Channel><Computer>ar-win-2.attackrange.local</Computer><Security UserID='S-1-5-21-390003789-444691441-1275789787-500'/></System><EventData><Data Name='ServiceName'>dbutil_2_3</Data><Data Name='ImagePath'>Downloads/dbutil_2_3.sys</Data><Data Name='ServiceType'>kernel mode driver</Data><Data Name='StartType'>demand start</Data><Data Name='AccountName'></Data></EventData></Event>
<Event xmlns='http://schemas.microsoft.com/win/2004/08/events/event'><System><Provider Name='Service Control Manager' Guid='{555908d1-a6d7-4695-8e1e-26931d2012f4}' EventSourceName='Service Control Manager'/><EventID Qualifiers='16384'>7045</EventID><Version>0</Version><Level>4</Level><Task>0</Task><Opcode>0</Opcode><Keywords>0x8080000000000000</Keywords><TimeCreated SystemTime='2023-09-15T01:53:36.094513100Z'/><EventRecordID>155513</EventRecordID><Correlation/><Execution ProcessID='600' ThreadID='2556'/><Channel>System</Channel><Computer>ar-win-2.attackrange.local</Computer><Security UserID='S-1-5-21-390003789-444691441-1275789787-500'/></System><EventData><Data Name='ServiceName'>dbutil_2_3</Data><Data Name='ImagePath'>./Downloads/dbutil_2_3.sys</Data><Data Name='ServiceType'>kernel mode driver</Data><Data Name='StartType'>demand start</Data><Data Name='AccountName'></Data></EventData></Event>
<Event xmlns='http://schemas.microsoft.com/win/2004/08/events/event'><System><Provider Name='Service Control Manager' Guid='{555908d1-a6d7-4695-8e1e-26931d2012f4}' EventSourceName='Service Control Manager'/><EventID Qualifiers='16384'>7045</EventID><Version>0</Version><Level>4</Level><Task>0</Task><Opcode>0</Opcode><Keywords>0x8080000000000000</Keywords><TimeCreated SystemTime='2023-09-15T01:43:27.510804300Z'/><EventRecordID>155511</EventRecordID><Correlation/><Execution ProcessID='600' ThreadID='2556'/><Channel>System</Channel><Computer>ar-win-2.attackrange.local</Computer><Security UserID='S-1-5-21-390003789-444691441-1275789787-500'/></System><EventData><Data Name='ServiceName'>dbutil_2_3</Data><Data Name='ImagePath'>dbutil_2_3.sys</Data><Data Name='ServiceType'>kernel mode driver</Data><Data Name='StartType'>demand start</Data><Data Name='AccountName'></Data></EventData></Event>
<Event xmlns='http://schemas.microsoft.com/win/2004/08/events/event'><System><Provider Name='Service Control Manager' Guid='{555908d1-a6d7-4695-8e1e-26931d2012f4}' EventSourceName='Service Control Manager'/><EventID Qualifiers='16384'>7045</EventID><Version>0</Version><Level>4</Level><Task>0</Task><Opcode>0</Opcode><Keywords>0x8080000000000000</Keywords><TimeCreated SystemTime='2023-09-15T01:38:39.297971100Z'/><EventRecordID>155509</EventRecordID><Correlation/><Execution ProcessID='600' ThreadID='2556'/><Channel>System</Channel><Computer>ar-win-2.attackrange.local</Computer><Security UserID='S-1-5-21-390003789-444691441-1275789787-500'/></System><EventData><Data Name='ServiceName'>dbutil_2_3</Data><Data Name='ImagePath'>C:\Users\Administrator.ATTACKRANGE\Downloads/dbutil_2_3.sys</Data><Data Name='ServiceType'>kernel mode driver</Data><Data Name='StartType'>demand start</Data><Data Name='AccountName'></Data></EventData></Event>
<Event xmlns='http://schemas.microsoft.com/win/2004/08/events/event'><System><Provider Name='Service Control Manager' Guid='{555908d1-a6d7-4695-8e1e-26931d2012f4}' EventSourceName='Service Control Manager'/><EventID Qualifiers='16384'>7045</EventID><Version>0</Version><Level>4</Level><Task>0</Task><Opcode>0</Opcode><Keywords>0x8080000000000000</Keywords><TimeCreated SystemTime='2023-09-15T01:37:49.677848100Z'/><EventRecordID>155508</EventRecordID><Correlation/><Execution ProcessID='600' ThreadID='2556'/><Channel>System</Channel><Computer>ar-win-2.attackrange.local</Computer><Security UserID='S-1-5-21-390003789-444691441-1275789787-500'/></System><EventData><Data Name='ServiceName'>dbutil_2_3</Data><Data Name='ImagePath'>./dbutil_2_3.sys</Data><Data Name='ServiceType'>kernel mode driver</Data><Data Name='StartType'>demand start</Data><Data Name='AccountName'></Data></EventData></Event>
<Event xmlns='http://schemas.microsoft.com/win/2004/08/events/event'><System><Provider Name='Service Control Manager' Guid='{555908d1-a6d7-4695-8e1e-26931d2012f4}' EventSourceName='Service Control Manager'/><EventID Qualifiers='16384'>7045</EventID><Version>0</Version><Level>4</Level><Task>0</Task><Opcode>0</Opcode><Keywords>0x8080000000000000</Keywords><TimeCreated SystemTime='2023-09-15T01:36:26.623957400Z'/><EventRecordID>155507</EventRecordID><Correlation/><Execution ProcessID='600' ThreadID='2556'/><Channel>System</Channel><Computer>ar-win-2.attackrange.local</Computer><Security UserID='S-1-5-21-390003789-444691441-1275789787-500'/></System><EventData><Data Name='ServiceName'>dbutil_2_3</Data><Data Name='ImagePath'>./dbutil_2_3.sys</Data><Data Name='ServiceType'>kernel mode driver</Data><Data Name='StartType'>demand start</Data><Data Name='AccountName'></Data></EventData></Event>
<Event xmlns='http://schemas.microsoft.com/win/2004/08/events/event'><System><Provider Name='Service Control Manager' Guid='{555908d1-a6d7-4695-8e1e-26931d2012f4}' EventSourceName='Service Control Manager'/><EventID Qualifiers='16384'>7045</EventID><Version>0</Version><Level>4</Level><Task>0</Task><Opcode>0</Opcode><Keywords>0x8080000000000000</Keywords><TimeCreated SystemTime='2023-09-05T05:58:31.760919400Z'/><EventRecordID>155049</EventRecordID><Correlation/><Execution ProcessID='588' ThreadID='5032'/><Channel>System</Channel><Computer>ar-win-2.attackrange.local</Computer><Security UserID='S-1-5-21-390003789-444691441-1275789787-500'/></System><EventData><Data Name='ServiceName'>dbutil_2_3.sys</Data><Data Name='ImagePath'>C:\Users\Administrator.ATTACKRANGE\Downloads\dbutil_2_3.sys</Data><Data Name='ServiceType'>kernel mode driver</Data><Data Name='StartType'>demand start</Data><Data Name='AccountName'></Data></EventData></Event>
