<Event xmlns='http://schemas.microsoft.com/win/2004/08/events/event'><System><Provider Name='Microsoft-Windows-Sysmon' Guid='{5770385F-C22A-43E0-BF4C-06F5698FFBD9}'/><EventID>6</EventID><Version>4</Version><Level>4</Level><Task>6</Task><Opcode>0</Opcode><Keywords>0x8000000000000000</Keywords><TimeCreated SystemTime='2022-04-01T14:00:16.317528600Z'/><EventRecordID>11241989</EventRecordID><Correlation/><Execution ProcessID='2988' ThreadID='2408'/><Channel>Microsoft-Windows-Sysmon/Operational</Channel><Computer>win-dc-mhaag-attack-range-702.attackrange.local</Computer><Security UserID='S-1-5-18'/></System><EventData><Data Name='RuleName'>-</Data><Data Name='UtcTime'>2022-04-01 13:59:56.372</Data><Data Name='ImageLoaded'>C:\Windows\System32\drivers\amdppm.sys</Data><Data Name='Hashes'>MD5=F96D1D392503AE5024531106EB9820FD,SHA256=E0288DE0EFD5BB07FDEA64B401C2E091FA386B4427D09EFA0094E06495507198</Data><Data Name='Signed'>true</Data><Data Name='Signature'>Microsoft Windows</Data><Data Name='SignatureStatus'>Valid</Data></EventData></Event>
<Event xmlns='http://schemas.microsoft.com/win/2004/08/events/event'><System><Provider Name='Microsoft-Windows-Sysmon' Guid='{5770385F-C22A-43E0-BF4C-06F5698FFBD9}'/><EventID>6</EventID><Version>4</Version><Level>4</Level><Task>6</Task><Opcode>0</Opcode><Keywords>0x8000000000000000</Keywords><TimeCreated SystemTime='2022-04-01T14:00:16.309686300Z'/><EventRecordID>11241866</EventRecordID><Correlation/><Execution ProcessID='2988' ThreadID='2408'/><Channel>Microsoft-Windows-Sysmon/Operational</Channel><Computer>win-dc-mhaag-attack-range-702.attackrange.local</Computer><Security UserID='S-1-5-18'/></System><EventData><Data Name='RuleName'>-</Data><Data Name='UtcTime'>2022-04-01 13:59:56.372</Data><Data Name='ImageLoaded'>C:\Windows\System32\drivers\ena.sys</Data><Data Name='Hashes'>MD5=C593555FD929A6FA925129109C08FC65,SHA256=5ADD00C93BE0C3E978DA48DED964A54F730B40F98C72D3F6145D79E3BFE8364D</Data><Data Name='Signed'>true</Data><Data Name='Signature'>Amazon Web Services, Inc.</Data><Data Name='SignatureStatus'>Valid</Data></EventData></Event>
<Event xmlns='http://schemas.microsoft.com/win/2004/08/events/event'><System><Provider Name='Microsoft-Windows-Sysmon' Guid='{5770385F-C22A-43E0-BF4C-06F5698FFBD9}'/><EventID>6</EventID><Version>4</Version><Level>4</Level><Task>6</Task><Opcode>0</Opcode><Keywords>0x8000000000000000</Keywords><TimeCreated SystemTime='2022-04-01T14:00:16.302333600Z'/><EventRecordID>11241780</EventRecordID><Correlation/><Execution ProcessID='2988' ThreadID='2408'/><Channel>Microsoft-Windows-Sysmon/Operational</Channel><Computer>win-dc-mhaag-attack-range-702.attackrange.local</Computer><Security UserID='S-1-5-18'/></System><EventData><Data Name='RuleName'>-</Data><Data Name='UtcTime'>2022-04-01 13:59:56.357</Data><Data Name='ImageLoaded'>C:\Windows\System32\drivers\serenum.sys</Data><Data Name='Hashes'>MD5=3FF478A8ED32A83C36581425F6282B6C,SHA256=787646A17098EA7CF36064D0A950C1D470D4A280C8C5AC40023D566E53860EAE</Data><Data Name='Signed'>true</Data><Data Name='Signature'>Microsoft Windows</Data><Data Name='SignatureStatus'>Valid</Data></EventData></Event>
<Event xmlns='http://schemas.microsoft.com/win/2004/08/events/event'><System><Provider Name='Microsoft-Windows-Sysmon' Guid='{5770385F-C22A-43E0-BF4C-06F5698FFBD9}'/><EventID>6</EventID><Version>4</Version><Level>4</Level><Task>6</Task><Opcode>0</Opcode><Keywords>0x8000000000000000</Keywords><TimeCreated SystemTime='2022-04-01T14:00:16.296809400Z'/><EventRecordID>11241727</EventRecordID><Correlation/><Execution ProcessID='2988' ThreadID='2408'/><Channel>Microsoft-Windows-Sysmon/Operational</Channel><Computer>win-dc-mhaag-attack-range-702.attackrange.local</Computer><Security UserID='S-1-5-18'/></System><EventData><Data Name='RuleName'>-</Data><Data Name='UtcTime'>2022-04-01 13:59:56.357</Data><Data Name='ImageLoaded'>C:\Windows\System32\drivers\serial.sys</Data><Data Name='Hashes'>MD5=92509187AA171A80521528B36F753E1D,SHA256=FE0DA272B8A155ECC161E99586C4AE7EE17B1C84BC330DA1566C83B8E03FA825</Data><Data Name='Signed'>true</Data><Data Name='Signature'>Microsoft Windows</Data><Data Name='SignatureStatus'>Valid</Data></EventData></Event>
<Event xmlns='http://schemas.microsoft.com/win/2004/08/events/event'><System><Provider Name='Microsoft-Windows-Sysmon' Guid='{5770385F-C22A-43E0-BF4C-06F5698FFBD9}'/><EventID>6</EventID><Version>4</Version><Level>4</Level><Task>6</Task><Opcode>0</Opcode><Keywords>0x8000000000000000</Keywords><TimeCreated SystemTime='2022-04-01T14:00:16.277979400Z'/><EventRecordID>11241611</EventRecordID><Correlation/><Execution ProcessID='2988' ThreadID='2408'/><Channel>Microsoft-Windows-Sysmon/Operational</Channel><Computer>win-dc-mhaag-attack-range-702.attackrange.local</Computer><Security UserID='S-1-5-18'/></System><EventData><Data Name='RuleName'>-</Data><Data Name='UtcTime'>2022-04-01 13:59:56.357</Data><Data Name='ImageLoaded'>C:\Windows\System32\drivers\parport.sys</Data><Data Name='Hashes'>MD5=6B81BF7853D161DB8AC62CD8B9C2DE6B,SHA256=B2DC06D135FD2501217DDA7349556EB873309E02188D4C3901807BA24FAB30C7</Data><Data Name='Signed'>true</Data><Data Name='Signature'>Microsoft Windows</Data><Data Name='SignatureStatus'>Valid</Data></EventData></Event>
<Event xmlns='http://schemas.microsoft.com/win/2004/08/events/event'><System><Provider Name='Microsoft-Windows-Sysmon' Guid='{5770385F-C22A-43E0-BF4C-06F5698FFBD9}'/><EventID>6</EventID><Version>4</Version><Level>4</Level><Task>6</Task><Opcode>0</Opcode><Keywords>0x8000000000000000</Keywords><TimeCreated SystemTime='2022-04-01T14:00:16.269151800Z'/><EventRecordID>11241525</EventRecordID><Correlation/><Execution ProcessID='2988' ThreadID='2408'/><Channel>Microsoft-Windows-Sysmon/Operational</Channel><Computer>win-dc-mhaag-attack-range-702.attackrange.local</Computer><Security UserID='S-1-5-18'/></System><EventData><Data Name='RuleName'>-</Data><Data Name='UtcTime'>2022-04-01 13:59:56.341</Data><Data Name='ImageLoaded'>C:\Windows\System32\drivers\mouclass.sys</Data><Data Name='Hashes'>MD5=27A07B2FB2E3057DA8DAEA4F25D843C7,SHA256=09D2B39E6B9AAEC879E5871DD6BCFF2AEF0B894F3B44649665A685F8B3CA6F27</Data><Data Name='Signed'>true</Data><Data Name='Signature'>Microsoft Windows</Data><Data Name='SignatureStatus'>Valid</Data></EventData></Event>
<Event xmlns='http://schemas.microsoft.com/win/2004/08/events/event'><System><Provider Name='Microsoft-Windows-Sysmon' Guid='{5770385F-C22A-43E0-BF4C-06F5698FFBD9}'/><EventID>6</EventID><Version>4</Version><Level>4</Level><Task>6</Task><Opcode>0</Opcode><Keywords>0x8000000000000000</Keywords><TimeCreated SystemTime='2022-04-01T14:00:16.265806200Z'/><EventRecordID>11241497</EventRecordID><Correlation/><Execution ProcessID='2988' ThreadID='2408'/><Channel>Microsoft-Windows-Sysmon/Operational</Channel><Computer>win-dc-mhaag-attack-range-702.attackrange.local</Computer><Security UserID='S-1-5-18'/></System><EventData><Data Name='RuleName'>-</Data><Data Name='UtcTime'>2022-04-01 13:59:56.341</Data><Data Name='ImageLoaded'>C:\Windows\System32\drivers\kbdclass.sys</Data><Data Name='Hashes'>MD5=210808437570BDDEE71A43535E3A2D30,SHA256=EF5DE6EE4FF58F44CDE4D4E7F298ABBC9086EC05CC3AE4903060DA878115AC1E</Data><Data Name='Signed'>true</Data><Data Name='Signature'>Microsoft Windows</Data><Data Name='SignatureStatus'>Valid</Data></EventData></Event>
<Event xmlns='http://schemas.microsoft.com/win/2004/08/events/event'><System><Provider Name='Microsoft-Windows-Sysmon' Guid='{5770385F-C22A-43E0-BF4C-06F5698FFBD9}'/><EventID>6</EventID><Version>4</Version><Level>4</Level><Task>6</Task><Opcode>0</Opcode><Keywords>0x8000000000000000</Keywords><TimeCreated SystemTime='2022-04-01T14:00:16.262607800Z'/><EventRecordID>11241478</EventRecordID><Correlation/><Execution ProcessID='2988' ThreadID='2408'/><Channel>Microsoft-Windows-Sysmon/Operational</Channel><Computer>win-dc-mhaag-attack-range-702.attackrange.local</Computer><Security UserID='S-1-5-18'/></System><EventData><Data Name='RuleName'>-</Data><Data Name='UtcTime'>2022-04-01 13:59:56.341</Data><Data Name='ImageLoaded'>C:\Windows\System32\drivers\i8042prt.sys</Data><Data Name='Hashes'>MD5=B54B30992620C97230013A74461C8517,SHA256=CAF09BDCDD6DE2A39CB8AE2C65E6F8FE12D8E93D84BBEF6C6A98F872BF54A4E3</Data><Data Name='Signed'>true</Data><Data Name='Signature'>Microsoft Windows</Data><Data Name='SignatureStatus'>Valid</Data></EventData></Event>
<Event xmlns='http://schemas.microsoft.com/win/2004/08/events/event'><System><Provider Name='Microsoft-Windows-Sysmon' Guid='{5770385F-C22A-43E0-BF4C-06F5698FFBD9}'/><EventID>6</EventID><Version>4</Version><Level>4</Level><Task>6</Task><Opcode>0</Opcode><Keywords>0x8000000000000000</Keywords><TimeCreated SystemTime='2022-04-01T14:00:16.244991900Z'/><EventRecordID>11241297</EventRecordID><Correlation/><Execution ProcessID='2988' ThreadID='2408'/><Channel>Microsoft-Windows-Sysmon/Operational</Channel><Computer>win-dc-mhaag-attack-range-702.attackrange.local</Computer><Security UserID='S-1-5-18'/></System><EventData><Data Name='RuleName'>-</Data><Data Name='UtcTime'>2022-04-01 13:59:56.341</Data><Data Name='ImageLoaded'>C:\Windows\System32\drivers\umbus.sys</Data><Data Name='Hashes'>MD5=DC460AAA18CA2342FBBFB2DF9B044472,SHA256=14D45E059C596AE97506D26705F248CA1C2269160B31A60341060E8A93146CBD</Data><Data Name='Signed'>true</Data><Data Name='Signature'>Microsoft Windows</Data><Data Name='SignatureStatus'>Valid</Data></EventData></Event>
<Event xmlns='http://schemas.microsoft.com/win/2004/08/events/event'><System><Provider Name='Microsoft-Windows-Sysmon' Guid='{5770385F-C22A-43E0-BF4C-06F5698FFBD9}'/><EventID>6</EventID><Version>4</Version><Level>4</Level><Task>6</Task><Opcode>0</Opcode><Keywords>0x8000000000000000</Keywords><TimeCreated SystemTime='2022-04-01T14:00:16.237680200Z'/><EventRecordID>11241243</EventRecordID><Correlation/><Execution ProcessID='2988' ThreadID='2408'/><Channel>Microsoft-Windows-Sysmon/Operational</Channel><Computer>win-dc-mhaag-attack-range-702.attackrange.local</Computer><Security UserID='S-1-5-18'/></System><EventData><Data Name='RuleName'>-</Data><Data Name='UtcTime'>2022-04-01 13:59:56.325</Data><Data Name='ImageLoaded'>C:\Windows\System32\drivers\kdnic.sys</Data><Data Name='Hashes'>MD5=813BA3EB2CE038F2A5382DDD75CAD60B,SHA256=99FA444027CAC247B54317730D54AB0C4C000AE076B97E47470FDA9834594312</Data><Data Name='Signed'>true</Data><Data Name='Signature'>Microsoft Windows</Data><Data Name='SignatureStatus'>Valid</Data></EventData></Event>
<Event xmlns='http://schemas.microsoft.com/win/2004/08/events/event'><System><Provider Name='Microsoft-Windows-Sysmon' Guid='{5770385F-C22A-43E0-BF4C-06F5698FFBD9}'/><EventID>6</EventID><Version>4</Version><Level>4</Level><Task>6</Task><Opcode>0</Opcode><Keywords>0x8000000000000000</Keywords><TimeCreated SystemTime='2022-04-01T14:00:16.228292700Z'/><EventRecordID>11241161</EventRecordID><Correlation/><Execution ProcessID='2988' ThreadID='2408'/><Channel>Microsoft-Windows-Sysmon/Operational</Channel><Computer>win-dc-mhaag-attack-range-702.attackrange.local</Computer><Security UserID='S-1-5-18'/></System><EventData><Data Name='RuleName'>-</Data><Data Name='UtcTime'>2022-04-01 13:59:56.325</Data><Data Name='ImageLoaded'>C:\Windows\System32\DriverStore\FileRepository\compositebus.inf_amd64_a140581a8f8b58b7\CompositeBus.sys</Data><Data Name='Hashes'>MD5=34C935AF2A414572B412B3556586D783,SHA256=912981B88B0796576ECCD5EBE0C4728EC02D5D6A96B039447DCBA59B2583F25E</Data><Data Name='Signed'>true</Data><Data Name='Signature'>Microsoft Windows</Data><Data Name='SignatureStatus'>Valid</Data></EventData></Event>
<Event xmlns='http://schemas.microsoft.com/win/2004/08/events/event'><System><Provider Name='Microsoft-Windows-Sysmon' Guid='{5770385F-C22A-43E0-BF4C-06F5698FFBD9}'/><EventID>6</EventID><Version>4</Version><Level>4</Level><Task>6</Task><Opcode>0</Opcode><Keywords>0x8000000000000000</Keywords><TimeCreated SystemTime='2022-04-01T14:00:16.217958400Z'/><EventRecordID>11241070</EventRecordID><Correlation/><Execution ProcessID='2988' ThreadID='2408'/><Channel>Microsoft-Windows-Sysmon/Operational</Channel><Computer>win-dc-mhaag-attack-range-702.attackrange.local</Computer><Security UserID='S-1-5-18'/></System><EventData><Data Name='RuleName'>-</Data><Data Name='UtcTime'>2022-04-01 13:59:56.310</Data><Data Name='ImageLoaded'>C:\Windows\System32\drivers\ahcache.sys</Data><Data Name='Hashes'>MD5=D4F8B7E3BAE2A50EF166346E6898ABD4,SHA256=E97059DF67A0850A7007268A4E10BE7EE7F899E5A6B5A2E773389652EAB5130E</Data><Data Name='Signed'>true</Data><Data Name='Signature'>Microsoft Windows</Data><Data Name='SignatureStatus'>Valid</Data></EventData></Event>
<Event xmlns='http://schemas.microsoft.com/win/2004/08/events/event'><System><Provider Name='Microsoft-Windows-Sysmon' Guid='{5770385F-C22A-43E0-BF4C-06F5698FFBD9}'/><EventID>6</EventID><Version>4</Version><Level>4</Level><Task>6</Task><Opcode>0</Opcode><Keywords>0x8000000000000000</Keywords><TimeCreated SystemTime='2022-04-01T14:00:16.208368700Z'/><EventRecordID>11240989</EventRecordID><Correlation/><Execution ProcessID='2988' ThreadID='2408'/><Channel>Microsoft-Windows-Sysmon/Operational</Channel><Computer>win-dc-mhaag-attack-range-702.attackrange.local</Computer><Security UserID='S-1-5-18'/></System><EventData><Data Name='RuleName'>-</Data><Data Name='UtcTime'>2022-04-01 13:59:56.310</Data><Data Name='ImageLoaded'>C:\Windows\System32\drivers\dam.sys</Data><Data Name='Hashes'>MD5=3BBD0073265DA6D3EFBA54B26E5D8236,SHA256=3C10C8BEC0D8AC41A3FBD589F41A83D6345C1FDD04B8B99063B2F5670CF10B18</Data><Data Name='Signed'>true</Data><Data Name='Signature'>Microsoft Windows</Data><Data Name='SignatureStatus'>Valid</Data></EventData></Event>
<Event xmlns='http://schemas.microsoft.com/win/2004/08/events/event'><System><Provider Name='Microsoft-Windows-Sysmon' Guid='{5770385F-C22A-43E0-BF4C-06F5698FFBD9}'/><EventID>6</EventID><Version>4</Version><Level>4</Level><Task>6</Task><Opcode>0</Opcode><Keywords>0x8000000000000000</Keywords><TimeCreated SystemTime='2022-04-01T14:00:16.204782000Z'/><EventRecordID>11240974</EventRecordID><Correlation/><Execution ProcessID='2988' ThreadID='2408'/><Channel>Microsoft-Windows-Sysmon/Operational</Channel><Computer>win-dc-mhaag-attack-range-702.attackrange.local</Computer><Security UserID='S-1-5-18'/></System><EventData><Data Name='RuleName'>-</Data><Data Name='UtcTime'>2022-04-01 13:59:56.310</Data><Data Name='ImageLoaded'>C:\Windows\System32\drivers\dfsc.sys</Data><Data Name='Hashes'>MD5=B0DA125002BDCDDDF80603885BA2057A,SHA256=6ED4D7AA30DDD3FD5D7846B6FE77285B62D5DC039DAF15986F18311ED1B80119</Data><Data Name='Signed'>true</Data><Data Name='Signature'>Microsoft Windows</Data><Data Name='SignatureStatus'>Valid</Data></EventData></Event>
<Event xmlns='http://schemas.microsoft.com/win/2004/08/events/event'><System><Provider Name='Microsoft-Windows-Sysmon' Guid='{5770385F-C22A-43E0-BF4C-06F5698FFBD9}'/><EventID>6</EventID><Version>4</Version><Level>4</Level><Task>6</Task><Opcode>0</Opcode><Keywords>0x8000000000000000</Keywords><TimeCreated SystemTime='2022-04-01T14:00:16.195155600Z'/><EventRecordID>11240853</EventRecordID><Correlation/><Execution ProcessID='2988' ThreadID='2408'/><Channel>Microsoft-Windows-Sysmon/Operational</Channel><Computer>win-dc-mhaag-attack-range-702.attackrange.local</Computer><Security UserID='S-1-5-18'/></System><EventData><Data Name='RuleName'>-</Data><Data Name='UtcTime'>2022-04-01 13:59:56.294</Data><Data Name='ImageLoaded'>C:\Windows\System32\drivers\gpuenergydrv.sys</Data><Data Name='Hashes'>MD5=7ACD8F69B5D6EC97E6D2C006E19BED88,SHA256=FC69214C9308EA64B88EF4C3C95800586DDBB44C8540846B79A161BAD8203B6E</Data><Data Name='Signed'>true</Data><Data Name='Signature'>Microsoft Windows</Data><Data Name='SignatureStatus'>Valid</Data></EventData></Event>
<Event xmlns='http://schemas.microsoft.com/win/2004/08/events/event'><System><Provider Name='Microsoft-Windows-Sysmon' Guid='{5770385F-C22A-43E0-BF4C-06F5698FFBD9}'/><EventID>6</EventID><Version>4</Version><Level>4</Level><Task>6</Task><Opcode>0</Opcode><Keywords>0x8000000000000000</Keywords><TimeCreated SystemTime='2022-04-01T14:00:16.186473700Z'/><EventRecordID>11240810</EventRecordID><Correlation/><Execution ProcessID='2988' ThreadID='2408'/><Channel>Microsoft-Windows-Sysmon/Operational</Channel><Computer>win-dc-mhaag-attack-range-702.attackrange.local</Computer><Security UserID='S-1-5-18'/></System><EventData><Data Name='RuleName'>-</Data><Data Name='UtcTime'>2022-04-01 13:59:56.294</Data><Data Name='ImageLoaded'>C:\Windows\System32\drivers\mssmbios.sys</Data><Data Name='Hashes'>MD5=0543BEFD41EC4D25C7F7CF36409CEC7D,SHA256=631622CFEC49952C0470531B23FFFFF483DC0EFFEF7A97B1179A600392C05DDD</Data><Data Name='Signed'>true</Data><Data Name='Signature'>Microsoft Windows</Data><Data Name='SignatureStatus'>Valid</Data></EventData></Event>
<Event xmlns='http://schemas.microsoft.com/win/2004/08/events/event'><System><Provider Name='Microsoft-Windows-Sysmon' Guid='{5770385F-C22A-43E0-BF4C-06F5698FFBD9}'/><EventID>6</EventID><Version>4</Version><Level>4</Level><Task>6</Task><Opcode>0</Opcode><Keywords>0x8000000000000000</Keywords><TimeCreated SystemTime='2022-04-01T14:00:16.183107600Z'/><EventRecordID>11240801</EventRecordID><Correlation/><Execution ProcessID='2988' ThreadID='2408'/><Channel>Microsoft-Windows-Sysmon/Operational</Channel><Computer>win-dc-mhaag-attack-range-702.attackrange.local</Computer><Security UserID='S-1-5-18'/></System><EventData><Data Name='RuleName'>-</Data><Data Name='UtcTime'>2022-04-01 13:59:56.294</Data><Data Name='ImageLoaded'>C:\Windows\System32\drivers\npsvctrig.sys</Data><Data Name='Hashes'>MD5=90F5DC9802AAA00CD0B6E2AD9E7FFADC,SHA256=71C0777829299DECA6ACD42F38802DBE3C29A42CFBD8A396F39DFA44D1F55B6C</Data><Data Name='Signed'>true</Data><Data Name='Signature'>Microsoft Windows</Data><Data Name='SignatureStatus'>Valid</Data></EventData></Event>
<Event xmlns='http://schemas.microsoft.com/win/2004/08/events/event'><System><Provider Name='Microsoft-Windows-Sysmon' Guid='{5770385F-C22A-43E0-BF4C-06F5698FFBD9}'/><EventID>6</EventID><Version>4</Version><Level>4</Level><Task>6</Task><Opcode>0</Opcode><Keywords>0x8000000000000000</Keywords><TimeCreated SystemTime='2022-04-01T14:00:16.172586700Z'/><EventRecordID>11240704</EventRecordID><Correlation/><Execution ProcessID='2988' ThreadID='2408'/><Channel>Microsoft-Windows-Sysmon/Operational</Channel><Computer>win-dc-mhaag-attack-range-702.attackrange.local</Computer><Security UserID='S-1-5-18'/></System><EventData><Data Name='RuleName'>-</Data><Data Name='UtcTime'>2022-04-01 13:59:56.294</Data><Data Name='ImageLoaded'>C:\Windows\System32\drivers\nsiproxy.sys</Data><Data Name='Hashes'>MD5=86677943316DB1C3A95977566247C93E,SHA256=5E660D2E2BE25486D7AB367C5F023789C65DFD602934E0422D51AD7425C22AE2</Data><Data Name='Signed'>true</Data><Data Name='Signature'>Microsoft Windows</Data><Data Name='SignatureStatus'>Valid</Data></EventData></Event>
<Event xmlns='http://schemas.microsoft.com/win/2004/08/events/event'><System><Provider Name='Microsoft-Windows-Sysmon' Guid='{5770385F-C22A-43E0-BF4C-06F5698FFBD9}'/><EventID>6</EventID><Version>4</Version><Level>4</Level><Task>6</Task><Opcode>0</Opcode><Keywords>0x8000000000000000</Keywords><TimeCreated SystemTime='2022-04-01T14:00:16.163563600Z'/><EventRecordID>11240680</EventRecordID><Correlation/><Execution ProcessID='2988' ThreadID='2408'/><Channel>Microsoft-Windows-Sysmon/Operational</Channel><Computer>win-dc-mhaag-attack-range-702.attackrange.local</Computer><Security UserID='S-1-5-18'/></System><EventData><Data Name='RuleName'>-</Data><Data Name='UtcTime'>2022-04-01 13:59:56.278</Data><Data Name='ImageLoaded'>C:\Windows\System32\drivers\rdbss.sys</Data><Data Name='Hashes'>MD5=F1D3B57015EDFC77A7468FE03C21229D,SHA256=9C1596BB65EB76D24BB05557FEE7CA81161AFA32B192622E7D918AED611D5B8C</Data><Data Name='Signed'>true</Data><Data Name='Signature'>Microsoft Windows</Data><Data Name='SignatureStatus'>Valid</Data></EventData></Event>
<Event xmlns='http://schemas.microsoft.com/win/2004/08/events/event'><System><Provider Name='Microsoft-Windows-Sysmon' Guid='{5770385F-C22A-43E0-BF4C-06F5698FFBD9}'/><EventID>6</EventID><Version>4</Version><Level>4</Level><Task>6</Task><Opcode>0</Opcode><Keywords>0x8000000000000000</Keywords><TimeCreated SystemTime='2022-04-01T14:00:16.159418900Z'/><EventRecordID>11240668</EventRecordID><Correlation/><Execution ProcessID='2988' ThreadID='2408'/><Channel>Microsoft-Windows-Sysmon/Operational</Channel><Computer>win-dc-mhaag-attack-range-702.attackrange.local</Computer><Security UserID='S-1-5-18'/></System><EventData><Data Name='RuleName'>-</Data><Data Name='UtcTime'>2022-04-01 13:59:56.278</Data><Data Name='ImageLoaded'>C:\Windows\System32\drivers\netbios.sys</Data><Data Name='Hashes'>MD5=5D1513BD6430307C9DB86C6E351372ED,SHA256=D2AB709CF7CFA5B857B084AFC821914A975B7DDDCE154229981F19448973BD6D</Data><Data Name='Signed'>true</Data><Data Name='Signature'>Microsoft Windows</Data><Data Name='SignatureStatus'>Valid</Data></EventData></Event>
<Event xmlns='http://schemas.microsoft.com/win/2004/08/events/event'><System><Provider Name='Microsoft-Windows-Sysmon' Guid='{5770385F-C22A-43E0-BF4C-06F5698FFBD9}'/><EventID>6</EventID><Version>4</Version><Level>4</Level><Task>6</Task><Opcode>0</Opcode><Keywords>0x8000000000000000</Keywords><TimeCreated SystemTime='2022-04-01T14:00:16.155930700Z'/><EventRecordID>11240653</EventRecordID><Correlation/><Execution ProcessID='2988' ThreadID='2408'/><Channel>Microsoft-Windows-Sysmon/Operational</Channel><Computer>win-dc-mhaag-attack-range-702.attackrange.local</Computer><Security UserID='S-1-5-18'/></System><EventData><Data Name='RuleName'>-</Data><Data Name='UtcTime'>2022-04-01 13:59:56.278</Data><Data Name='ImageLoaded'>C:\Windows\System32\drivers\pacer.sys</Data><Data Name='Hashes'>MD5=C508D3F6E45FC4E17B1B1C222DFD9386,SHA256=99B7C868BB94473EEE9F0716879DE24DE81E00894E1C6397F1448CEE45DA5C58</Data><Data Name='Signed'>true</Data><Data Name='Signature'>Microsoft Windows</Data><Data Name='SignatureStatus'>Valid</Data></EventData></Event>
<Event xmlns='http://schemas.microsoft.com/win/2004/08/events/event'><System><Provider Name='Microsoft-Windows-Sysmon' Guid='{5770385F-C22A-43E0-BF4C-06F5698FFBD9}'/><EventID>6</EventID><Version>4</Version><Level>4</Level><Task>6</Task><Opcode>0</Opcode><Keywords>0x8000000000000000</Keywords><TimeCreated SystemTime='2022-04-01T14:00:16.151755900Z'/><EventRecordID>11240645</EventRecordID><Correlation/><Execution ProcessID='2988' ThreadID='2408'/><Channel>Microsoft-Windows-Sysmon/Operational</Channel><Computer>win-dc-mhaag-attack-range-702.attackrange.local</Computer><Security UserID='S-1-5-18'/></System><EventData><Data Name='RuleName'>-</Data><Data Name='UtcTime'>2022-04-01 13:59:56.263</Data><Data Name='ImageLoaded'>C:\Windows\System32\drivers\afd.sys</Data><Data Name='Hashes'>MD5=FE173C8932FE4A00B26522ADD3068D34,SHA256=CD25C716EFA62C242E3439CBA243883F44562C900BD7569F83D4949A6D658F4A</Data><Data Name='Signed'>true</Data><Data Name='Signature'>Microsoft Windows</Data><Data Name='SignatureStatus'>Valid</Data></EventData></Event>
<Event xmlns='http://schemas.microsoft.com/win/2004/08/events/event'><System><Provider Name='Microsoft-Windows-Sysmon' Guid='{5770385F-C22A-43E0-BF4C-06F5698FFBD9}'/><EventID>6</EventID><Version>4</Version><Level>4</Level><Task>6</Task><Opcode>0</Opcode><Keywords>0x8000000000000000</Keywords><TimeCreated SystemTime='2022-04-01T14:00:16.146983700Z'/><EventRecordID>11240637</EventRecordID><Correlation/><Execution ProcessID='2988' ThreadID='2408'/><Channel>Microsoft-Windows-Sysmon/Operational</Channel><Computer>win-dc-mhaag-attack-range-702.attackrange.local</Computer><Security UserID='S-1-5-18'/></System><EventData><Data Name='RuleName'>-</Data><Data Name='UtcTime'>2022-04-01 13:59:56.263</Data><Data Name='ImageLoaded'>C:\Windows\System32\drivers\netbt.sys</Data><Data Name='Hashes'>MD5=D1C8EC9B711D23FF98564044C1DEBD00,SHA256=CB8BFE057687A29449C9829B1931329FDFB9428CC43A2A635A62AA3961611CE7</Data><Data Name='Signed'>true</Data><Data Name='Signature'>Microsoft Windows</Data><Data Name='SignatureStatus'>Valid</Data></EventData></Event>
<Event xmlns='http://schemas.microsoft.com/win/2004/08/events/event'><System><Provider Name='Microsoft-Windows-Sysmon' Guid='{5770385F-C22A-43E0-BF4C-06F5698FFBD9}'/><EventID>6</EventID><Version>4</Version><Level>4</Level><Task>6</Task><Opcode>0</Opcode><Keywords>0x8000000000000000</Keywords><TimeCreated SystemTime='2022-04-01T14:00:16.136680300Z'/><EventRecordID>11240607</EventRecordID><Correlation/><Execution ProcessID='2988' ThreadID='2408'/><Channel>Microsoft-Windows-Sysmon/Operational</Channel><Computer>win-dc-mhaag-attack-range-702.attackrange.local</Computer><Security UserID='S-1-5-18'/></System><EventData><Data Name='RuleName'>-</Data><Data Name='UtcTime'>2022-04-01 13:59:56.247</Data><Data Name='ImageLoaded'>C:\Windows\System32\drivers\tdx.sys</Data><Data Name='Hashes'>MD5=5C372B10E550F4950AF9F78AF42721F5,SHA256=273D464AF9AE7BD97EEC7A676128BC83E354F15EFC39E4E620DD716C098E6B77</Data><Data Name='Signed'>true</Data><Data Name='Signature'>Microsoft Windows</Data><Data Name='SignatureStatus'>Valid</Data></EventData></Event>
<Event xmlns='http://schemas.microsoft.com/win/2004/08/events/event'><System><Provider Name='Microsoft-Windows-Sysmon' Guid='{5770385F-C22A-43E0-BF4C-06F5698FFBD9}'/><EventID>6</EventID><Version>4</Version><Level>4</Level><Task>6</Task><Opcode>0</Opcode><Keywords>0x8000000000000000</Keywords><TimeCreated SystemTime='2022-04-01T14:00:16.132342800Z'/><EventRecordID>11240582</EventRecordID><Correlation/><Execution ProcessID='2988' ThreadID='2408'/><Channel>Microsoft-Windows-Sysmon/Operational</Channel><Computer>win-dc-mhaag-attack-range-702.attackrange.local</Computer><Security UserID='S-1-5-18'/></System><EventData><Data Name='RuleName'>-</Data><Data Name='UtcTime'>2022-04-01 13:59:56.247</Data><Data Name='ImageLoaded'>C:\Windows\System32\drivers\tdi.sys</Data><Data Name='Hashes'>MD5=23B5CD10B4DF20DB987568521917BB00,SHA256=658075C701189BE6EC0E9EE58CBDBA266839BAA39359E5652FDC171023EA4D4F</Data><Data Name='Signed'>true</Data><Data Name='Signature'>Microsoft Windows</Data><Data Name='SignatureStatus'>Valid</Data></EventData></Event>
<Event xmlns='http://schemas.microsoft.com/win/2004/08/events/event'><System><Provider Name='Microsoft-Windows-Sysmon' Guid='{5770385F-C22A-43E0-BF4C-06F5698FFBD9}'/><EventID>6</EventID><Version>4</Version><Level>4</Level><Task>6</Task><Opcode>0</Opcode><Keywords>0x8000000000000000</Keywords><TimeCreated SystemTime='2022-04-01T14:00:16.128084100Z'/><EventRecordID>11240536</EventRecordID><Correlation/><Execution ProcessID='2988' ThreadID='2408'/><Channel>Microsoft-Windows-Sysmon/Operational</Channel><Computer>win-dc-mhaag-attack-range-702.attackrange.local</Computer><Security UserID='S-1-5-18'/></System><EventData><Data Name='RuleName'>-</Data><Data Name='UtcTime'>2022-04-01 13:59:56.247</Data><Data Name='ImageLoaded'>C:\Windows\System32\drivers\msfs.sys</Data><Data Name='Hashes'>MD5=B48F273744D705E2AECEB542EFB27BB3,SHA256=88266914C9D178AD0B45873600B08C5429F47C6C8BA222C4E1B5D17C718A5A5F</Data><Data Name='Signed'>true</Data><Data Name='Signature'>Microsoft Windows</Data><Data Name='SignatureStatus'>Valid</Data></EventData></Event>
<Event xmlns='http://schemas.microsoft.com/win/2004/08/events/event'><System><Provider Name='Microsoft-Windows-Sysmon' Guid='{5770385F-C22A-43E0-BF4C-06F5698FFBD9}'/><EventID>6</EventID><Version>4</Version><Level>4</Level><Task>6</Task><Opcode>0</Opcode><Keywords>0x8000000000000000</Keywords><TimeCreated SystemTime='2022-04-01T14:00:16.123575000Z'/><EventRecordID>11240495</EventRecordID><Correlation/><Execution ProcessID='2988' ThreadID='2408'/><Channel>Microsoft-Windows-Sysmon/Operational</Channel><Computer>win-dc-mhaag-attack-range-702.attackrange.local</Computer><Security UserID='S-1-5-18'/></System><EventData><Data Name='RuleName'>-</Data><Data Name='UtcTime'>2022-04-01 13:59:56.232</Data><Data Name='ImageLoaded'>C:\Windows\System32\drivers\npfs.sys</Data><Data Name='Hashes'>MD5=987754BAC22267570243547D27A0F018,SHA256=F69F588BFAF584D2A3C45B7DB19C6FCE48AF8B1258C5DA2D18F2D02AF3B9EFC1</Data><Data Name='Signed'>true</Data><Data Name='Signature'>Microsoft Windows</Data><Data Name='SignatureStatus'>Valid</Data></EventData></Event>
<Event xmlns='http://schemas.microsoft.com/win/2004/08/events/event'><System><Provider Name='Microsoft-Windows-Sysmon' Guid='{5770385F-C22A-43E0-BF4C-06F5698FFBD9}'/><EventID>6</EventID><Version>4</Version><Level>4</Level><Task>6</Task><Opcode>0</Opcode><Keywords>0x8000000000000000</Keywords><TimeCreated SystemTime='2022-04-01T14:00:16.119683000Z'/><EventRecordID>11240474</EventRecordID><Correlation/><Execution ProcessID='2988' ThreadID='2408'/><Channel>Microsoft-Windows-Sysmon/Operational</Channel><Computer>win-dc-mhaag-attack-range-702.attackrange.local</Computer><Security UserID='S-1-5-18'/></System><EventData><Data Name='RuleName'>-</Data><Data Name='UtcTime'>2022-04-01 13:59:56.232</Data><Data Name='ImageLoaded'>C:\Windows\System32\drivers\BasicRender.sys</Data><Data Name='Hashes'>MD5=33C05FFEA1FB9C7DDE864EE986D8A47A,SHA256=20A67AD3FC3B0B92CF7CBF13E601A3DC5397BFCEBEC956D26EA7637F2964B913</Data><Data Name='Signed'>true</Data><Data Name='Signature'>Microsoft Windows</Data><Data Name='SignatureStatus'>Valid</Data></EventData></Event>
<Event xmlns='http://schemas.microsoft.com/win/2004/08/events/event'><System><Provider Name='Microsoft-Windows-Sysmon' Guid='{5770385F-C22A-43E0-BF4C-06F5698FFBD9}'/><EventID>6</EventID><Version>4</Version><Level>4</Level><Task>6</Task><Opcode>0</Opcode><Keywords>0x8000000000000000</Keywords><TimeCreated SystemTime='2022-04-01T14:00:16.113577000Z'/><EventRecordID>11240458</EventRecordID><Correlation/><Execution ProcessID='2988' ThreadID='2408'/><Channel>Microsoft-Windows-Sysmon/Operational</Channel><Computer>win-dc-mhaag-attack-range-702.attackrange.local</Computer><Security UserID='S-1-5-18'/></System><EventData><Data Name='RuleName'>-</Data><Data Name='UtcTime'>2022-04-01 13:59:56.232</Data><Data Name='ImageLoaded'>C:\Windows\System32\drivers\dxgkrnl.sys</Data><Data Name='Hashes'>MD5=B93E6BEA64AD2F162791517985BB2C32,SHA256=5E9E2447FF17F570AB68758EDE432152A5D671781F7A09D01ACF8BD87830B4DC</Data><Data Name='Signed'>true</Data><Data Name='Signature'>Microsoft Windows</Data><Data Name='SignatureStatus'>Valid</Data></EventData></Event>
<Event xmlns='http://schemas.microsoft.com/win/2004/08/events/event'><System><Provider Name='Microsoft-Windows-Sysmon' Guid='{5770385F-C22A-43E0-BF4C-06F5698FFBD9}'/><EventID>6</EventID><Version>4</Version><Level>4</Level><Task>6</Task><Opcode>0</Opcode><Keywords>0x8000000000000000</Keywords><TimeCreated SystemTime='2022-04-01T14:00:16.106891200Z'/><EventRecordID>11240419</EventRecordID><Correlation/><Execution ProcessID='2988' ThreadID='2408'/><Channel>Microsoft-Windows-Sysmon/Operational</Channel><Computer>win-dc-mhaag-attack-range-702.attackrange.local</Computer><Security UserID='S-1-5-18'/></System><EventData><Data Name='RuleName'>-</Data><Data Name='UtcTime'>2022-04-01 13:59:56.200</Data><Data Name='ImageLoaded'>C:\Windows\System32\drivers\BasicDisplay.sys</Data><Data Name='Hashes'>MD5=94D6B95485BFA35D81524B0EBA0F7569,SHA256=14A32CD501B1D816526A75A9EB3782E6C4FF78831628F257050AD2BA73733F57</Data><Data Name='Signed'>true</Data><Data Name='Signature'>Microsoft Windows</Data><Data Name='SignatureStatus'>Valid</Data></EventData></Event>
<Event xmlns='http://schemas.microsoft.com/win/2004/08/events/event'><System><Provider Name='Microsoft-Windows-Sysmon' Guid='{5770385F-C22A-43E0-BF4C-06F5698FFBD9}'/><EventID>6</EventID><Version>4</Version><Level>4</Level><Task>6</Task><Opcode>0</Opcode><Keywords>0x8000000000000000</Keywords><TimeCreated SystemTime='2022-04-01T14:00:16.093952800Z'/><EventRecordID>11240380</EventRecordID><Correlation/><Execution ProcessID='2988' ThreadID='2408'/><Channel>Microsoft-Windows-Sysmon/Operational</Channel><Computer>win-dc-mhaag-attack-range-702.attackrange.local</Computer><Security UserID='S-1-5-18'/></System><EventData><Data Name='RuleName'>-</Data><Data Name='UtcTime'>2022-04-01 13:59:56.200</Data><Data Name='ImageLoaded'>C:\Windows\System32\drivers\watchdog.sys</Data><Data Name='Hashes'>MD5=33D894AEB764646F9BA3249DB87705DF,SHA256=C41290C099C7234A023E5BE0F85F309127981256F6C09335118FDC8A35AAAA86</Data><Data Name='Signed'>true</Data><Data Name='Signature'>Microsoft Windows</Data><Data Name='SignatureStatus'>Valid</Data></EventData></Event>
<Event xmlns='http://schemas.microsoft.com/win/2004/08/events/event'><System><Provider Name='Microsoft-Windows-Sysmon' Guid='{5770385F-C22A-43E0-BF4C-06F5698FFBD9}'/><EventID>6</EventID><Version>4</Version><Level>4</Level><Task>6</Task><Opcode>0</Opcode><Keywords>0x8000000000000000</Keywords><TimeCreated SystemTime='2022-04-01T14:00:16.082191500Z'/><EventRecordID>11240353</EventRecordID><Correlation/><Execution ProcessID='2988' ThreadID='2408'/><Channel>Microsoft-Windows-Sysmon/Operational</Channel><Computer>win-dc-mhaag-attack-range-702.attackrange.local</Computer><Security UserID='S-1-5-18'/></System><EventData><Data Name='RuleName'>-</Data><Data Name='UtcTime'>2022-04-01 13:59:56.200</Data><Data Name='ImageLoaded'>C:\Windows\System32\drivers\null.sys</Data><Data Name='Hashes'>MD5=6E6DD6F9DD2A034CF85E94047DBDB992,SHA256=63D0A0756F551B7668D1CBAB24B29FD462C706E8A81690BC248D6C92061FE215</Data><Data Name='Signed'>true</Data><Data Name='Signature'>Microsoft Windows</Data><Data Name='SignatureStatus'>Valid</Data></EventData></Event>
<Event xmlns='http://schemas.microsoft.com/win/2004/08/events/event'><System><Provider Name='Microsoft-Windows-Sysmon' Guid='{5770385F-C22A-43E0-BF4C-06F5698FFBD9}'/><EventID>6</EventID><Version>4</Version><Level>4</Level><Task>6</Task><Opcode>0</Opcode><Keywords>0x8000000000000000</Keywords><TimeCreated SystemTime='2022-04-01T14:00:16.071128000Z'/><EventRecordID>11240281</EventRecordID><Correlation/><Execution ProcessID='2988' ThreadID='2408'/><Channel>Microsoft-Windows-Sysmon/Operational</Channel><Computer>win-dc-mhaag-attack-range-702.attackrange.local</Computer><Security UserID='S-1-5-18'/></System><EventData><Data Name='RuleName'>-</Data><Data Name='UtcTime'>2022-04-01 13:59:56.200</Data><Data Name='ImageLoaded'>C:\Windows\System32\drivers\dfs.sys</Data><Data Name='Hashes'>MD5=340CD6EC9DE7C86FFC97430EFA753502,SHA256=88897E835D1EACCF4277A592C82ED9486CD0A87CF107AB885E14C408CA09220B</Data><Data Name='Signed'>true</Data><Data Name='Signature'>Microsoft Windows</Data><Data Name='SignatureStatus'>Valid</Data></EventData></Event>
<Event xmlns='http://schemas.microsoft.com/win/2004/08/events/event'><System><Provider Name='Microsoft-Windows-Sysmon' Guid='{5770385F-C22A-43E0-BF4C-06F5698FFBD9}'/><EventID>6</EventID><Version>4</Version><Level>4</Level><Task>6</Task><Opcode>0</Opcode><Keywords>0x8000000000000000</Keywords><TimeCreated SystemTime='2022-04-01T14:00:16.066713600Z'/><EventRecordID>11240236</EventRecordID><Correlation/><Execution ProcessID='2988' ThreadID='2408'/><Channel>Microsoft-Windows-Sysmon/Operational</Channel><Computer>win-dc-mhaag-attack-range-702.attackrange.local</Computer><Security UserID='S-1-5-18'/></System><EventData><Data Name='RuleName'>-</Data><Data Name='UtcTime'>2022-04-01 13:59:56.185</Data><Data Name='ImageLoaded'>C:\Windows\System32\drivers\filecrypt.sys</Data><Data Name='Hashes'>MD5=0C499F7BEFA84398DDD79A7D1A9A23E4,SHA256=78364D374AC9342207E73D39D4DB894521E3F79A0A1042EF4CFA7A9EA391A7C9</Data><Data Name='Signed'>true</Data><Data Name='Signature'>Microsoft Windows</Data><Data Name='SignatureStatus'>Valid</Data></EventData></Event>
<Event xmlns='http://schemas.microsoft.com/win/2004/08/events/event'><System><Provider Name='Microsoft-Windows-Sysmon' Guid='{5770385F-C22A-43E0-BF4C-06F5698FFBD9}'/><EventID>6</EventID><Version>4</Version><Level>4</Level><Task>6</Task><Opcode>0</Opcode><Keywords>0x8000000000000000</Keywords><TimeCreated SystemTime='2022-04-01T14:00:16.056378200Z'/><EventRecordID>11240136</EventRecordID><Correlation/><Execution ProcessID='2988' ThreadID='2408'/><Channel>Microsoft-Windows-Sysmon/Operational</Channel><Computer>win-dc-mhaag-attack-range-702.attackrange.local</Computer><Security UserID='S-1-5-18'/></System><EventData><Data Name='RuleName'>-</Data><Data Name='UtcTime'>2022-04-01 13:59:56.185</Data><Data Name='ImageLoaded'>C:\Windows\System32\drivers\tbs.sys</Data><Data Name='Hashes'>MD5=3F0DEF1B774130EF20DC016423D8F558,SHA256=E5085B8ED7F3BF44B2B0CBD5C3B0E6E7FEC9C2B8F9926939F5E8318A45CA4408</Data><Data Name='Signed'>true</Data><Data Name='Signature'>Microsoft Windows</Data><Data Name='SignatureStatus'>Valid</Data></EventData></Event>
<Event xmlns='http://schemas.microsoft.com/win/2004/08/events/event'><System><Provider Name='Microsoft-Windows-Sysmon' Guid='{5770385F-C22A-43E0-BF4C-06F5698FFBD9}'/><EventID>6</EventID><Version>4</Version><Level>4</Level><Task>6</Task><Opcode>0</Opcode><Keywords>0x8000000000000000</Keywords><TimeCreated SystemTime='2022-04-01T14:00:16.052431800Z'/><EventRecordID>11240092</EventRecordID><Correlation/><Execution ProcessID='2988' ThreadID='2408'/><Channel>Microsoft-Windows-Sysmon/Operational</Channel><Computer>win-dc-mhaag-attack-range-702.attackrange.local</Computer><Security UserID='S-1-5-18'/></System><EventData><Data Name='RuleName'>-</Data><Data Name='UtcTime'>2022-04-01 13:59:56.185</Data><Data Name='ImageLoaded'>C:\Windows\System32\drivers\cdrom.sys</Data><Data Name='Hashes'>MD5=205985E2EBF2CE5AE7F2A56F721EF357,SHA256=538A4CB3F3B12704523A8CE01FE0AB8786BCAB118F5BE8F381F35C574AB22EF6</Data><Data Name='Signed'>true</Data><Data Name='Signature'>Microsoft Windows</Data><Data Name='SignatureStatus'>Valid</Data></EventData></Event>
<Event xmlns='http://schemas.microsoft.com/win/2004/08/events/event'><System><Provider Name='Microsoft-Windows-Sysmon' Guid='{5770385F-C22A-43E0-BF4C-06F5698FFBD9}'/><EventID>6</EventID><Version>4</Version><Level>4</Level><Task>6</Task><Opcode>0</Opcode><Keywords>0x8000000000000000</Keywords><TimeCreated SystemTime='2022-04-01T14:00:16.041966900Z'/><EventRecordID>11239959</EventRecordID><Correlation/><Execution ProcessID='2988' ThreadID='2380'/><Channel>Microsoft-Windows-Sysmon/Operational</Channel><Computer>win-dc-mhaag-attack-range-702.attackrange.local</Computer><Security UserID='S-1-5-18'/></System><EventData><Data Name='RuleName'>-</Data><Data Name='UtcTime'>2022-04-01 13:59:57.560</Data><Data Name='ImageLoaded'>C:\Windows\System32\drivers\AWSNVMe.sys</Data><Data Name='Hashes'>MD5=1C33800763FA3CE32E32F7400F91C2D4,SHA256=B6023DA21D9078074C3FEB19C99EF24F9D3B7D4C7907434090CB60A722108BD1</Data><Data Name='Signed'>true</Data><Data Name='Signature'>Amazon Web Services, Inc.</Data><Data Name='SignatureStatus'>Valid</Data></EventData></Event>
<Event xmlns='http://schemas.microsoft.com/win/2004/08/events/event'><System><Provider Name='Microsoft-Windows-Sysmon' Guid='{5770385F-C22A-43E0-BF4C-06F5698FFBD9}'/><EventID>6</EventID><Version>4</Version><Level>4</Level><Task>6</Task><Opcode>0</Opcode><Keywords>0x8000000000000000</Keywords><TimeCreated SystemTime='2022-04-01T14:00:16.041695200Z'/><EventRecordID>11239958</EventRecordID><Correlation/><Execution ProcessID='2988' ThreadID='2380'/><Channel>Microsoft-Windows-Sysmon/Operational</Channel><Computer>win-dc-mhaag-attack-range-702.attackrange.local</Computer><Security UserID='S-1-5-18'/></System><EventData><Data Name='RuleName'>-</Data><Data Name='UtcTime'>2022-04-01 13:59:57.560</Data><Data Name='ImageLoaded'>C:\Windows\System32\drivers\Diskdump.sys</Data><Data Name='Hashes'>MD5=CB1D40B1914504E2BCB7D160A6E7EAE2,SHA256=81BF33ACEAD757EE9C46A16E6D96A35D5F6A90B8E9B88D3C350781ADAA5E53FD</Data><Data Name='Signed'>true</Data><Data Name='Signature'>Microsoft Windows</Data><Data Name='SignatureStatus'>Valid</Data></EventData></Event>
<Event xmlns='http://schemas.microsoft.com/win/2004/08/events/event'><System><Provider Name='Microsoft-Windows-Sysmon' Guid='{5770385F-C22A-43E0-BF4C-06F5698FFBD9}'/><EventID>6</EventID><Version>4</Version><Level>4</Level><Task>6</Task><Opcode>0</Opcode><Keywords>0x8000000000000000</Keywords><TimeCreated SystemTime='2022-04-01T14:00:16.037694300Z'/><EventRecordID>11239928</EventRecordID><Correlation/><Execution ProcessID='2988' ThreadID='2408'/><Channel>Microsoft-Windows-Sysmon/Operational</Channel><Computer>win-dc-mhaag-attack-range-702.attackrange.local</Computer><Security UserID='S-1-5-18'/></System><EventData><Data Name='RuleName'>-</Data><Data Name='UtcTime'>2022-04-01 13:59:56.138</Data><Data Name='ImageLoaded'>C:\Windows\System32\drivers\AWSNVMe.sys</Data><Data Name='Hashes'>MD5=1C33800763FA3CE32E32F7400F91C2D4,SHA256=B6023DA21D9078074C3FEB19C99EF24F9D3B7D4C7907434090CB60A722108BD1</Data><Data Name='Signed'>true</Data><Data Name='Signature'>Amazon Web Services, Inc.</Data><Data Name='SignatureStatus'>Valid</Data></EventData></Event>
<Event xmlns='http://schemas.microsoft.com/win/2004/08/events/event'><System><Provider Name='Microsoft-Windows-Sysmon' Guid='{5770385F-C22A-43E0-BF4C-06F5698FFBD9}'/><EventID>6</EventID><Version>4</Version><Level>4</Level><Task>6</Task><Opcode>0</Opcode><Keywords>0x8000000000000000</Keywords><TimeCreated SystemTime='2022-04-01T14:00:16.019077200Z'/><EventRecordID>11239736</EventRecordID><Correlation/><Execution ProcessID='2988' ThreadID='2408'/><Channel>Microsoft-Windows-Sysmon/Operational</Channel><Computer>win-dc-mhaag-attack-range-702.attackrange.local</Computer><Security UserID='S-1-5-18'/></System><EventData><Data Name='RuleName'>-</Data><Data Name='UtcTime'>2022-04-01 13:59:56.138</Data><Data Name='ImageLoaded'>C:\Windows\System32\drivers\Diskdump.sys</Data><Data Name='Hashes'>MD5=CB1D40B1914504E2BCB7D160A6E7EAE2,SHA256=81BF33ACEAD757EE9C46A16E6D96A35D5F6A90B8E9B88D3C350781ADAA5E53FD</Data><Data Name='Signed'>true</Data><Data Name='Signature'>Microsoft Windows</Data><Data Name='SignatureStatus'>Valid</Data></EventData></Event>
<Event xmlns='http://schemas.microsoft.com/win/2004/08/events/event'><System><Provider Name='Microsoft-Windows-Sysmon' Guid='{5770385F-C22A-43E0-BF4C-06F5698FFBD9}'/><EventID>6</EventID><Version>4</Version><Level>4</Level><Task>6</Task><Opcode>0</Opcode><Keywords>0x8000000000000000</Keywords><TimeCreated SystemTime='2022-04-01T14:00:16.014440200Z'/><EventRecordID>11239677</EventRecordID><Correlation/><Execution ProcessID='2988' ThreadID='2408'/><Channel>Microsoft-Windows-Sysmon/Operational</Channel><Computer>win-dc-mhaag-attack-range-702.attackrange.local</Computer><Security UserID='S-1-5-18'/></System><EventData><Data Name='RuleName'>-</Data><Data Name='UtcTime'>2022-04-01 13:59:56.122</Data><Data Name='ImageLoaded'>C:\Windows\System32\drivers\crashdmp.sys</Data><Data Name='Hashes'>MD5=3DFBB8B3F8BC0A91297030D0E530BA37,SHA256=F5F8ACC5DA4C923BABB2FCAEBDA8CE33356E8F86E9CF946047C3A1E05E472825</Data><Data Name='Signed'>true</Data><Data Name='Signature'>Microsoft Windows</Data><Data Name='SignatureStatus'>Valid</Data></EventData></Event>
<Event xmlns='http://schemas.microsoft.com/win/2004/08/events/event'><System><Provider Name='Microsoft-Windows-Sysmon' Guid='{5770385F-C22A-43E0-BF4C-06F5698FFBD9}'/><EventID>6</EventID><Version>4</Version><Level>4</Level><Task>6</Task><Opcode>0</Opcode><Keywords>0x8000000000000000</Keywords><TimeCreated SystemTime='2022-03-31T20:54:07.479101400Z'/><EventRecordID>2126787</EventRecordID><Correlation/><Execution ProcessID='2844' ThreadID='2268'/><Channel>Microsoft-Windows-Sysmon/Operational</Channel><Computer>win-dc-mhaag-attack-range-702.attackrange.local</Computer><Security UserID='S-1-5-18'/></System><EventData><Data Name='RuleName'>-</Data><Data Name='UtcTime'>2022-03-31 20:54:07.477</Data><Data Name='ImageLoaded'>C:\Windows\System32\drivers\combroker.sys</Data><Data Name='Hashes'>MD5=69BE2867B2686C7686174EB9D65D1814,SHA256=F8A8C8B95FC9FFB00CBC467389030FB9D018F161D81C01FAA242698BE0B2A165</Data><Data Name='Signed'>true</Data><Data Name='Signature'>CAPCOM Co.,Ltd.</Data><Data Name='SignatureStatus'>Valid</Data></EventData></Event>
<Event xmlns='http://schemas.microsoft.com/win/2004/08/events/event'><System><Provider Name='Microsoft-Windows-Sysmon' Guid='{5770385F-C22A-43E0-BF4C-06F5698FFBD9}'/><EventID>6</EventID><Version>4</Version><Level>4</Level><Task>6</Task><Opcode>0</Opcode><Keywords>0x8000000000000000</Keywords><TimeCreated SystemTime='2022-03-31T20:52:39.285231600Z'/><EventRecordID>2121738</EventRecordID><Correlation/><Execution ProcessID='2844' ThreadID='2324'/><Channel>Microsoft-Windows-Sysmon/Operational</Channel><Computer>win-dc-mhaag-attack-range-702.attackrange.local</Computer><Security UserID='S-1-5-18'/></System><EventData><Data Name='RuleName'>-</Data><Data Name='UtcTime'>2022-03-31 20:52:39.278</Data><Data Name='ImageLoaded'>C:\Windows\System32\drivers\combroker.sys</Data><Data Name='Hashes'>MD5=69BE2867B2686C7686174EB9D65D1814,SHA256=F8A8C8B95FC9FFB00CBC467389030FB9D018F161D81C01FAA242698BE0B2A165</Data><Data Name='Signed'>true</Data><Data Name='Signature'>CAPCOM Co.,Ltd.</Data><Data Name='SignatureStatus'>Valid</Data></EventData></Event>
<Event xmlns='http://schemas.microsoft.com/win/2004/08/events/event'><System><Provider Name='Microsoft-Windows-Sysmon' Guid='{5770385F-C22A-43E0-BF4C-06F5698FFBD9}'/><EventID>6</EventID><Version>4</Version><Level>4</Level><Task>6</Task><Opcode>0</Opcode><Keywords>0x8000000000000000</Keywords><TimeCreated SystemTime='2022-03-31T19:51:51.826886300Z'/><EventRecordID>2071560</EventRecordID><Correlation/><Execution ProcessID='2844' ThreadID='2324'/><Channel>Microsoft-Windows-Sysmon/Operational</Channel><Computer>win-dc-mhaag-attack-range-702.attackrange.local</Computer><Security UserID='S-1-5-18'/></System><EventData><Data Name='RuleName'>-</Data><Data Name='UtcTime'>2022-03-31 19:51:51.820</Data><Data Name='ImageLoaded'>C:\drivers\driver.sys</Data><Data Name='Hashes'>MD5=73C98438AC64A68E88B7B0AFD11BA140,SHA256=DA6CA1FB539F825CA0F012ED6976BAF57EF9C70143B7A1E88B4650BF7A925E24</Data><Data Name='Signed'>true</Data><Data Name='Signature'>CAPCOM Co.,Ltd.</Data><Data Name='SignatureStatus'>Valid</Data></EventData></Event>
<Event xmlns='http://schemas.microsoft.com/win/2004/08/events/event'><System><Provider Name='Microsoft-Windows-Sysmon' Guid='{5770385F-C22A-43E0-BF4C-06F5698FFBD9}'/><EventID>6</EventID><Version>4</Version><Level>4</Level><Task>6</Task><Opcode>0</Opcode><Keywords>0x8000000000000000</Keywords><TimeCreated SystemTime='2022-03-31T14:22:12.641474600Z'/><EventRecordID>1773791</EventRecordID><Correlation/><Execution ProcessID='2844' ThreadID='2324'/><Channel>Microsoft-Windows-Sysmon/Operational</Channel><Computer>win-dc-mhaag-attack-range-702.attackrange.local</Computer><Security UserID='S-1-5-18'/></System><EventData><Data Name='RuleName'>-</Data><Data Name='UtcTime'>2022-03-31 14:22:12.637</Data><Data Name='ImageLoaded'>C:\Windows\System32\drivers\fileinfo.sys</Data><Data Name='Hashes'>MD5=78A210DDFDF2C9EC884631D2DAA573F0,SHA256=5D39C6EF4AC690A9749EEDBE2478FFF15A22877A2861EDA103C7BF1607B0C1BD</Data><Data Name='Signed'>true</Data><Data Name='Signature'>Microsoft Windows</Data><Data Name='SignatureStatus'>Valid</Data></EventData></Event>
<Event xmlns='http://schemas.microsoft.com/win/2004/08/events/event'><System><Provider Name='Microsoft-Windows-Sysmon' Guid='{5770385F-C22A-43E0-BF4C-06F5698FFBD9}'/><EventID>6</EventID><Version>4</Version><Level>4</Level><Task>6</Task><Opcode>0</Opcode><Keywords>0x8000000000000000</Keywords><TimeCreated SystemTime='2022-03-30T18:34:57.436079400Z'/><EventRecordID>733437</EventRecordID><Correlation/><Execution ProcessID='2844' ThreadID='2268'/><Channel>Microsoft-Windows-Sysmon/Operational</Channel><Computer>win-dc-mhaag-attack-range-702.attackrange.local</Computer><Security UserID='S-1-5-18'/></System><EventData><Data Name='RuleName'>-</Data><Data Name='UtcTime'>2022-03-30 18:34:57.428</Data><Data Name='ImageLoaded'>C:\Windows\System32\drivers\combroker.sys</Data><Data Name='Hashes'>MD5=69BE2867B2686C7686174EB9D65D1814,SHA256=F8A8C8B95FC9FFB00CBC467389030FB9D018F161D81C01FAA242698BE0B2A165</Data><Data Name='Signed'>true</Data><Data Name='Signature'>CAPCOM Co.,Ltd.</Data><Data Name='SignatureStatus'>Valid</Data></EventData></Event>
<Event xmlns='http://schemas.microsoft.com/win/2004/08/events/event'><System><Provider Name='Microsoft-Windows-Sysmon' Guid='{5770385F-C22A-43E0-BF4C-06F5698FFBD9}'/><EventID>6</EventID><Version>4</Version><Level>4</Level><Task>6</Task><Opcode>0</Opcode><Keywords>0x8000000000000000</Keywords><TimeCreated SystemTime='2022-03-30T18:34:27.206384500Z'/><EventRecordID>732360</EventRecordID><Correlation/><Execution ProcessID='2844' ThreadID='2268'/><Channel>Microsoft-Windows-Sysmon/Operational</Channel><Computer>win-dc-mhaag-attack-range-702.attackrange.local</Computer><Security UserID='S-1-5-18'/></System><EventData><Data Name='RuleName'>-</Data><Data Name='UtcTime'>2022-03-30 18:34:27.206</Data><Data Name='ImageLoaded'>C:\Windows\System32\drivers\combroker.sys</Data><Data Name='Hashes'>MD5=69BE2867B2686C7686174EB9D65D1814,SHA256=F8A8C8B95FC9FFB00CBC467389030FB9D018F161D81C01FAA242698BE0B2A165</Data><Data Name='Signed'>true</Data><Data Name='Signature'>CAPCOM Co.,Ltd.</Data><Data Name='SignatureStatus'>Valid</Data></EventData></Event>
