<Event xmlns='http://schemas.microsoft.com/win/2004/08/events/event'><System><Provider Name='Microsoft-Windows-Sysmon' Guid='{5770385F-C22A-43E0-BF4C-06F5698FFBD9}'/><EventID>6</EventID><Version>4</Version><Level>4</Level><Task>6</Task><Opcode>0</Opcode><Keywords>0x8000000000000000</Keywords><TimeCreated SystemTime='2022-03-29T17:44:14.326881800Z'/><EventRecordID>2217</EventRecordID><Correlation/><Execution ProcessID='1996' ThreadID='2740'/><Channel>Microsoft-Windows-Sysmon/Operational</Channel><Computer>win-host-mhaag-attack-range-128</Computer><Security UserID='S-1-5-18'/></System><EventData><Data Name='RuleName'>-</Data><Data Name='UtcTime'>2022-03-29 17:44:10.966</Data><Data Name='ImageLoaded'>C:\Windows\System32\drivers\AWSNVMe.sys</Data><Data Name='Hashes'>MD5=1C33800763FA3CE32E32F7400F91C2D4,SHA256=B6023DA21D9078074C3FEB19C99EF24F9D3B7D4C7907434090CB60A722108BD1,IMPHASH=CD93018539A11565D60D28DF18DCB293</Data><Data Name='Signed'>true</Data><Data Name='Signature'>Amazon Web Services, Inc.</Data><Data Name='SignatureStatus'>Valid</Data></EventData></Event>
<Event xmlns='http://schemas.microsoft.com/win/2004/08/events/event'><System><Provider Name='Microsoft-Windows-Sysmon' Guid='{5770385F-C22A-43E0-BF4C-06F5698FFBD9}'/><EventID>6</EventID><Version>4</Version><Level>4</Level><Task>6</Task><Opcode>0</Opcode><Keywords>0x8000000000000000</Keywords><TimeCreated SystemTime='2022-03-29T17:44:14.023785100Z'/><EventRecordID>1955</EventRecordID><Correlation/><Execution ProcessID='1996' ThreadID='2740'/><Channel>Microsoft-Windows-Sysmon/Operational</Channel><Computer>win-host-mhaag-attack-range-128</Computer><Security UserID='S-1-5-18'/></System><EventData><Data Name='RuleName'>-</Data><Data Name='UtcTime'>2022-03-29 17:44:09.951</Data><Data Name='ImageLoaded'>C:\Windows\System32\drivers\ena.sys</Data><Data Name='Hashes'>MD5=C593555FD929A6FA925129109C08FC65,SHA256=5ADD00C93BE0C3E978DA48DED964A54F730B40F98C72D3F6145D79E3BFE8364D,IMPHASH=FB370D8374B216430C11D17F479694B1</Data><Data Name='Signed'>true</Data><Data Name='Signature'>Amazon Web Services, Inc.</Data><Data Name='SignatureStatus'>Valid</Data></EventData></Event>
<Event xmlns='http://schemas.microsoft.com/win/2004/08/events/event'><System><Provider Name='Microsoft-Windows-Sysmon' Guid='{5770385F-C22A-43E0-BF4C-06F5698FFBD9}'/><EventID>6</EventID><Version>4</Version><Level>4</Level><Task>6</Task><Opcode>0</Opcode><Keywords>0x8000000000000000</Keywords><TimeCreated SystemTime='2022-03-29T17:44:13.598878000Z'/><EventRecordID>1274</EventRecordID><Correlation/><Execution ProcessID='1996' ThreadID='2740'/><Channel>Microsoft-Windows-Sysmon/Operational</Channel><Computer>win-host-mhaag-attack-range-128</Computer><Security UserID='S-1-5-18'/></System><EventData><Data Name='RuleName'>-</Data><Data Name='UtcTime'>2022-03-29 17:44:09.763</Data><Data Name='ImageLoaded'>C:\Windows\System32\drivers\AWSNVMe.sys</Data><Data Name='Hashes'>MD5=1C33800763FA3CE32E32F7400F91C2D4,SHA256=B6023DA21D9078074C3FEB19C99EF24F9D3B7D4C7907434090CB60A722108BD1,IMPHASH=CD93018539A11565D60D28DF18DCB293</Data><Data Name='Signed'>true</Data><Data Name='Signature'>Amazon Web Services, Inc.</Data><Data Name='SignatureStatus'>Valid</Data></EventData></Event>
<Event xmlns='http://schemas.microsoft.com/win/2004/08/events/event'><System><Provider Name='Microsoft-Windows-Sysmon' Guid='{5770385F-C22A-43E0-BF4C-06F5698FFBD9}'/><EventID>6</EventID><Version>4</Version><Level>4</Level><Task>6</Task><Opcode>0</Opcode><Keywords>0x8000000000000000</Keywords><TimeCreated SystemTime='2022-03-29T17:38:17.397221100Z'/><EventRecordID>5704</EventRecordID><Correlation/><Execution ProcessID='340' ThreadID='3116'/><Channel>Microsoft-Windows-Sysmon/Operational</Channel><Computer>win-dc-mhaag-attack-range-702.attackrange.local</Computer><Security UserID='S-1-5-18'/></System><EventData><Data Name='RuleName'>-</Data><Data Name='UtcTime'>2022-03-29 17:38:17.393</Data><Data Name='ImageLoaded'>C:\Program Files\SplunkUniversalForwarder\etc\apps\Splunk_TA_stream\windows_x86_64\bin\npf.sys</Data><Data Name='Hashes'>MD5=DE7FCC77F4A503AF4CA6A47D49B3713D,SHA256=4BFAA99393F635CD05D91A64DE73EDB5639412C129E049F0FE34F88517A10FC6,IMPHASH=CB86059F4B291991E735BECBD4C669CB</Data><Data Name='Signed'>true</Data><Data Name='Signature'>Riverbed Technology, Inc.</Data><Data Name='SignatureStatus'>Valid</Data></EventData></Event>
<Event xmlns='http://schemas.microsoft.com/win/2004/08/events/event'><System><Provider Name='Microsoft-Windows-Sysmon' Guid='{5770385F-C22A-43E0-BF4C-06F5698FFBD9}'/><EventID>6</EventID><Version>4</Version><Level>4</Level><Task>6</Task><Opcode>0</Opcode><Keywords>0x8000000000000000</Keywords><TimeCreated SystemTime='2022-03-29T17:36:35.722457600Z'/><EventRecordID>3398</EventRecordID><Correlation/><Execution ProcessID='340' ThreadID='3116'/><Channel>Microsoft-Windows-Sysmon/Operational</Channel><Computer>win-dc-mhaag-attack-range-702.attackrange.local</Computer><Security UserID='S-1-5-18'/></System><EventData><Data Name='RuleName'>-</Data><Data Name='UtcTime'>2022-03-29 17:36:02.982</Data><Data Name='ImageLoaded'>C:\Windows\System32\drivers\AWSNVMe.sys</Data><Data Name='Hashes'>MD5=1C33800763FA3CE32E32F7400F91C2D4,SHA256=B6023DA21D9078074C3FEB19C99EF24F9D3B7D4C7907434090CB60A722108BD1,IMPHASH=CD93018539A11565D60D28DF18DCB293</Data><Data Name='Signed'>true</Data><Data Name='Signature'>Amazon Web Services, Inc.</Data><Data Name='SignatureStatus'>Valid</Data></EventData></Event>
<Event xmlns='http://schemas.microsoft.com/win/2004/08/events/event'><System><Provider Name='Microsoft-Windows-Sysmon' Guid='{5770385F-C22A-43E0-BF4C-06F5698FFBD9}'/><EventID>6</EventID><Version>4</Version><Level>4</Level><Task>6</Task><Opcode>0</Opcode><Keywords>0x8000000000000000</Keywords><TimeCreated SystemTime='2022-03-29T17:36:35.325553500Z'/><EventRecordID>3397</EventRecordID><Correlation/><Execution ProcessID='340' ThreadID='3116'/><Channel>Microsoft-Windows-Sysmon/Operational</Channel><Computer>win-dc-mhaag-attack-range-702.attackrange.local</Computer><Security UserID='S-1-5-18'/></System><EventData><Data Name='RuleName'>-</Data><Data Name='UtcTime'>2022-03-29 17:36:01.935</Data><Data Name='ImageLoaded'>C:\Windows\System32\drivers\ena.sys</Data><Data Name='Hashes'>MD5=C593555FD929A6FA925129109C08FC65,SHA256=5ADD00C93BE0C3E978DA48DED964A54F730B40F98C72D3F6145D79E3BFE8364D,IMPHASH=FB370D8374B216430C11D17F479694B1</Data><Data Name='Signed'>true</Data><Data Name='Signature'>Amazon Web Services, Inc.</Data><Data Name='SignatureStatus'>Valid</Data></EventData></Event>
<Event xmlns='http://schemas.microsoft.com/win/2004/08/events/event'><System><Provider Name='Microsoft-Windows-Sysmon' Guid='{5770385F-C22A-43E0-BF4C-06F5698FFBD9}'/><EventID>6</EventID><Version>4</Version><Level>4</Level><Task>6</Task><Opcode>0</Opcode><Keywords>0x8000000000000000</Keywords><TimeCreated SystemTime='2022-03-29T17:36:34.902511300Z'/><EventRecordID>3381</EventRecordID><Correlation/><Execution ProcessID='340' ThreadID='3116'/><Channel>Microsoft-Windows-Sysmon/Operational</Channel><Computer>win-dc-mhaag-attack-range-702.attackrange.local</Computer><Security UserID='S-1-5-18'/></System><EventData><Data Name='RuleName'>-</Data><Data Name='UtcTime'>2022-03-29 17:36:01.763</Data><Data Name='ImageLoaded'>C:\Windows\System32\drivers\AWSNVMe.sys</Data><Data Name='Hashes'>MD5=1C33800763FA3CE32E32F7400F91C2D4,SHA256=B6023DA21D9078074C3FEB19C99EF24F9D3B7D4C7907434090CB60A722108BD1,IMPHASH=CD93018539A11565D60D28DF18DCB293</Data><Data Name='Signed'>true</Data><Data Name='Signature'>Amazon Web Services, Inc.</Data><Data Name='SignatureStatus'>Valid</Data></EventData></Event>
