<Event xmlns='http://schemas.microsoft.com/win/2004/08/events/event'><System><Provider Name='Microsoft-Windows-Sysmon' Guid='{5770385F-C22A-43E0-BF4C-06F5698FFBD9}'/><EventID>6</EventID><Version>4</Version><Level>4</Level><Task>6</Task><Opcode>0</Opcode><Keywords>0x8000000000000000</Keywords><TimeCreated SystemTime='2022-04-04T17:37:04.643206900Z'/><EventRecordID>15708989</EventRecordID><Correlation/><Execution ProcessID='2988' ThreadID='2408'/><Channel>Microsoft-Windows-Sysmon/Operational</Channel><Computer>win-dc-mhaag-attack-range-702.attackrange.local</Computer><Security UserID='S-1-5-18'/></System><EventData><Data Name='RuleName'>-</Data><Data Name='UtcTime'>2022-04-04 17:37:04.640</Data><Data Name='ImageLoaded'>C:\Program Files\SplunkUniversalForwarder\etc\apps\Splunk_TA_stream\windows_x86_64\bin\npf.sys</Data><Data Name='Hashes'>MD5=DE7FCC77F4A503AF4CA6A47D49B3713D,SHA256=4BFAA99393F635CD05D91A64DE73EDB5639412C129E049F0FE34F88517A10FC6</Data><Data Name='Signed'>true</Data><Data Name='Signature'>Riverbed Technology, Inc.</Data><Data Name='SignatureStatus'>Valid</Data></EventData></Event>
<Event xmlns='http://schemas.microsoft.com/win/2004/08/events/event'><System><Provider Name='Microsoft-Windows-Sysmon' Guid='{5770385F-C22A-43E0-BF4C-06F5698FFBD9}'/><EventID>6</EventID><Version>4</Version><Level>4</Level><Task>6</Task><Opcode>0</Opcode><Keywords>0x8000000000000000</Keywords><TimeCreated SystemTime='2022-04-04T13:59:42.463425300Z'/><EventRecordID>15489327</EventRecordID><Correlation/><Execution ProcessID='2988' ThreadID='2380'/><Channel>Microsoft-Windows-Sysmon/Operational</Channel><Computer>win-dc-mhaag-attack-range-702.attackrange.local</Computer><Security UserID='S-1-5-18'/></System><EventData><Data Name='RuleName'>-</Data><Data Name='UtcTime'>2022-04-04 13:59:42.462</Data><Data Name='ImageLoaded'>C:\Windows\System32\drivers\fileinfo.sys</Data><Data Name='Hashes'>MD5=78A210DDFDF2C9EC884631D2DAA573F0,SHA256=5D39C6EF4AC690A9749EEDBE2478FFF15A22877A2861EDA103C7BF1607B0C1BD</Data><Data Name='Signed'>true</Data><Data Name='Signature'>Microsoft Windows</Data><Data Name='SignatureStatus'>Valid</Data></EventData></Event>
<Event xmlns='http://schemas.microsoft.com/win/2004/08/events/event'><System><Provider Name='Microsoft-Windows-Sysmon' Guid='{5770385F-C22A-43E0-BF4C-06F5698FFBD9}'/><EventID>6</EventID><Version>4</Version><Level>4</Level><Task>6</Task><Opcode>0</Opcode><Keywords>0x8000000000000000</Keywords><TimeCreated SystemTime='2022-04-04T13:06:29.889549100Z'/><EventRecordID>15433907</EventRecordID><Correlation/><Execution ProcessID='2988' ThreadID='2380'/><Channel>Microsoft-Windows-Sysmon/Operational</Channel><Computer>win-dc-mhaag-attack-range-702.attackrange.local</Computer><Security UserID='S-1-5-18'/></System><EventData><Data Name='RuleName'>-</Data><Data Name='UtcTime'>2022-04-04 13:06:29.885</Data><Data Name='ImageLoaded'>C:\Windows\System32\drivers\fileinfo.sys</Data><Data Name='Hashes'>MD5=78A210DDFDF2C9EC884631D2DAA573F0,SHA256=5D39C6EF4AC690A9749EEDBE2478FFF15A22877A2861EDA103C7BF1607B0C1BD</Data><Data Name='Signed'>true</Data><Data Name='Signature'>Microsoft Windows</Data><Data Name='SignatureStatus'>Valid</Data></EventData></Event>
<Event xmlns='http://schemas.microsoft.com/win/2004/08/events/event'><System><Provider Name='Microsoft-Windows-Sysmon' Guid='{5770385F-C22A-43E0-BF4C-06F5698FFBD9}'/><EventID>6</EventID><Version>4</Version><Level>4</Level><Task>6</Task><Opcode>0</Opcode><Keywords>0x8000000000000000</Keywords><TimeCreated SystemTime='2022-04-02T12:46:32.120418900Z'/><EventRecordID>12763155</EventRecordID><Correlation/><Execution ProcessID='2988' ThreadID='2408'/><Channel>Microsoft-Windows-Sysmon/Operational</Channel><Computer>win-dc-mhaag-attack-range-702.attackrange.local</Computer><Security UserID='S-1-5-18'/></System><EventData><Data Name='RuleName'>-</Data><Data Name='UtcTime'>2022-04-02 12:46:32.116</Data><Data Name='ImageLoaded'>C:\Windows\System32\drivers\fileinfo.sys</Data><Data Name='Hashes'>MD5=78A210DDFDF2C9EC884631D2DAA573F0,SHA256=5D39C6EF4AC690A9749EEDBE2478FFF15A22877A2861EDA103C7BF1607B0C1BD</Data><Data Name='Signed'>true</Data><Data Name='Signature'>Microsoft Windows</Data><Data Name='SignatureStatus'>Valid</Data></EventData></Event>
<Event xmlns='http://schemas.microsoft.com/win/2004/08/events/event'><System><Provider Name='Microsoft-Windows-Sysmon' Guid='{5770385F-C22A-43E0-BF4C-06F5698FFBD9}'/><EventID>6</EventID><Version>4</Version><Level>4</Level><Task>6</Task><Opcode>0</Opcode><Keywords>0x8000000000000000</Keywords><TimeCreated SystemTime='2022-04-01T14:08:40.005165300Z'/><EventRecordID>11301414</EventRecordID><Correlation/><Execution ProcessID='2988' ThreadID='2408'/><Channel>Microsoft-Windows-Sysmon/Operational</Channel><Computer>win-dc-mhaag-attack-range-702.attackrange.local</Computer><Security UserID='S-1-5-18'/></System><EventData><Data Name='RuleName'>-</Data><Data Name='UtcTime'>2022-04-01 14:08:39.998</Data><Data Name='ImageLoaded'>C:\Windows\System32\drivers\mmcss.sys</Data><Data Name='Hashes'>MD5=435828B5476CD086927397728E53C37A,SHA256=519D35541AE6DA1FB4ED7AC0B3CC413C639D14F50B7489F1E1400CE0AC9AED3E</Data><Data Name='Signed'>true</Data><Data Name='Signature'>Microsoft Windows</Data><Data Name='SignatureStatus'>Valid</Data></EventData></Event>
<Event xmlns='http://schemas.microsoft.com/win/2004/08/events/event'><System><Provider Name='Microsoft-Windows-Sysmon' Guid='{5770385F-C22A-43E0-BF4C-06F5698FFBD9}'/><EventID>6</EventID><Version>4</Version><Level>4</Level><Task>6</Task><Opcode>0</Opcode><Keywords>0x8000000000000000</Keywords><TimeCreated SystemTime='2022-04-01T14:08:31.654412400Z'/><EventRecordID>11285826</EventRecordID><Correlation/><Execution ProcessID='2988' ThreadID='2408'/><Channel>Microsoft-Windows-Sysmon/Operational</Channel><Computer>win-dc-mhaag-attack-range-702.attackrange.local</Computer><Security UserID='S-1-5-18'/></System><EventData><Data Name='RuleName'>-</Data><Data Name='UtcTime'>2022-04-01 14:08:31.651</Data><Data Name='ImageLoaded'>C:\Windows\System32\rdpudd.dll</Data><Data Name='Hashes'>MD5=C37A137B8D82AE929124F94200E642B8,SHA256=A76310495EA89827D4C01C02DBC1DACDB54939328A7961B255B0902299AA48E0</Data><Data Name='Signed'>true</Data><Data Name='Signature'>Microsoft Windows</Data><Data Name='SignatureStatus'>Valid</Data></EventData></Event>
<Event xmlns='http://schemas.microsoft.com/win/2004/08/events/event'><System><Provider Name='Microsoft-Windows-Sysmon' Guid='{5770385F-C22A-43E0-BF4C-06F5698FFBD9}'/><EventID>6</EventID><Version>4</Version><Level>4</Level><Task>6</Task><Opcode>0</Opcode><Keywords>0x8000000000000000</Keywords><TimeCreated SystemTime='2022-04-01T14:08:31.654248900Z'/><EventRecordID>11285825</EventRecordID><Correlation/><Execution ProcessID='2988' ThreadID='2408'/><Channel>Microsoft-Windows-Sysmon/Operational</Channel><Computer>win-dc-mhaag-attack-range-702.attackrange.local</Computer><Security UserID='S-1-5-18'/></System><EventData><Data Name='RuleName'>-</Data><Data Name='UtcTime'>2022-04-01 14:08:31.650</Data><Data Name='ImageLoaded'>C:\Windows\System32\rdpudd.dll</Data><Data Name='Hashes'>MD5=C37A137B8D82AE929124F94200E642B8,SHA256=A76310495EA89827D4C01C02DBC1DACDB54939328A7961B255B0902299AA48E0</Data><Data Name='Signed'>true</Data><Data Name='Signature'>Microsoft Windows</Data><Data Name='SignatureStatus'>Valid</Data></EventData></Event>
<Event xmlns='http://schemas.microsoft.com/win/2004/08/events/event'><System><Provider Name='Microsoft-Windows-Sysmon' Guid='{5770385F-C22A-43E0-BF4C-06F5698FFBD9}'/><EventID>6</EventID><Version>4</Version><Level>4</Level><Task>6</Task><Opcode>0</Opcode><Keywords>0x8000000000000000</Keywords><TimeCreated SystemTime='2022-04-01T14:08:31.446788000Z'/><EventRecordID>11285628</EventRecordID><Correlation/><Execution ProcessID='2988' ThreadID='2408'/><Channel>Microsoft-Windows-Sysmon/Operational</Channel><Computer>win-dc-mhaag-attack-range-702.attackrange.local</Computer><Security UserID='S-1-5-18'/></System><EventData><Data Name='RuleName'>-</Data><Data Name='UtcTime'>2022-04-01 14:08:31.436</Data><Data Name='ImageLoaded'>C:\Windows\System32\drivers\terminpt.sys</Data><Data Name='Hashes'>MD5=06130AFFECEB94525FC2352936576B70,SHA256=10EBE2C8FDC087D29E2FFB328F0F7905A5374AB8CC9FAE8699E7676DBC8CBF91</Data><Data Name='Signed'>true</Data><Data Name='Signature'>Microsoft Windows</Data><Data Name='SignatureStatus'>Valid</Data></EventData></Event>
<Event xmlns='http://schemas.microsoft.com/win/2004/08/events/event'><System><Provider Name='Microsoft-Windows-Sysmon' Guid='{5770385F-C22A-43E0-BF4C-06F5698FFBD9}'/><EventID>6</EventID><Version>4</Version><Level>4</Level><Task>6</Task><Opcode>0</Opcode><Keywords>0x8000000000000000</Keywords><TimeCreated SystemTime='2022-04-01T14:00:25.543179800Z'/><EventRecordID>11272734</EventRecordID><Correlation/><Execution ProcessID='2988' ThreadID='2408'/><Channel>Microsoft-Windows-Sysmon/Operational</Channel><Computer>win-dc-mhaag-attack-range-702.attackrange.local</Computer><Security UserID='S-1-5-18'/></System><EventData><Data Name='RuleName'>-</Data><Data Name='UtcTime'>2022-04-01 14:00:25.539</Data><Data Name='ImageLoaded'>C:\Program Files\SplunkUniversalForwarder\etc\apps\Splunk_TA_stream\windows_x86_64\bin\npf.sys</Data><Data Name='Hashes'>MD5=DE7FCC77F4A503AF4CA6A47D49B3713D,SHA256=4BFAA99393F635CD05D91A64DE73EDB5639412C129E049F0FE34F88517A10FC6</Data><Data Name='Signed'>true</Data><Data Name='Signature'>Riverbed Technology, Inc.</Data><Data Name='SignatureStatus'>Valid</Data></EventData></Event>
<Event xmlns='http://schemas.microsoft.com/win/2004/08/events/event'><System><Provider Name='Microsoft-Windows-Sysmon' Guid='{5770385F-C22A-43E0-BF4C-06F5698FFBD9}'/><EventID>6</EventID><Version>4</Version><Level>4</Level><Task>6</Task><Opcode>0</Opcode><Keywords>0x8000000000000000</Keywords><TimeCreated SystemTime='2022-04-01T14:00:22.825908800Z'/><EventRecordID>11269911</EventRecordID><Correlation/><Execution ProcessID='2988' ThreadID='2408'/><Channel>Microsoft-Windows-Sysmon/Operational</Channel><Computer>win-dc-mhaag-attack-range-702.attackrange.local</Computer><Security UserID='S-1-5-18'/></System><EventData><Data Name='RuleName'>-</Data><Data Name='UtcTime'>2022-04-01 14:00:22.821</Data><Data Name='ImageLoaded'>C:\Windows\System32\drivers\fileinfo.sys</Data><Data Name='Hashes'>MD5=78A210DDFDF2C9EC884631D2DAA573F0,SHA256=5D39C6EF4AC690A9749EEDBE2478FFF15A22877A2861EDA103C7BF1607B0C1BD</Data><Data Name='Signed'>true</Data><Data Name='Signature'>Microsoft Windows</Data><Data Name='SignatureStatus'>Valid</Data></EventData></Event>
<Event xmlns='http://schemas.microsoft.com/win/2004/08/events/event'><System><Provider Name='Microsoft-Windows-Sysmon' Guid='{5770385F-C22A-43E0-BF4C-06F5698FFBD9}'/><EventID>6</EventID><Version>4</Version><Level>4</Level><Task>6</Task><Opcode>0</Opcode><Keywords>0x8000000000000000</Keywords><TimeCreated SystemTime='2022-04-01T14:00:20.254410400Z'/><EventRecordID>11262897</EventRecordID><Correlation/><Execution ProcessID='2988' ThreadID='2408'/><Channel>Microsoft-Windows-Sysmon/Operational</Channel><Computer>win-dc-mhaag-attack-range-702.attackrange.local</Computer><Security UserID='S-1-5-18'/></System><EventData><Data Name='RuleName'>-</Data><Data Name='UtcTime'>2022-04-01 14:00:15.842</Data><Data Name='ImageLoaded'>C:\Windows\System32\drivers\tcpipreg.sys</Data><Data Name='Hashes'>MD5=CA1B323B05B6BE8452B0CC8AAB862303,SHA256=2F8A6B2762673DC98BD0CE4D081F2132F0D20EAA645B284C024B394A95B290FB</Data><Data Name='Signed'>true</Data><Data Name='Signature'>Microsoft Windows</Data><Data Name='SignatureStatus'>Valid</Data></EventData></Event>
<Event xmlns='http://schemas.microsoft.com/win/2004/08/events/event'><System><Provider Name='Microsoft-Windows-Sysmon' Guid='{5770385F-C22A-43E0-BF4C-06F5698FFBD9}'/><EventID>6</EventID><Version>4</Version><Level>4</Level><Task>6</Task><Opcode>0</Opcode><Keywords>0x8000000000000000</Keywords><TimeCreated SystemTime='2022-04-01T14:00:20.241938900Z'/><EventRecordID>11262844</EventRecordID><Correlation/><Execution ProcessID='2988' ThreadID='2408'/><Channel>Microsoft-Windows-Sysmon/Operational</Channel><Computer>win-dc-mhaag-attack-range-702.attackrange.local</Computer><Security UserID='S-1-5-18'/></System><EventData><Data Name='RuleName'>-</Data><Data Name='UtcTime'>2022-04-01 14:00:15.838</Data><Data Name='ImageLoaded'>C:\Windows\System32\drivers\srv.sys</Data><Data Name='Hashes'>MD5=E58C798BF6E7B2141E45284C9DC3FC2C,SHA256=396797D15455AACD691AA22F53CE06E693431376CE4CCC378AB4F57BB76948B9</Data><Data Name='Signed'>true</Data><Data Name='Signature'>Microsoft Windows</Data><Data Name='SignatureStatus'>Valid</Data></EventData></Event>
<Event xmlns='http://schemas.microsoft.com/win/2004/08/events/event'><System><Provider Name='Microsoft-Windows-Sysmon' Guid='{5770385F-C22A-43E0-BF4C-06F5698FFBD9}'/><EventID>6</EventID><Version>4</Version><Level>4</Level><Task>6</Task><Opcode>0</Opcode><Keywords>0x8000000000000000</Keywords><TimeCreated SystemTime='2022-04-01T14:00:20.225502300Z'/><EventRecordID>11262752</EventRecordID><Correlation/><Execution ProcessID='2988' ThreadID='2408'/><Channel>Microsoft-Windows-Sysmon/Operational</Channel><Computer>win-dc-mhaag-attack-range-702.attackrange.local</Computer><Security UserID='S-1-5-18'/></System><EventData><Data Name='RuleName'>-</Data><Data Name='UtcTime'>2022-04-01 14:00:15.831</Data><Data Name='ImageLoaded'>C:\Windows\System32\drivers\combroker.sys</Data><Data Name='Hashes'>MD5=69BE2867B2686C7686174EB9D65D1814,SHA256=F8A8C8B95FC9FFB00CBC467389030FB9D018F161D81C01FAA242698BE0B2A165</Data><Data Name='Signed'>true</Data><Data Name='Signature'>CAPCOM Co.,Ltd.</Data><Data Name='SignatureStatus'>Valid</Data></EventData></Event>
<Event xmlns='http://schemas.microsoft.com/win/2004/08/events/event'><System><Provider Name='Microsoft-Windows-Sysmon' Guid='{5770385F-C22A-43E0-BF4C-06F5698FFBD9}'/><EventID>6</EventID><Version>4</Version><Level>4</Level><Task>6</Task><Opcode>0</Opcode><Keywords>0x8000000000000000</Keywords><TimeCreated SystemTime='2022-04-01T14:00:20.220740600Z'/><EventRecordID>11262726</EventRecordID><Correlation/><Execution ProcessID='2988' ThreadID='2408'/><Channel>Microsoft-Windows-Sysmon/Operational</Channel><Computer>win-dc-mhaag-attack-range-702.attackrange.local</Computer><Security UserID='S-1-5-18'/></System><EventData><Data Name='RuleName'>-</Data><Data Name='UtcTime'>2022-04-01 14:00:15.828</Data><Data Name='ImageLoaded'>C:\Windows\System32\drivers\mrxsmb10.sys</Data><Data Name='Hashes'>MD5=310012CF616A054DDAA31A54C882EFC5,SHA256=9C320CEF1220F1704D48E1B37E080FE38ED6FBC9F10D37AE58F8BEF1754EF42B</Data><Data Name='Signed'>true</Data><Data Name='Signature'>Microsoft Windows</Data><Data Name='SignatureStatus'>Valid</Data></EventData></Event>
<Event xmlns='http://schemas.microsoft.com/win/2004/08/events/event'><System><Provider Name='Microsoft-Windows-Sysmon' Guid='{5770385F-C22A-43E0-BF4C-06F5698FFBD9}'/><EventID>6</EventID><Version>4</Version><Level>4</Level><Task>6</Task><Opcode>0</Opcode><Keywords>0x8000000000000000</Keywords><TimeCreated SystemTime='2022-04-01T14:00:20.206550200Z'/><EventRecordID>11262635</EventRecordID><Correlation/><Execution ProcessID='2988' ThreadID='2408'/><Channel>Microsoft-Windows-Sysmon/Operational</Channel><Computer>win-dc-mhaag-attack-range-702.attackrange.local</Computer><Security UserID='S-1-5-18'/></System><EventData><Data Name='RuleName'>-</Data><Data Name='UtcTime'>2022-04-01 14:00:15.821</Data><Data Name='ImageLoaded'>C:\Windows\System32\drivers\PEAuth.sys</Data><Data Name='Hashes'>MD5=964566192FE35299FBB6918E5313B128,SHA256=0C4E7262C0D2A5FF258E92F7765682D42B008627764BB3799BDB286C6D1D0E7D</Data><Data Name='Signed'>true</Data><Data Name='Signature'>Microsoft Windows</Data><Data Name='SignatureStatus'>Valid</Data></EventData></Event>
<Event xmlns='http://schemas.microsoft.com/win/2004/08/events/event'><System><Provider Name='Microsoft-Windows-Sysmon' Guid='{5770385F-C22A-43E0-BF4C-06F5698FFBD9}'/><EventID>6</EventID><Version>4</Version><Level>4</Level><Task>6</Task><Opcode>0</Opcode><Keywords>0x8000000000000000</Keywords><TimeCreated SystemTime='2022-04-01T14:00:20.178252700Z'/><EventRecordID>11262383</EventRecordID><Correlation/><Execution ProcessID='2988' ThreadID='2408'/><Channel>Microsoft-Windows-Sysmon/Operational</Channel><Computer>win-dc-mhaag-attack-range-702.attackrange.local</Computer><Security UserID='S-1-5-18'/></System><EventData><Data Name='RuleName'>-</Data><Data Name='UtcTime'>2022-04-01 14:00:15.779</Data><Data Name='ImageLoaded'>C:\Windows\System32\drivers\http.sys</Data><Data Name='Hashes'>MD5=AE04E028AB9C2A852C3EDBEBCDD9F996,SHA256=E7477D786885380F946CDE583E6955A32618BD8466F77C02B5B6FB8FF61032BC</Data><Data Name='Signed'>true</Data><Data Name='Signature'>Microsoft Windows</Data><Data Name='SignatureStatus'>Valid</Data></EventData></Event>
<Event xmlns='http://schemas.microsoft.com/win/2004/08/events/event'><System><Provider Name='Microsoft-Windows-Sysmon' Guid='{5770385F-C22A-43E0-BF4C-06F5698FFBD9}'/><EventID>6</EventID><Version>4</Version><Level>4</Level><Task>6</Task><Opcode>0</Opcode><Keywords>0x8000000000000000</Keywords><TimeCreated SystemTime='2022-04-01T14:00:19.067631400Z'/><EventRecordID>11258405</EventRecordID><Correlation/><Execution ProcessID='2988' ThreadID='2408'/><Channel>Microsoft-Windows-Sysmon/Operational</Channel><Computer>win-dc-mhaag-attack-range-702.attackrange.local</Computer><Security UserID='S-1-5-18'/></System><EventData><Data Name='RuleName'>-</Data><Data Name='UtcTime'>2022-04-01 14:00:02.341</Data><Data Name='ImageLoaded'>C:\Windows\System32\drivers\tunnel.sys</Data><Data Name='Hashes'>MD5=79E264287F17D56D768440B0270466DE,SHA256=ABF9DC95C5E939B30BFD9BF9EDFDB3BD78A9DFCB055B945965303B6A60E6D7A7</Data><Data Name='Signed'>true</Data><Data Name='Signature'>Microsoft Windows</Data><Data Name='SignatureStatus'>Valid</Data></EventData></Event>
<Event xmlns='http://schemas.microsoft.com/win/2004/08/events/event'><System><Provider Name='Microsoft-Windows-Sysmon' Guid='{5770385F-C22A-43E0-BF4C-06F5698FFBD9}'/><EventID>6</EventID><Version>4</Version><Level>4</Level><Task>6</Task><Opcode>0</Opcode><Keywords>0x8000000000000000</Keywords><TimeCreated SystemTime='2022-04-01T14:00:19.006742100Z'/><EventRecordID>11258036</EventRecordID><Correlation/><Execution ProcessID='2988' ThreadID='2408'/><Channel>Microsoft-Windows-Sysmon/Operational</Channel><Computer>win-dc-mhaag-attack-range-702.attackrange.local</Computer><Security UserID='S-1-5-18'/></System><EventData><Data Name='RuleName'>-</Data><Data Name='UtcTime'>2022-04-01 14:00:02.310</Data><Data Name='ImageLoaded'>C:\Windows\System32\drivers\condrv.sys</Data><Data Name='Hashes'>MD5=44EEEB2382F566999287E13F2067693C,SHA256=53A4A0C85EAD38030FF2078C67465E3710ECD03A08FF34E1E67B2E3E1CC70043</Data><Data Name='Signed'>true</Data><Data Name='Signature'>Microsoft Windows</Data><Data Name='SignatureStatus'>Valid</Data></EventData></Event>
<Event xmlns='http://schemas.microsoft.com/win/2004/08/events/event'><System><Provider Name='Microsoft-Windows-Sysmon' Guid='{5770385F-C22A-43E0-BF4C-06F5698FFBD9}'/><EventID>6</EventID><Version>4</Version><Level>4</Level><Task>6</Task><Opcode>0</Opcode><Keywords>0x8000000000000000</Keywords><TimeCreated SystemTime='2022-04-01T14:00:18.615636900Z'/><EventRecordID>11256468</EventRecordID><Correlation/><Execution ProcessID='2988' ThreadID='2408'/><Channel>Microsoft-Windows-Sysmon/Operational</Channel><Computer>win-dc-mhaag-attack-range-702.attackrange.local</Computer><Security UserID='S-1-5-18'/></System><EventData><Data Name='RuleName'>-</Data><Data Name='UtcTime'>2022-04-01 14:00:02.138</Data><Data Name='ImageLoaded'>C:\Windows\System32\drivers\srv2.sys</Data><Data Name='Hashes'>MD5=8B950E8DAC1C4BD68EAA845D1D48D393,SHA256=DFF482762B053C7A88A0E2D93B43B4F7AAD197269DE44242EC119948C8F1207E</Data><Data Name='Signed'>true</Data><Data Name='Signature'>Microsoft Windows</Data><Data Name='SignatureStatus'>Valid</Data></EventData></Event>
<Event xmlns='http://schemas.microsoft.com/win/2004/08/events/event'><System><Provider Name='Microsoft-Windows-Sysmon' Guid='{5770385F-C22A-43E0-BF4C-06F5698FFBD9}'/><EventID>6</EventID><Version>4</Version><Level>4</Level><Task>6</Task><Opcode>0</Opcode><Keywords>0x8000000000000000</Keywords><TimeCreated SystemTime='2022-04-01T14:00:18.591469300Z'/><EventRecordID>11256371</EventRecordID><Correlation/><Execution ProcessID='2988' ThreadID='2408'/><Channel>Microsoft-Windows-Sysmon/Operational</Channel><Computer>win-dc-mhaag-attack-range-702.attackrange.local</Computer><Security UserID='S-1-5-18'/></System><EventData><Data Name='RuleName'>-</Data><Data Name='UtcTime'>2022-04-01 14:00:02.138</Data><Data Name='ImageLoaded'>C:\Windows\System32\drivers\srvnet.sys</Data><Data Name='Hashes'>MD5=E0DC3AA99113CF1A3DFC3DAC2337AF79,SHA256=5688CB30413DB20ADAA1FE1FF5960F02B13A0E6920E95EBD7205CC0CC1CE499F</Data><Data Name='Signed'>true</Data><Data Name='Signature'>Microsoft Windows</Data><Data Name='SignatureStatus'>Valid</Data></EventData></Event>
<Event xmlns='http://schemas.microsoft.com/win/2004/08/events/event'><System><Provider Name='Microsoft-Windows-Sysmon' Guid='{5770385F-C22A-43E0-BF4C-06F5698FFBD9}'/><EventID>6</EventID><Version>4</Version><Level>4</Level><Task>6</Task><Opcode>0</Opcode><Keywords>0x8000000000000000</Keywords><TimeCreated SystemTime='2022-04-01T14:00:18.519471000Z'/><EventRecordID>11255971</EventRecordID><Correlation/><Execution ProcessID='2988' ThreadID='2408'/><Channel>Microsoft-Windows-Sysmon/Operational</Channel><Computer>win-dc-mhaag-attack-range-702.attackrange.local</Computer><Security UserID='S-1-5-18'/></System><EventData><Data Name='RuleName'>-</Data><Data Name='UtcTime'>2022-04-01 14:00:02.107</Data><Data Name='ImageLoaded'>C:\Windows\System32\drivers\mpsdrv.sys</Data><Data Name='Hashes'>MD5=D93DD425F6C4FDC92F1EFC5F657B99AD,SHA256=8EF248C8D2B1E79E62F9AC873B72A0BA3DCB3627D68512D231C5AD8C679DE850</Data><Data Name='Signed'>true</Data><Data Name='Signature'>Microsoft Windows</Data><Data Name='SignatureStatus'>Valid</Data></EventData></Event>
<Event xmlns='http://schemas.microsoft.com/win/2004/08/events/event'><System><Provider Name='Microsoft-Windows-Sysmon' Guid='{5770385F-C22A-43E0-BF4C-06F5698FFBD9}'/><EventID>6</EventID><Version>4</Version><Level>4</Level><Task>6</Task><Opcode>0</Opcode><Keywords>0x8000000000000000</Keywords><TimeCreated SystemTime='2022-04-01T14:00:18.477161200Z'/><EventRecordID>11255787</EventRecordID><Correlation/><Execution ProcessID='2988' ThreadID='2408'/><Channel>Microsoft-Windows-Sysmon/Operational</Channel><Computer>win-dc-mhaag-attack-range-702.attackrange.local</Computer><Security UserID='S-1-5-18'/></System><EventData><Data Name='RuleName'>-</Data><Data Name='UtcTime'>2022-04-01 14:00:02.107</Data><Data Name='ImageLoaded'>C:\Windows\System32\drivers\mrxsmb20.sys</Data><Data Name='Hashes'>MD5=A139393E81E1EE5F1A4773E9E4B9D000,SHA256=2745536EEBCAD12724D80BBC915F4EE200AE6413343B163C85B65120C1708D95</Data><Data Name='Signed'>true</Data><Data Name='Signature'>Microsoft Windows</Data><Data Name='SignatureStatus'>Valid</Data></EventData></Event>
<Event xmlns='http://schemas.microsoft.com/win/2004/08/events/event'><System><Provider Name='Microsoft-Windows-Sysmon' Guid='{5770385F-C22A-43E0-BF4C-06F5698FFBD9}'/><EventID>6</EventID><Version>4</Version><Level>4</Level><Task>6</Task><Opcode>0</Opcode><Keywords>0x8000000000000000</Keywords><TimeCreated SystemTime='2022-04-01T14:00:18.462368100Z'/><EventRecordID>11255713</EventRecordID><Correlation/><Execution ProcessID='2988' ThreadID='2408'/><Channel>Microsoft-Windows-Sysmon/Operational</Channel><Computer>win-dc-mhaag-attack-range-702.attackrange.local</Computer><Security UserID='S-1-5-18'/></System><EventData><Data Name='RuleName'>-</Data><Data Name='UtcTime'>2022-04-01 14:00:02.091</Data><Data Name='ImageLoaded'>C:\Windows\System32\drivers\mrxsmb.sys</Data><Data Name='Hashes'>MD5=14DEFCBD6964944B19351183983E2FA1,SHA256=AD884855D5C16CA3274E24AF7E9C0405744867BC455E29031928F75050DE5BBD</Data><Data Name='Signed'>true</Data><Data Name='Signature'>Microsoft Windows</Data><Data Name='SignatureStatus'>Valid</Data></EventData></Event>
<Event xmlns='http://schemas.microsoft.com/win/2004/08/events/event'><System><Provider Name='Microsoft-Windows-Sysmon' Guid='{5770385F-C22A-43E0-BF4C-06F5698FFBD9}'/><EventID>6</EventID><Version>4</Version><Level>4</Level><Task>6</Task><Opcode>0</Opcode><Keywords>0x8000000000000000</Keywords><TimeCreated SystemTime='2022-04-01T14:00:18.442833300Z'/><EventRecordID>11255599</EventRecordID><Correlation/><Execution ProcessID='2988' ThreadID='2408'/><Channel>Microsoft-Windows-Sysmon/Operational</Channel><Computer>win-dc-mhaag-attack-range-702.attackrange.local</Computer><Security UserID='S-1-5-18'/></System><EventData><Data Name='RuleName'>-</Data><Data Name='UtcTime'>2022-04-01 14:00:02.091</Data><Data Name='ImageLoaded'>C:\Windows\System32\drivers\bowser.sys</Data><Data Name='Hashes'>MD5=48B884B07EF83AD57D89A61BFA975C48,SHA256=58C127A56BEACE59C10D6463934B7378775BBA7928187052A44EBE6466181C3C</Data><Data Name='Signed'>true</Data><Data Name='Signature'>Microsoft Windows</Data><Data Name='SignatureStatus'>Valid</Data></EventData></Event>
<Event xmlns='http://schemas.microsoft.com/win/2004/08/events/event'><System><Provider Name='Microsoft-Windows-Sysmon' Guid='{5770385F-C22A-43E0-BF4C-06F5698FFBD9}'/><EventID>6</EventID><Version>4</Version><Level>4</Level><Task>6</Task><Opcode>0</Opcode><Keywords>0x8000000000000000</Keywords><TimeCreated SystemTime='2022-04-01T14:00:18.331517700Z'/><EventRecordID>11255118</EventRecordID><Correlation/><Execution ProcessID='2988' ThreadID='2408'/><Channel>Microsoft-Windows-Sysmon/Operational</Channel><Computer>win-dc-mhaag-attack-range-702.attackrange.local</Computer><Security UserID='S-1-5-18'/></System><EventData><Data Name='RuleName'>-</Data><Data Name='UtcTime'>2022-04-01 14:00:02.060</Data><Data Name='ImageLoaded'>C:\Windows\System32\drivers\rdpdr.sys</Data><Data Name='Hashes'>MD5=40E7E17DC93F043808BD6163537F1853,SHA256=C4497F5796721CF0ED8B880745F400979035436C447B8ACEACC4597D0BA3EBEC</Data><Data Name='Signed'>true</Data><Data Name='Signature'>Microsoft Windows</Data><Data Name='SignatureStatus'>Valid</Data></EventData></Event>
<Event xmlns='http://schemas.microsoft.com/win/2004/08/events/event'><System><Provider Name='Microsoft-Windows-Sysmon' Guid='{5770385F-C22A-43E0-BF4C-06F5698FFBD9}'/><EventID>6</EventID><Version>4</Version><Level>4</Level><Task>6</Task><Opcode>0</Opcode><Keywords>0x8000000000000000</Keywords><TimeCreated SystemTime='2022-04-01T14:00:18.289401900Z'/><EventRecordID>11254897</EventRecordID><Correlation/><Execution ProcessID='2988' ThreadID='2408'/><Channel>Microsoft-Windows-Sysmon/Operational</Channel><Computer>win-dc-mhaag-attack-range-702.attackrange.local</Computer><Security UserID='S-1-5-18'/></System><EventData><Data Name='RuleName'>-</Data><Data Name='UtcTime'>2022-04-01 14:00:02.044</Data><Data Name='ImageLoaded'>C:\Windows\System32\drivers\mslldp.sys</Data><Data Name='Hashes'>MD5=642CDE46351D5D2D90311E77072AB46D,SHA256=B2D3033E607BA2F6E6B9CFB1CBF154CD0CE910EA473C56343EC81B9B94044CCA</Data><Data Name='Signed'>true</Data><Data Name='Signature'>Microsoft Windows</Data><Data Name='SignatureStatus'>Valid</Data></EventData></Event>
<Event xmlns='http://schemas.microsoft.com/win/2004/08/events/event'><System><Provider Name='Microsoft-Windows-Sysmon' Guid='{5770385F-C22A-43E0-BF4C-06F5698FFBD9}'/><EventID>6</EventID><Version>4</Version><Level>4</Level><Task>6</Task><Opcode>0</Opcode><Keywords>0x8000000000000000</Keywords><TimeCreated SystemTime='2022-04-01T14:00:18.275776800Z'/><EventRecordID>11254737</EventRecordID><Correlation/><Execution ProcessID='2988' ThreadID='2408'/><Channel>Microsoft-Windows-Sysmon/Operational</Channel><Computer>win-dc-mhaag-attack-range-702.attackrange.local</Computer><Security UserID='S-1-5-18'/></System><EventData><Data Name='RuleName'>-</Data><Data Name='UtcTime'>2022-04-01 14:00:02.044</Data><Data Name='ImageLoaded'>C:\Windows\System32\drivers\rspndr.sys</Data><Data Name='Hashes'>MD5=5FF28F097C9699097B473F8FC7C1AA7D,SHA256=695560F1DBD85073F3D6CB1FF16F16504CA044EA62E940E463A16BBA8B86E2FA</Data><Data Name='Signed'>true</Data><Data Name='Signature'>Microsoft Windows</Data><Data Name='SignatureStatus'>Valid</Data></EventData></Event>
<Event xmlns='http://schemas.microsoft.com/win/2004/08/events/event'><System><Provider Name='Microsoft-Windows-Sysmon' Guid='{5770385F-C22A-43E0-BF4C-06F5698FFBD9}'/><EventID>6</EventID><Version>4</Version><Level>4</Level><Task>6</Task><Opcode>0</Opcode><Keywords>0x8000000000000000</Keywords><TimeCreated SystemTime='2022-04-01T14:00:18.257346000Z'/><EventRecordID>11254641</EventRecordID><Correlation/><Execution ProcessID='2988' ThreadID='2408'/><Channel>Microsoft-Windows-Sysmon/Operational</Channel><Computer>win-dc-mhaag-attack-range-702.attackrange.local</Computer><Security UserID='S-1-5-18'/></System><EventData><Data Name='RuleName'>-</Data><Data Name='UtcTime'>2022-04-01 14:00:02.028</Data><Data Name='ImageLoaded'>C:\Windows\System32\drivers\lltdio.sys</Data><Data Name='Hashes'>MD5=5933A6673F00D8255C52957E40C2D601,SHA256=0AA1281F8B3F97E360592D1B35EE7D3D614F1AB46007F9884CFFB1C5E647575E</Data><Data Name='Signed'>true</Data><Data Name='Signature'>Microsoft Windows</Data><Data Name='SignatureStatus'>Valid</Data></EventData></Event>
<Event xmlns='http://schemas.microsoft.com/win/2004/08/events/event'><System><Provider Name='Microsoft-Windows-Sysmon' Guid='{5770385F-C22A-43E0-BF4C-06F5698FFBD9}'/><EventID>6</EventID><Version>4</Version><Level>4</Level><Task>6</Task><Opcode>0</Opcode><Keywords>0x8000000000000000</Keywords><TimeCreated SystemTime='2022-04-01T14:00:18.128137000Z'/><EventRecordID>11254239</EventRecordID><Correlation/><Execution ProcessID='2988' ThreadID='2408'/><Channel>Microsoft-Windows-Sysmon/Operational</Channel><Computer>win-dc-mhaag-attack-range-702.attackrange.local</Computer><Security UserID='S-1-5-18'/></System><EventData><Data Name='RuleName'>-</Data><Data Name='UtcTime'>2022-04-01 14:00:01.997</Data><Data Name='ImageLoaded'>C:\Windows\System32\drivers\registry.sys</Data><Data Name='Hashes'>MD5=EEC3A4A98AE1A337E3CD1483AD6F2E15,SHA256=764DA329984A95E092F5C15116DA34FA7FC27216C0862365D4BF10ADC97EC5C5</Data><Data Name='Signed'>true</Data><Data Name='Signature'>Microsoft Windows</Data><Data Name='SignatureStatus'>Valid</Data></EventData></Event>
<Event xmlns='http://schemas.microsoft.com/win/2004/08/events/event'><System><Provider Name='Microsoft-Windows-Sysmon' Guid='{5770385F-C22A-43E0-BF4C-06F5698FFBD9}'/><EventID>6</EventID><Version>4</Version><Level>4</Level><Task>6</Task><Opcode>0</Opcode><Keywords>0x8000000000000000</Keywords><TimeCreated SystemTime='2022-04-01T14:00:18.114402700Z'/><EventRecordID>11254187</EventRecordID><Correlation/><Execution ProcessID='2988' ThreadID='2408'/><Channel>Microsoft-Windows-Sysmon/Operational</Channel><Computer>win-dc-mhaag-attack-range-702.attackrange.local</Computer><Security UserID='S-1-5-18'/></System><EventData><Data Name='RuleName'>-</Data><Data Name='UtcTime'>2022-04-01 14:00:01.997</Data><Data Name='ImageLoaded'>C:\Windows\System32\drivers\storqosflt.sys</Data><Data Name='Hashes'>MD5=4A0E52743C703DF6D6F031E828D54E6E,SHA256=FA99B46475DA5BBE0543BC662BD3D3AB69330D74E6F8B336BE63BFE8208EB37B</Data><Data Name='Signed'>true</Data><Data Name='Signature'>Microsoft Windows</Data><Data Name='SignatureStatus'>Valid</Data></EventData></Event>
<Event xmlns='http://schemas.microsoft.com/win/2004/08/events/event'><System><Provider Name='Microsoft-Windows-Sysmon' Guid='{5770385F-C22A-43E0-BF4C-06F5698FFBD9}'/><EventID>6</EventID><Version>4</Version><Level>4</Level><Task>6</Task><Opcode>0</Opcode><Keywords>0x8000000000000000</Keywords><TimeCreated SystemTime='2022-04-01T14:00:18.095278600Z'/><EventRecordID>11254092</EventRecordID><Correlation/><Execution ProcessID='2988' ThreadID='2408'/><Channel>Microsoft-Windows-Sysmon/Operational</Channel><Computer>win-dc-mhaag-attack-range-702.attackrange.local</Computer><Security UserID='S-1-5-18'/></System><EventData><Data Name='RuleName'>-</Data><Data Name='UtcTime'>2022-04-01 14:00:01.997</Data><Data Name='ImageLoaded'>C:\Windows\System32\drivers\wcifs.sys</Data><Data Name='Hashes'>MD5=188312034D67E20FA60BD3382004BBE3,SHA256=3168377E95B74D445251FEF339802BCDBAAFE3E4B6F77BF005E81DC622A11FE5</Data><Data Name='Signed'>true</Data><Data Name='Signature'>Microsoft Windows</Data><Data Name='SignatureStatus'>Valid</Data></EventData></Event>
<Event xmlns='http://schemas.microsoft.com/win/2004/08/events/event'><System><Provider Name='Microsoft-Windows-Sysmon' Guid='{5770385F-C22A-43E0-BF4C-06F5698FFBD9}'/><EventID>6</EventID><Version>4</Version><Level>4</Level><Task>6</Task><Opcode>0</Opcode><Keywords>0x8000000000000000</Keywords><TimeCreated SystemTime='2022-04-01T14:00:17.949444900Z'/><EventRecordID>11253493</EventRecordID><Correlation/><Execution ProcessID='2988' ThreadID='2408'/><Channel>Microsoft-Windows-Sysmon/Operational</Channel><Computer>win-dc-mhaag-attack-range-702.attackrange.local</Computer><Security UserID='S-1-5-18'/></System><EventData><Data Name='RuleName'>-</Data><Data Name='UtcTime'>2022-04-01 14:00:01.950</Data><Data Name='ImageLoaded'>C:\Windows\System32\drivers\luafv.sys</Data><Data Name='Hashes'>MD5=80F000C39A0AE56EA4A414DB5BCF7D4A,SHA256=AAC6CF9209803DC0514A08C4E9A5AAF7C72ED6A4DAB65F5B84BDD25988B1A24C</Data><Data Name='Signed'>true</Data><Data Name='Signature'>Microsoft Windows</Data><Data Name='SignatureStatus'>Valid</Data></EventData></Event>
<Event xmlns='http://schemas.microsoft.com/win/2004/08/events/event'><System><Provider Name='Microsoft-Windows-Sysmon' Guid='{5770385F-C22A-43E0-BF4C-06F5698FFBD9}'/><EventID>6</EventID><Version>4</Version><Level>4</Level><Task>6</Task><Opcode>0</Opcode><Keywords>0x8000000000000000</Keywords><TimeCreated SystemTime='2022-04-01T14:00:17.899314100Z'/><EventRecordID>11253348</EventRecordID><Correlation/><Execution ProcessID='2988' ThreadID='2408'/><Channel>Microsoft-Windows-Sysmon/Operational</Channel><Computer>win-dc-mhaag-attack-range-702.attackrange.local</Computer><Security UserID='S-1-5-18'/></System><EventData><Data Name='RuleName'>-</Data><Data Name='UtcTime'>2022-04-01 14:00:01.935</Data><Data Name='ImageLoaded'>C:\Windows\System32\drivers\rdpvideominiport.sys</Data><Data Name='Hashes'>MD5=97A61A3CB2B5CB4FC32B3224EF333448,SHA256=E4F2E8BCEE3639BE57BBC8A8E67FDE42C3A5158F1204684B0ECD216F4AA044A3</Data><Data Name='Signed'>true</Data><Data Name='Signature'>Microsoft Windows</Data><Data Name='SignatureStatus'>Valid</Data></EventData></Event>
<Event xmlns='http://schemas.microsoft.com/win/2004/08/events/event'><System><Provider Name='Microsoft-Windows-Sysmon' Guid='{5770385F-C22A-43E0-BF4C-06F5698FFBD9}'/><EventID>6</EventID><Version>4</Version><Level>4</Level><Task>6</Task><Opcode>0</Opcode><Keywords>0x8000000000000000</Keywords><TimeCreated SystemTime='2022-04-01T14:00:16.915850300Z'/><EventRecordID>11248215</EventRecordID><Correlation/><Execution ProcessID='2988' ThreadID='2408'/><Channel>Microsoft-Windows-Sysmon/Operational</Channel><Computer>win-dc-mhaag-attack-range-702.attackrange.local</Computer><Security UserID='S-1-5-18'/></System><EventData><Data Name='RuleName'>-</Data><Data Name='UtcTime'>2022-04-01 13:59:59.622</Data><Data Name='ImageLoaded'>C:\Windows\System32\cdd.dll</Data><Data Name='Hashes'>MD5=239E89CB039EBEF24AFCF6E260CDB176,SHA256=3EF42FF594B9BDE4EFE03FDC54DF2AE1046316034901AD0E89ABF7B061750DC1</Data><Data Name='Signed'>true</Data><Data Name='Signature'>Microsoft Windows</Data><Data Name='SignatureStatus'>Valid</Data></EventData></Event>
<Event xmlns='http://schemas.microsoft.com/win/2004/08/events/event'><System><Provider Name='Microsoft-Windows-Sysmon' Guid='{5770385F-C22A-43E0-BF4C-06F5698FFBD9}'/><EventID>6</EventID><Version>4</Version><Level>4</Level><Task>6</Task><Opcode>0</Opcode><Keywords>0x8000000000000000</Keywords><TimeCreated SystemTime='2022-04-01T14:00:16.888430400Z'/><EventRecordID>11248055</EventRecordID><Correlation/><Execution ProcessID='2988' ThreadID='2408'/><Channel>Microsoft-Windows-Sysmon/Operational</Channel><Computer>win-dc-mhaag-attack-range-702.attackrange.local</Computer><Security UserID='S-1-5-18'/></System><EventData><Data Name='RuleName'>-</Data><Data Name='UtcTime'>2022-04-01 13:59:59.294</Data><Data Name='ImageLoaded'>C:\Windows\System32\tsddd.dll</Data><Data Name='Hashes'>MD5=EF046B49E8F9C95B94DF8A125C1DFF6F,SHA256=62FD491573750D3D0EBAD74BBBF4933A0CED4F459E611AEB52939D93D3B66DBD</Data><Data Name='Signed'>true</Data><Data Name='Signature'>Microsoft Windows</Data><Data Name='SignatureStatus'>Valid</Data></EventData></Event>
<Event xmlns='http://schemas.microsoft.com/win/2004/08/events/event'><System><Provider Name='Microsoft-Windows-Sysmon' Guid='{5770385F-C22A-43E0-BF4C-06F5698FFBD9}'/><EventID>6</EventID><Version>4</Version><Level>4</Level><Task>6</Task><Opcode>0</Opcode><Keywords>0x8000000000000000</Keywords><TimeCreated SystemTime='2022-04-01T14:00:16.888180300Z'/><EventRecordID>11248051</EventRecordID><Correlation/><Execution ProcessID='2988' ThreadID='2408'/><Channel>Microsoft-Windows-Sysmon/Operational</Channel><Computer>win-dc-mhaag-attack-range-702.attackrange.local</Computer><Security UserID='S-1-5-18'/></System><EventData><Data Name='RuleName'>-</Data><Data Name='UtcTime'>2022-04-01 13:59:59.294</Data><Data Name='ImageLoaded'>C:\Windows\System32\tsddd.dll</Data><Data Name='Hashes'>MD5=EF046B49E8F9C95B94DF8A125C1DFF6F,SHA256=62FD491573750D3D0EBAD74BBBF4933A0CED4F459E611AEB52939D93D3B66DBD</Data><Data Name='Signed'>true</Data><Data Name='Signature'>Microsoft Windows</Data><Data Name='SignatureStatus'>Valid</Data></EventData></Event>
<Event xmlns='http://schemas.microsoft.com/win/2004/08/events/event'><System><Provider Name='Microsoft-Windows-Sysmon' Guid='{5770385F-C22A-43E0-BF4C-06F5698FFBD9}'/><EventID>6</EventID><Version>4</Version><Level>4</Level><Task>6</Task><Opcode>0</Opcode><Keywords>0x8000000000000000</Keywords><TimeCreated SystemTime='2022-04-01T14:00:16.880096900Z'/><EventRecordID>11248024</EventRecordID><Correlation/><Execution ProcessID='2988' ThreadID='2408'/><Channel>Microsoft-Windows-Sysmon/Operational</Channel><Computer>win-dc-mhaag-attack-range-702.attackrange.local</Computer><Security UserID='S-1-5-18'/></System><EventData><Data Name='RuleName'>-</Data><Data Name='UtcTime'>2022-04-01 13:59:57.763</Data><Data Name='ImageLoaded'>C:\Windows\System32\drivers\dxgmms2.sys</Data><Data Name='Hashes'>MD5=D6225E3235BD197147B06C9D9BCF660E,SHA256=8385B4FA3D9340244A129816EB41F0157E29AF2B061D08450FF21D3CFB37AFE2</Data><Data Name='Signed'>true</Data><Data Name='Signature'>Microsoft Windows</Data><Data Name='SignatureStatus'>Valid</Data></EventData></Event>
<Event xmlns='http://schemas.microsoft.com/win/2004/08/events/event'><System><Provider Name='Microsoft-Windows-Sysmon' Guid='{5770385F-C22A-43E0-BF4C-06F5698FFBD9}'/><EventID>6</EventID><Version>4</Version><Level>4</Level><Task>6</Task><Opcode>0</Opcode><Keywords>0x8000000000000000</Keywords><TimeCreated SystemTime='2022-04-01T14:00:16.876543100Z'/><EventRecordID>11247995</EventRecordID><Correlation/><Execution ProcessID='2988' ThreadID='2408'/><Channel>Microsoft-Windows-Sysmon/Operational</Channel><Computer>win-dc-mhaag-attack-range-702.attackrange.local</Computer><Security UserID='S-1-5-18'/></System><EventData><Data Name='RuleName'>-</Data><Data Name='UtcTime'>2022-04-01 13:59:57.763</Data><Data Name='ImageLoaded'>C:\Windows\System32\drivers\monitor.sys</Data><Data Name='Hashes'>MD5=9CCCB7FC3EDADEBA461D78615A6011A6,SHA256=C120B58F25E8CCFD971EB78645C0682F367AD56DC15F2D8C1980CE75B04719DF</Data><Data Name='Signed'>true</Data><Data Name='Signature'>Microsoft Windows</Data><Data Name='SignatureStatus'>Valid</Data></EventData></Event>
<Event xmlns='http://schemas.microsoft.com/win/2004/08/events/event'><System><Provider Name='Microsoft-Windows-Sysmon' Guid='{5770385F-C22A-43E0-BF4C-06F5698FFBD9}'/><EventID>6</EventID><Version>4</Version><Level>4</Level><Task>6</Task><Opcode>0</Opcode><Keywords>0x8000000000000000</Keywords><TimeCreated SystemTime='2022-04-01T14:00:16.843452400Z'/><EventRecordID>11247834</EventRecordID><Correlation/><Execution ProcessID='2988' ThreadID='2408'/><Channel>Microsoft-Windows-Sysmon/Operational</Channel><Computer>win-dc-mhaag-attack-range-702.attackrange.local</Computer><Security UserID='S-1-5-18'/></System><EventData><Data Name='RuleName'>-</Data><Data Name='UtcTime'>2022-04-01 13:59:57.716</Data><Data Name='ImageLoaded'>C:\Windows\System32\win32k.sys</Data><Data Name='Hashes'>MD5=DED36E854BD35A60D058F7BD413CBC67,SHA256=EBD8C37C8136F470E741041618A69778AFEE56685543085D3EC2A33BBA822962</Data><Data Name='Signed'>true</Data><Data Name='Signature'>Microsoft Windows</Data><Data Name='SignatureStatus'>Valid</Data></EventData></Event>
<Event xmlns='http://schemas.microsoft.com/win/2004/08/events/event'><System><Provider Name='Microsoft-Windows-Sysmon' Guid='{5770385F-C22A-43E0-BF4C-06F5698FFBD9}'/><EventID>6</EventID><Version>4</Version><Level>4</Level><Task>6</Task><Opcode>0</Opcode><Keywords>0x8000000000000000</Keywords><TimeCreated SystemTime='2022-04-01T14:00:16.837260500Z'/><EventRecordID>11247805</EventRecordID><Correlation/><Execution ProcessID='2988' ThreadID='2408'/><Channel>Microsoft-Windows-Sysmon/Operational</Channel><Computer>win-dc-mhaag-attack-range-702.attackrange.local</Computer><Security UserID='S-1-5-18'/></System><EventData><Data Name='RuleName'>-</Data><Data Name='UtcTime'>2022-04-01 13:59:57.716</Data><Data Name='ImageLoaded'>C:\Windows\System32\win32kfull.sys</Data><Data Name='Hashes'>MD5=C57836862D3479876F6DFC7FECE76E33,SHA256=860FB69DFF6324FC522F888455588B81764D7A07B0291DBFAA1CBD0B4B329EA9</Data><Data Name='Signed'>true</Data><Data Name='Signature'>Microsoft Windows</Data><Data Name='SignatureStatus'>Valid</Data></EventData></Event>
<Event xmlns='http://schemas.microsoft.com/win/2004/08/events/event'><System><Provider Name='Microsoft-Windows-Sysmon' Guid='{5770385F-C22A-43E0-BF4C-06F5698FFBD9}'/><EventID>6</EventID><Version>4</Version><Level>4</Level><Task>6</Task><Opcode>0</Opcode><Keywords>0x8000000000000000</Keywords><TimeCreated SystemTime='2022-04-01T14:00:16.816022000Z'/><EventRecordID>11247749</EventRecordID><Correlation/><Execution ProcessID='2988' ThreadID='2408'/><Channel>Microsoft-Windows-Sysmon/Operational</Channel><Computer>win-dc-mhaag-attack-range-702.attackrange.local</Computer><Security UserID='S-1-5-18'/></System><EventData><Data Name='RuleName'>-</Data><Data Name='UtcTime'>2022-04-01 13:59:57.700</Data><Data Name='ImageLoaded'>C:\Windows\System32\win32kbase.sys</Data><Data Name='Hashes'>MD5=30C3033F90D75AA2A5E7C0BB4FE03E0F,SHA256=0051221AE10ECF5CF28607B45535E5577AA5EBDF3AC16E73D3D92C3ED67C12A1</Data><Data Name='Signed'>true</Data><Data Name='Signature'>Microsoft Windows</Data><Data Name='SignatureStatus'>Valid</Data></EventData></Event>
<Event xmlns='http://schemas.microsoft.com/win/2004/08/events/event'><System><Provider Name='Microsoft-Windows-Sysmon' Guid='{5770385F-C22A-43E0-BF4C-06F5698FFBD9}'/><EventID>6</EventID><Version>4</Version><Level>4</Level><Task>6</Task><Opcode>0</Opcode><Keywords>0x8000000000000000</Keywords><TimeCreated SystemTime='2022-04-01T14:00:16.803638500Z'/><EventRecordID>11247713</EventRecordID><Correlation/><Execution ProcessID='2988' ThreadID='2408'/><Channel>Microsoft-Windows-Sysmon/Operational</Channel><Computer>win-dc-mhaag-attack-range-702.attackrange.local</Computer><Security UserID='S-1-5-18'/></System><EventData><Data Name='RuleName'>-</Data><Data Name='UtcTime'>2022-04-01 13:59:57.685</Data><Data Name='ImageLoaded'>C:\Windows\System32\drivers\hidparse.sys</Data><Data Name='Hashes'>MD5=A728652A33A4808996BDF08A4155A514,SHA256=143AF46CE457C07FC0381237A4DE9D034C5A00C6B05495CAC66736AF734F3918</Data><Data Name='Signed'>true</Data><Data Name='Signature'>Microsoft Windows</Data><Data Name='SignatureStatus'>Valid</Data></EventData></Event>
<Event xmlns='http://schemas.microsoft.com/win/2004/08/events/event'><System><Provider Name='Microsoft-Windows-Sysmon' Guid='{5770385F-C22A-43E0-BF4C-06F5698FFBD9}'/><EventID>6</EventID><Version>4</Version><Level>4</Level><Task>6</Task><Opcode>0</Opcode><Keywords>0x8000000000000000</Keywords><TimeCreated SystemTime='2022-04-01T14:00:16.356460300Z'/><EventRecordID>11242402</EventRecordID><Correlation/><Execution ProcessID='2988' ThreadID='2408'/><Channel>Microsoft-Windows-Sysmon/Operational</Channel><Computer>win-dc-mhaag-attack-range-702.attackrange.local</Computer><Security UserID='S-1-5-18'/></System><EventData><Data Name='RuleName'>-</Data><Data Name='UtcTime'>2022-04-01 13:59:56.388</Data><Data Name='ImageLoaded'>C:\Windows\System32\drivers\rdpbus.sys</Data><Data Name='Hashes'>MD5=79A415E6FA915EFC00297DAB16EC2635,SHA256=47BB49F6D756214193D38A4AB182B541AAC180381C3111FF7F9B0AD4C44D8733</Data><Data Name='Signed'>true</Data><Data Name='Signature'>Microsoft Windows</Data><Data Name='SignatureStatus'>Valid</Data></EventData></Event>
<Event xmlns='http://schemas.microsoft.com/win/2004/08/events/event'><System><Provider Name='Microsoft-Windows-Sysmon' Guid='{5770385F-C22A-43E0-BF4C-06F5698FFBD9}'/><EventID>6</EventID><Version>4</Version><Level>4</Level><Task>6</Task><Opcode>0</Opcode><Keywords>0x8000000000000000</Keywords><TimeCreated SystemTime='2022-04-01T14:00:16.347573500Z'/><EventRecordID>11242362</EventRecordID><Correlation/><Execution ProcessID='2988' ThreadID='2408'/><Channel>Microsoft-Windows-Sysmon/Operational</Channel><Computer>win-dc-mhaag-attack-range-702.attackrange.local</Computer><Security UserID='S-1-5-18'/></System><EventData><Data Name='RuleName'>-</Data><Data Name='UtcTime'>2022-04-01 13:59:56.388</Data><Data Name='ImageLoaded'>C:\Windows\System32\drivers\swenum.sys</Data><Data Name='Hashes'>MD5=505E0C40B5D0ADDCBB414640F59BD2E0,SHA256=DF4B5E65FE6FF2224F298A2A2FAC9B648C082DFF8463148633647580A9FAD34D</Data><Data Name='Signed'>true</Data><Data Name='Signature'>Microsoft Windows</Data><Data Name='SignatureStatus'>Valid</Data></EventData></Event>
<Event xmlns='http://schemas.microsoft.com/win/2004/08/events/event'><System><Provider Name='Microsoft-Windows-Sysmon' Guid='{5770385F-C22A-43E0-BF4C-06F5698FFBD9}'/><EventID>6</EventID><Version>4</Version><Level>4</Level><Task>6</Task><Opcode>0</Opcode><Keywords>0x8000000000000000</Keywords><TimeCreated SystemTime='2022-04-01T14:00:16.344550600Z'/><EventRecordID>11242319</EventRecordID><Correlation/><Execution ProcessID='2988' ThreadID='2408'/><Channel>Microsoft-Windows-Sysmon/Operational</Channel><Computer>win-dc-mhaag-attack-range-702.attackrange.local</Computer><Security UserID='S-1-5-18'/></System><EventData><Data Name='RuleName'>-</Data><Data Name='UtcTime'>2022-04-01 13:59:56.388</Data><Data Name='ImageLoaded'>C:\Windows\System32\drivers\ks.sys</Data><Data Name='Hashes'>MD5=6CFC1605CAED2E9D4239317C861698D8,SHA256=BABAE7DD4D43EC3F876B617A63239941225F1B2D882F95ECD58000FFB0F3FE19</Data><Data Name='Signed'>true</Data><Data Name='Signature'>Microsoft Windows</Data><Data Name='SignatureStatus'>Valid</Data></EventData></Event>
<Event xmlns='http://schemas.microsoft.com/win/2004/08/events/event'><System><Provider Name='Microsoft-Windows-Sysmon' Guid='{5770385F-C22A-43E0-BF4C-06F5698FFBD9}'/><EventID>6</EventID><Version>4</Version><Level>4</Level><Task>6</Task><Opcode>0</Opcode><Keywords>0x8000000000000000</Keywords><TimeCreated SystemTime='2022-04-01T14:00:16.332223200Z'/><EventRecordID>11242132</EventRecordID><Correlation/><Execution ProcessID='2988' ThreadID='2408'/><Channel>Microsoft-Windows-Sysmon/Operational</Channel><Computer>win-dc-mhaag-attack-range-702.attackrange.local</Computer><Security UserID='S-1-5-18'/></System><EventData><Data Name='RuleName'>-</Data><Data Name='UtcTime'>2022-04-01 13:59:56.372</Data><Data Name='ImageLoaded'>C:\Windows\System32\drivers\NdisVirtualBus.sys</Data><Data Name='Hashes'>MD5=7340104C2BF2F126714F7CDE85E63610,SHA256=45B64EC6F3A4C43F7D74806789067658C6EF0D44D36B841F4D26E1EBC95AF66C</Data><Data Name='Signed'>true</Data><Data Name='Signature'>Microsoft Windows</Data><Data Name='SignatureStatus'>Valid</Data></EventData></Event>
<Event xmlns='http://schemas.microsoft.com/win/2004/08/events/event'><System><Provider Name='Microsoft-Windows-Sysmon' Guid='{5770385F-C22A-43E0-BF4C-06F5698FFBD9}'/><EventID>6</EventID><Version>4</Version><Level>4</Level><Task>6</Task><Opcode>0</Opcode><Keywords>0x8000000000000000</Keywords><TimeCreated SystemTime='2022-04-01T14:00:16.324067900Z'/><EventRecordID>11242057</EventRecordID><Correlation/><Execution ProcessID='2988' ThreadID='2408'/><Channel>Microsoft-Windows-Sysmon/Operational</Channel><Computer>win-dc-mhaag-attack-range-702.attackrange.local</Computer><Security UserID='S-1-5-18'/></System><EventData><Data Name='RuleName'>-</Data><Data Name='UtcTime'>2022-04-01 13:59:56.372</Data><Data Name='ImageLoaded'>C:\Windows\System32\drivers\vmgencounter.sys</Data><Data Name='Hashes'>MD5=9AC80016543E82D74E92006FF79F2EB3,SHA256=B58EDD676690F3A57473639F89E417929C304A759FC35EDCE48B885D9D3D1BD1</Data><Data Name='Signed'>true</Data><Data Name='Signature'>Microsoft Windows</Data><Data Name='SignatureStatus'>Valid</Data></EventData></Event>
