10/08/2020 12:45:58 PM
LogName=System
SourceName=Microsoft-Windows-Kernel-Processor-Power
EventCode=55
EventType=4
Type=Information
ComputerName=win-dc-8537412.attackrange.local
User=NOT_TRANSLATED
Sid=S-1-5-18
SidType=0
TaskCategory=47
OpCode=Info
RecordNumber=80056
Keywords=None
Message=Processor 0 in group 0 exposes the following power management capabilities:

Idle state type: ACPI Idle (C) States (1 state(s))

Performance state type: None
Nominal Frequency (MHz): 2400
Maximum performance percentage: 100
Minimum performance percentage: 100
Minimum throttle percentage: 100
10/08/2020 12:45:58 PM
LogName=System
SourceName=Microsoft-Windows-Kernel-Power
EventCode=172
EventType=4
Type=Information
ComputerName=win-dc-8537412.attackrange.local
User=NOT_TRANSLATED
Sid=S-1-5-18
SidType=0
TaskCategory=203
OpCode=Info
RecordNumber=80055
Keywords=None
Message=Connectivity state in standby: Disconnected, Reason: NIC compliance
10/08/2020 12:45:58 PM
LogName=System
SourceName=Microsoft-Windows-FilterManager
EventCode=6
EventType=4
Type=Information
ComputerName=win-dc-8537412.attackrange.local
User=NOT_TRANSLATED
Sid=S-1-5-18
SidType=0
TaskCategory=None
OpCode=Info
RecordNumber=80054
Keywords=None
Message=File System Filter 'npsvctrig' (10.0, ‎2016‎-‎07‎-‎16T02:28:33.000000000Z) has successfully loaded and registered with Filter Manager.
10/08/2020 12:45:58 PM
LogName=System
SourceName=Microsoft-Windows-FilterManager
EventCode=6
EventType=4
Type=Information
ComputerName=win-dc-8537412.attackrange.local
User=NOT_TRANSLATED
Sid=S-1-5-18
SidType=0
TaskCategory=None
OpCode=Info
RecordNumber=80053
Keywords=None
Message=File System Filter 'DfsDriver' (10.0, ‎2016‎-‎07‎-‎16T02:21:37.000000000Z) has successfully loaded and registered with Filter Manager.
10/08/2020 12:45:58 PM
LogName=System
SourceName=Microsoft-Windows-FilterManager
EventCode=6
EventType=4
Type=Information
ComputerName=win-dc-8537412.attackrange.local
User=NOT_TRANSLATED
Sid=S-1-5-18
SidType=0
TaskCategory=None
OpCode=Info
RecordNumber=80052
Keywords=None
Message=File System Filter 'FileCrypt' (10.0, ‎2018‎-‎08‎-‎30T20:44:27.000000000Z) has successfully loaded and registered with Filter Manager.
10/08/2020 12:45:58 PM
LogName=System
SourceName=Microsoft-Windows-Ntfs
EventCode=98
EventType=4
Type=Information
ComputerName=win-dc-8537412.attackrange.local
User=NOT_TRANSLATED
Sid=S-1-5-18
SidType=0
TaskCategory=None
OpCode=Info
RecordNumber=80051
Keywords=None
Message=Volume C: (\Device\HarddiskVolume1) is healthy.  No action is needed.
10/08/2020 12:45:58 PM
LogName=System
SourceName=Microsoft-Windows-FilterManager
EventCode=6
EventType=4
Type=Information
ComputerName=win-dc-8537412.attackrange.local
User=NOT_TRANSLATED
Sid=S-1-5-18
SidType=0
TaskCategory=None
OpCode=Info
RecordNumber=80050
Keywords=None
Message=File System Filter 'DfsrRo' (10.0, ‎2016‎-‎07‎-‎16T02:20:37.000000000Z) has successfully loaded and registered with Filter Manager.
10/08/2020 12:45:58 PM
LogName=System
SourceName=Microsoft-Windows-FilterManager
EventCode=6
EventType=4
Type=Information
ComputerName=win-dc-8537412.attackrange.local
User=NOT_TRANSLATED
Sid=S-1-5-18
SidType=0
TaskCategory=None
OpCode=Info
RecordNumber=80049
Keywords=None
Message=File System Filter 'Wof' (10.0, ‎2019‎-‎09‎-‎29T22:52:46.000000000Z) has successfully loaded and registered with Filter Manager.
10/08/2020 12:46:06 PM
LogName=System
SourceName=Microsoft-Windows-Directory-Services-SAM
EventCode=16962
EventType=4
Type=Information
ComputerName=win-dc-8537412.attackrange.local
User=NOT_TRANSLATED
Sid=S-1-5-18
SidType=0
TaskCategory=None
OpCode=Info
RecordNumber=80065
Keywords=None
Message=Remote calls to the SAM database are being restricted using the default security descriptor: .
For more information please see http://go.microsoft.com/fwlink/?LinkId=787651.
10/08/2020 12:46:06 PM
LogName=System
SourceName=Microsoft-Windows-Wininit
EventCode=14
EventType=4
Type=Information
ComputerName=win-dc-8537412.attackrange.local
User=NOT_TRANSLATED
Sid=S-1-5-18
SidType=0
TaskCategory=None
OpCode=Info
RecordNumber=80064
Keywords=None
Message=Credential Guard (LsaIso.exe) configuration: 0x0, 0
10/08/2020 12:46:08 PM
LogName=System
SourceName=Microsoft-Windows-Service Control Manager
EventCode=7036
EventType=4
Type=Information
ComputerName=win-dc-8537412.attackrange.local
TaskCategory=None
OpCode=The operation completed successfully.
RecordNumber=80132
Keywords=Classic
Message=The KeyIso service entered the running state.
10/08/2020 12:46:08 PM
LogName=System
SourceName=Microsoft-Windows-Iphlpsvc
EventCode=4200
EventType=4
Type=Information
ComputerName=win-dc-8537412.attackrange.local
User=NOT_TRANSLATED
Sid=S-1-5-18
SidType=0
TaskCategory=None
OpCode=Info
RecordNumber=80131
Keywords=None
Message=Isatap interface isatap.eu-central-1.compute.internal with address fe80::5efe:10.0.1.14 has been brought up.
10/08/2020 12:46:08 PM
LogName=System
SourceName=Microsoft-Windows-Service Control Manager
EventCode=7036
EventType=4
Type=Information
ComputerName=win-dc-8537412.attackrange.local
TaskCategory=None
OpCode=The operation completed successfully.
RecordNumber=80130
Keywords=Classic
Message=The UserManager service entered the running state.
10/08/2020 12:46:08 PM
LogName=System
SourceName=Microsoft-Windows-Service Control Manager
EventCode=7036
EventType=4
Type=Information
ComputerName=win-dc-8537412.attackrange.local
TaskCategory=None
OpCode=The operation completed successfully.
RecordNumber=80129
Keywords=Classic
Message=The NetSetupSvc service entered the running state.
10/08/2020 12:46:08 PM
LogName=System
SourceName=Microsoft-Windows-Service Control Manager
EventCode=7036
EventType=4
Type=Information
ComputerName=win-dc-8537412.attackrange.local
TaskCategory=None
OpCode=The operation completed successfully.
RecordNumber=80128
Keywords=Classic
Message=The TimeBrokerSvc service entered the running state.
10/08/2020 12:46:08 PM
LogName=System
SourceName=Microsoft-Windows-Service Control Manager
EventCode=7036
EventType=4
Type=Information
ComputerName=win-dc-8537412.attackrange.local
TaskCategory=None
OpCode=The operation completed successfully.
RecordNumber=80127
Keywords=Classic
Message=The MpsSvc service entered the running state.
10/08/2020 12:46:08 PM
LogName=System
SourceName=Microsoft-Windows-Service Control Manager
EventCode=7036
EventType=4
Type=Information
ComputerName=win-dc-8537412.attackrange.local
TaskCategory=None
OpCode=The operation completed successfully.
RecordNumber=80126
Keywords=Classic
Message=The NcaSvc service entered the stopped state.
10/08/2020 12:46:08 PM
LogName=System
SourceName=Microsoft-Windows-Service Control Manager
EventCode=7036
EventType=4
Type=Information
ComputerName=win-dc-8537412.attackrange.local
TaskCategory=None
OpCode=The operation completed successfully.
RecordNumber=80125
Keywords=Classic
Message=The iphlpsvc service entered the running state.
10/08/2020 12:46:08 PM
LogName=System
SourceName=Microsoft-Windows-Service Control Manager
EventCode=7036
EventType=4
Type=Information
ComputerName=win-dc-8537412.attackrange.local
TaskCategory=None
OpCode=The operation completed successfully.
RecordNumber=80124
Keywords=Classic
Message=The Schedule service entered the running state.
10/08/2020 12:46:08 PM
LogName=System
SourceName=Microsoft-Windows-Service Control Manager
EventCode=7036
EventType=4
Type=Information
ComputerName=win-dc-8537412.attackrange.local
TaskCategory=None
OpCode=The operation completed successfully.
RecordNumber=80123
Keywords=Classic
Message=The SessionEnv service entered the running state.
10/08/2020 12:46:08 PM
LogName=System
SourceName=Microsoft-Windows-DNS Client Events
EventCode=1014
EventType=3
Type=Warning
ComputerName=win-dc-8537412.attackrange.local
User=NOT_TRANSLATED
Sid=S-1-5-20
SidType=0
TaskCategory=1014
OpCode=Info
RecordNumber=80122
Keywords=None
Message=Name resolution for the name _ldap._tcp.dc._msdcs.attackrange.local. timed out after none of the configured DNS servers responded.
10/08/2020 12:46:08 PM
LogName=System
SourceName=Microsoft-Windows-Service Control Manager
EventCode=7036
EventType=4
Type=Information
ComputerName=win-dc-8537412.attackrange.local
TaskCategory=None
OpCode=The operation completed successfully.
RecordNumber=80121
Keywords=Classic
Message=The Winmgmt service entered the running state.
10/08/2020 12:46:08 PM
LogName=System
SourceName=Microsoft-Windows-Service Control Manager
EventCode=7036
EventType=4
Type=Information
ComputerName=win-dc-8537412.attackrange.local
TaskCategory=None
OpCode=The operation completed successfully.
RecordNumber=80120
Keywords=Classic
Message=The FontCache service entered the running state.
10/08/2020 12:46:08 PM
LogName=System
SourceName=Microsoft-Windows-Service Control Manager
EventCode=7036
EventType=4
Type=Information
ComputerName=win-dc-8537412.attackrange.local
TaskCategory=None
OpCode=The operation completed successfully.
RecordNumber=80119
Keywords=Classic
Message=The ShellHWDetection service entered the running state.
10/08/2020 12:46:08 PM
LogName=System
SourceName=Microsoft-Windows-Service Control Manager
EventCode=7036
EventType=4
Type=Information
ComputerName=win-dc-8537412.attackrange.local
TaskCategory=None
OpCode=The operation completed successfully.
RecordNumber=80118
Keywords=Classic
Message=The Wcmsvc service entered the running state.
10/08/2020 12:46:08 PM
LogName=System
SourceName=Microsoft-Windows-Service Control Manager
EventCode=7036
EventType=4
Type=Information
ComputerName=win-dc-8537412.attackrange.local
TaskCategory=None
OpCode=The operation completed successfully.
RecordNumber=80117
Keywords=Classic
Message=The BFE service entered the running state.
10/08/2020 12:46:08 PM
LogName=System
SourceName=Microsoft-Windows-Service Control Manager
EventCode=7036
EventType=4
Type=Information
ComputerName=win-dc-8537412.attackrange.local
TaskCategory=None
OpCode=The operation completed successfully.
RecordNumber=80116
Keywords=Classic
Message=The WinHttpAutoProxySvc service entered the running state.
10/08/2020 12:46:08 PM
LogName=System
SourceName=Microsoft-Windows-Service Control Manager
EventCode=7036
EventType=4
Type=Information
ComputerName=win-dc-8537412.attackrange.local
TaskCategory=None
OpCode=The operation completed successfully.
RecordNumber=80115
Keywords=Classic
Message=The LanmanWorkstation service entered the running state.
10/08/2020 12:46:08 PM
LogName=System
SourceName=Microsoft-Windows-Service Control Manager
EventCode=7036
EventType=4
Type=Information
ComputerName=win-dc-8537412.attackrange.local
TaskCategory=None
OpCode=The operation completed successfully.
RecordNumber=80114
Keywords=Classic
Message=The NcbService service entered the running state.
10/08/2020 12:46:08 PM
LogName=System
SourceName=Microsoft-Windows-Service Control Manager
EventCode=7036
EventType=4
Type=Information
ComputerName=win-dc-8537412.attackrange.local
TaskCategory=None
OpCode=The operation completed successfully.
RecordNumber=80113
Keywords=Classic
Message=The DsmSvc service entered the running state.
10/08/2020 12:46:08 PM
LogName=System
SourceName=Microsoft-Windows-Service Control Manager
EventCode=7036
EventType=4
Type=Information
ComputerName=win-dc-8537412.attackrange.local
TaskCategory=None
OpCode=The operation completed successfully.
RecordNumber=80112
Keywords=Classic
Message=The SENS service entered the running state.
10/08/2020 12:46:08 PM
LogName=System
SourceName=Microsoft-Windows-Service Control Manager
EventCode=7036
EventType=4
Type=Information
ComputerName=win-dc-8537412.attackrange.local
TaskCategory=None
OpCode=The operation completed successfully.
RecordNumber=80111
Keywords=Classic
Message=The gpsvc service entered the running state.
10/08/2020 12:46:08 PM
LogName=System
SourceName=Microsoft-Windows-Service Control Manager
EventCode=7036
EventType=4
Type=Information
ComputerName=win-dc-8537412.attackrange.local
TaskCategory=None
OpCode=The operation completed successfully.
RecordNumber=80110
Keywords=Classic
Message=The CertPropSvc service entered the running state.
10/08/2020 12:46:08 PM
LogName=System
SourceName=Microsoft-Windows-Service Control Manager
EventCode=7036
EventType=4
Type=Information
ComputerName=win-dc-8537412.attackrange.local
TaskCategory=None
OpCode=The operation completed successfully.
RecordNumber=80109
Keywords=Classic
Message=The netprofm service entered the running state.
10/08/2020 12:46:08 PM
LogName=System
SourceName=Microsoft-Windows-Service Control Manager
EventCode=7036
EventType=4
Type=Information
ComputerName=win-dc-8537412.attackrange.local
TaskCategory=None
OpCode=The operation completed successfully.
RecordNumber=80108
Keywords=Classic
Message=The UmRdpService service entered the running state.
10/08/2020 12:46:08 PM
LogName=System
SourceName=Microsoft-Windows-Service Control Manager
EventCode=7036
EventType=4
Type=Information
ComputerName=win-dc-8537412.attackrange.local
TaskCategory=None
OpCode=The operation completed successfully.
RecordNumber=80107
Keywords=Classic
Message=The ProfSvc service entered the running state.
10/08/2020 12:46:08 PM
LogName=System
SourceName=Microsoft-Windows-DNS Client Events
EventCode=1014
EventType=3
Type=Warning
ComputerName=win-dc-8537412.attackrange.local
User=NOT_TRANSLATED
Sid=S-1-5-20
SidType=0
TaskCategory=1014
OpCode=Info
RecordNumber=80106
Keywords=None
Message=Name resolution for the name _ldap._tcp.dc._msdcs.attackrange.local. timed out after none of the configured DNS servers responded.
10/08/2020 12:46:08 PM
LogName=System
SourceName=Microsoft-Windows-Service Control Manager
EventCode=7036
EventType=4
Type=Information
ComputerName=win-dc-8537412.attackrange.local
TaskCategory=None
OpCode=The operation completed successfully.
RecordNumber=80105
Keywords=Classic
Message=The EventSystem service entered the running state.
10/08/2020 12:46:08 PM
LogName=System
SourceName=Microsoft-Windows-Service Control Manager
EventCode=7036
EventType=4
Type=Information
ComputerName=win-dc-8537412.attackrange.local
TaskCategory=None
OpCode=The operation completed successfully.
RecordNumber=80104
Keywords=Classic
Message=The CoreMessagingRegistrar service entered the running state.
10/08/2020 12:46:08 PM
LogName=System
SourceName=Microsoft-Windows-Service Control Manager
EventCode=7036
EventType=4
Type=Information
ComputerName=win-dc-8537412.attackrange.local
TaskCategory=None
OpCode=The operation completed successfully.
RecordNumber=80103
Keywords=Classic
Message=The NlaSvc service entered the running state.
10/08/2020 12:46:08 PM
LogName=System
SourceName=Microsoft-Windows-Service Control Manager
EventCode=7036
EventType=4
Type=Information
ComputerName=win-dc-8537412.attackrange.local
TaskCategory=None
OpCode=The operation completed successfully.
RecordNumber=80102
Keywords=Classic
Message=The Themes service entered the running state.
10/08/2020 12:46:08 PM
LogName=System
SourceName=Microsoft-Windows-Service Control Manager
EventCode=7036
EventType=4
Type=Information
ComputerName=win-dc-8537412.attackrange.local
TaskCategory=None
OpCode=The operation completed successfully.
RecordNumber=80101
Keywords=Classic
Message=The WPDBusEnum service entered the running state.
10/08/2020 12:46:08 PM
LogName=System
SourceName=Microsoft-Windows-FilterManager
EventCode=6
EventType=4
Type=Information
ComputerName=win-dc-8537412.attackrange.local
User=NOT_TRANSLATED
Sid=S-1-5-18
SidType=0
TaskCategory=None
OpCode=Info
RecordNumber=80100
Keywords=None
Message=File System Filter 'storqosflt' (10.0, ‎2019‎-‎02‎-‎17T02:00:41.000000000Z) has successfully loaded and registered with Filter Manager.
10/08/2020 12:46:08 PM
LogName=System
SourceName=Microsoft-Windows-TerminalServices-RemoteConnectionManager
EventCode=1056
EventType=4
Type=Information
ComputerName=win-dc-8537412.attackrange.local
TaskCategory=None
OpCode=The operation completed successfully.
RecordNumber=80099
Keywords=Classic
Message=A new self signed certificate to be used for RD Session Host Server authentication on SSL connections was generated. The name on this certificate is win-dc-8537412.attackrange.local. The SHA1 hash of the certificate is in the event data.
10/08/2020 12:46:08 PM
LogName=System
SourceName=Microsoft-Windows-FilterManager
EventCode=6
EventType=4
Type=Information
ComputerName=win-dc-8537412.attackrange.local
User=NOT_TRANSLATED
Sid=S-1-5-18
SidType=0
TaskCategory=None
OpCode=Info
RecordNumber=80098
Keywords=None
Message=File System Filter 'wcifs' (10.0, ‎2020‎-‎02‎-‎19T07:59:09.000000000Z) has successfully loaded and registered with Filter Manager.
10/08/2020 12:46:08 PM
LogName=System
SourceName=Microsoft-Windows-FilterManager
EventCode=6
EventType=4
Type=Information
ComputerName=win-dc-8537412.attackrange.local
User=NOT_TRANSLATED
Sid=S-1-5-18
SidType=0
TaskCategory=None
OpCode=Info
RecordNumber=80097
Keywords=None
Message=File System Filter 'luafv' (10.0, ‎2019‎-‎04‎-‎02T04:23:00.000000000Z) has successfully loaded and registered with Filter Manager.
10/08/2020 12:46:08 PM
LogName=System
SourceName=Microsoft-Windows-Service Control Manager
EventCode=7036
EventType=4
Type=Information
ComputerName=win-dc-8537412.attackrange.local
TaskCategory=None
OpCode=The operation completed successfully.
RecordNumber=80096
Keywords=Classic
Message=The Dhcp service entered the running state.
10/08/2020 12:46:08 PM
LogName=System
SourceName=Microsoft-Windows-DHCPv6-Client
EventCode=51046
EventType=4
Type=Information
ComputerName=win-dc-8537412.attackrange.local
User=NOT_TRANSLATED
Sid=S-1-5-19
SidType=0
TaskCategory=Service State Event
OpCode=ServiceStart
RecordNumber=80095
Keywords=None
Message=DHCPv6 client service is started
10/08/2020 12:46:08 PM
LogName=System
SourceName=Microsoft-Windows-Service Control Manager
EventCode=7036
EventType=4
Type=Information
ComputerName=win-dc-8537412.attackrange.local
TaskCategory=None
OpCode=The operation completed successfully.
RecordNumber=80094
Keywords=Classic
Message=The Dnscache service entered the running state.
10/08/2020 12:46:08 PM
LogName=System
SourceName=Microsoft-Windows-Dhcp-Client
EventCode=50036
EventType=4
Type=Information
ComputerName=win-dc-8537412.attackrange.local
User=NOT_TRANSLATED
Sid=S-1-5-19
SidType=0
TaskCategory=Service State Event
OpCode=ServiceStart
RecordNumber=80093
Keywords=None
Message=DHCPv4 client service is started
10/08/2020 12:46:08 PM
LogName=System
SourceName=Microsoft-Windows-Service Control Manager
EventCode=7036
EventType=4
Type=Information
ComputerName=win-dc-8537412.attackrange.local
TaskCategory=None
OpCode=The operation completed successfully.
RecordNumber=80092
Keywords=Classic
Message=The EventLog service entered the running state.
10/08/2020 12:46:08 PM
LogName=System
SourceName=Microsoft-Windows-Service Control Manager
EventCode=7036
EventType=4
Type=Information
ComputerName=win-dc-8537412.attackrange.local
TaskCategory=None
OpCode=The operation completed successfully.
RecordNumber=80091
Keywords=Classic
Message=The lmhosts service entered the running state.
10/08/2020 12:46:08 PM
LogName=System
SourceName=Microsoft-Windows-Service Control Manager
EventCode=7036
EventType=4
Type=Information
ComputerName=win-dc-8537412.attackrange.local
TaskCategory=None
OpCode=The operation completed successfully.
RecordNumber=80090
Keywords=Classic
Message=The nsi service entered the running state.
10/08/2020 12:46:08 PM
LogName=System
SourceName=Microsoft-Windows-Service Control Manager
EventCode=7036
EventType=4
Type=Information
ComputerName=win-dc-8537412.attackrange.local
TaskCategory=None
OpCode=The operation completed successfully.
RecordNumber=80089
Keywords=Classic
Message=The TermService service entered the running state.
10/08/2020 12:46:08 PM
LogName=System
SourceName=Microsoft-Windows-Service Control Manager
EventCode=7036
EventType=4
Type=Information
ComputerName=win-dc-8537412.attackrange.local
TaskCategory=None
OpCode=The operation completed successfully.
RecordNumber=80088
Keywords=Classic
Message=The SystemEventsBroker service entered the running state.
10/08/2020 12:46:08 PM
LogName=System
SourceName=Microsoft-Windows-Service Control Manager
EventCode=7036
EventType=4
Type=Information
ComputerName=win-dc-8537412.attackrange.local
TaskCategory=None
OpCode=The operation completed successfully.
RecordNumber=80087
Keywords=Classic
Message=The BrokerInfrastructure service entered the running state.
10/08/2020 12:46:08 PM
LogName=System
SourceName=Microsoft-Windows-Service Control Manager
EventCode=7036
EventType=4
Type=Information
ComputerName=win-dc-8537412.attackrange.local
TaskCategory=None
OpCode=The operation completed successfully.
RecordNumber=80086
Keywords=Classic
Message=The LSM service entered the running state.
10/08/2020 12:46:08 PM
LogName=System
SourceName=Microsoft-Windows-Service Control Manager
EventCode=7036
EventType=4
Type=Information
ComputerName=win-dc-8537412.attackrange.local
TaskCategory=None
OpCode=The operation completed successfully.
RecordNumber=80085
Keywords=Classic
Message=The RpcSs service entered the running state.
10/08/2020 12:46:08 PM
LogName=System
SourceName=Microsoft-Windows-Service Control Manager
EventCode=7036
EventType=4
Type=Information
ComputerName=win-dc-8537412.attackrange.local
TaskCategory=None
OpCode=The operation completed successfully.
RecordNumber=80084
Keywords=Classic
Message=The RpcEptMapper service entered the running state.
10/08/2020 12:46:08 PM
LogName=System
SourceName=Microsoft-Windows-Service Control Manager
EventCode=7036
EventType=4
Type=Information
ComputerName=win-dc-8537412.attackrange.local
TaskCategory=None
OpCode=The operation completed successfully.
RecordNumber=80083
Keywords=Classic
Message=The DcomLaunch service entered the running state.
10/08/2020 12:46:08 PM
LogName=System
SourceName=Microsoft-Windows-Service Control Manager
EventCode=7036
EventType=4
Type=Information
ComputerName=win-dc-8537412.attackrange.local
TaskCategory=None
OpCode=The operation completed successfully.
RecordNumber=80082
Keywords=Classic
Message=The Power service entered the running state.
10/08/2020 12:46:08 PM
LogName=System
SourceName=Microsoft-Windows-Service Control Manager
EventCode=7036
EventType=4
Type=Information
ComputerName=win-dc-8537412.attackrange.local
TaskCategory=None
OpCode=The operation completed successfully.
RecordNumber=80081
Keywords=Classic
Message=The PlugPlay service entered the running state.
10/08/2020 12:46:08 PM
LogName=System
SourceName=Microsoft-Windows-Directory-Services-SAM
EventCode=16413
EventType=4
Type=Information
ComputerName=win-dc-8537412.attackrange.local
User=NOT_TRANSLATED
Sid=S-1-5-18
SidType=0
TaskCategory=None
OpCode=Info
RecordNumber=80080
Keywords=None
Message=An error occurred when trying to remove the account Network Service from the group Performance Log Users. The problem, "The system cannot find the file specified.
", occurred when trying to remove the account from the group.  Please remove the member manually.
10/08/2020 12:46:08 PM
LogName=System
SourceName=Microsoft-Windows-Directory-Services-SAM
EventCode=16403
EventType=4
Type=Information
ComputerName=win-dc-8537412.attackrange.local
User=NOT_TRANSLATED
Sid=S-1-5-18
SidType=0
TaskCategory=None
OpCode=Info
RecordNumber=80079
Keywords=None
Message=The error "The specified local group already exists.
" occurred when trying to create the well known account Storage Replica Administrators. Please contact PSS to recover.
10/08/2020 12:46:08 PM
LogName=System
SourceName=Microsoft-Windows-Directory-Services-SAM
EventCode=16403
EventType=4
Type=Information
ComputerName=win-dc-8537412.attackrange.local
User=NOT_TRANSLATED
Sid=S-1-5-18
SidType=0
TaskCategory=None
OpCode=Info
RecordNumber=80078
Keywords=None
Message=The error "The specified local group already exists.
" occurred when trying to create the well known account Remote Management Users. Please contact PSS to recover.
10/08/2020 12:46:08 PM
LogName=System
SourceName=Microsoft-Windows-Directory-Services-SAM
EventCode=16403
EventType=4
Type=Information
ComputerName=win-dc-8537412.attackrange.local
User=NOT_TRANSLATED
Sid=S-1-5-18
SidType=0
TaskCategory=None
OpCode=Info
RecordNumber=80077
Keywords=None
Message=The error "The specified local group already exists.
" occurred when trying to create the well known account Access Control Assistance Operators. Please contact PSS to recover.
10/08/2020 12:46:08 PM
LogName=System
SourceName=Microsoft-Windows-Directory-Services-SAM
EventCode=16403
EventType=4
Type=Information
ComputerName=win-dc-8537412.attackrange.local
User=NOT_TRANSLATED
Sid=S-1-5-18
SidType=0
TaskCategory=None
OpCode=Info
RecordNumber=80076
Keywords=None
Message=The error "The specified local group already exists.
" occurred when trying to create the well known account Hyper-V Administrators. Please contact PSS to recover.
10/08/2020 12:46:08 PM
LogName=System
SourceName=Microsoft-Windows-Directory-Services-SAM
EventCode=16403
EventType=4
Type=Information
ComputerName=win-dc-8537412.attackrange.local
User=NOT_TRANSLATED
Sid=S-1-5-18
SidType=0
TaskCategory=None
OpCode=Info
RecordNumber=80075
Keywords=None
Message=The error "The specified local group already exists.
" occurred when trying to create the well known account RDS Management Servers. Please contact PSS to recover.
10/08/2020 12:46:08 PM
LogName=System
SourceName=Microsoft-Windows-Directory-Services-SAM
EventCode=16403
EventType=4
Type=Information
ComputerName=win-dc-8537412.attackrange.local
User=NOT_TRANSLATED
Sid=S-1-5-18
SidType=0
TaskCategory=None
OpCode=Info
RecordNumber=80074
Keywords=None
Message=The error "The specified local group already exists.
" occurred when trying to create the well known account RDS Endpoint Servers. Please contact PSS to recover.
10/08/2020 12:46:08 PM
LogName=System
SourceName=Microsoft-Windows-Directory-Services-SAM
EventCode=16403
EventType=4
Type=Information
ComputerName=win-dc-8537412.attackrange.local
User=NOT_TRANSLATED
Sid=S-1-5-18
SidType=0
TaskCategory=None
OpCode=Info
RecordNumber=80073
Keywords=None
Message=The error "The specified local group already exists.
" occurred when trying to create the well known account RDS Remote Access Servers. Please contact PSS to recover.
10/08/2020 12:46:08 PM
LogName=System
SourceName=Microsoft-Windows-Directory-Services-SAM
EventCode=16403
EventType=4
Type=Information
ComputerName=win-dc-8537412.attackrange.local
User=NOT_TRANSLATED
Sid=S-1-5-18
SidType=0
TaskCategory=None
OpCode=Info
RecordNumber=80072
Keywords=None
Message=The error "The specified local group already exists.
" occurred when trying to create the well known account Certificate Service DCOM Access. Please contact PSS to recover.
10/08/2020 12:46:08 PM
LogName=System
SourceName=Microsoft-Windows-Directory-Services-SAM
EventCode=16403
EventType=4
Type=Information
ComputerName=win-dc-8537412.attackrange.local
User=NOT_TRANSLATED
Sid=S-1-5-18
SidType=0
TaskCategory=None
OpCode=Info
RecordNumber=80071
Keywords=None
Message=The error "The specified local group already exists.
" occurred when trying to create the well known account Event Log Readers. Please contact PSS to recover.
10/08/2020 12:46:08 PM
LogName=System
SourceName=Microsoft-Windows-Directory-Services-SAM
EventCode=16401
EventType=4
Type=Information
ComputerName=win-dc-8537412.attackrange.local
User=NOT_TRANSLATED
Sid=S-1-5-18
SidType=0
TaskCategory=None
OpCode=Info
RecordNumber=80070
Keywords=None
Message=An error occurred when trying to add the account INTERNET USER to the group IIS_IUSRS. The problem, "The specified local group does not exist.
", occurred when trying to open the group. Please add the account manually.
10/08/2020 12:46:08 PM
LogName=System
SourceName=Microsoft-Windows-Directory-Services-SAM
EventCode=16403
EventType=4
Type=Information
ComputerName=win-dc-8537412.attackrange.local
User=NOT_TRANSLATED
Sid=S-1-5-18
SidType=0
TaskCategory=None
OpCode=Info
RecordNumber=80069
Keywords=None
Message=The error "The specified local group already exists.
" occurred when trying to create the well known account Cryptographic Operators. Please contact PSS to recover.
10/08/2020 12:46:08 PM
LogName=System
SourceName=Microsoft-Windows-Directory-Services-SAM
EventCode=16403
EventType=4
Type=Information
ComputerName=win-dc-8537412.attackrange.local
User=NOT_TRANSLATED
Sid=S-1-5-18
SidType=0
TaskCategory=None
OpCode=Info
RecordNumber=80068
Keywords=None
Message=The error "The specified local group already exists.
" occurred when trying to create the well known account IIS_IUSRS. Please contact PSS to recover.
10/08/2020 12:46:08 PM
LogName=System
SourceName=Microsoft-Windows-Directory-Services-SAM
EventCode=16403
EventType=4
Type=Information
ComputerName=win-dc-8537412.attackrange.local
User=NOT_TRANSLATED
Sid=S-1-5-18
SidType=0
TaskCategory=None
OpCode=Info
RecordNumber=80067
Keywords=None
Message=The error "The specified local group already exists.
" occurred when trying to create the well known account Distributed COM Users. Please contact PSS to recover.
10/08/2020 12:46:08 PM
LogName=System
SourceName=Microsoft-Windows-Directory-Services-SAM
EventCode=16937
EventType=4
Type=Information
ComputerName=win-dc-8537412.attackrange.local
User=NOT_TRANSLATED
Sid=S-1-5-18
SidType=0
TaskCategory=None
OpCode=Info
RecordNumber=80066
Keywords=None
Message=Secured the machine account .  The builtin\account operators full control Access Control Entry was removed from the security descriptor on this object.
10/08/2020 12:46:08 PM
LogName=System
SourceName=EventLog
EventCode=6013
EventType=4
Type=Information
ComputerName=win-dc-8537412.attackrange.local
TaskCategory=None
OpCode=None
RecordNumber=80027
Keywords=Classic
Message=The system uptime is 13 seconds.
10/08/2020 12:46:08 PM
LogName=System
SourceName=EventLog
EventCode=6005
EventType=4
Type=Information
ComputerName=win-dc-8537412.attackrange.local
TaskCategory=None
OpCode=None
RecordNumber=80026
Keywords=Classic
Message=The Event log service was started.
10/08/2020 12:46:08 PM
LogName=System
SourceName=EventLog
EventCode=6009
EventType=4
Type=Information
ComputerName=win-dc-8537412.attackrange.local
TaskCategory=None
OpCode=None
RecordNumber=80025
Keywords=Classic
Message=Microsoft (R) Windows (R) 10.00. 14393  Multiprocessor Free.
10/08/2020 12:46:09 PM
LogName=System
SourceName=Microsoft-Windows-DNS Client Events
EventCode=1014
EventType=3
Type=Warning
ComputerName=win-dc-8537412.attackrange.local
User=NOT_TRANSLATED
Sid=S-1-5-20
SidType=0
TaskCategory=1014
OpCode=Info
RecordNumber=80136
Keywords=None
Message=Name resolution for the name _ldap._tcp.dc._msdcs.attackrange.local. timed out after none of the configured DNS servers responded.
10/08/2020 12:46:09 PM
LogName=System
SourceName=Microsoft-Windows-Service Control Manager
EventCode=7036
EventType=4
Type=Information
ComputerName=win-dc-8537412.attackrange.local
TaskCategory=None
OpCode=The operation completed successfully.
RecordNumber=80135
Keywords=Classic
Message=The PolicyAgent service entered the running state.
10/08/2020 12:46:09 PM
LogName=System
SourceName=Microsoft-Windows-Service Control Manager
EventCode=7036
EventType=4
Type=Information
ComputerName=win-dc-8537412.attackrange.local
TaskCategory=None
OpCode=The operation completed successfully.
RecordNumber=80134
Keywords=Classic
Message=The Kdc service entered the running state.
10/08/2020 12:46:09 PM
LogName=System
SourceName=Microsoft-Windows-Service Control Manager
EventCode=7036
EventType=4
Type=Information
ComputerName=win-dc-8537412.attackrange.local
TaskCategory=None
OpCode=The operation completed successfully.
RecordNumber=80133
Keywords=Classic
Message=The NTDS service entered the running state.
10/08/2020 12:46:12 PM
LogName=System
SourceName=Microsoft-Windows-Service Control Manager
EventCode=7036
EventType=4
Type=Information
ComputerName=win-dc-8537412.attackrange.local
TaskCategory=None
OpCode=The operation completed successfully.
RecordNumber=80137
Keywords=Classic
Message=The CryptSvc service entered the running state.
10/08/2020 12:46:13 PM
LogName=System
SourceName=Microsoft-Windows-Service Control Manager
EventCode=7036
EventType=4
Type=Information
ComputerName=win-dc-8537412.attackrange.local
TaskCategory=None
OpCode=The operation completed successfully.
RecordNumber=80139
Keywords=Classic
Message=The TrustedInstaller service entered the running state.
10/08/2020 12:46:13 PM
LogName=System
SourceName=Microsoft-Windows-Service Control Manager
EventCode=7036
EventType=4
Type=Information
ComputerName=win-dc-8537412.attackrange.local
TaskCategory=None
OpCode=The operation completed successfully.
RecordNumber=80138
Keywords=Classic
Message=The wuauserv service entered the running state.
10/08/2020 12:46:17 PM
LogName=System
SourceName=Microsoft-Windows-Service Control Manager
EventCode=7036
EventType=4
Type=Information
ComputerName=win-dc-8537412.attackrange.local
TaskCategory=None
OpCode=The operation completed successfully.
RecordNumber=80143
Keywords=Classic
Message=The LanmanServer service entered the running state.
10/08/2020 12:46:17 PM
LogName=System
SourceName=Microsoft-Windows-Service Control Manager
EventCode=7036
EventType=4
Type=Information
ComputerName=win-dc-8537412.attackrange.local
TaskCategory=None
OpCode=The operation completed successfully.
RecordNumber=80142
Keywords=Classic
Message=The SamSs service entered the running state.
10/08/2020 12:46:17 PM
LogName=System
SourceName=Microsoft-Windows-Directory-Services-SAM
EventCode=16648
EventType=4
Type=Information
ComputerName=win-dc-8537412.attackrange.local
User=NOT_TRANSLATED
Sid=S-1-5-18
SidType=0
TaskCategory=None
OpCode=Info
RecordNumber=80141
Keywords=None
Message=The request for a new account-identifier pool has completed successfully.
10/08/2020 12:46:17 PM
LogName=System
SourceName=Microsoft-Windows-Directory-Services-SAM
EventCode=16647
EventType=4
Type=Information
ComputerName=win-dc-8537412.attackrange.local
User=NOT_TRANSLATED
Sid=S-1-5-18
SidType=0
TaskCategory=None
OpCode=Info
RecordNumber=80140
Keywords=None
Message=The domain controller is starting a request for a new account-identifier pool.
10/08/2020 12:46:23 PM
LogName=System
SourceName=Microsoft-Windows-Service Control Manager
EventCode=7036
EventType=4
Type=Information
ComputerName=win-dc-8537412.attackrange.local
TaskCategory=None
OpCode=The operation completed successfully.
RecordNumber=80166
Keywords=Classic
Message=The WMI Performance Adapter service entered the running state.
10/08/2020 12:46:23 PM
LogName=System
SourceName=Microsoft-Windows-Service Control Manager
EventCode=7036
EventType=4
Type=Information
ComputerName=win-dc-8537412.attackrange.local
TaskCategory=None
OpCode=The operation completed successfully.
RecordNumber=80165
Keywords=Classic
Message=The vds service entered the running state.
10/08/2020 12:46:23 PM
LogName=System
SourceName=Microsoft-Windows-Service Control Manager
EventCode=7026
EventType=4
Type=Information
ComputerName=win-dc-8537412.attackrange.local
TaskCategory=None
OpCode=The operation completed successfully.
RecordNumber=80164
Keywords=Classic
Message=The following boot-start or system-start driver(s) did not load: 
cdrom
dam
10/08/2020 12:46:23 PM
LogName=System
SourceName=Microsoft-Windows-Service Control Manager
EventCode=7036
EventType=4
Type=Information
ComputerName=win-dc-8537412.attackrange.local
TaskCategory=None
OpCode=The operation completed successfully.
RecordNumber=80163
Keywords=Classic
Message=The AmazonSSMAgent service entered the running state.
10/08/2020 12:46:23 PM
LogName=System
SourceName=Microsoft-Windows-Service Control Manager
EventCode=7036
EventType=4
Type=Information
ComputerName=win-dc-8537412.attackrange.local
TaskCategory=None
OpCode=The operation completed successfully.
RecordNumber=80162
Keywords=Classic
Message=The ADWS service entered the running state.
10/08/2020 12:46:23 PM
LogName=System
SourceName=Microsoft-Windows-Service Control Manager
EventCode=7036
EventType=4
Type=Information
ComputerName=win-dc-8537412.attackrange.local
TaskCategory=None
OpCode=The operation completed successfully.
RecordNumber=80161
Keywords=Classic
Message=The tiledatamodelsvc service entered the running state.
10/08/2020 12:46:23 PM
LogName=System
SourceName=Microsoft-Windows-Service Control Manager
EventCode=7036
EventType=4
Type=Information
ComputerName=win-dc-8537412.attackrange.local
TaskCategory=None
OpCode=The operation completed successfully.
RecordNumber=80160
Keywords=Classic
Message=The StateRepository service entered the running state.
10/08/2020 12:46:23 PM
LogName=System
SourceName=Microsoft-Windows-Service Control Manager
EventCode=7036
EventType=4
Type=Information
ComputerName=win-dc-8537412.attackrange.local
TaskCategory=None
OpCode=The operation completed successfully.
RecordNumber=80159
Keywords=Classic
Message=The WinRM service entered the running state.
10/08/2020 12:46:23 PM
LogName=System
SourceName=Microsoft-Windows-Service Control Manager
EventCode=7036
EventType=4
Type=Information
ComputerName=win-dc-8537412.attackrange.local
TaskCategory=None
OpCode=The operation completed successfully.
RecordNumber=80158
Keywords=Classic
Message=The WpnService service entered the running state.
10/08/2020 12:46:23 PM
LogName=System
SourceName=Microsoft-Windows-Service Control Manager
EventCode=7036
EventType=4
Type=Information
ComputerName=win-dc-8537412.attackrange.local
TaskCategory=None
OpCode=The operation completed successfully.
RecordNumber=80157
Keywords=Classic
Message=The DFSR service entered the running state.
10/08/2020 12:46:23 PM
LogName=System
SourceName=Microsoft-Windows-Service Control Manager
EventCode=7036
EventType=4
Type=Information
ComputerName=win-dc-8537412.attackrange.local
TaskCategory=None
OpCode=The operation completed successfully.
RecordNumber=80156
Keywords=Classic
Message=The Dfs service entered the running state.
10/08/2020 12:46:23 PM
LogName=System
SourceName=Microsoft-Windows-Service Control Manager
EventCode=7036
EventType=4
Type=Information
ComputerName=win-dc-8537412.attackrange.local
TaskCategory=None
OpCode=The operation completed successfully.
RecordNumber=80155
Keywords=Classic
Message=The EFS service entered the running state.
10/08/2020 12:46:23 PM
LogName=System
SourceName=Microsoft-Windows-Service Control Manager
EventCode=7036
EventType=4
Type=Information
ComputerName=win-dc-8537412.attackrange.local
TaskCategory=None
OpCode=The operation completed successfully.
RecordNumber=80154
Keywords=Classic
Message=The AWSLiteAgent service entered the running state.
10/08/2020 12:46:23 PM
LogName=System
SourceName=Microsoft-Windows-Service Control Manager
EventCode=7036
EventType=4
Type=Information
ComputerName=win-dc-8537412.attackrange.local
TaskCategory=None
OpCode=The operation completed successfully.
RecordNumber=80153
Keywords=Classic
Message=The PcaSvc service entered the running state.
10/08/2020 12:46:23 PM
LogName=System
SourceName=Microsoft-Windows-Service Control Manager
EventCode=7036
EventType=4
Type=Information
ComputerName=win-dc-8537412.attackrange.local
TaskCategory=None
OpCode=The operation completed successfully.
RecordNumber=80152
Keywords=Classic
Message=The IsmServ service entered the running state.
10/08/2020 12:46:23 PM
LogName=System
SourceName=Microsoft-Windows-Service Control Manager
EventCode=7036
EventType=4
Type=Information
ComputerName=win-dc-8537412.attackrange.local
TaskCategory=None
OpCode=The operation completed successfully.
RecordNumber=80151
Keywords=Classic
Message=The RemoteRegistry service entered the running state.
10/08/2020 12:46:23 PM
LogName=System
SourceName=Microsoft-Windows-Service Control Manager
EventCode=7036
EventType=4
Type=Information
ComputerName=win-dc-8537412.attackrange.local
TaskCategory=None
OpCode=The operation completed successfully.
RecordNumber=80150
Keywords=Classic
Message=The Spooler service entered the running state.
10/08/2020 12:46:23 PM
LogName=System
SourceName=Microsoft-Windows-Service Control Manager
EventCode=7036
EventType=4
Type=Information
ComputerName=win-dc-8537412.attackrange.local
TaskCategory=None
OpCode=The operation completed successfully.
RecordNumber=80149
Keywords=Classic
Message=The WerSvc service entered the running state.
10/08/2020 12:46:23 PM
LogName=System
SourceName=Virtual Disk Service
EventCode=3
EventType=4
Type=Information
ComputerName=win-dc-8537412.attackrange.local
TaskCategory=None
OpCode=None
RecordNumber=80148
Keywords=Classic
Message=Service started.
10/08/2020 12:46:23 PM
LogName=System
SourceName=Microsoft-Windows-Windows Remote Management
EventCode=10154
EventType=3
Type=Warning
ComputerName=win-dc-8537412.attackrange.local
TaskCategory=None
OpCode=Info
RecordNumber=80147
Keywords=Classic
Message=The WinRM service failed to create the following SPNs: WSMAN/win-dc-8537412.attackrange.local; WSMAN/win-dc-8537412. 

 Additional Data 
 The error received was 10054: %%10054.

 User Action 
 The SPNs can be created by an administrator using setspn.exe utility.
10/08/2020 12:46:23 PM
LogName=System
SourceName=Microsoft-Windows-Windows Remote Management
EventCode=10148
EventType=4
Type=Information
ComputerName=win-dc-8537412.attackrange.local
TaskCategory=None
OpCode=Info
RecordNumber=80146
Keywords=Classic
Message=The WinRM service is listening for WS-Management requests. 

 User Action 
 Use the following command to see the specific IPs on which WinRM is listening: 

 winrm enumerate winrm/config/listener
10/08/2020 12:46:23 PM
LogName=System
SourceName=Microsoft-Windows-DfsSvc
EventCode=14531
EventType=4
Type=Information
ComputerName=win-dc-8537412.attackrange.local
TaskCategory=None
OpCode=The operation completed successfully.
RecordNumber=80145
Keywords=Classic
Message=DFS server has finished initializing.
10/08/2020 12:46:23 PM
LogName=System
SourceName=Microsoft-Windows-DfsSvc
EventCode=14533
EventType=4
Type=Information
ComputerName=win-dc-8537412.attackrange.local
TaskCategory=None
OpCode=The operation completed successfully.
RecordNumber=80144
Keywords=Classic
Message=DFS has finished building all namespaces.
10/08/2020 12:46:24 PM
LogName=System
SourceName=Microsoft-Windows-Service Control Manager
EventCode=7036
EventType=4
Type=Information
ComputerName=win-dc-8537412.attackrange.local
TaskCategory=None
OpCode=The operation completed successfully.
RecordNumber=80167
Keywords=Classic
Message=The WMI Performance Adapter service entered the stopped state.
10/08/2020 12:46:36 PM
LogName=System
SourceName=Microsoft-Windows-Service Control Manager
EventCode=7036
EventType=4
Type=Information
ComputerName=win-dc-8537412.attackrange.local
TaskCategory=None
OpCode=The operation completed successfully.
RecordNumber=80169
Keywords=Classic
Message=The Netlogon service entered the running state.
10/08/2020 12:46:36 PM
LogName=System
SourceName=NETLOGON
EventCode=5823
EventType=4
Type=Information
ComputerName=win-dc-8537412.attackrange.local
TaskCategory=None
OpCode=Info
RecordNumber=80168
Keywords=Classic
Message= The system successfully changed its password on the domain controller .  This event is logged when the password for the computer account is changed by the system. It is logged on the computer that changed the password.
10/08/2020 12:46:38 PM
LogName=System
SourceName=Microsoft-Windows-Time-Service
EventCode=143
EventType=4
Type=Information
ComputerName=win-dc-8537412.attackrange.local
User=NOT_TRANSLATED
Sid=S-1-5-19
SidType=0
TaskCategory=None
OpCode=Info
RecordNumber=80171
Keywords=None
Message=The time service has started advertising as a good time source.
10/08/2020 12:46:38 PM
LogName=System
SourceName=Microsoft-Windows-Time-Service
EventCode=139
EventType=4
Type=Information
ComputerName=win-dc-8537412.attackrange.local
User=NOT_TRANSLATED
Sid=S-1-5-19
SidType=0
TaskCategory=None
OpCode=Info
RecordNumber=80170
Keywords=None
Message=The time service has started advertising as a time source.
10/08/2020 12:46:47 PM
LogName=System
SourceName=Microsoft-Windows-Service Control Manager
EventCode=7036
EventType=4
Type=Information
ComputerName=win-dc-8537412.attackrange.local
TaskCategory=None
OpCode=The operation completed successfully.
RecordNumber=80172
Keywords=Classic
Message=The DNS service entered the running state.
10/08/2020 12:46:48 PM
LogName=System
SourceName=Microsoft-Windows-Service Control Manager
EventCode=7036
EventType=4
Type=Information
ComputerName=win-dc-8537412.attackrange.local
TaskCategory=None
OpCode=The operation completed successfully.
RecordNumber=80174
Keywords=Classic
Message=The W32Time service entered the running state.
10/08/2020 12:46:48 PM
LogName=System
SourceName=Microsoft-Windows-Time-Service
EventCode=12
EventType=3
Type=Warning
ComputerName=win-dc-8537412.attackrange.local
User=NOT_TRANSLATED
Sid=S-1-5-19
SidType=0
TaskCategory=None
OpCode=Info
RecordNumber=80173
Keywords=None
Message=Time Provider NtpClient: This machine is configured to use the domain hierarchy to determine its time source, but it is the AD PDC emulator for the domain at the root of the forest, so there is no machine above it in the domain hierarchy to use as a time source. It is recommended that you either configure a reliable time service in the root domain, or manually configure the AD PDC to synchronize with an external time source. Otherwise, this machine will function as the authoritative time source in the domain hierarchy. If an external time source is not configured or used for this computer, you may choose to disable the NtpClient.
10/08/2020 12:46:49 PM
LogName=System
SourceName=Microsoft-Windows-Time-Service
EventCode=37
EventType=4
Type=Information
ComputerName=win-dc-8537412.attackrange.local
User=NOT_TRANSLATED
Sid=S-1-5-19
SidType=0
TaskCategory=None
OpCode=Info
RecordNumber=80175
Keywords=None
Message=The time provider NtpClient is currently receiving valid time data from time.windows.com,0x8 (ntp.m|0x8|0.0.0.0:123->51.105.208.173:123).
10/08/2020 12:46:51 PM
LogName=System
SourceName=Microsoft-Windows-Service Control Manager
EventCode=7036
EventType=4
Type=Information
ComputerName=win-dc-8537412.attackrange.local
TaskCategory=None
OpCode=The operation completed successfully.
RecordNumber=80176
Keywords=Classic
Message=The NetSetupSvc service entered the stopped state.
10/08/2020 12:46:52 PM
LogName=System
SourceName=Microsoft-Windows-Service Control Manager
EventCode=7040
EventType=4
Type=Information
ComputerName=win-dc-8537412.attackrange.local
User=NOT_TRANSLATED
Sid=S-1-5-18
SidType=0
TaskCategory=None
OpCode=The operation completed successfully.
RecordNumber=80177
Keywords=Classic
Message=The start type of the Windows Modules Installer service was changed from demand start to auto start.
10/08/2020 12:46:53 PM
LogName=System
SourceName=Microsoft-Windows-Service Control Manager
EventCode=7036
EventType=4
Type=Information
ComputerName=win-dc-8537412.attackrange.local
TaskCategory=None
OpCode=The operation completed successfully.
RecordNumber=80180
Keywords=Classic
Message=The swprv service entered the running state.
10/08/2020 12:46:53 PM
LogName=System
SourceName=Microsoft-Windows-Service Control Manager
EventCode=7036
EventType=4
Type=Information
ComputerName=win-dc-8537412.attackrange.local
TaskCategory=None
OpCode=The operation completed successfully.
RecordNumber=80179
Keywords=Classic
Message=The VSS service entered the running state.
10/08/2020 12:46:53 PM
LogName=System
SourceName=Microsoft-Windows-Service Control Manager
EventCode=7040
EventType=4
Type=Information
ComputerName=win-dc-8537412.attackrange.local
User=NOT_TRANSLATED
Sid=S-1-5-18
SidType=0
TaskCategory=None
OpCode=The operation completed successfully.
RecordNumber=80178
Keywords=Classic
Message=The start type of the Windows Modules Installer service was changed from auto start to demand start.
10/08/2020 12:46:56 PM
LogName=System
SourceName=Microsoft-Windows-Service Control Manager
EventCode=7036
EventType=4
Type=Information
ComputerName=win-dc-8537412.attackrange.local
TaskCategory=None
OpCode=The operation completed successfully.
RecordNumber=80181
Keywords=Classic
Message=The NetSetupSvc service entered the running state.
10/08/2020 12:46:57 PM
LogName=System
SourceName=Microsoft-Windows-Service Control Manager
EventCode=7036
EventType=4
Type=Information
ComputerName=win-dc-8537412.attackrange.local
TaskCategory=None
OpCode=The operation completed successfully.
RecordNumber=80183
Keywords=Classic
Message=The NcaSvc service entered the stopped state.
10/08/2020 12:46:57 PM
LogName=System
SourceName=Microsoft-Windows-GroupPolicy
EventCode=1502
EventType=4
Type=Information
ComputerName=win-dc-8537412.attackrange.local
User=NOT_TRANSLATED
Sid=S-1-5-18
SidType=0
TaskCategory=None
OpCode=Start
RecordNumber=80182
Keywords=None
Message=The Group Policy settings for the computer were processed successfully. New settings from 2 Group Policy objects were detected and applied.
10/08/2020 12:46:58 PM
LogName=System
SourceName=Microsoft-Windows-Time-Service
EventCode=37
EventType=4
Type=Information
ComputerName=win-dc-8537412.attackrange.local
User=NOT_TRANSLATED
Sid=S-1-5-19
SidType=0
TaskCategory=None
OpCode=Info
RecordNumber=80185
Keywords=None
Message=The time provider NtpClient is currently receiving valid time data from time.windows.com,0x8 (ntp.m|0x8|0.0.0.0:123->51.105.208.173:123).
