10/08/2020 11:55:36 AM
LogName=System
SourceName=Microsoft-Windows-Service Control Manager
EventCode=7036
EventType=4
Type=Information
ComputerName=EC2AMAZ-6KJ2BPP
TaskCategory=None
OpCode=The operation completed successfully.
RecordNumber=79660
Keywords=Classic
Message=The Windows Management Instrumentation service entered the stopped state.
10/08/2020 11:55:36 AM
LogName=System
SourceName=Microsoft-Windows-Service Control Manager
EventCode=7036
EventType=4
Type=Information
ComputerName=EC2AMAZ-6KJ2BPP
TaskCategory=None
OpCode=The operation completed successfully.
RecordNumber=79659
Keywords=Classic
Message=The AppX Deployment Service (AppXSVC) service entered the stopped state.
10/08/2020 11:55:36 AM
LogName=System
SourceName=Microsoft-Windows-Service Control Manager
EventCode=7036
EventType=4
Type=Information
ComputerName=EC2AMAZ-6KJ2BPP
TaskCategory=None
OpCode=The operation completed successfully.
RecordNumber=79658
Keywords=Classic
Message=The Software Protection service entered the stopped state.
10/08/2020 11:55:36 AM
LogName=System
SourceName=Microsoft-Windows-Service Control Manager
EventCode=7036
EventType=4
Type=Information
ComputerName=EC2AMAZ-6KJ2BPP
TaskCategory=None
OpCode=The operation completed successfully.
RecordNumber=79657
Keywords=Classic
Message=The Windows Font Cache Service service entered the stopped state.
10/08/2020 11:55:36 AM
LogName=System
SourceName=Microsoft-Windows-Service Control Manager
EventCode=7036
EventType=4
Type=Information
ComputerName=EC2AMAZ-6KJ2BPP
TaskCategory=None
OpCode=The operation completed successfully.
RecordNumber=79656
Keywords=Classic
Message=The Distributed Link Tracking Client service entered the stopped state.
10/08/2020 11:55:36 AM
LogName=System
SourceName=Microsoft-Windows-Service Control Manager
EventCode=7036
EventType=4
Type=Information
ComputerName=EC2AMAZ-6KJ2BPP
TaskCategory=None
OpCode=The operation completed successfully.
RecordNumber=79655
Keywords=Classic
Message=The Remote Desktop Services UserMode Port Redirector service entered the stopped state.
10/08/2020 11:55:36 AM
LogName=System
SourceName=Microsoft-Windows-Service Control Manager
EventCode=7036
EventType=4
Type=Information
ComputerName=EC2AMAZ-6KJ2BPP
TaskCategory=None
OpCode=The operation completed successfully.
RecordNumber=79654
Keywords=Classic
Message=The Device Install Service service entered the stopped state.
10/08/2020 11:55:36 AM
LogName=System
SourceName=Microsoft-Windows-Service Control Manager
EventCode=7036
EventType=4
Type=Information
ComputerName=EC2AMAZ-6KJ2BPP
TaskCategory=None
OpCode=The operation completed successfully.
RecordNumber=79653
Keywords=Classic
Message=The Windows Time service entered the stopped state.
10/08/2020 11:55:36 AM
LogName=System
SourceName=Microsoft-Windows-Service Control Manager
EventCode=7036
EventType=4
Type=Information
ComputerName=EC2AMAZ-6KJ2BPP
TaskCategory=None
OpCode=The operation completed successfully.
RecordNumber=79652
Keywords=Classic
Message=The AWS Lite Guest Agent service entered the stopped state.
10/08/2020 11:55:36 AM
LogName=System
SourceName=Microsoft-Windows-Service Control Manager
EventCode=7036
EventType=4
Type=Information
ComputerName=EC2AMAZ-6KJ2BPP
TaskCategory=None
OpCode=The operation completed successfully.
RecordNumber=79651
Keywords=Classic
Message=The Plug and Play service entered the stopped state.
10/08/2020 11:55:36 AM
LogName=System
SourceName=Microsoft-Windows-Service Control Manager
EventCode=7036
EventType=4
Type=Information
ComputerName=EC2AMAZ-6KJ2BPP
TaskCategory=None
OpCode=The operation completed successfully.
RecordNumber=79650
Keywords=Classic
Message=The Tile Data model server service entered the stopped state.
10/08/2020 11:55:36 AM
LogName=System
SourceName=Microsoft-Windows-Service Control Manager
EventCode=7036
EventType=4
Type=Information
ComputerName=EC2AMAZ-6KJ2BPP
TaskCategory=None
OpCode=The operation completed successfully.
RecordNumber=79649
Keywords=Classic
Message=The App Readiness service entered the stopped state.
10/08/2020 11:55:36 AM
LogName=System
SourceName=Microsoft-Windows-Service Control Manager
EventCode=7036
EventType=4
Type=Information
ComputerName=EC2AMAZ-6KJ2BPP
TaskCategory=None
OpCode=The operation completed successfully.
RecordNumber=79648
Keywords=Classic
Message=The Windows Modules Installer service entered the stopped state.
10/08/2020 11:55:36 AM
LogName=System
SourceName=EventLog
EventCode=6006
EventType=4
Type=Information
ComputerName=EC2AMAZ-6KJ2BPP
TaskCategory=None
OpCode=None
RecordNumber=79647
Keywords=Classic
Message=The Event log service was stopped.
10/08/2020 11:55:39 AM
LogName=System
SourceName=Microsoft-Windows-Service Control Manager
EventCode=7036
EventType=4
Type=Information
ComputerName=EC2AMAZ-6KJ2BPP
TaskCategory=None
OpCode=The operation completed successfully.
RecordNumber=79678
Keywords=Classic
Message=The Windows Update service entered the stopped state.
10/08/2020 11:55:41 AM
LogName=System
SourceName=Microsoft-Windows-Kernel-General
EventCode=13
EventType=4
Type=Information
ComputerName=EC2AMAZ-6KJ2BPP
TaskCategory=2
OpCode=Info
RecordNumber=79680
Keywords=None
Message=The operating system is shutting down at system time ‎2020‎-‎10‎-‎08T11:55:41.939926600Z.
10/08/2020 11:55:41 AM
LogName=System
SourceName=Microsoft-Windows-Kernel-Power
EventCode=109
EventType=4
Type=Information
ComputerName=EC2AMAZ-6KJ2BPP
TaskCategory=103
OpCode=Info
RecordNumber=79679
Keywords=None
Message=The kernel power manager has initiated a shutdown transition.

Shutdown Reason: Kernel API
10/08/2020 12:40:52 PM
LogName=System
SourceName=Microsoft-Windows-Kernel-Boot
EventCode=32
EventType=4
Type=Information
ComputerName=EC2AMAZ-6KJ2BPP
User=NOT_TRANSLATED
Sid=S-1-5-18
SidType=0
TaskCategory=None
OpCode=Info
RecordNumber=79687
Keywords=None
Message=The bootmgr spent 0 ms waiting for user input.
10/08/2020 12:40:52 PM
LogName=System
SourceName=Microsoft-Windows-Kernel-Boot
EventCode=18
EventType=4
Type=Information
ComputerName=EC2AMAZ-6KJ2BPP
User=NOT_TRANSLATED
Sid=S-1-5-18
SidType=0
TaskCategory=None
OpCode=Info
RecordNumber=79686
Keywords=None
Message=There are 0x1 boot options on this system.
10/08/2020 12:40:52 PM
LogName=System
SourceName=Microsoft-Windows-Kernel-Boot
EventCode=25
EventType=4
Type=Information
ComputerName=EC2AMAZ-6KJ2BPP
User=NOT_TRANSLATED
Sid=S-1-5-18
SidType=0
TaskCategory=32
OpCode=Info
RecordNumber=79685
Keywords=None
Message=The boot menu policy was 0x0.
10/08/2020 12:40:52 PM
LogName=System
SourceName=Microsoft-Windows-Kernel-Boot
EventCode=27
EventType=4
Type=Information
ComputerName=EC2AMAZ-6KJ2BPP
User=NOT_TRANSLATED
Sid=S-1-5-18
SidType=0
TaskCategory=33
OpCode=Info
RecordNumber=79684
Keywords=None
Message=The boot type was 0x0.
10/08/2020 12:40:52 PM
LogName=System
SourceName=Microsoft-Windows-Kernel-Boot
EventCode=20
EventType=4
Type=Information
ComputerName=EC2AMAZ-6KJ2BPP
User=NOT_TRANSLATED
Sid=S-1-5-18
SidType=0
TaskCategory=31
OpCode=Info
RecordNumber=79683
Keywords=None
Message=The last shutdown's success status was true. The last boot's success status was true.
10/08/2020 12:40:52 PM
LogName=System
SourceName=Microsoft-Windows-Kernel-Boot
EventCode=153
EventType=4
Type=Information
ComputerName=EC2AMAZ-6KJ2BPP
User=NOT_TRANSLATED
Sid=S-1-5-18
SidType=0
TaskCategory=None
OpCode=Info
RecordNumber=79682
Keywords=None
Message=The Virtualization Based Security (policies: 0) is disabled with status STATUS_SUCCESS.
10/08/2020 12:40:52 PM
LogName=System
SourceName=Microsoft-Windows-Kernel-General
EventCode=12
EventType=4
Type=Information
ComputerName=EC2AMAZ-6KJ2BPP
User=NOT_TRANSLATED
Sid=S-1-5-18
SidType=0
TaskCategory=1
OpCode=Info
RecordNumber=79681
Keywords=None
Message=The operating system started at system time ‎2020‎-‎10‎-‎08T12:40:52.492544200Z.
10/08/2020 12:40:56 PM
LogName=System
SourceName=Microsoft-Windows-FilterManager
EventCode=6
EventType=4
Type=Information
ComputerName=EC2AMAZ-6KJ2BPP
User=NOT_TRANSLATED
Sid=S-1-5-18
SidType=0
TaskCategory=None
OpCode=Info
RecordNumber=79690
Keywords=None
Message=File System Filter 'WdFilter' (10.0, ‎2012‎-‎07‎-‎05T22:48:10.000000000Z) has successfully loaded and registered with Filter Manager.
10/08/2020 12:40:56 PM
LogName=System
SourceName=Microsoft-Windows-FilterManager
EventCode=6
EventType=4
Type=Information
ComputerName=EC2AMAZ-6KJ2BPP
User=NOT_TRANSLATED
Sid=S-1-5-18
SidType=0
TaskCategory=None
OpCode=Info
RecordNumber=79689
Keywords=None
Message=File System Filter 'Wof' (10.0, ‎2019‎-‎09‎-‎29T22:52:46.000000000Z) has successfully loaded and registered with Filter Manager.
10/08/2020 12:40:57 PM
LogName=System
SourceName=Microsoft-Windows-Ntfs
EventCode=98
EventType=4
Type=Information
ComputerName=EC2AMAZ-6KJ2BPP
User=NOT_TRANSLATED
Sid=S-1-5-18
SidType=0
TaskCategory=None
OpCode=Info
RecordNumber=79691
Keywords=None
Message=Volume C: (\Device\HarddiskVolume1) is healthy.  No action is needed.
10/08/2020 12:40:58 PM
LogName=System
SourceName=Microsoft-Windows-Kernel-Processor-Power
EventCode=55
EventType=4
Type=Information
ComputerName=EC2AMAZ-6KJ2BPP
User=NOT_TRANSLATED
Sid=S-1-5-18
SidType=0
TaskCategory=47
OpCode=Info
RecordNumber=79702
Keywords=None
Message=Processor 7 in group 0 exposes the following power management capabilities:

Idle state type: ACPI Idle (C) States (1 state(s))

Performance state type: None
Nominal Frequency (MHz): 2400
Maximum performance percentage: 100
Minimum performance percentage: 100
Minimum throttle percentage: 100
10/08/2020 12:40:58 PM
LogName=System
SourceName=Microsoft-Windows-Kernel-Processor-Power
EventCode=55
EventType=4
Type=Information
ComputerName=EC2AMAZ-6KJ2BPP
User=NOT_TRANSLATED
Sid=S-1-5-18
SidType=0
TaskCategory=47
OpCode=Info
RecordNumber=79701
Keywords=None
Message=Processor 6 in group 0 exposes the following power management capabilities:

Idle state type: ACPI Idle (C) States (1 state(s))

Performance state type: None
Nominal Frequency (MHz): 2400
Maximum performance percentage: 100
Minimum performance percentage: 100
Minimum throttle percentage: 100
10/08/2020 12:40:58 PM
LogName=System
SourceName=Microsoft-Windows-Kernel-Processor-Power
EventCode=55
EventType=4
Type=Information
ComputerName=EC2AMAZ-6KJ2BPP
User=NOT_TRANSLATED
Sid=S-1-5-18
SidType=0
TaskCategory=47
OpCode=Info
RecordNumber=79700
Keywords=None
Message=Processor 5 in group 0 exposes the following power management capabilities:

Idle state type: ACPI Idle (C) States (1 state(s))

Performance state type: None
Nominal Frequency (MHz): 2400
Maximum performance percentage: 100
Minimum performance percentage: 100
Minimum throttle percentage: 100
10/08/2020 12:40:58 PM
LogName=System
SourceName=Microsoft-Windows-Kernel-Processor-Power
EventCode=55
EventType=4
Type=Information
ComputerName=EC2AMAZ-6KJ2BPP
User=NOT_TRANSLATED
Sid=S-1-5-18
SidType=0
TaskCategory=47
OpCode=Info
RecordNumber=79699
Keywords=None
Message=Processor 4 in group 0 exposes the following power management capabilities:

Idle state type: ACPI Idle (C) States (1 state(s))

Performance state type: None
Nominal Frequency (MHz): 2400
Maximum performance percentage: 100
Minimum performance percentage: 100
Minimum throttle percentage: 100
10/08/2020 12:40:58 PM
LogName=System
SourceName=Microsoft-Windows-Kernel-Processor-Power
EventCode=55
EventType=4
Type=Information
ComputerName=EC2AMAZ-6KJ2BPP
User=NOT_TRANSLATED
Sid=S-1-5-18
SidType=0
TaskCategory=47
OpCode=Info
RecordNumber=79698
Keywords=None
Message=Processor 3 in group 0 exposes the following power management capabilities:

Idle state type: ACPI Idle (C) States (1 state(s))

Performance state type: None
Nominal Frequency (MHz): 2400
Maximum performance percentage: 100
Minimum performance percentage: 100
Minimum throttle percentage: 100
10/08/2020 12:40:58 PM
LogName=System
SourceName=Microsoft-Windows-Kernel-Processor-Power
EventCode=55
EventType=4
Type=Information
ComputerName=EC2AMAZ-6KJ2BPP
User=NOT_TRANSLATED
Sid=S-1-5-18
SidType=0
TaskCategory=47
OpCode=Info
RecordNumber=79697
Keywords=None
Message=Processor 2 in group 0 exposes the following power management capabilities:

Idle state type: ACPI Idle (C) States (1 state(s))

Performance state type: None
Nominal Frequency (MHz): 2400
Maximum performance percentage: 100
Minimum performance percentage: 100
Minimum throttle percentage: 100
10/08/2020 12:40:58 PM
LogName=System
SourceName=Microsoft-Windows-Kernel-Processor-Power
EventCode=55
EventType=4
Type=Information
ComputerName=EC2AMAZ-6KJ2BPP
User=NOT_TRANSLATED
Sid=S-1-5-18
SidType=0
TaskCategory=47
OpCode=Info
RecordNumber=79696
Keywords=None
Message=Processor 1 in group 0 exposes the following power management capabilities:

Idle state type: ACPI Idle (C) States (1 state(s))

Performance state type: None
Nominal Frequency (MHz): 2400
Maximum performance percentage: 100
Minimum performance percentage: 100
Minimum throttle percentage: 100
10/08/2020 12:40:58 PM
LogName=System
SourceName=Microsoft-Windows-Kernel-Processor-Power
EventCode=55
EventType=4
Type=Information
ComputerName=EC2AMAZ-6KJ2BPP
User=NOT_TRANSLATED
Sid=S-1-5-18
SidType=0
TaskCategory=47
OpCode=Info
RecordNumber=79695
Keywords=None
Message=Processor 0 in group 0 exposes the following power management capabilities:

Idle state type: ACPI Idle (C) States (1 state(s))

Performance state type: None
Nominal Frequency (MHz): 2400
Maximum performance percentage: 100
Minimum performance percentage: 100
Minimum throttle percentage: 100
10/08/2020 12:40:58 PM
LogName=System
SourceName=Microsoft-Windows-Kernel-Power
EventCode=172
EventType=4
Type=Information
ComputerName=EC2AMAZ-6KJ2BPP
User=NOT_TRANSLATED
Sid=S-1-5-18
SidType=0
TaskCategory=203
OpCode=Info
RecordNumber=79694
Keywords=None
Message=Connectivity state in standby: Disconnected, Reason: NIC compliance
10/08/2020 12:40:58 PM
LogName=System
SourceName=Microsoft-Windows-FilterManager
EventCode=6
EventType=4
Type=Information
ComputerName=EC2AMAZ-6KJ2BPP
User=NOT_TRANSLATED
Sid=S-1-5-18
SidType=0
TaskCategory=None
OpCode=Info
RecordNumber=79693
Keywords=None
Message=File System Filter 'npsvctrig' (10.0, ‎2016‎-‎07‎-‎16T02:28:33.000000000Z) has successfully loaded and registered with Filter Manager.
10/08/2020 12:40:58 PM
LogName=System
SourceName=Microsoft-Windows-FilterManager
EventCode=6
EventType=4
Type=Information
ComputerName=EC2AMAZ-6KJ2BPP
User=NOT_TRANSLATED
Sid=S-1-5-18
SidType=0
TaskCategory=None
OpCode=Info
RecordNumber=79692
Keywords=None
Message=File System Filter 'FileCrypt' (10.0, ‎2018‎-‎08‎-‎30T20:44:27.000000000Z) has successfully loaded and registered with Filter Manager.
10/08/2020 12:41:03 PM
LogName=System
SourceName=Microsoft-Windows-Wininit
EventCode=14
EventType=4
Type=Information
ComputerName=EC2AMAZ-6KJ2BPP
User=NOT_TRANSLATED
Sid=S-1-5-18
SidType=0
TaskCategory=None
OpCode=Info
RecordNumber=79703
Keywords=None
Message=Credential Guard (LsaIso.exe) configuration: 0x0, 0
10/08/2020 12:41:04 PM
LogName=System
SourceName=Microsoft-Windows-Service Control Manager
EventCode=7036
EventType=4
Type=Information
ComputerName=EC2AMAZ-6KJ2BPP
TaskCategory=None
OpCode=The operation completed successfully.
RecordNumber=79710
Keywords=Classic
Message=The LSM service entered the running state.
10/08/2020 12:41:04 PM
LogName=System
SourceName=Microsoft-Windows-Service Control Manager
EventCode=7036
EventType=4
Type=Information
ComputerName=EC2AMAZ-6KJ2BPP
TaskCategory=None
OpCode=The operation completed successfully.
RecordNumber=79709
Keywords=Classic
Message=The RpcSs service entered the running state.
10/08/2020 12:41:04 PM
LogName=System
SourceName=Microsoft-Windows-Service Control Manager
EventCode=7036
EventType=4
Type=Information
ComputerName=EC2AMAZ-6KJ2BPP
TaskCategory=None
OpCode=The operation completed successfully.
RecordNumber=79708
Keywords=Classic
Message=The RpcEptMapper service entered the running state.
10/08/2020 12:41:04 PM
LogName=System
SourceName=Microsoft-Windows-Service Control Manager
EventCode=7036
EventType=4
Type=Information
ComputerName=EC2AMAZ-6KJ2BPP
TaskCategory=None
OpCode=The operation completed successfully.
RecordNumber=79707
Keywords=Classic
Message=The DcomLaunch service entered the running state.
10/08/2020 12:41:04 PM
LogName=System
SourceName=Microsoft-Windows-Service Control Manager
EventCode=7036
EventType=4
Type=Information
ComputerName=EC2AMAZ-6KJ2BPP
TaskCategory=None
OpCode=The operation completed successfully.
RecordNumber=79706
Keywords=Classic
Message=The Power service entered the running state.
10/08/2020 12:41:04 PM
LogName=System
SourceName=Microsoft-Windows-Service Control Manager
EventCode=7036
EventType=4
Type=Information
ComputerName=EC2AMAZ-6KJ2BPP
TaskCategory=None
OpCode=The operation completed successfully.
RecordNumber=79705
Keywords=Classic
Message=The PlugPlay service entered the running state.
10/08/2020 12:41:04 PM
LogName=System
SourceName=Microsoft-Windows-Directory-Services-SAM
EventCode=16962
EventType=4
Type=Information
ComputerName=EC2AMAZ-6KJ2BPP
User=NOT_TRANSLATED
Sid=S-1-5-18
SidType=0
TaskCategory=None
OpCode=Info
RecordNumber=79704
Keywords=None
Message=Remote calls to the SAM database are being restricted using the default security descriptor: O:SYG:SYD:(A;;RC;;;BA).
For more information please see http://go.microsoft.com/fwlink/?LinkId=787651.
10/08/2020 12:41:05 PM
LogName=System
SourceName=Microsoft-Windows-Service Control Manager
EventCode=7036
EventType=4
Type=Information
ComputerName=EC2AMAZ-6KJ2BPP
TaskCategory=None
OpCode=The operation completed successfully.
RecordNumber=79754
Keywords=Classic
Message=The W32Time service entered the running state.
10/08/2020 12:41:05 PM
LogName=System
SourceName=Microsoft-Windows-Time-Service
EventCode=37
EventType=4
Type=Information
ComputerName=EC2AMAZ-6KJ2BPP
User=NOT_TRANSLATED
Sid=S-1-5-19
SidType=0
TaskCategory=None
OpCode=Info
RecordNumber=79753
Keywords=None
Message=The time provider NtpClient is currently receiving valid time data from 169.254.169.123,0x9 (ntp.m|0x9|0.0.0.0:123->169.254.169.123:123).
10/08/2020 12:41:05 PM
LogName=System
SourceName=Microsoft-Windows-Service Control Manager
EventCode=7036
EventType=4
Type=Information
ComputerName=EC2AMAZ-6KJ2BPP
TaskCategory=None
OpCode=The operation completed successfully.
RecordNumber=79752
Keywords=Classic
Message=The RemoteRegistry service entered the running state.
10/08/2020 12:41:05 PM
LogName=System
SourceName=Microsoft-Windows-Service Control Manager
EventCode=7036
EventType=4
Type=Information
ComputerName=EC2AMAZ-6KJ2BPP
TaskCategory=None
OpCode=The operation completed successfully.
RecordNumber=79751
Keywords=Classic
Message=The AWSLiteAgent service entered the running state.
10/08/2020 12:41:05 PM
LogName=System
SourceName=Microsoft-Windows-Service Control Manager
EventCode=7036
EventType=4
Type=Information
ComputerName=EC2AMAZ-6KJ2BPP
TaskCategory=None
OpCode=The operation completed successfully.
RecordNumber=79750
Keywords=Classic
Message=The TrkWks service entered the running state.
10/08/2020 12:41:05 PM
LogName=System
SourceName=Microsoft-Windows-Service Control Manager
EventCode=7036
EventType=4
Type=Information
ComputerName=EC2AMAZ-6KJ2BPP
TaskCategory=None
OpCode=The operation completed successfully.
RecordNumber=79749
Keywords=Classic
Message=The Spooler service entered the running state.
10/08/2020 12:41:05 PM
LogName=System
SourceName=Microsoft-Windows-Service Control Manager
EventCode=7036
EventType=4
Type=Information
ComputerName=EC2AMAZ-6KJ2BPP
TaskCategory=None
OpCode=The operation completed successfully.
RecordNumber=79748
Keywords=Classic
Message=The PcaSvc service entered the running state.
10/08/2020 12:41:05 PM
LogName=System
SourceName=Microsoft-Windows-Service Control Manager
EventCode=7036
EventType=4
Type=Information
ComputerName=EC2AMAZ-6KJ2BPP
TaskCategory=None
OpCode=The operation completed successfully.
RecordNumber=79747
Keywords=Classic
Message=The WinHttpAutoProxySvc service entered the running state.
10/08/2020 12:41:05 PM
LogName=System
SourceName=Microsoft-Windows-Service Control Manager
EventCode=7036
EventType=4
Type=Information
ComputerName=EC2AMAZ-6KJ2BPP
TaskCategory=None
OpCode=The operation completed successfully.
RecordNumber=79746
Keywords=Classic
Message=The UserManager service entered the running state.
10/08/2020 12:41:05 PM
LogName=System
SourceName=Microsoft-Windows-Service Control Manager
EventCode=7036
EventType=4
Type=Information
ComputerName=EC2AMAZ-6KJ2BPP
TaskCategory=None
OpCode=The operation completed successfully.
RecordNumber=79745
Keywords=Classic
Message=The SamSs service entered the running state.
10/08/2020 12:41:05 PM
LogName=System
SourceName=Microsoft-Windows-Service Control Manager
EventCode=7036
EventType=4
Type=Information
ComputerName=EC2AMAZ-6KJ2BPP
TaskCategory=None
OpCode=The operation completed successfully.
RecordNumber=79744
Keywords=Classic
Message=The TimeBrokerSvc service entered the running state.
10/08/2020 12:41:05 PM
LogName=System
SourceName=Microsoft-Windows-Service Control Manager
EventCode=7036
EventType=4
Type=Information
ComputerName=EC2AMAZ-6KJ2BPP
TaskCategory=None
OpCode=The operation completed successfully.
RecordNumber=79743
Keywords=Classic
Message=The BFE service entered the running state.
10/08/2020 12:41:05 PM
LogName=System
SourceName=Microsoft-Windows-Service Control Manager
EventCode=7036
EventType=4
Type=Information
ComputerName=EC2AMAZ-6KJ2BPP
TaskCategory=None
OpCode=The operation completed successfully.
RecordNumber=79742
Keywords=Classic
Message=The SessionEnv service entered the running state.
10/08/2020 12:41:05 PM
LogName=System
SourceName=Microsoft-Windows-Service Control Manager
EventCode=7036
EventType=4
Type=Information
ComputerName=EC2AMAZ-6KJ2BPP
TaskCategory=None
OpCode=The operation completed successfully.
RecordNumber=79741
Keywords=Classic
Message=The CertPropSvc service entered the running state.
10/08/2020 12:41:05 PM
LogName=System
SourceName=Microsoft-Windows-Service Control Manager
EventCode=7036
EventType=4
Type=Information
ComputerName=EC2AMAZ-6KJ2BPP
TaskCategory=None
OpCode=The operation completed successfully.
RecordNumber=79740
Keywords=Classic
Message=The Schedule service entered the running state.
10/08/2020 12:41:05 PM
LogName=System
SourceName=Microsoft-Windows-Service Control Manager
EventCode=7036
EventType=4
Type=Information
ComputerName=EC2AMAZ-6KJ2BPP
TaskCategory=None
OpCode=The operation completed successfully.
RecordNumber=79739
Keywords=Classic
Message=The UmRdpService service entered the running state.
10/08/2020 12:41:05 PM
LogName=System
SourceName=Microsoft-Windows-Service Control Manager
EventCode=7036
EventType=4
Type=Information
ComputerName=EC2AMAZ-6KJ2BPP
TaskCategory=None
OpCode=The operation completed successfully.
RecordNumber=79738
Keywords=Classic
Message=The LanmanWorkstation service entered the running state.
10/08/2020 12:41:05 PM
LogName=System
SourceName=Microsoft-Windows-Service Control Manager
EventCode=7036
EventType=4
Type=Information
ComputerName=EC2AMAZ-6KJ2BPP
TaskCategory=None
OpCode=The operation completed successfully.
RecordNumber=79737
Keywords=Classic
Message=The DsmSvc service entered the running state.
10/08/2020 12:41:05 PM
LogName=System
SourceName=Microsoft-Windows-Service Control Manager
EventCode=7036
EventType=4
Type=Information
ComputerName=EC2AMAZ-6KJ2BPP
TaskCategory=None
OpCode=The operation completed successfully.
RecordNumber=79736
Keywords=Classic
Message=The NcbService service entered the running state.
10/08/2020 12:41:05 PM
LogName=System
SourceName=Microsoft-Windows-Service Control Manager
EventCode=7036
EventType=4
Type=Information
ComputerName=EC2AMAZ-6KJ2BPP
TaskCategory=None
OpCode=The operation completed successfully.
RecordNumber=79735
Keywords=Classic
Message=The netprofm service entered the running state.
10/08/2020 12:41:05 PM
LogName=System
SourceName=Microsoft-Windows-Service Control Manager
EventCode=7036
EventType=4
Type=Information
ComputerName=EC2AMAZ-6KJ2BPP
TaskCategory=None
OpCode=The operation completed successfully.
RecordNumber=79734
Keywords=Classic
Message=The ShellHWDetection service entered the running state.
10/08/2020 12:41:05 PM
LogName=System
SourceName=Microsoft-Windows-Service Control Manager
EventCode=7036
EventType=4
Type=Information
ComputerName=EC2AMAZ-6KJ2BPP
TaskCategory=None
OpCode=The operation completed successfully.
RecordNumber=79733
Keywords=Classic
Message=The FontCache service entered the running state.
10/08/2020 12:41:05 PM
LogName=System
SourceName=Microsoft-Windows-Service Control Manager
EventCode=7036
EventType=4
Type=Information
ComputerName=EC2AMAZ-6KJ2BPP
TaskCategory=None
OpCode=The operation completed successfully.
RecordNumber=79732
Keywords=Classic
Message=The Dnscache service entered the running state.
10/08/2020 12:41:05 PM
LogName=System
SourceName=Microsoft-Windows-Service Control Manager
EventCode=7036
EventType=4
Type=Information
ComputerName=EC2AMAZ-6KJ2BPP
TaskCategory=None
OpCode=The operation completed successfully.
RecordNumber=79731
Keywords=Classic
Message=The NlaSvc service entered the running state.
10/08/2020 12:41:05 PM
LogName=System
SourceName=Microsoft-Windows-Service Control Manager
EventCode=7036
EventType=4
Type=Information
ComputerName=EC2AMAZ-6KJ2BPP
TaskCategory=None
OpCode=The operation completed successfully.
RecordNumber=79730
Keywords=Classic
Message=The SENS service entered the running state.
10/08/2020 12:41:05 PM
LogName=System
SourceName=Microsoft-Windows-Service Control Manager
EventCode=7036
EventType=4
Type=Information
ComputerName=EC2AMAZ-6KJ2BPP
TaskCategory=None
OpCode=The operation completed successfully.
RecordNumber=79729
Keywords=Classic
Message=The ProfSvc service entered the running state.
10/08/2020 12:41:05 PM
LogName=System
SourceName=Microsoft-Windows-Service Control Manager
EventCode=7036
EventType=4
Type=Information
ComputerName=EC2AMAZ-6KJ2BPP
TaskCategory=None
OpCode=The operation completed successfully.
RecordNumber=79728
Keywords=Classic
Message=The CoreMessagingRegistrar service entered the running state.
10/08/2020 12:41:05 PM
LogName=System
SourceName=Microsoft-Windows-Service Control Manager
EventCode=7036
EventType=4
Type=Information
ComputerName=EC2AMAZ-6KJ2BPP
TaskCategory=None
OpCode=The operation completed successfully.
RecordNumber=79727
Keywords=Classic
Message=The Wcmsvc service entered the running state.
10/08/2020 12:41:05 PM
LogName=System
SourceName=Microsoft-Windows-Service Control Manager
EventCode=7036
EventType=4
Type=Information
ComputerName=EC2AMAZ-6KJ2BPP
TaskCategory=None
OpCode=The operation completed successfully.
RecordNumber=79726
Keywords=Classic
Message=The Dhcp service entered the running state.
10/08/2020 12:41:05 PM
LogName=System
SourceName=Microsoft-Windows-DHCPv6-Client
EventCode=51046
EventType=4
Type=Information
ComputerName=EC2AMAZ-6KJ2BPP
User=NOT_TRANSLATED
Sid=S-1-5-19
SidType=0
TaskCategory=Service State Event
OpCode=ServiceStart
RecordNumber=79725
Keywords=None
Message=DHCPv6 client service is started
10/08/2020 12:41:05 PM
LogName=System
SourceName=Microsoft-Windows-Service Control Manager
EventCode=7036
EventType=4
Type=Information
ComputerName=EC2AMAZ-6KJ2BPP
TaskCategory=None
OpCode=The operation completed successfully.
RecordNumber=79724
Keywords=Classic
Message=The EventLog service entered the running state.
10/08/2020 12:41:05 PM
LogName=System
SourceName=Microsoft-Windows-Dhcp-Client
EventCode=50036
EventType=4
Type=Information
ComputerName=EC2AMAZ-6KJ2BPP
User=NOT_TRANSLATED
Sid=S-1-5-19
SidType=0
TaskCategory=Service State Event
OpCode=ServiceStart
RecordNumber=79723
Keywords=None
Message=DHCPv4 client service is started
10/08/2020 12:41:05 PM
LogName=System
SourceName=Microsoft-Windows-Service Control Manager
EventCode=7036
EventType=4
Type=Information
ComputerName=EC2AMAZ-6KJ2BPP
TaskCategory=None
OpCode=The operation completed successfully.
RecordNumber=79722
Keywords=Classic
Message=The nsi service entered the running state.
10/08/2020 12:41:05 PM
LogName=System
SourceName=Microsoft-Windows-Service Control Manager
EventCode=7036
EventType=4
Type=Information
ComputerName=EC2AMAZ-6KJ2BPP
TaskCategory=None
OpCode=The operation completed successfully.
RecordNumber=79721
Keywords=Classic
Message=The gpsvc service entered the running state.
10/08/2020 12:41:05 PM
LogName=System
SourceName=Microsoft-Windows-Service Control Manager
EventCode=7036
EventType=4
Type=Information
ComputerName=EC2AMAZ-6KJ2BPP
TaskCategory=None
OpCode=The operation completed successfully.
RecordNumber=79720
Keywords=Classic
Message=The WPDBusEnum service entered the running state.
10/08/2020 12:41:05 PM
LogName=System
SourceName=Microsoft-Windows-Service Control Manager
EventCode=7036
EventType=4
Type=Information
ComputerName=EC2AMAZ-6KJ2BPP
TaskCategory=None
OpCode=The operation completed successfully.
RecordNumber=79719
Keywords=Classic
Message=The Themes service entered the running state.
10/08/2020 12:41:05 PM
LogName=System
SourceName=Microsoft-Windows-Service Control Manager
EventCode=7036
EventType=4
Type=Information
ComputerName=EC2AMAZ-6KJ2BPP
TaskCategory=None
OpCode=The operation completed successfully.
RecordNumber=79718
Keywords=Classic
Message=The EventSystem service entered the running state.
10/08/2020 12:41:05 PM
LogName=System
SourceName=Microsoft-Windows-Service Control Manager
EventCode=7036
EventType=4
Type=Information
ComputerName=EC2AMAZ-6KJ2BPP
TaskCategory=None
OpCode=The operation completed successfully.
RecordNumber=79717
Keywords=Classic
Message=The lmhosts service entered the running state.
10/08/2020 12:41:05 PM
LogName=System
SourceName=Microsoft-Windows-FilterManager
EventCode=6
EventType=4
Type=Information
ComputerName=EC2AMAZ-6KJ2BPP
User=NOT_TRANSLATED
Sid=S-1-5-18
SidType=0
TaskCategory=None
OpCode=Info
RecordNumber=79716
Keywords=None
Message=File System Filter 'storqosflt' (10.0, ‎2019‎-‎02‎-‎17T02:00:41.000000000Z) has successfully loaded and registered with Filter Manager.
10/08/2020 12:41:05 PM
LogName=System
SourceName=Microsoft-Windows-FilterManager
EventCode=6
EventType=4
Type=Information
ComputerName=EC2AMAZ-6KJ2BPP
User=NOT_TRANSLATED
Sid=S-1-5-18
SidType=0
TaskCategory=None
OpCode=Info
RecordNumber=79715
Keywords=None
Message=File System Filter 'wcifs' (10.0, ‎2020‎-‎02‎-‎19T07:59:09.000000000Z) has successfully loaded and registered with Filter Manager.
10/08/2020 12:41:05 PM
LogName=System
SourceName=Microsoft-Windows-FilterManager
EventCode=6
EventType=4
Type=Information
ComputerName=EC2AMAZ-6KJ2BPP
User=NOT_TRANSLATED
Sid=S-1-5-18
SidType=0
TaskCategory=None
OpCode=Info
RecordNumber=79714
Keywords=None
Message=File System Filter 'luafv' (10.0, ‎2019‎-‎04‎-‎02T04:23:00.000000000Z) has successfully loaded and registered with Filter Manager.
10/08/2020 12:41:05 PM
LogName=System
SourceName=Microsoft-Windows-Service Control Manager
EventCode=7036
EventType=4
Type=Information
ComputerName=EC2AMAZ-6KJ2BPP
TaskCategory=None
OpCode=The operation completed successfully.
RecordNumber=79713
Keywords=Classic
Message=The TermService service entered the running state.
10/08/2020 12:41:05 PM
LogName=System
SourceName=Microsoft-Windows-Service Control Manager
EventCode=7036
EventType=4
Type=Information
ComputerName=EC2AMAZ-6KJ2BPP
TaskCategory=None
OpCode=The operation completed successfully.
RecordNumber=79712
Keywords=Classic
Message=The SystemEventsBroker service entered the running state.
10/08/2020 12:41:05 PM
LogName=System
SourceName=Microsoft-Windows-Service Control Manager
EventCode=7036
EventType=4
Type=Information
ComputerName=EC2AMAZ-6KJ2BPP
TaskCategory=None
OpCode=The operation completed successfully.
RecordNumber=79711
Keywords=Classic
Message=The BrokerInfrastructure service entered the running state.
10/08/2020 12:41:05 PM
LogName=System
SourceName=EventLog
EventCode=6013
EventType=4
Type=Information
ComputerName=EC2AMAZ-6KJ2BPP
TaskCategory=None
OpCode=None
RecordNumber=79668
Keywords=Classic
Message=The system uptime is 12 seconds.
10/08/2020 12:41:05 PM
LogName=System
SourceName=EventLog
EventCode=6005
EventType=4
Type=Information
ComputerName=EC2AMAZ-6KJ2BPP
TaskCategory=None
OpCode=None
RecordNumber=79667
Keywords=Classic
Message=The Event log service was started.
10/08/2020 12:41:05 PM
LogName=System
SourceName=EventLog
EventCode=6009
EventType=4
Type=Information
ComputerName=EC2AMAZ-6KJ2BPP
TaskCategory=None
OpCode=None
RecordNumber=79666
Keywords=Classic
Message=Microsoft (R) Windows (R) 10.00. 14393  Multiprocessor Free.
10/08/2020 12:41:06 PM
LogName=System
SourceName=Microsoft-Windows-Iphlpsvc
EventCode=4200
EventType=4
Type=Information
ComputerName=EC2AMAZ-6KJ2BPP
User=NOT_TRANSLATED
Sid=S-1-5-18
SidType=0
TaskCategory=None
OpCode=Info
RecordNumber=79767
Keywords=None
Message=Isatap interface isatap.eu-central-1.compute.internal with address fe80::5efe:10.0.1.14 has been brought up.
10/08/2020 12:41:06 PM
LogName=System
SourceName=Microsoft-Windows-Service Control Manager
EventCode=7036
EventType=4
Type=Information
ComputerName=EC2AMAZ-6KJ2BPP
TaskCategory=None
OpCode=The operation completed successfully.
RecordNumber=79766
Keywords=Classic
Message=The NetSetupSvc service entered the running state.
10/08/2020 12:41:06 PM
LogName=System
SourceName=Microsoft-Windows-Service Control Manager
EventCode=7036
EventType=4
Type=Information
ComputerName=EC2AMAZ-6KJ2BPP
TaskCategory=None
OpCode=The operation completed successfully.
RecordNumber=79765
Keywords=Classic
Message=The WinDefend service entered the running state.
10/08/2020 12:41:06 PM
LogName=System
SourceName=Microsoft-Windows-Service Control Manager
EventCode=7036
EventType=4
Type=Information
ComputerName=EC2AMAZ-6KJ2BPP
TaskCategory=None
OpCode=The operation completed successfully.
RecordNumber=79764
Keywords=Classic
Message=The iphlpsvc service entered the running state.
10/08/2020 12:41:06 PM
LogName=System
SourceName=Microsoft-Windows-Service Control Manager
EventCode=7036
EventType=4
Type=Information
ComputerName=EC2AMAZ-6KJ2BPP
TaskCategory=None
OpCode=The operation completed successfully.
RecordNumber=79763
Keywords=Classic
Message=The tiledatamodelsvc service entered the running state.
10/08/2020 12:41:06 PM
LogName=System
SourceName=Microsoft-Windows-Service Control Manager
EventCode=7026
EventType=4
Type=Information
ComputerName=EC2AMAZ-6KJ2BPP
TaskCategory=None
OpCode=The operation completed successfully.
RecordNumber=79762
Keywords=Classic
Message=The following boot-start or system-start driver(s) did not load: 
cdrom
dam
10/08/2020 12:41:06 PM
LogName=System
SourceName=Microsoft-Windows-Service Control Manager
EventCode=7036
EventType=4
Type=Information
ComputerName=EC2AMAZ-6KJ2BPP
TaskCategory=None
OpCode=The operation completed successfully.
RecordNumber=79761
Keywords=Classic
Message=The WpnService service entered the running state.
10/08/2020 12:41:06 PM
LogName=System
SourceName=Microsoft-Windows-Service Control Manager
EventCode=7036
EventType=4
Type=Information
ComputerName=EC2AMAZ-6KJ2BPP
TaskCategory=None
OpCode=The operation completed successfully.
RecordNumber=79760
Keywords=Classic
Message=The StateRepository service entered the running state.
10/08/2020 12:41:06 PM
LogName=System
SourceName=Microsoft-Windows-Service Control Manager
EventCode=7036
EventType=4
Type=Information
ComputerName=EC2AMAZ-6KJ2BPP
TaskCategory=None
OpCode=The operation completed successfully.
RecordNumber=79759
Keywords=Classic
Message=The WinRM service entered the running state.
10/08/2020 12:41:06 PM
LogName=System
SourceName=Microsoft-Windows-Service Control Manager
EventCode=7036
EventType=4
Type=Information
ComputerName=EC2AMAZ-6KJ2BPP
TaskCategory=None
OpCode=The operation completed successfully.
RecordNumber=79758
Keywords=Classic
Message=The LanmanServer service entered the running state.
10/08/2020 12:41:06 PM
LogName=System
SourceName=Microsoft-Windows-Service Control Manager
EventCode=7036
EventType=4
Type=Information
ComputerName=EC2AMAZ-6KJ2BPP
TaskCategory=None
OpCode=The operation completed successfully.
RecordNumber=79757
Keywords=Classic
Message=The CryptSvc service entered the running state.
10/08/2020 12:41:06 PM
LogName=System
SourceName=Microsoft-Windows-Service Control Manager
EventCode=7036
EventType=4
Type=Information
ComputerName=EC2AMAZ-6KJ2BPP
TaskCategory=None
OpCode=The operation completed successfully.
RecordNumber=79756
Keywords=Classic
Message=The MpsSvc service entered the running state.
10/08/2020 12:41:06 PM
LogName=System
SourceName=Microsoft-Windows-Service Control Manager
EventCode=7036
EventType=4
Type=Information
ComputerName=EC2AMAZ-6KJ2BPP
TaskCategory=None
OpCode=The operation completed successfully.
RecordNumber=79755
Keywords=Classic
Message=The Winmgmt service entered the running state.
10/08/2020 12:41:06 PM
LogName=System
SourceName=Microsoft-Windows-Windows Remote Management
EventCode=10148
EventType=4
Type=Information
ComputerName=EC2AMAZ-6KJ2BPP
TaskCategory=None
OpCode=Info
RecordNumber=79688
Keywords=Classic
Message=The WinRM service is listening for WS-Management requests. 

 User Action 
 Use the following command to see the specific IPs on which WinRM is listening: 

 winrm enumerate winrm/config/listener
10/08/2020 12:41:09 PM
LogName=System
SourceName=Microsoft-Windows-Service Control Manager
EventCode=7036
EventType=4
Type=Information
ComputerName=EC2AMAZ-6KJ2BPP
TaskCategory=None
OpCode=The operation completed successfully.
RecordNumber=79768
Keywords=Classic
Message=The DeviceInstall service entered the running state.
10/08/2020 12:41:10 PM
LogName=System
SourceName=Microsoft-Windows-Service Control Manager
EventCode=7036
EventType=4
Type=Information
ComputerName=EC2AMAZ-6KJ2BPP
TaskCategory=None
OpCode=The operation completed successfully.
RecordNumber=79770
Keywords=Classic
Message=The WdNisSvc service entered the running state.
10/08/2020 12:41:10 PM
LogName=System
SourceName=Microsoft-Windows-Service Control Manager
EventCode=7036
EventType=4
Type=Information
ComputerName=EC2AMAZ-6KJ2BPP
TaskCategory=None
OpCode=The operation completed successfully.
RecordNumber=79769
Keywords=Classic
Message=The wuauserv service entered the running state.
10/08/2020 12:41:18 PM
LogName=System
SourceName=Microsoft-Windows-Service Control Manager
EventCode=7036
EventType=4
Type=Information
ComputerName=EC2AMAZ-6KJ2BPP
TaskCategory=None
OpCode=The operation completed successfully.
RecordNumber=79771
Keywords=Classic
Message=The TrustedInstaller service entered the running state.
10/08/2020 12:41:35 PM
LogName=System
SourceName=Microsoft-Windows-Service Control Manager
EventCode=7036
EventType=4
Type=Information
ComputerName=EC2AMAZ-6KJ2BPP
TaskCategory=None
OpCode=The operation completed successfully.
RecordNumber=79773
Keywords=Classic
Message=The vds service entered the running state.
10/08/2020 12:41:35 PM
LogName=System
SourceName=Virtual Disk Service
EventCode=3
EventType=4
Type=Information
ComputerName=EC2AMAZ-6KJ2BPP
TaskCategory=None
OpCode=None
RecordNumber=79772
Keywords=Classic
Message=Service started.
10/08/2020 12:41:38 PM
LogName=System
SourceName=Microsoft-Windows-Service Control Manager
EventCode=7040
EventType=4
Type=Information
ComputerName=EC2AMAZ-6KJ2BPP
User=NOT_TRANSLATED
Sid=S-1-5-18
SidType=0
TaskCategory=None
OpCode=The operation completed successfully.
RecordNumber=79775
Keywords=Classic
Message=The start type of the Amazon SSM Agent service was changed from disabled to auto start.
10/08/2020 12:41:38 PM
LogName=System
SourceName=Microsoft-Windows-UserModePowerService
EventCode=12
EventType=4
Type=Information
ComputerName=EC2AMAZ-6KJ2BPP
User=NOT_TRANSLATED
Sid=S-1-5-18
SidType=0
TaskCategory=10
OpCode=Info
RecordNumber=79774
Keywords=None
Message=Process C:\Windows\System32\powercfg.exe (process ID:4032) reset policy scheme from {8C5E7FDA-E8BF-4A96-9A85-A6E23A8C635C} to {8C5E7FDA-E8BF-4A96-9A85-A6E23A8C635C}
10/08/2020 12:41:42 PM
LogName=System
SourceName=Microsoft-Windows-DistributedCOM
EventCode=10016
EventType=2
Type=Error
ComputerName=EC2AMAZ-6KJ2BPP
User=NOT_TRANSLATED
Sid=S-1-5-21-3379454365-516788006-517813320-500
SidType=0
TaskCategory=None
OpCode=Info
RecordNumber=79776
Keywords=Classic
Message=The application-specific permission settings do not grant Local Activation permission for the COM Server application with CLSID 
{D63B10C5-BB46-4990-A94F-E40B9D520160}
 and APPID 
{9CA88EE3-ACB7-47C8-AFC4-AB702511C276}
 to the user EC2AMAZ-6KJ2BPP\Administrator SID (S-1-5-21-3379454365-516788006-517813320-500) from address LocalHost (Using LRPC) running in the application container Unavailable SID (Unavailable). This security permission can be modified using the Component Services administrative tool.
10/08/2020 12:41:46 PM
LogName=System
SourceName=Microsoft-Windows-HttpEvent
EventCode=15301
EventType=3
Type=Warning
ComputerName=EC2AMAZ-6KJ2BPP
TaskCategory=None
OpCode=The operation completed successfully.
RecordNumber=79781
Keywords=Classic
Message=SSL Certificate Settings created by an admin process for endpoint : 0.0.0.0:5986 .
10/08/2020 12:41:46 PM
LogName=System
SourceName=Microsoft-Windows-HttpEvent
EventCode=15007
EventType=4
Type=Information
ComputerName=EC2AMAZ-6KJ2BPP
TaskCategory=None
OpCode=The operation completed successfully.
RecordNumber=79780
Keywords=Classic
Message=Reservation for namespace identified by URL prefix https://+:5986/wsman/ was successfully added.
10/08/2020 12:41:46 PM
LogName=System
SourceName=Microsoft-Windows-HttpEvent
EventCode=15008
EventType=4
Type=Information
ComputerName=EC2AMAZ-6KJ2BPP
TaskCategory=None
OpCode=The operation completed successfully.
RecordNumber=79779
Keywords=Classic
Message=Reservation for namespace identified by URL prefix https://+:5986/wsman/ was successfully deleted.
10/08/2020 12:41:46 PM
LogName=System
SourceName=Microsoft-Windows-Service Control Manager
EventCode=7036
EventType=4
Type=Information
ComputerName=EC2AMAZ-6KJ2BPP
TaskCategory=None
OpCode=The operation completed successfully.
RecordNumber=79778
Keywords=Classic
Message=The Microsoft Passport service entered the running state.
10/08/2020 12:41:46 PM
LogName=System
SourceName=Microsoft-Windows-Service Control Manager
EventCode=7036
EventType=4
Type=Information
ComputerName=EC2AMAZ-6KJ2BPP
TaskCategory=None
OpCode=The operation completed successfully.
RecordNumber=79777
Keywords=Classic
Message=The CNG Key Isolation service entered the running state.
10/08/2020 12:41:47 PM
LogName=System
SourceName=Microsoft-Windows-DistributedCOM
EventCode=10016
EventType=2
Type=Error
ComputerName=EC2AMAZ-6KJ2BPP
User=NOT_TRANSLATED
Sid=S-1-5-21-3379454365-516788006-517813320-500
SidType=0
TaskCategory=None
OpCode=Info
RecordNumber=79784
Keywords=Classic
Message=The application-specific permission settings do not grant Local Activation permission for the COM Server application with CLSID 
{D63B10C5-BB46-4990-A94F-E40B9D520160}
 and APPID 
{9CA88EE3-ACB7-47C8-AFC4-AB702511C276}
 to the user EC2AMAZ-6KJ2BPP\Administrator SID (S-1-5-21-3379454365-516788006-517813320-500) from address LocalHost (Using LRPC) running in the application container Unavailable SID (Unavailable). This security permission can be modified using the Component Services administrative tool.
10/08/2020 12:41:47 PM
LogName=System
SourceName=Microsoft-Windows-Service Control Manager
EventCode=7036
EventType=4
Type=Information
ComputerName=EC2AMAZ-6KJ2BPP
TaskCategory=None
OpCode=The operation completed successfully.
RecordNumber=79783
Keywords=Classic
Message=The IPsec Policy Agent service entered the running state.
10/08/2020 12:41:47 PM
LogName=System
SourceName=Microsoft-Windows-DistributedCOM
EventCode=10016
EventType=2
Type=Error
ComputerName=EC2AMAZ-6KJ2BPP
User=NOT_TRANSLATED
Sid=S-1-5-21-3379454365-516788006-517813320-500
SidType=0
TaskCategory=None
OpCode=Info
RecordNumber=79782
Keywords=Classic
Message=The application-specific permission settings do not grant Local Activation permission for the COM Server application with CLSID 
{D63B10C5-BB46-4990-A94F-E40B9D520160}
 and APPID 
{9CA88EE3-ACB7-47C8-AFC4-AB702511C276}
 to the user EC2AMAZ-6KJ2BPP\Administrator SID (S-1-5-21-3379454365-516788006-517813320-500) from address LocalHost (Using LRPC) running in the application container Unavailable SID (Unavailable). This security permission can be modified using the Component Services administrative tool.
10/08/2020 12:41:48 PM
LogName=System
SourceName=Microsoft-Windows-DistributedCOM
EventCode=10016
EventType=2
Type=Error
ComputerName=EC2AMAZ-6KJ2BPP
User=NOT_TRANSLATED
Sid=S-1-5-21-3379454365-516788006-517813320-500
SidType=0
TaskCategory=None
OpCode=Info
RecordNumber=79787
Keywords=Classic
Message=The application-specific permission settings do not grant Local Activation permission for the COM Server application with CLSID 
{D63B10C5-BB46-4990-A94F-E40B9D520160}
 and APPID 
{9CA88EE3-ACB7-47C8-AFC4-AB702511C276}
 to the user EC2AMAZ-6KJ2BPP\Administrator SID (S-1-5-21-3379454365-516788006-517813320-500) from address LocalHost (Using LRPC) running in the application container Unavailable SID (Unavailable). This security permission can be modified using the Component Services administrative tool.
10/08/2020 12:41:48 PM
LogName=System
SourceName=Microsoft-Windows-DistributedCOM
EventCode=10016
EventType=2
Type=Error
ComputerName=EC2AMAZ-6KJ2BPP
User=NOT_TRANSLATED
Sid=S-1-5-21-3379454365-516788006-517813320-500
SidType=0
TaskCategory=None
OpCode=Info
RecordNumber=79786
Keywords=Classic
Message=The application-specific permission settings do not grant Local Activation permission for the COM Server application with CLSID 
{D63B10C5-BB46-4990-A94F-E40B9D520160}
 and APPID 
{9CA88EE3-ACB7-47C8-AFC4-AB702511C276}
 to the user EC2AMAZ-6KJ2BPP\Administrator SID (S-1-5-21-3379454365-516788006-517813320-500) from address LocalHost (Using LRPC) running in the application container Unavailable SID (Unavailable). This security permission can be modified using the Component Services administrative tool.
10/08/2020 12:41:48 PM
LogName=System
SourceName=Microsoft-Windows-DistributedCOM
EventCode=10016
EventType=2
Type=Error
ComputerName=EC2AMAZ-6KJ2BPP
User=NOT_TRANSLATED
Sid=S-1-5-21-3379454365-516788006-517813320-500
SidType=0
TaskCategory=None
OpCode=Info
RecordNumber=79785
Keywords=Classic
Message=The application-specific permission settings do not grant Local Activation permission for the COM Server application with CLSID 
{D63B10C5-BB46-4990-A94F-E40B9D520160}
 and APPID 
{9CA88EE3-ACB7-47C8-AFC4-AB702511C276}
 to the user EC2AMAZ-6KJ2BPP\Administrator SID (S-1-5-21-3379454365-516788006-517813320-500) from address LocalHost (Using LRPC) running in the application container Unavailable SID (Unavailable). This security permission can be modified using the Component Services administrative tool.
10/08/2020 12:41:49 PM
LogName=System
SourceName=Microsoft-Windows-DistributedCOM
EventCode=10016
EventType=2
Type=Error
ComputerName=EC2AMAZ-6KJ2BPP
User=NOT_TRANSLATED
Sid=S-1-5-21-3379454365-516788006-517813320-500
SidType=0
TaskCategory=None
OpCode=Info
RecordNumber=79791
Keywords=Classic
Message=The application-specific permission settings do not grant Local Activation permission for the COM Server application with CLSID 
{D63B10C5-BB46-4990-A94F-E40B9D520160}
 and APPID 
{9CA88EE3-ACB7-47C8-AFC4-AB702511C276}
 to the user EC2AMAZ-6KJ2BPP\Administrator SID (S-1-5-21-3379454365-516788006-517813320-500) from address LocalHost (Using LRPC) running in the application container Unavailable SID (Unavailable). This security permission can be modified using the Component Services administrative tool.
10/08/2020 12:41:49 PM
LogName=System
SourceName=Microsoft-Windows-DistributedCOM
EventCode=10016
EventType=2
Type=Error
ComputerName=EC2AMAZ-6KJ2BPP
User=NOT_TRANSLATED
Sid=S-1-5-21-3379454365-516788006-517813320-500
SidType=0
TaskCategory=None
OpCode=Info
RecordNumber=79790
Keywords=Classic
Message=The application-specific permission settings do not grant Local Activation permission for the COM Server application with CLSID 
{D63B10C5-BB46-4990-A94F-E40B9D520160}
 and APPID 
{9CA88EE3-ACB7-47C8-AFC4-AB702511C276}
 to the user EC2AMAZ-6KJ2BPP\Administrator SID (S-1-5-21-3379454365-516788006-517813320-500) from address LocalHost (Using LRPC) running in the application container Unavailable SID (Unavailable). This security permission can be modified using the Component Services administrative tool.
10/08/2020 12:41:49 PM
LogName=System
SourceName=Microsoft-Windows-DistributedCOM
EventCode=10016
EventType=2
Type=Error
ComputerName=EC2AMAZ-6KJ2BPP
User=NOT_TRANSLATED
Sid=S-1-5-21-3379454365-516788006-517813320-500
SidType=0
TaskCategory=None
OpCode=Info
RecordNumber=79789
Keywords=Classic
Message=The application-specific permission settings do not grant Local Activation permission for the COM Server application with CLSID 
{D63B10C5-BB46-4990-A94F-E40B9D520160}
 and APPID 
{9CA88EE3-ACB7-47C8-AFC4-AB702511C276}
 to the user EC2AMAZ-6KJ2BPP\Administrator SID (S-1-5-21-3379454365-516788006-517813320-500) from address LocalHost (Using LRPC) running in the application container Unavailable SID (Unavailable). This security permission can be modified using the Component Services administrative tool.
