10/08/2020 11:52:55 AM
LogName=System
SourceName=Microsoft-Windows-Kernel-Boot
EventCode=32
EventType=4
Type=Information
ComputerName=EC2AMAZ-V5DC57V
User=NOT_TRANSLATED
Sid=S-1-5-18
SidType=0
TaskCategory=None
OpCode=Info
RecordNumber=79389
Keywords=None
Message=The bootmgr spent 0 ms waiting for user input.
10/08/2020 11:52:55 AM
LogName=System
SourceName=Microsoft-Windows-Kernel-Boot
EventCode=18
EventType=4
Type=Information
ComputerName=EC2AMAZ-V5DC57V
User=NOT_TRANSLATED
Sid=S-1-5-18
SidType=0
TaskCategory=None
OpCode=Info
RecordNumber=79388
Keywords=None
Message=There are 0x1 boot options on this system.
10/08/2020 11:52:55 AM
LogName=System
SourceName=Microsoft-Windows-Kernel-Boot
EventCode=25
EventType=4
Type=Information
ComputerName=EC2AMAZ-V5DC57V
User=NOT_TRANSLATED
Sid=S-1-5-18
SidType=0
TaskCategory=32
OpCode=Info
RecordNumber=79387
Keywords=None
Message=The boot menu policy was 0x0.
10/08/2020 11:52:55 AM
LogName=System
SourceName=Microsoft-Windows-Kernel-Boot
EventCode=27
EventType=4
Type=Information
ComputerName=EC2AMAZ-V5DC57V
User=NOT_TRANSLATED
Sid=S-1-5-18
SidType=0
TaskCategory=33
OpCode=Info
RecordNumber=79386
Keywords=None
Message=The boot type was 0x0.
10/08/2020 11:52:55 AM
LogName=System
SourceName=Microsoft-Windows-Kernel-Boot
EventCode=20
EventType=4
Type=Information
ComputerName=EC2AMAZ-V5DC57V
User=NOT_TRANSLATED
Sid=S-1-5-18
SidType=0
TaskCategory=31
OpCode=Info
RecordNumber=79385
Keywords=None
Message=The last shutdown's success status was true. The last boot's success status was true.
10/08/2020 11:52:55 AM
LogName=System
SourceName=Microsoft-Windows-Kernel-Boot
EventCode=153
EventType=4
Type=Information
ComputerName=EC2AMAZ-V5DC57V
User=NOT_TRANSLATED
Sid=S-1-5-18
SidType=0
TaskCategory=None
OpCode=Info
RecordNumber=79384
Keywords=None
Message=The Virtualization Based Security (policies: 0) is disabled with status STATUS_SUCCESS.
10/08/2020 11:52:55 AM
LogName=System
SourceName=Microsoft-Windows-Kernel-General
EventCode=12
EventType=4
Type=Information
ComputerName=EC2AMAZ-V5DC57V
User=NOT_TRANSLATED
Sid=S-1-5-18
SidType=0
TaskCategory=1
OpCode=Info
RecordNumber=79383
Keywords=None
Message=The operating system started at system time ‎2020‎-‎10‎-‎08T11:52:55.493203200Z.
10/08/2020 11:53:00 AM
LogName=System
SourceName=Microsoft-Windows-Kernel-General
EventCode=15
EventType=4
Type=Information
ComputerName=EC2AMAZ-V5DC57V
User=NOT_TRANSLATED
Sid=S-1-5-18
SidType=0
TaskCategory=None
OpCode=Info
RecordNumber=79398
Keywords=None
Message=Hive \SystemRoot\System32\config\DRIVERS was reorganized with a starting size of 5181440 bytes and an ending size of 5165056 bytes.
10/08/2020 11:53:00 AM
LogName=System
SourceName=Microsoft-Windows-Kernel-Processor-Power
EventCode=55
EventType=4
Type=Information
ComputerName=EC2AMAZ-V5DC57V
User=NOT_TRANSLATED
Sid=S-1-5-18
SidType=0
TaskCategory=47
OpCode=Info
RecordNumber=79397
Keywords=None
Message=Processor 1 in group 0 exposes the following power management capabilities:

Idle state type: ACPI Idle (C) States (1 state(s))

Performance state type: None
Nominal Frequency (MHz): 2300
Maximum performance percentage: 100
Minimum performance percentage: 100
Minimum throttle percentage: 100
10/08/2020 11:53:00 AM
LogName=System
SourceName=Microsoft-Windows-Kernel-Processor-Power
EventCode=55
EventType=4
Type=Information
ComputerName=EC2AMAZ-V5DC57V
User=NOT_TRANSLATED
Sid=S-1-5-18
SidType=0
TaskCategory=47
OpCode=Info
RecordNumber=79396
Keywords=None
Message=Processor 0 in group 0 exposes the following power management capabilities:

Idle state type: ACPI Idle (C) States (1 state(s))

Performance state type: None
Nominal Frequency (MHz): 2300
Maximum performance percentage: 100
Minimum performance percentage: 100
Minimum throttle percentage: 100
10/08/2020 11:53:00 AM
LogName=System
SourceName=Microsoft-Windows-Kernel-Power
EventCode=172
EventType=4
Type=Information
ComputerName=EC2AMAZ-V5DC57V
User=NOT_TRANSLATED
Sid=S-1-5-18
SidType=0
TaskCategory=203
OpCode=Info
RecordNumber=79395
Keywords=None
Message=Connectivity state in standby: Disconnected, Reason: NIC compliance
10/08/2020 11:53:00 AM
LogName=System
SourceName=Microsoft-Windows-FilterManager
EventCode=6
EventType=4
Type=Information
ComputerName=EC2AMAZ-V5DC57V
User=NOT_TRANSLATED
Sid=S-1-5-18
SidType=0
TaskCategory=None
OpCode=Info
RecordNumber=79394
Keywords=None
Message=File System Filter 'npsvctrig' (10.0, ‎2016‎-‎07‎-‎16T02:28:33.000000000Z) has successfully loaded and registered with Filter Manager.
10/08/2020 11:53:00 AM
LogName=System
SourceName=Microsoft-Windows-FilterManager
EventCode=6
EventType=4
Type=Information
ComputerName=EC2AMAZ-V5DC57V
User=NOT_TRANSLATED
Sid=S-1-5-18
SidType=0
TaskCategory=None
OpCode=Info
RecordNumber=79393
Keywords=None
Message=File System Filter 'FileCrypt' (10.0, ‎2018‎-‎08‎-‎30T20:44:27.000000000Z) has successfully loaded and registered with Filter Manager.
10/08/2020 11:53:00 AM
LogName=System
SourceName=Microsoft-Windows-Ntfs
EventCode=98
EventType=4
Type=Information
ComputerName=EC2AMAZ-V5DC57V
User=NOT_TRANSLATED
Sid=S-1-5-18
SidType=0
TaskCategory=None
OpCode=Info
RecordNumber=79392
Keywords=None
Message=Volume \\?\Volume{48cc2f57-0000-0000-0000-100000000000} (\Device\HarddiskVolume1) is healthy.  No action is needed.
10/08/2020 11:53:00 AM
LogName=System
SourceName=Microsoft-Windows-FilterManager
EventCode=6
EventType=4
Type=Information
ComputerName=EC2AMAZ-V5DC57V
User=NOT_TRANSLATED
Sid=S-1-5-18
SidType=0
TaskCategory=None
OpCode=Info
RecordNumber=79391
Keywords=None
Message=File System Filter 'WdFilter' (10.0, ‎2012‎-‎07‎-‎05T22:48:10.000000000Z) has successfully loaded and registered with Filter Manager.
10/08/2020 11:53:00 AM
LogName=System
SourceName=Microsoft-Windows-FilterManager
EventCode=6
EventType=4
Type=Information
ComputerName=EC2AMAZ-V5DC57V
User=NOT_TRANSLATED
Sid=S-1-5-18
SidType=0
TaskCategory=None
OpCode=Info
RecordNumber=79390
Keywords=None
Message=File System Filter 'Wof' (10.0, ‎2019‎-‎09‎-‎29T22:52:46.000000000Z) has successfully loaded and registered with Filter Manager.
10/08/2020 11:53:01 AM
LogName=System
SourceName=Microsoft-Windows-Kernel-General
EventCode=16
EventType=4
Type=Information
ComputerName=EC2AMAZ-V5DC57V
User=NOT_TRANSLATED
Sid=S-1-5-18
SidType=0
TaskCategory=None
OpCode=Info
RecordNumber=79399
Keywords=None
Message=The access history in hive \Device\HarddiskVolume1\Boot\BCD was cleared updating 49 keys and creating 4 modified pages.
10/08/2020 11:53:02 AM
LogName=System
SourceName=Microsoft-Windows-Kernel-General
EventCode=16
EventType=4
Type=Information
ComputerName=EC2AMAZ-V5DC57V
User=NOT_TRANSLATED
Sid=S-1-5-18
SidType=0
TaskCategory=None
OpCode=Info
RecordNumber=79403
Keywords=None
Message=The access history in hive \SystemRoot\System32\Config\SAM was cleared updating 85 keys and creating 9 modified pages.
10/08/2020 11:53:02 AM
LogName=System
SourceName=Microsoft-Windows-Kernel-General
EventCode=16
EventType=4
Type=Information
ComputerName=EC2AMAZ-V5DC57V
User=NOT_TRANSLATED
Sid=S-1-5-18
SidType=0
TaskCategory=None
OpCode=Info
RecordNumber=79402
Keywords=None
Message=The access history in hive \SystemRoot\System32\Config\SECURITY was cleared updating 83 keys and creating 4 modified pages.
10/08/2020 11:53:02 AM
LogName=System
SourceName=Microsoft-Windows-Kernel-General
EventCode=16
EventType=4
Type=Information
ComputerName=EC2AMAZ-V5DC57V
User=NOT_TRANSLATED
Sid=S-1-5-18
SidType=0
TaskCategory=None
OpCode=Info
RecordNumber=79401
Keywords=None
Message=The access history in hive \SystemRoot\System32\Config\DEFAULT was cleared updating 282 keys and creating 41 modified pages.
10/08/2020 11:53:02 AM
LogName=System
SourceName=Microsoft-Windows-Kernel-General
EventCode=15
EventType=4
Type=Information
ComputerName=EC2AMAZ-V5DC57V
User=NOT_TRANSLATED
Sid=S-1-5-18
SidType=0
TaskCategory=None
OpCode=Info
RecordNumber=79400
Keywords=None
Message=Hive \SystemRoot\System32\Config\SOFTWARE was reorganized with a starting size of 88662016 bytes and an ending size of 78172160 bytes.
10/08/2020 11:53:10 AM
LogName=System
SourceName=Microsoft-Windows-Kernel-General
EventCode=16
EventType=4
Type=Information
ComputerName=EC2AMAZ-V5DC57V
User=NOT_TRANSLATED
Sid=S-1-5-18
SidType=0
TaskCategory=None
OpCode=Info
RecordNumber=79404
Keywords=None
Message=The access history in hive \??\C:\Windows\ServiceProfiles\LocalService\NTUSER.DAT was cleared updating 621 keys and creating 34 modified pages.
10/08/2020 11:53:11 AM
LogName=System
SourceName=Microsoft-Windows-Kernel-General
EventCode=16
EventType=4
Type=Information
ComputerName=EC2AMAZ-V5DC57V
User=NOT_TRANSLATED
Sid=S-1-5-18
SidType=0
TaskCategory=None
OpCode=Info
RecordNumber=79405
Keywords=None
Message=The access history in hive \??\C:\Windows\ServiceProfiles\NetworkService\NTUSER.DAT was cleared updating 627 keys and creating 37 modified pages.
10/08/2020 11:53:12 AM
LogName=System
SourceName=Microsoft-Windows-Kernel-General
EventCode=16
EventType=4
Type=Information
ComputerName=EC2AMAZ-V5DC57V
User=NOT_TRANSLATED
Sid=S-1-5-18
SidType=0
TaskCategory=None
OpCode=Info
RecordNumber=79408
Keywords=None
Message=The access history in hive \??\C:\Users\Default\NTUSER.DAT was cleared updating 1948 keys and creating 135 modified pages.
10/08/2020 11:53:12 AM
LogName=System
SourceName=Microsoft-Windows-Kernel-General
EventCode=16
EventType=4
Type=Information
ComputerName=EC2AMAZ-V5DC57V
User=NOT_TRANSLATED
Sid=S-1-5-18
SidType=0
TaskCategory=None
OpCode=Info
RecordNumber=79407
Keywords=None
Message=The access history in hive \??\C:\Users\Administrator\AppData\Local\Microsoft\Windows\UsrClass.dat was cleared updating 842 keys and creating 113 modified pages.
10/08/2020 11:53:12 AM
LogName=System
SourceName=Microsoft-Windows-Kernel-General
EventCode=16
EventType=4
Type=Information
ComputerName=EC2AMAZ-V5DC57V
User=NOT_TRANSLATED
Sid=S-1-5-18
SidType=0
TaskCategory=None
OpCode=Info
RecordNumber=79406
Keywords=None
Message=The access history in hive \??\C:\Users\Administrator\NTUSER.DAT was cleared updating 1950 keys and creating 135 modified pages.
10/08/2020 11:53:27 AM
LogName=System
SourceName=Microsoft-Windows-Wininit
EventCode=14
EventType=4
Type=Information
ComputerName=EC2AMAZ-V5DC57V
User=NOT_TRANSLATED
Sid=S-1-5-18
SidType=0
TaskCategory=None
OpCode=Info
RecordNumber=79409
Keywords=None
Message=Credential Guard (LsaIso.exe) configuration: 0x0, 0
10/08/2020 11:53:28 AM
LogName=System
SourceName=Microsoft-Windows-Service Control Manager
EventCode=7036
EventType=4
Type=Information
ComputerName=EC2AMAZ-V5DC57V
TaskCategory=None
OpCode=The operation completed successfully.
RecordNumber=79411
Keywords=Classic
Message=The PlugPlay service entered the running state.
10/08/2020 11:53:28 AM
LogName=System
SourceName=Microsoft-Windows-Directory-Services-SAM
EventCode=16962
EventType=4
Type=Information
ComputerName=EC2AMAZ-V5DC57V
User=NOT_TRANSLATED
Sid=S-1-5-18
SidType=0
TaskCategory=None
OpCode=Info
RecordNumber=79410
Keywords=None
Message=Remote calls to the SAM database are being restricted using the default security descriptor: O:SYG:SYD:(A;;RC;;;BA).
For more information please see http://go.microsoft.com/fwlink/?LinkId=787651.
10/08/2020 11:53:29 AM
LogName=System
SourceName=Microsoft-Windows-Service Control Manager
EventCode=7036
EventType=4
Type=Information
ComputerName=EC2AMAZ-V5DC57V
TaskCategory=None
OpCode=The operation completed successfully.
RecordNumber=79421
Keywords=Classic
Message=The NetSetupSvc service entered the running state.
10/08/2020 11:53:29 AM
LogName=System
SourceName=Microsoft-Windows-Service Control Manager
EventCode=7036
EventType=4
Type=Information
ComputerName=EC2AMAZ-V5DC57V
TaskCategory=None
OpCode=The operation completed successfully.
RecordNumber=79420
Keywords=Classic
Message=The CoreMessagingRegistrar service entered the running state.
10/08/2020 11:53:29 AM
LogName=System
SourceName=Microsoft-Windows-Service Control Manager
EventCode=7036
EventType=4
Type=Information
ComputerName=EC2AMAZ-V5DC57V
TaskCategory=None
OpCode=The operation completed successfully.
RecordNumber=79419
Keywords=Classic
Message=The DeviceInstall service entered the running state.
10/08/2020 11:53:29 AM
LogName=System
SourceName=Microsoft-Windows-Service Control Manager
EventCode=7036
EventType=4
Type=Information
ComputerName=EC2AMAZ-V5DC57V
TaskCategory=None
OpCode=The operation completed successfully.
RecordNumber=79418
Keywords=Classic
Message=The SystemEventsBroker service entered the running state.
10/08/2020 11:53:29 AM
LogName=System
SourceName=Microsoft-Windows-Service Control Manager
EventCode=7036
EventType=4
Type=Information
ComputerName=EC2AMAZ-V5DC57V
TaskCategory=None
OpCode=The operation completed successfully.
RecordNumber=79417
Keywords=Classic
Message=The sppsvc service entered the running state.
10/08/2020 11:53:29 AM
LogName=System
SourceName=Microsoft-Windows-Service Control Manager
EventCode=7036
EventType=4
Type=Information
ComputerName=EC2AMAZ-V5DC57V
TaskCategory=None
OpCode=The operation completed successfully.
RecordNumber=79416
Keywords=Classic
Message=The LSM service entered the running state.
10/08/2020 11:53:29 AM
LogName=System
SourceName=Microsoft-Windows-Service Control Manager
EventCode=7036
EventType=4
Type=Information
ComputerName=EC2AMAZ-V5DC57V
TaskCategory=None
OpCode=The operation completed successfully.
RecordNumber=79415
Keywords=Classic
Message=The RpcSs service entered the running state.
10/08/2020 11:53:29 AM
LogName=System
SourceName=Microsoft-Windows-Service Control Manager
EventCode=7036
EventType=4
Type=Information
ComputerName=EC2AMAZ-V5DC57V
TaskCategory=None
OpCode=The operation completed successfully.
RecordNumber=79414
Keywords=Classic
Message=The DcomLaunch service entered the running state.
10/08/2020 11:53:29 AM
LogName=System
SourceName=Microsoft-Windows-Service Control Manager
EventCode=7036
EventType=4
Type=Information
ComputerName=EC2AMAZ-V5DC57V
TaskCategory=None
OpCode=The operation completed successfully.
RecordNumber=79413
Keywords=Classic
Message=The RpcEptMapper service entered the running state.
10/08/2020 11:53:29 AM
LogName=System
SourceName=Microsoft-Windows-Service Control Manager
EventCode=7036
EventType=4
Type=Information
ComputerName=EC2AMAZ-V5DC57V
TaskCategory=None
OpCode=The operation completed successfully.
RecordNumber=79412
Keywords=Classic
Message=The Power service entered the running state.
10/08/2020 11:53:30 AM
LogName=System
SourceName=Microsoft-Windows-Service Control Manager
EventCode=7036
EventType=4
Type=Information
ComputerName=EC2AMAZ-V5DC57V
TaskCategory=None
OpCode=The operation completed successfully.
RecordNumber=79425
Keywords=Classic
Message=The tiledatamodelsvc service entered the running state.
10/08/2020 11:53:30 AM
LogName=System
SourceName=Microsoft-Windows-Service Control Manager
EventCode=7036
EventType=4
Type=Information
ComputerName=EC2AMAZ-V5DC57V
TaskCategory=None
OpCode=The operation completed successfully.
RecordNumber=79424
Keywords=Classic
Message=The AppXSvc service entered the running state.
10/08/2020 11:53:30 AM
LogName=System
SourceName=Microsoft-Windows-Service Control Manager
EventCode=7036
EventType=4
Type=Information
ComputerName=EC2AMAZ-V5DC57V
TaskCategory=None
OpCode=The operation completed successfully.
RecordNumber=79423
Keywords=Classic
Message=The StateRepository service entered the running state.
10/08/2020 11:53:30 AM
LogName=System
SourceName=Microsoft-Windows-Service Control Manager
EventCode=7036
EventType=4
Type=Information
ComputerName=EC2AMAZ-V5DC57V
TaskCategory=None
OpCode=The operation completed successfully.
RecordNumber=79422
Keywords=Classic
Message=The dmwappushservice service entered the running state.
10/08/2020 11:53:35 AM
LogName=System
SourceName=Microsoft-Windows-Service Control Manager
EventCode=7036
EventType=4
Type=Information
ComputerName=EC2AMAZ-V5DC57V
TaskCategory=None
OpCode=The operation completed successfully.
RecordNumber=79456
Keywords=Classic
Message=The Spooler service entered the running state.
10/08/2020 11:53:35 AM
LogName=System
SourceName=Microsoft-Windows-Service Control Manager
EventCode=7036
EventType=4
Type=Information
ComputerName=EC2AMAZ-V5DC57V
TaskCategory=None
OpCode=The operation completed successfully.
RecordNumber=79455
Keywords=Classic
Message=The CryptSvc service entered the running state.
10/08/2020 11:53:35 AM
LogName=System
SourceName=Microsoft-Windows-Service Control Manager
EventCode=7036
EventType=4
Type=Information
ComputerName=EC2AMAZ-V5DC57V
TaskCategory=None
OpCode=The operation completed successfully.
RecordNumber=79454
Keywords=Classic
Message=The MpsSvc service entered the running state.
10/08/2020 11:53:35 AM
LogName=System
SourceName=Microsoft-Windows-Service Control Manager
EventCode=7036
EventType=4
Type=Information
ComputerName=EC2AMAZ-V5DC57V
TaskCategory=None
OpCode=The operation completed successfully.
RecordNumber=79453
Keywords=Classic
Message=The SamSs service entered the running state.
10/08/2020 11:53:35 AM
LogName=System
SourceName=Microsoft-Windows-Service Control Manager
EventCode=7036
EventType=4
Type=Information
ComputerName=EC2AMAZ-V5DC57V
TaskCategory=None
OpCode=The operation completed successfully.
RecordNumber=79451
Keywords=Classic
Message=The LanmanWorkstation service entered the running state.
10/08/2020 11:53:35 AM
LogName=System
SourceName=Microsoft-Windows-Service Control Manager
EventCode=7036
EventType=4
Type=Information
ComputerName=EC2AMAZ-V5DC57V
TaskCategory=None
OpCode=The operation completed successfully.
RecordNumber=79450
Keywords=Classic
Message=The BFE service entered the running state.
10/08/2020 11:53:35 AM
LogName=System
SourceName=Microsoft-Windows-Service Control Manager
EventCode=7036
EventType=4
Type=Information
ComputerName=EC2AMAZ-V5DC57V
TaskCategory=None
OpCode=The operation completed successfully.
RecordNumber=79449
Keywords=Classic
Message=The FontCache service entered the running state.
10/08/2020 11:53:35 AM
LogName=System
SourceName=Microsoft-Windows-Service Control Manager
EventCode=7036
EventType=4
Type=Information
ComputerName=EC2AMAZ-V5DC57V
TaskCategory=None
OpCode=The operation completed successfully.
RecordNumber=79448
Keywords=Classic
Message=The ProfSvc service entered the running state.
10/08/2020 11:53:35 AM
LogName=System
SourceName=Microsoft-Windows-Service Control Manager
EventCode=7036
EventType=4
Type=Information
ComputerName=EC2AMAZ-V5DC57V
TaskCategory=None
OpCode=The operation completed successfully.
RecordNumber=79447
Keywords=Classic
Message=The ShellHWDetection service entered the running state.
10/08/2020 11:53:35 AM
LogName=System
SourceName=Microsoft-Windows-Service Control Manager
EventCode=7036
EventType=4
Type=Information
ComputerName=EC2AMAZ-V5DC57V
TaskCategory=None
OpCode=The operation completed successfully.
RecordNumber=79446
Keywords=Classic
Message=The SENS service entered the running state.
10/08/2020 11:53:35 AM
LogName=System
SourceName=Microsoft-Windows-Service Control Manager
EventCode=7023
EventType=2
Type=Error
ComputerName=EC2AMAZ-V5DC57V
TaskCategory=None
OpCode=The operation completed successfully.
RecordNumber=79445
Keywords=Classic
Message=The netprofm service terminated with the following error: 
The device is not ready.
10/08/2020 11:53:35 AM
LogName=System
SourceName=Microsoft-Windows-Service Control Manager
EventCode=7036
EventType=4
Type=Information
ComputerName=EC2AMAZ-V5DC57V
TaskCategory=None
OpCode=The operation completed successfully.
RecordNumber=79444
Keywords=Classic
Message=The netprofm service entered the stopped state.
10/08/2020 11:53:35 AM
LogName=System
SourceName=Microsoft-Windows-Service Control Manager
EventCode=7036
EventType=4
Type=Information
ComputerName=EC2AMAZ-V5DC57V
TaskCategory=None
OpCode=The operation completed successfully.
RecordNumber=79443
Keywords=Classic
Message=The Dnscache service entered the running state.
10/08/2020 11:53:35 AM
LogName=System
SourceName=Microsoft-Windows-Service Control Manager
EventCode=7036
EventType=4
Type=Information
ComputerName=EC2AMAZ-V5DC57V
TaskCategory=None
OpCode=The operation completed successfully.
RecordNumber=79442
Keywords=Classic
Message=The NlaSvc service entered the running state.
10/08/2020 11:53:35 AM
LogName=System
SourceName=Microsoft-Windows-Service Control Manager
EventCode=7036
EventType=4
Type=Information
ComputerName=EC2AMAZ-V5DC57V
TaskCategory=None
OpCode=The operation completed successfully.
RecordNumber=79441
Keywords=Classic
Message=The gpsvc service entered the running state.
10/08/2020 11:53:35 AM
LogName=System
SourceName=Microsoft-Windows-Service Control Manager
EventCode=7036
EventType=4
Type=Information
ComputerName=EC2AMAZ-V5DC57V
TaskCategory=None
OpCode=The operation completed successfully.
RecordNumber=79440
Keywords=Classic
Message=The Wcmsvc service entered the running state.
10/08/2020 11:53:35 AM
LogName=System
SourceName=Microsoft-Windows-Service Control Manager
EventCode=7036
EventType=4
Type=Information
ComputerName=EC2AMAZ-V5DC57V
TaskCategory=None
OpCode=The operation completed successfully.
RecordNumber=79439
Keywords=Classic
Message=The Dhcp service entered the running state.
10/08/2020 11:53:35 AM
LogName=System
SourceName=Microsoft-Windows-DHCPv6-Client
EventCode=51046
EventType=4
Type=Information
ComputerName=EC2AMAZ-V5DC57V
User=NOT_TRANSLATED
Sid=S-1-5-19
SidType=0
TaskCategory=Service State Event
OpCode=ServiceStart
RecordNumber=79438
Keywords=None
Message=DHCPv6 client service is started
10/08/2020 11:53:35 AM
LogName=System
SourceName=Microsoft-Windows-Dhcp-Client
EventCode=50036
EventType=4
Type=Information
ComputerName=EC2AMAZ-V5DC57V
User=NOT_TRANSLATED
Sid=S-1-5-19
SidType=0
TaskCategory=Service State Event
OpCode=ServiceStart
RecordNumber=79437
Keywords=None
Message=DHCPv4 client service is started
10/08/2020 11:53:35 AM
LogName=System
SourceName=Microsoft-Windows-Service Control Manager
EventCode=7036
EventType=4
Type=Information
ComputerName=EC2AMAZ-V5DC57V
TaskCategory=None
OpCode=The operation completed successfully.
RecordNumber=79436
Keywords=Classic
Message=The EventSystem service entered the running state.
10/08/2020 11:53:35 AM
LogName=System
SourceName=Microsoft-Windows-Service Control Manager
EventCode=7036
EventType=4
Type=Information
ComputerName=EC2AMAZ-V5DC57V
TaskCategory=None
OpCode=The operation completed successfully.
RecordNumber=79435
Keywords=Classic
Message=The nsi service entered the running state.
10/08/2020 11:53:35 AM
LogName=System
SourceName=Microsoft-Windows-Service Control Manager
EventCode=7036
EventType=4
Type=Information
ComputerName=EC2AMAZ-V5DC57V
TaskCategory=None
OpCode=The operation completed successfully.
RecordNumber=79434
Keywords=Classic
Message=The EventLog service entered the running state.
10/08/2020 11:53:35 AM
LogName=System
SourceName=Microsoft-Windows-Service Control Manager
EventCode=7036
EventType=4
Type=Information
ComputerName=EC2AMAZ-V5DC57V
TaskCategory=None
OpCode=The operation completed successfully.
RecordNumber=79433
Keywords=Classic
Message=The Themes service entered the running state.
10/08/2020 11:53:35 AM
LogName=System
SourceName=Microsoft-Windows-FilterManager
EventCode=6
EventType=4
Type=Information
ComputerName=EC2AMAZ-V5DC57V
User=NOT_TRANSLATED
Sid=S-1-5-18
SidType=0
TaskCategory=None
OpCode=Info
RecordNumber=79432
Keywords=None
Message=File System Filter 'storqosflt' (10.0, ‎2019‎-‎02‎-‎17T02:00:41.000000000Z) has successfully loaded and registered with Filter Manager.
10/08/2020 11:53:35 AM
LogName=System
SourceName=Microsoft-Windows-FilterManager
EventCode=6
EventType=4
Type=Information
ComputerName=EC2AMAZ-V5DC57V
User=NOT_TRANSLATED
Sid=S-1-5-18
SidType=0
TaskCategory=None
OpCode=Info
RecordNumber=79431
Keywords=None
Message=File System Filter 'wcifs' (10.0, ‎2020‎-‎02‎-‎19T07:59:09.000000000Z) has successfully loaded and registered with Filter Manager.
10/08/2020 11:53:35 AM
LogName=System
SourceName=Microsoft-Windows-FilterManager
EventCode=6
EventType=4
Type=Information
ComputerName=EC2AMAZ-V5DC57V
User=NOT_TRANSLATED
Sid=S-1-5-18
SidType=0
TaskCategory=None
OpCode=Info
RecordNumber=79430
Keywords=None
Message=File System Filter 'luafv' (10.0, ‎2019‎-‎04‎-‎02T04:23:00.000000000Z) has successfully loaded and registered with Filter Manager.
10/08/2020 11:53:35 AM
LogName=System
SourceName=Microsoft-Windows-Service Control Manager
EventCode=7036
EventType=4
Type=Information
ComputerName=EC2AMAZ-V5DC57V
TaskCategory=None
OpCode=The operation completed successfully.
RecordNumber=79429
Keywords=Classic
Message=The WPDBusEnum service entered the running state.
10/08/2020 11:53:35 AM
LogName=System
SourceName=Microsoft-Windows-Kernel-General
EventCode=16
EventType=4
Type=Information
ComputerName=EC2AMAZ-V5DC57V
User=NOT_TRANSLATED
Sid=S-1-5-18
SidType=0
TaskCategory=None
OpCode=Info
RecordNumber=79428
Keywords=None
Message=The access history in hive \SystemRoot\System32\Config\BBI was cleared updating 52 keys and creating 13 modified pages.
10/08/2020 11:53:35 AM
LogName=System
SourceName=Microsoft-Windows-Service Control Manager
EventCode=7036
EventType=4
Type=Information
ComputerName=EC2AMAZ-V5DC57V
TaskCategory=None
OpCode=The operation completed successfully.
RecordNumber=79427
Keywords=Classic
Message=The DsmSvc service entered the running state.
10/08/2020 11:53:35 AM
LogName=System
SourceName=Microsoft-Windows-Service Control Manager
EventCode=7036
EventType=4
Type=Information
ComputerName=EC2AMAZ-V5DC57V
TaskCategory=None
OpCode=The operation completed successfully.
RecordNumber=79426
Keywords=Classic
Message=The BrokerInfrastructure service entered the running state.
10/08/2020 11:53:35 AM
LogName=System
SourceName=EventLog
EventCode=6005
EventType=4
Type=Information
ComputerName=EC2AMAZ-V5DC57V
TaskCategory=None
OpCode=None
RecordNumber=79375
Keywords=Classic
Message=The Event log service was started.
10/08/2020 11:53:35 AM
LogName=System
SourceName=EventLog
EventCode=6009
EventType=4
Type=Information
ComputerName=EC2AMAZ-V5DC57V
TaskCategory=None
OpCode=None
RecordNumber=79374
Keywords=Classic
Message=Microsoft (R) Windows (R) 10.00. 14393  Multiprocessor Free.
10/08/2020 11:53:35 AM
LogName=System
SourceName=EventLog
EventCode=6011
EventType=4
Type=Information
ComputerName=EC2AMAZ-V5DC57V
TaskCategory=None
OpCode=None
RecordNumber=79373
Keywords=Classic
Message=The NetBIOS name and DNS host name of this machine have been changed from EC2AMAZ-V5DC57V to WIN-9DPCEULFCUL.
10/08/2020 11:53:36 AM
LogName=System
SourceName=Microsoft-Windows-Service Control Manager
EventCode=7036
EventType=4
Type=Information
ComputerName=EC2AMAZ-V5DC57V
TaskCategory=None
OpCode=The operation completed successfully.
RecordNumber=79472
Keywords=Classic
Message=The WinDefend service entered the running state.
10/08/2020 11:53:36 AM
LogName=System
SourceName=Microsoft-Windows-Service Control Manager
EventCode=7026
EventType=4
Type=Information
ComputerName=EC2AMAZ-V5DC57V
TaskCategory=None
OpCode=The operation completed successfully.
RecordNumber=79471
Keywords=Classic
Message=The following boot-start or system-start driver(s) did not load: 
cdrom
dam
10/08/2020 11:53:36 AM
LogName=System
SourceName=Microsoft-Windows-Service Control Manager
EventCode=7023
EventType=2
Type=Error
ComputerName=EC2AMAZ-V5DC57V
TaskCategory=None
OpCode=The operation completed successfully.
RecordNumber=79470
Keywords=Classic
Message=The iphlpsvc service terminated with the following error: 
The service cannot be started, either because it is disabled or because it has no enabled devices associated with it.
10/08/2020 11:53:36 AM
LogName=System
SourceName=Microsoft-Windows-Service Control Manager
EventCode=7036
EventType=4
Type=Information
ComputerName=EC2AMAZ-V5DC57V
TaskCategory=None
OpCode=The operation completed successfully.
RecordNumber=79469
Keywords=Classic
Message=The iphlpsvc service entered the stopped state.
10/08/2020 11:53:36 AM
LogName=System
SourceName=Microsoft-Windows-Service Control Manager
EventCode=7036
EventType=4
Type=Information
ComputerName=EC2AMAZ-V5DC57V
TaskCategory=None
OpCode=The operation completed successfully.
RecordNumber=79468
Keywords=Classic
Message=The Winmgmt service entered the running state.
10/08/2020 11:53:36 AM
LogName=System
SourceName=Microsoft-Windows-Service Control Manager
EventCode=7036
EventType=4
Type=Information
ComputerName=EC2AMAZ-V5DC57V
TaskCategory=None
OpCode=The operation completed successfully.
RecordNumber=79467
Keywords=Classic
Message=The WpnService service entered the running state.
10/08/2020 11:53:36 AM
LogName=System
SourceName=Microsoft-Windows-Service Control Manager
EventCode=7036
EventType=4
Type=Information
ComputerName=EC2AMAZ-V5DC57V
TaskCategory=None
OpCode=The operation completed successfully.
RecordNumber=79466
Keywords=Classic
Message=The LanmanServer service entered the running state.
10/08/2020 11:53:36 AM
LogName=System
SourceName=Microsoft-Windows-Service Control Manager
EventCode=7036
EventType=4
Type=Information
ComputerName=EC2AMAZ-V5DC57V
TaskCategory=None
OpCode=The operation completed successfully.
RecordNumber=79465
Keywords=Classic
Message=The UserManager service entered the running state.
10/08/2020 11:53:36 AM
LogName=System
SourceName=Microsoft-Windows-Service Control Manager
EventCode=7036
EventType=4
Type=Information
ComputerName=EC2AMAZ-V5DC57V
TaskCategory=None
OpCode=The operation completed successfully.
RecordNumber=79464
Keywords=Classic
Message=The WinRM service entered the running state.
10/08/2020 11:53:36 AM
LogName=System
SourceName=Microsoft-Windows-Service Control Manager
EventCode=7036
EventType=4
Type=Information
ComputerName=EC2AMAZ-V5DC57V
TaskCategory=None
OpCode=The operation completed successfully.
RecordNumber=79463
Keywords=Classic
Message=The WinHttpAutoProxySvc service entered the running state.
10/08/2020 11:53:36 AM
LogName=System
SourceName=Microsoft-Windows-Service Control Manager
EventCode=7036
EventType=4
Type=Information
ComputerName=EC2AMAZ-V5DC57V
TaskCategory=None
OpCode=The operation completed successfully.
RecordNumber=79462
Keywords=Classic
Message=The W32Time service entered the running state.
10/08/2020 11:53:36 AM
LogName=System
SourceName=Microsoft-Windows-Service Control Manager
EventCode=7036
EventType=4
Type=Information
ComputerName=EC2AMAZ-V5DC57V
TaskCategory=None
OpCode=The operation completed successfully.
RecordNumber=79461
Keywords=Classic
Message=The RemoteRegistry service entered the running state.
10/08/2020 11:53:36 AM
LogName=System
SourceName=Microsoft-Windows-Service Control Manager
EventCode=7036
EventType=4
Type=Information
ComputerName=EC2AMAZ-V5DC57V
TaskCategory=None
OpCode=The operation completed successfully.
RecordNumber=79460
Keywords=Classic
Message=The PcaSvc service entered the running state.
10/08/2020 11:53:36 AM
LogName=System
SourceName=Microsoft-Windows-Service Control Manager
EventCode=7036
EventType=4
Type=Information
ComputerName=EC2AMAZ-V5DC57V
TaskCategory=None
OpCode=The operation completed successfully.
RecordNumber=79459
Keywords=Classic
Message=The Schedule service entered the running state.
10/08/2020 11:53:36 AM
LogName=System
SourceName=Microsoft-Windows-Service Control Manager
EventCode=7036
EventType=4
Type=Information
ComputerName=EC2AMAZ-V5DC57V
TaskCategory=None
OpCode=The operation completed successfully.
RecordNumber=79458
Keywords=Classic
Message=The AWSLiteAgent service entered the running state.
10/08/2020 11:53:36 AM
LogName=System
SourceName=Microsoft-Windows-Service Control Manager
EventCode=7036
EventType=4
Type=Information
ComputerName=EC2AMAZ-V5DC57V
TaskCategory=None
OpCode=The operation completed successfully.
RecordNumber=79457
Keywords=Classic
Message=The TrkWks service entered the running state.
10/08/2020 11:53:36 AM
LogName=System
SourceName=Microsoft-Windows-Windows Remote Management
EventCode=10148
EventType=4
Type=Information
ComputerName=EC2AMAZ-V5DC57V
TaskCategory=None
OpCode=Info
RecordNumber=79452
Keywords=Classic
Message=The WinRM service is listening for WS-Management requests. 

 User Action 
 Use the following command to see the specific IPs on which WinRM is listening: 

 winrm enumerate winrm/config/listener
10/08/2020 11:53:38 AM
LogName=System
SourceName=Microsoft-Windows-Service Control Manager
EventCode=7036
EventType=4
Type=Information
ComputerName=EC2AMAZ-V5DC57V
TaskCategory=None
OpCode=The operation completed successfully.
RecordNumber=79473
Keywords=Classic
Message=The TimeBrokerSvc service entered the running state.
10/08/2020 11:53:39 AM
LogName=System
SourceName=Microsoft-Windows-UserPnp
EventCode=20003
EventType=4
Type=Information
ComputerName=EC2AMAZ-V5DC57V
User=NOT_TRANSLATED
Sid=S-1-5-18
SidType=0
TaskCategory=7005
OpCode=Info
RecordNumber=79474
Keywords=None
Message=Driver Management has concluded the process to add Service vxn for Device Instance ID PCI\VEN_8086&DEV_10ED&SUBSYS_00000000&REV_01\3&267A616A&2&18 with the following status: 0.
10/08/2020 11:53:40 AM
LogName=System
SourceName=Microsoft-Windows-UserPnp
EventCode=20001
EventType=4
Type=Information
ComputerName=EC2AMAZ-V5DC57V
User=NOT_TRANSLATED
Sid=S-1-5-18
SidType=0
TaskCategory=7005
OpCode=Info
RecordNumber=79475
Keywords=None
Message=Driver Management concluded the process to install driver vxn65x64.inf_amd64_c69f09961e9fb531\vxn65x64.inf for Device Instance ID PCI\VEN_8086&DEV_10ED&SUBSYS_00000000&REV_01\3&267A616A&2&18 with the following status: 0x0.
10/08/2020 11:53:41 AM
LogName=System
SourceName=Microsoft-Windows-Kernel-General
EventCode=16
EventType=4
Type=Information
ComputerName=EC2AMAZ-V5DC57V
User=NOT_TRANSLATED
Sid=S-1-5-18
SidType=0
TaskCategory=None
OpCode=Info
RecordNumber=79483
Keywords=None
Message=The access history in hive \??\C:\ProgramData\Microsoft\Windows\AppRepository\Packages\Microsoft.Windows.Apprep.ChxApp_1000.14393.2969.0_neutral_neutral_cw5n1h2txyewy\ActivationStore.dat was cleared updating 0 keys and creating 0 modified pages.
10/08/2020 11:53:41 AM
LogName=System
SourceName=Microsoft-Windows-Service Control Manager
EventCode=7036
EventType=4
Type=Information
ComputerName=EC2AMAZ-V5DC57V
TaskCategory=None
OpCode=The operation completed successfully.
RecordNumber=79482
Keywords=Classic
Message=The TCP/IP NetBIOS Helper service entered the running state.
10/08/2020 11:53:41 AM
LogName=System
SourceName=Microsoft-Windows-Time-Service
EventCode=37
EventType=4
Type=Information
ComputerName=EC2AMAZ-V5DC57V
User=NOT_TRANSLATED
Sid=S-1-5-19
SidType=0
TaskCategory=None
OpCode=Info
RecordNumber=79481
Keywords=None
Message=The time provider NtpClient is currently receiving valid time data from 169.254.169.123,0x9 (ntp.m|0x9|0.0.0.0:123->169.254.169.123:123).
10/08/2020 11:53:41 AM
LogName=System
SourceName=vxn
EventCode=31
EventType=4
Type=Information
ComputerName=EC2AMAZ-V5DC57V
TaskCategory=None
OpCode=None
RecordNumber=79480
Keywords=Classic
Message=Intel(R) 82599 Virtual Function
 Network link has been established at 10Gbps full duplex.
10/08/2020 11:53:41 AM
LogName=System
SourceName=Microsoft-Windows-Kernel-General
EventCode=16
EventType=4
Type=Information
ComputerName=EC2AMAZ-V5DC57V
User=NOT_TRANSLATED
Sid=S-1-5-18
SidType=0
TaskCategory=None
OpCode=Info
RecordNumber=79479
Keywords=None
Message=The access history in hive \??\C:\ProgramData\Microsoft\Windows\AppRepository\Packages\Microsoft.LockApp_10.0.14393.2068_neutral__cw5n1h2txyewy\ActivationStore.dat was cleared updating 0 keys and creating 0 modified pages.
10/08/2020 11:53:41 AM
LogName=System
SourceName=Microsoft-Windows-Kernel-General
EventCode=16
EventType=4
Type=Information
ComputerName=EC2AMAZ-V5DC57V
User=NOT_TRANSLATED
Sid=S-1-5-18
SidType=0
TaskCategory=None
OpCode=Info
RecordNumber=79478
Keywords=None
Message=The access history in hive \??\C:\ProgramData\Microsoft\Windows\AppRepository\Packages\Microsoft.BioEnrollment_10.0.14393.0_neutral__cw5n1h2txyewy\ActivationStore.dat was cleared updating 0 keys and creating 0 modified pages.
10/08/2020 11:53:41 AM
LogName=System
SourceName=Microsoft-Windows-Kernel-General
EventCode=16
EventType=4
Type=Information
ComputerName=EC2AMAZ-V5DC57V
User=NOT_TRANSLATED
Sid=S-1-5-18
SidType=0
TaskCategory=None
OpCode=Info
RecordNumber=79477
Keywords=None
Message=The access history in hive \??\C:\ProgramData\Microsoft\Windows\AppRepository\Packages\Microsoft.AccountsControl_10.0.14393.2068_neutral__cw5n1h2txyewy\ActivationStore.dat was cleared updating 0 keys and creating 0 modified pages.
10/08/2020 11:53:41 AM
LogName=System
SourceName=Microsoft-Windows-Kernel-General
EventCode=16
EventType=4
Type=Information
ComputerName=EC2AMAZ-V5DC57V
User=NOT_TRANSLATED
Sid=S-1-5-18
SidType=0
TaskCategory=None
OpCode=Info
RecordNumber=79476
Keywords=None
Message=The access history in hive \??\C:\ProgramData\Microsoft\Windows\AppRepository\Packages\Microsoft.AAD.BrokerPlugin_1000.14393.0.0_neutral_neutral_cw5n1h2txyewy\ActivationStore.dat was cleared updating 0 keys and creating 0 modified pages.
10/08/2020 11:53:42 AM
LogName=System
SourceName=Microsoft-Windows-Kernel-General
EventCode=16
EventType=4
Type=Information
ComputerName=EC2AMAZ-V5DC57V
User=NOT_TRANSLATED
Sid=S-1-5-18
SidType=0
TaskCategory=None
OpCode=Info
RecordNumber=79487
Keywords=None
Message=The access history in hive \??\C:\ProgramData\Microsoft\Windows\AppRepository\Packages\Microsoft.Windows.SecondaryTileExperience_10.0.0.0_neutral__cw5n1h2txyewy\ActivationStore.dat was cleared updating 0 keys and creating 0 modified pages.
10/08/2020 11:53:42 AM
LogName=System
SourceName=Microsoft-Windows-Kernel-General
EventCode=16
EventType=4
Type=Information
ComputerName=EC2AMAZ-V5DC57V
User=NOT_TRANSLATED
Sid=S-1-5-18
SidType=0
TaskCategory=None
OpCode=Info
RecordNumber=79486
Keywords=None
Message=The access history in hive \??\C:\ProgramData\Microsoft\Windows\AppRepository\Packages\Microsoft.Windows.Cortana_1.7.0.14393_neutral_neutral_cw5n1h2txyewy\ActivationStore.dat was cleared updating 0 keys and creating 0 modified pages.
10/08/2020 11:53:42 AM
LogName=System
SourceName=Microsoft-Windows-Kernel-General
EventCode=16
EventType=4
Type=Information
ComputerName=EC2AMAZ-V5DC57V
User=NOT_TRANSLATED
Sid=S-1-5-18
SidType=0
TaskCategory=None
OpCode=Info
RecordNumber=79485
Keywords=None
Message=The access history in hive \??\C:\ProgramData\Microsoft\Windows\AppRepository\Packages\Microsoft.Windows.CloudExperienceHost_10.0.14393.1066_neutral_neutral_cw5n1h2txyewy\ActivationStore.dat was cleared updating 0 keys and creating 0 modified pages.
10/08/2020 11:53:42 AM
LogName=System
SourceName=Microsoft-Windows-Kernel-General
EventCode=16
EventType=4
Type=Information
ComputerName=EC2AMAZ-V5DC57V
User=NOT_TRANSLATED
Sid=S-1-5-18
SidType=0
TaskCategory=None
OpCode=Info
RecordNumber=79484
Keywords=None
Message=The access history in hive \??\C:\ProgramData\Microsoft\Windows\AppRepository\Packages\Microsoft.Windows.AssignedAccessLockApp_1000.14393.2068.0_neutral_neutral_cw5n1h2txyewy\ActivationStore.dat was cleared updating 0 keys and creating 0 modified pages.
10/08/2020 11:53:43 AM
LogName=System
SourceName=Microsoft-Windows-Kernel-General
EventCode=16
EventType=4
Type=Information
ComputerName=EC2AMAZ-V5DC57V
User=NOT_TRANSLATED
Sid=S-1-5-18
SidType=0
TaskCategory=None
OpCode=Info
RecordNumber=79492
Keywords=None
Message=The access history in hive \??\C:\ProgramData\Microsoft\Windows\AppRepository\Packages\Windows.PrintDialog_6.2.0.0_neutral_neutral_cw5n1h2txyewy\ActivationStore.dat was cleared updating 0 keys and creating 0 modified pages.
10/08/2020 11:53:43 AM
LogName=System
SourceName=Microsoft-Windows-Kernel-General
EventCode=16
EventType=4
Type=Information
ComputerName=EC2AMAZ-V5DC57V
User=NOT_TRANSLATED
Sid=S-1-5-18
SidType=0
TaskCategory=None
OpCode=Info
RecordNumber=79491
Keywords=None
Message=The access history in hive \??\C:\ProgramData\Microsoft\Windows\AppRepository\Packages\Windows.MiracastView_6.3.0.0_neutral_neutral_cw5n1h2txyewy\ActivationStore.dat was cleared updating 0 keys and creating 0 modified pages.
10/08/2020 11:53:43 AM
LogName=System
SourceName=Microsoft-Windows-Kernel-General
EventCode=16
EventType=4
Type=Information
ComputerName=EC2AMAZ-V5DC57V
User=NOT_TRANSLATED
Sid=S-1-5-18
SidType=0
TaskCategory=None
OpCode=Info
RecordNumber=79490
Keywords=None
Message=The access history in hive \??\C:\ProgramData\Microsoft\Windows\AppRepository\Packages\windows.immersivecontrolpanel_6.2.0.0_neutral_neutral_cw5n1h2txyewy\ActivationStore.dat was cleared updating 0 keys and creating 0 modified pages.
10/08/2020 11:53:43 AM
LogName=System
SourceName=Microsoft-Windows-Kernel-General
EventCode=16
EventType=4
Type=Information
ComputerName=EC2AMAZ-V5DC57V
User=NOT_TRANSLATED
Sid=S-1-5-18
SidType=0
TaskCategory=None
OpCode=Info
RecordNumber=79489
Keywords=None
Message=The access history in hive \??\C:\ProgramData\Microsoft\Windows\AppRepository\Packages\Microsoft.XboxGameCallableUI_1000.14393.0.0_neutral_neutral_cw5n1h2txyewy\ActivationStore.dat was cleared updating 0 keys and creating 0 modified pages.
10/08/2020 11:53:43 AM
LogName=System
SourceName=Microsoft-Windows-Kernel-General
EventCode=16
EventType=4
Type=Information
ComputerName=EC2AMAZ-V5DC57V
User=NOT_TRANSLATED
Sid=S-1-5-18
SidType=0
TaskCategory=None
OpCode=Info
RecordNumber=79488
Keywords=None
Message=The access history in hive \??\C:\ProgramData\Microsoft\Windows\AppRepository\Packages\Microsoft.Windows.ShellExperienceHost_10.0.14393.2068_neutral_neutral_cw5n1h2txyewy\ActivationStore.dat was cleared updating 0 keys and creating 0 modified pages.
10/08/2020 11:53:44 AM
LogName=System
SourceName=Microsoft-Windows-Service Control Manager
EventCode=7036
EventType=4
Type=Information
ComputerName=EC2AMAZ-V5DC57V
TaskCategory=None
OpCode=The operation completed successfully.
RecordNumber=79493
Keywords=Classic
Message=The Windows Defender Network Inspection Service service entered the running state.
10/08/2020 11:53:45 AM
LogName=System
SourceName=Microsoft-Windows-Service Control Manager
EventCode=7036
EventType=4
Type=Information
ComputerName=EC2AMAZ-V5DC57V
TaskCategory=None
OpCode=The operation completed successfully.
RecordNumber=79494
Keywords=Classic
Message=The Windows Update service entered the running state.
10/08/2020 11:53:51 AM
LogName=System
SourceName=Microsoft-Windows-Kernel-General
EventCode=15
EventType=4
Type=Information
ComputerName=EC2AMAZ-V5DC57V
User=NOT_TRANSLATED
Sid=S-1-5-18
SidType=0
TaskCategory=None
OpCode=Info
RecordNumber=79495
Keywords=None
Message=Hive \??\C:\Windows\System32\config\COMPONENTS was reorganized with a starting size of 112295936 bytes and an ending size of 85536768 bytes.
10/08/2020 11:53:52 AM
LogName=System
SourceName=Microsoft-Windows-Kernel-General
EventCode=15
EventType=4
Type=Information
ComputerName=EC2AMAZ-V5DC57V
User=NOT_TRANSLATED
Sid=S-1-5-18
SidType=0
TaskCategory=None
OpCode=Info
RecordNumber=79496
Keywords=None
Message=Hive \??\C:\Windows\System32\SMI\Store\Machine\SCHEMA.DAT was reorganized with a starting size of 12066816 bytes and an ending size of 11694080 bytes.
10/08/2020 11:53:58 AM
LogName=System
SourceName=Microsoft-Windows-Kernel-General
EventCode=1
EventType=4
Type=Information
ComputerName=EC2AMAZ-V5DC57V
User=NOT_TRANSLATED
Sid=S-1-5-18
SidType=0
TaskCategory=5
OpCode=Info
RecordNumber=79498
Keywords=Time
Message=The system time has changed to ‎2020‎-‎10‎-‎08T11:53:58.377000000Z from ‎2020‎-‎10‎-‎08T11:53:58.381538900Z.

Change Reason: An application or system component changed the time.
10/08/2020 11:53:58 AM
LogName=System
SourceName=Microsoft-Windows-Kernel-General
EventCode=1
EventType=4
Type=Information
ComputerName=EC2AMAZ-V5DC57V
User=NOT_TRANSLATED
Sid=S-1-5-18
SidType=0
TaskCategory=5
OpCode=Info
RecordNumber=79497
Keywords=Time
Message=The system time has changed to ‎2020‎-‎10‎-‎08T11:53:58.377088100Z from ‎2020‎-‎10‎-‎08T11:53:58.377088100Z.

Change Reason: System time adjusted to the new time zone.
10/08/2020 11:54:03 AM
LogName=System
SourceName=Microsoft-Windows-Service Control Manager
EventCode=7036
EventType=4
Type=Information
ComputerName=EC2AMAZ-6KJ2BPP
TaskCategory=None
OpCode=The operation completed successfully.
RecordNumber=79530
Keywords=Classic
Message=The Windows Event Log service entered the stopped state.
10/08/2020 11:54:03 AM
LogName=System
SourceName=Microsoft-Windows-Service Control Manager
EventCode=7036
EventType=4
Type=Information
ComputerName=EC2AMAZ-6KJ2BPP
TaskCategory=None
OpCode=The operation completed successfully.
RecordNumber=79529
Keywords=Classic
Message=The Task Scheduler service entered the stopped state.
10/08/2020 11:54:03 AM
LogName=System
SourceName=Microsoft-Windows-Service Control Manager
EventCode=7036
EventType=4
Type=Information
ComputerName=EC2AMAZ-6KJ2BPP
TaskCategory=None
OpCode=The operation completed successfully.
RecordNumber=79528
Keywords=Classic
Message=The Windows Defender Service service entered the stopped state.
10/08/2020 11:54:03 AM
LogName=System
SourceName=Microsoft-Windows-Service Control Manager
EventCode=7036
EventType=4
Type=Information
ComputerName=EC2AMAZ-V5DC57V
TaskCategory=None
OpCode=The operation completed successfully.
RecordNumber=79523
Keywords=Classic
Message=The Windows Remote Management (WS-Management) service entered the stopped state.
10/08/2020 11:54:03 AM
LogName=System
SourceName=Microsoft-Windows-Service Control Manager
EventCode=7036
EventType=4
Type=Information
ComputerName=EC2AMAZ-V5DC57V
TaskCategory=None
OpCode=The operation completed successfully.
RecordNumber=79522
Keywords=Classic
Message=The State Repository Service service entered the stopped state.
10/08/2020 11:54:03 AM
LogName=System
SourceName=Microsoft-Windows-Service Control Manager
EventCode=7036
EventType=4
Type=Information
ComputerName=EC2AMAZ-V5DC57V
TaskCategory=None
OpCode=The operation completed successfully.
RecordNumber=79521
Keywords=Classic
Message=The Windows Connection Manager service entered the stopped state.
10/08/2020 11:54:03 AM
LogName=System
SourceName=Microsoft-Windows-Service Control Manager
EventCode=7036
EventType=4
Type=Information
ComputerName=EC2AMAZ-V5DC57V
TaskCategory=None
OpCode=The operation completed successfully.
RecordNumber=79520
Keywords=Classic
Message=The DHCP Client service entered the stopped state.
10/08/2020 11:54:03 AM
LogName=System
SourceName=Microsoft-Windows-Dhcp-Client
EventCode=50037
EventType=4
Type=Information
ComputerName=EC2AMAZ-V5DC57V
User=NOT_TRANSLATED
Sid=S-1-5-19
SidType=0
TaskCategory=Service State Event
OpCode=ServiceStop
RecordNumber=79519
Keywords=None
Message=DHCPv4 client service is stopped. ShutDown Flag value is 1
10/08/2020 11:54:03 AM
LogName=System
SourceName=Microsoft-Windows-DHCPv6-Client
EventCode=51047
EventType=4
Type=Information
ComputerName=EC2AMAZ-V5DC57V
User=NOT_TRANSLATED
Sid=S-1-5-19
SidType=0
TaskCategory=Service State Event
OpCode=ServiceStop
RecordNumber=79518
Keywords=None
Message=DHCPv6 client service is stopped. ShutDown Flag value is 1
10/08/2020 11:54:03 AM
LogName=System
SourceName=Microsoft-Windows-Service Control Manager
EventCode=7036
EventType=4
Type=Information
ComputerName=EC2AMAZ-V5DC57V
TaskCategory=None
OpCode=The operation completed successfully.
RecordNumber=79517
Keywords=Classic
Message=The Program Compatibility Assistant Service service entered the stopped state.
10/08/2020 11:54:03 AM
LogName=System
SourceName=Microsoft-Windows-Service Control Manager
EventCode=7036
EventType=4
Type=Information
ComputerName=EC2AMAZ-V5DC57V
TaskCategory=None
OpCode=The operation completed successfully.
RecordNumber=79516
Keywords=Classic
Message=The User Profile Service service entered the stopped state.
10/08/2020 11:54:03 AM
LogName=System
SourceName=Microsoft-Windows-Service Control Manager
EventCode=7036
EventType=4
Type=Information
ComputerName=EC2AMAZ-V5DC57V
TaskCategory=None
OpCode=The operation completed successfully.
RecordNumber=79515
Keywords=Classic
Message=The Windows Management Instrumentation service entered the stopped state.
10/08/2020 11:54:03 AM
LogName=System
SourceName=Microsoft-Windows-Service Control Manager
EventCode=7036
EventType=4
Type=Information
ComputerName=EC2AMAZ-V5DC57V
TaskCategory=None
OpCode=The operation completed successfully.
RecordNumber=79514
Keywords=Classic
Message=The Software Protection service entered the stopped state.
10/08/2020 11:54:03 AM
LogName=System
SourceName=Microsoft-Windows-Service Control Manager
EventCode=7036
EventType=4
Type=Information
ComputerName=EC2AMAZ-V5DC57V
TaskCategory=None
OpCode=The operation completed successfully.
RecordNumber=79513
Keywords=Classic
Message=The Cryptographic Services service entered the stopped state.
10/08/2020 11:54:03 AM
LogName=System
SourceName=Microsoft-Windows-Service Control Manager
EventCode=7036
EventType=4
Type=Information
ComputerName=EC2AMAZ-V5DC57V
TaskCategory=None
OpCode=The operation completed successfully.
RecordNumber=79512
Keywords=Classic
Message=The AppX Deployment Service (AppXSVC) service entered the stopped state.
10/08/2020 11:54:03 AM
LogName=System
SourceName=Microsoft-Windows-Service Control Manager
EventCode=7036
EventType=4
Type=Information
ComputerName=EC2AMAZ-V5DC57V
TaskCategory=None
OpCode=The operation completed successfully.
RecordNumber=79511
Keywords=Classic
Message=The Windows Font Cache Service service entered the stopped state.
10/08/2020 11:54:03 AM
LogName=System
SourceName=Microsoft-Windows-Service Control Manager
EventCode=7036
EventType=4
Type=Information
ComputerName=EC2AMAZ-V5DC57V
TaskCategory=None
OpCode=The operation completed successfully.
RecordNumber=79510
Keywords=Classic
Message=The Device Install Service service entered the stopped state.
10/08/2020 11:54:03 AM
LogName=System
SourceName=Microsoft-Windows-Service Control Manager
EventCode=7036
EventType=4
Type=Information
ComputerName=EC2AMAZ-V5DC57V
TaskCategory=None
OpCode=The operation completed successfully.
RecordNumber=79509
Keywords=Classic
Message=The Windows Time service entered the stopped state.
