10/08/2020 12:52:50 PM
LogName=System
SourceName=Microsoft-Windows-Service Control Manager
EventCode=7036
EventType=4
Type=Information
ComputerName=win-dc-8537412.attackrange.local
TaskCategory=None
OpCode=The operation completed successfully.
RecordNumber=80340
Keywords=Classic
Message=The LanmanWorkstation service entered the running state.
10/08/2020 12:52:50 PM
LogName=System
SourceName=Microsoft-Windows-Service Control Manager
EventCode=7036
EventType=4
Type=Information
ComputerName=win-dc-8537412.attackrange.local
TaskCategory=None
OpCode=The operation completed successfully.
RecordNumber=80339
Keywords=Classic
Message=The Wcmsvc service entered the running state.
10/08/2020 12:52:50 PM
LogName=System
SourceName=Microsoft-Windows-Service Control Manager
EventCode=7036
EventType=4
Type=Information
ComputerName=win-dc-8537412.attackrange.local
TaskCategory=None
OpCode=The operation completed successfully.
RecordNumber=80338
Keywords=Classic
Message=The ShellHWDetection service entered the running state.
10/08/2020 12:52:50 PM
LogName=System
SourceName=Microsoft-Windows-Service Control Manager
EventCode=7036
EventType=4
Type=Information
ComputerName=win-dc-8537412.attackrange.local
TaskCategory=None
OpCode=The operation completed successfully.
RecordNumber=80337
Keywords=Classic
Message=The BFE service entered the running state.
10/08/2020 12:52:50 PM
LogName=System
SourceName=Microsoft-Windows-Service Control Manager
EventCode=7036
EventType=4
Type=Information
ComputerName=win-dc-8537412.attackrange.local
TaskCategory=None
OpCode=The operation completed successfully.
RecordNumber=80336
Keywords=Classic
Message=The WinHttpAutoProxySvc service entered the running state.
10/08/2020 12:52:50 PM
LogName=System
SourceName=Microsoft-Windows-Service Control Manager
EventCode=7036
EventType=4
Type=Information
ComputerName=win-dc-8537412.attackrange.local
TaskCategory=None
OpCode=The operation completed successfully.
RecordNumber=80335
Keywords=Classic
Message=The DsmSvc service entered the running state.
10/08/2020 12:52:50 PM
LogName=System
SourceName=Microsoft-Windows-Service Control Manager
EventCode=7036
EventType=4
Type=Information
ComputerName=win-dc-8537412.attackrange.local
TaskCategory=None
OpCode=The operation completed successfully.
RecordNumber=80334
Keywords=Classic
Message=The NcbService service entered the running state.
10/08/2020 12:52:50 PM
LogName=System
SourceName=Microsoft-Windows-Service Control Manager
EventCode=7036
EventType=4
Type=Information
ComputerName=win-dc-8537412.attackrange.local
TaskCategory=None
OpCode=The operation completed successfully.
RecordNumber=80333
Keywords=Classic
Message=The CertPropSvc service entered the running state.
10/08/2020 12:52:50 PM
LogName=System
SourceName=Microsoft-Windows-Service Control Manager
EventCode=7036
EventType=4
Type=Information
ComputerName=win-dc-8537412.attackrange.local
TaskCategory=None
OpCode=The operation completed successfully.
RecordNumber=80332
Keywords=Classic
Message=The netprofm service entered the running state.
10/08/2020 12:52:50 PM
LogName=System
SourceName=Microsoft-Windows-Service Control Manager
EventCode=7036
EventType=4
Type=Information
ComputerName=win-dc-8537412.attackrange.local
TaskCategory=None
OpCode=The operation completed successfully.
RecordNumber=80331
Keywords=Classic
Message=The UmRdpService service entered the running state.
10/08/2020 12:52:50 PM
LogName=System
SourceName=Microsoft-Windows-Service Control Manager
EventCode=7036
EventType=4
Type=Information
ComputerName=win-dc-8537412.attackrange.local
TaskCategory=None
OpCode=The operation completed successfully.
RecordNumber=80330
Keywords=Classic
Message=The gpsvc service entered the running state.
10/08/2020 12:52:50 PM
LogName=System
SourceName=Microsoft-Windows-Service Control Manager
EventCode=7036
EventType=4
Type=Information
ComputerName=win-dc-8537412.attackrange.local
TaskCategory=None
OpCode=The operation completed successfully.
RecordNumber=80329
Keywords=Classic
Message=The SENS service entered the running state.
10/08/2020 12:52:50 PM
LogName=System
SourceName=Microsoft-Windows-Service Control Manager
EventCode=7036
EventType=4
Type=Information
ComputerName=win-dc-8537412.attackrange.local
TaskCategory=None
OpCode=The operation completed successfully.
RecordNumber=80328
Keywords=Classic
Message=The ProfSvc service entered the running state.
10/08/2020 12:52:50 PM
LogName=System
SourceName=Microsoft-Windows-DNS Client Events
EventCode=1014
EventType=3
Type=Warning
ComputerName=win-dc-8537412.attackrange.local
User=NOT_TRANSLATED
Sid=S-1-5-20
SidType=0
TaskCategory=1014
OpCode=Info
RecordNumber=80327
Keywords=None
Message=Name resolution for the name _ldap._tcp.dc._msdcs.attackrange.local. timed out after none of the configured DNS servers responded.
10/08/2020 12:52:50 PM
LogName=System
SourceName=Microsoft-Windows-Service Control Manager
EventCode=7036
EventType=4
Type=Information
ComputerName=win-dc-8537412.attackrange.local
TaskCategory=None
OpCode=The operation completed successfully.
RecordNumber=80326
Keywords=Classic
Message=The EventSystem service entered the running state.
10/08/2020 12:52:50 PM
LogName=System
SourceName=Microsoft-Windows-Service Control Manager
EventCode=7036
EventType=4
Type=Information
ComputerName=win-dc-8537412.attackrange.local
TaskCategory=None
OpCode=The operation completed successfully.
RecordNumber=80325
Keywords=Classic
Message=The NlaSvc service entered the running state.
10/08/2020 12:52:50 PM
LogName=System
SourceName=Microsoft-Windows-Service Control Manager
EventCode=7036
EventType=4
Type=Information
ComputerName=win-dc-8537412.attackrange.local
TaskCategory=None
OpCode=The operation completed successfully.
RecordNumber=80324
Keywords=Classic
Message=The Themes service entered the running state.
10/08/2020 12:52:50 PM
LogName=System
SourceName=Microsoft-Windows-Service Control Manager
EventCode=7036
EventType=4
Type=Information
ComputerName=win-dc-8537412.attackrange.local
TaskCategory=None
OpCode=The operation completed successfully.
RecordNumber=80323
Keywords=Classic
Message=The CoreMessagingRegistrar service entered the running state.
10/08/2020 12:52:50 PM
LogName=System
SourceName=Microsoft-Windows-Service Control Manager
EventCode=7036
EventType=4
Type=Information
ComputerName=win-dc-8537412.attackrange.local
TaskCategory=None
OpCode=The operation completed successfully.
RecordNumber=80322
Keywords=Classic
Message=The WPDBusEnum service entered the running state.
10/08/2020 12:52:50 PM
LogName=System
SourceName=Microsoft-Windows-Service Control Manager
EventCode=7036
EventType=4
Type=Information
ComputerName=win-dc-8537412.attackrange.local
TaskCategory=None
OpCode=The operation completed successfully.
RecordNumber=80321
Keywords=Classic
Message=The NTDS service entered the running state.
10/08/2020 12:52:50 PM
LogName=System
SourceName=Microsoft-Windows-FilterManager
EventCode=6
EventType=4
Type=Information
ComputerName=win-dc-8537412.attackrange.local
User=NOT_TRANSLATED
Sid=S-1-5-18
SidType=0
TaskCategory=None
OpCode=Info
RecordNumber=80320
Keywords=None
Message=File System Filter 'storqosflt' (10.0, ‎2019‎-‎02‎-‎17T02:00:41.000000000Z) has successfully loaded and registered with Filter Manager.
10/08/2020 12:52:50 PM
LogName=System
SourceName=Microsoft-Windows-FilterManager
EventCode=6
EventType=4
Type=Information
ComputerName=win-dc-8537412.attackrange.local
User=NOT_TRANSLATED
Sid=S-1-5-18
SidType=0
TaskCategory=None
OpCode=Info
RecordNumber=80319
Keywords=None
Message=File System Filter 'wcifs' (10.0, ‎2020‎-‎02‎-‎19T07:59:09.000000000Z) has successfully loaded and registered with Filter Manager.
10/08/2020 12:52:50 PM
LogName=System
SourceName=Microsoft-Windows-FilterManager
EventCode=6
EventType=4
Type=Information
ComputerName=win-dc-8537412.attackrange.local
User=NOT_TRANSLATED
Sid=S-1-5-18
SidType=0
TaskCategory=None
OpCode=Info
RecordNumber=80318
Keywords=None
Message=File System Filter 'luafv' (10.0, ‎2019‎-‎04‎-‎02T04:23:00.000000000Z) has successfully loaded and registered with Filter Manager.
10/08/2020 12:52:50 PM
LogName=System
SourceName=Microsoft-Windows-Service Control Manager
EventCode=7036
EventType=4
Type=Information
ComputerName=win-dc-8537412.attackrange.local
TaskCategory=None
OpCode=The operation completed successfully.
RecordNumber=80317
Keywords=Classic
Message=The Dnscache service entered the running state.
10/08/2020 12:52:50 PM
LogName=System
SourceName=Microsoft-Windows-Service Control Manager
EventCode=7036
EventType=4
Type=Information
ComputerName=win-dc-8537412.attackrange.local
TaskCategory=None
OpCode=The operation completed successfully.
RecordNumber=80316
Keywords=Classic
Message=The Dhcp service entered the running state.
10/08/2020 12:52:50 PM
LogName=System
SourceName=Microsoft-Windows-Service Control Manager
EventCode=7036
EventType=4
Type=Information
ComputerName=win-dc-8537412.attackrange.local
TaskCategory=None
OpCode=The operation completed successfully.
RecordNumber=80315
Keywords=Classic
Message=The EventLog service entered the running state.
10/08/2020 12:52:50 PM
LogName=System
SourceName=Microsoft-Windows-DHCPv6-Client
EventCode=51046
EventType=4
Type=Information
ComputerName=win-dc-8537412.attackrange.local
User=NOT_TRANSLATED
Sid=S-1-5-19
SidType=0
TaskCategory=Service State Event
OpCode=ServiceStart
RecordNumber=80314
Keywords=None
Message=DHCPv6 client service is started
10/08/2020 12:52:50 PM
LogName=System
SourceName=Microsoft-Windows-Dhcp-Client
EventCode=50036
EventType=4
Type=Information
ComputerName=win-dc-8537412.attackrange.local
User=NOT_TRANSLATED
Sid=S-1-5-19
SidType=0
TaskCategory=Service State Event
OpCode=ServiceStart
RecordNumber=80313
Keywords=None
Message=DHCPv4 client service is started
10/08/2020 12:52:50 PM
LogName=System
SourceName=Microsoft-Windows-Service Control Manager
EventCode=7036
EventType=4
Type=Information
ComputerName=win-dc-8537412.attackrange.local
TaskCategory=None
OpCode=The operation completed successfully.
RecordNumber=80312
Keywords=Classic
Message=The lmhosts service entered the running state.
10/08/2020 12:52:50 PM
LogName=System
SourceName=Microsoft-Windows-Service Control Manager
EventCode=7036
EventType=4
Type=Information
ComputerName=win-dc-8537412.attackrange.local
TaskCategory=None
OpCode=The operation completed successfully.
RecordNumber=80311
Keywords=Classic
Message=The nsi service entered the running state.
10/08/2020 12:52:50 PM
LogName=System
SourceName=Microsoft-Windows-Service Control Manager
EventCode=7036
EventType=4
Type=Information
ComputerName=win-dc-8537412.attackrange.local
TaskCategory=None
OpCode=The operation completed successfully.
RecordNumber=80310
Keywords=Classic
Message=The TermService service entered the running state.
10/08/2020 12:52:50 PM
LogName=System
SourceName=Microsoft-Windows-Service Control Manager
EventCode=7036
EventType=4
Type=Information
ComputerName=win-dc-8537412.attackrange.local
TaskCategory=None
OpCode=The operation completed successfully.
RecordNumber=80309
Keywords=Classic
Message=The SystemEventsBroker service entered the running state.
10/08/2020 12:52:50 PM
LogName=System
SourceName=Microsoft-Windows-Service Control Manager
EventCode=7036
EventType=4
Type=Information
ComputerName=win-dc-8537412.attackrange.local
TaskCategory=None
OpCode=The operation completed successfully.
RecordNumber=80308
Keywords=Classic
Message=The BrokerInfrastructure service entered the running state.
10/08/2020 12:52:50 PM
LogName=System
SourceName=Microsoft-Windows-Service Control Manager
EventCode=7036
EventType=4
Type=Information
ComputerName=win-dc-8537412.attackrange.local
TaskCategory=None
OpCode=The operation completed successfully.
RecordNumber=80307
Keywords=Classic
Message=The LSM service entered the running state.
10/08/2020 12:52:50 PM
LogName=System
SourceName=Microsoft-Windows-Service Control Manager
EventCode=7036
EventType=4
Type=Information
ComputerName=win-dc-8537412.attackrange.local
TaskCategory=None
OpCode=The operation completed successfully.
RecordNumber=80306
Keywords=Classic
Message=The RpcSs service entered the running state.
10/08/2020 12:52:50 PM
LogName=System
SourceName=Microsoft-Windows-Service Control Manager
EventCode=7036
EventType=4
Type=Information
ComputerName=win-dc-8537412.attackrange.local
TaskCategory=None
OpCode=The operation completed successfully.
RecordNumber=80305
Keywords=Classic
Message=The RpcEptMapper service entered the running state.
10/08/2020 12:52:50 PM
LogName=System
SourceName=Microsoft-Windows-Service Control Manager
EventCode=7036
EventType=4
Type=Information
ComputerName=win-dc-8537412.attackrange.local
TaskCategory=None
OpCode=The operation completed successfully.
RecordNumber=80304
Keywords=Classic
Message=The DcomLaunch service entered the running state.
10/08/2020 12:52:50 PM
LogName=System
SourceName=Microsoft-Windows-Service Control Manager
EventCode=7036
EventType=4
Type=Information
ComputerName=win-dc-8537412.attackrange.local
TaskCategory=None
OpCode=The operation completed successfully.
RecordNumber=80303
Keywords=Classic
Message=The Power service entered the running state.
10/08/2020 12:52:50 PM
LogName=System
SourceName=Microsoft-Windows-Service Control Manager
EventCode=7036
EventType=4
Type=Information
ComputerName=win-dc-8537412.attackrange.local
TaskCategory=None
OpCode=The operation completed successfully.
RecordNumber=80302
Keywords=Classic
Message=The PlugPlay service entered the running state.
10/08/2020 12:52:50 PM
LogName=System
SourceName=EventLog
EventCode=6013
EventType=4
Type=Information
ComputerName=win-dc-8537412.attackrange.local
TaskCategory=None
OpCode=None
RecordNumber=80270
Keywords=Classic
Message=The system uptime is 6 seconds.
10/08/2020 12:52:50 PM
LogName=System
SourceName=EventLog
EventCode=6005
EventType=4
Type=Information
ComputerName=win-dc-8537412.attackrange.local
TaskCategory=None
OpCode=None
RecordNumber=80269
Keywords=Classic
Message=The Event log service was started.
10/08/2020 12:52:50 PM
LogName=System
SourceName=EventLog
EventCode=6009
EventType=4
Type=Information
ComputerName=win-dc-8537412.attackrange.local
TaskCategory=None
OpCode=None
RecordNumber=80268
Keywords=Classic
Message=Microsoft (R) Windows (R) 10.00. 14393  Multiprocessor Free.
10/08/2020 12:52:51 PM
LogName=System
SourceName=Microsoft-Windows-DNS Client Events
EventCode=1014
EventType=3
Type=Warning
ComputerName=win-dc-8537412.attackrange.local
User=NOT_TRANSLATED
Sid=S-1-5-20
SidType=0
TaskCategory=1014
OpCode=Info
RecordNumber=80355
Keywords=None
Message=Name resolution for the name _ldap._tcp.dc._msdcs.attackrange.local. timed out after none of the configured DNS servers responded.
10/08/2020 12:52:51 PM
LogName=System
SourceName=Microsoft-Windows-Service Control Manager
EventCode=7036
EventType=4
Type=Information
ComputerName=win-dc-8537412.attackrange.local
TaskCategory=None
OpCode=The operation completed successfully.
RecordNumber=80354
Keywords=Classic
Message=The PolicyAgent service entered the running state.
10/08/2020 12:52:52 PM
LogName=System
SourceName=Microsoft-Windows-Service Control Manager
EventCode=7036
EventType=4
Type=Information
ComputerName=win-dc-8537412.attackrange.local
TaskCategory=None
OpCode=The operation completed successfully.
RecordNumber=80356
Keywords=Classic
Message=The CryptSvc service entered the running state.
10/08/2020 12:52:54 PM
LogName=System
SourceName=Microsoft-Windows-Service Control Manager
EventCode=7036
EventType=4
Type=Information
ComputerName=win-dc-8537412.attackrange.local
TaskCategory=None
OpCode=The operation completed successfully.
RecordNumber=80357
Keywords=Classic
Message=The wuauserv service entered the running state.
10/08/2020 12:52:55 PM
LogName=System
SourceName=Microsoft-Windows-Service Control Manager
EventCode=7036
EventType=4
Type=Information
ComputerName=win-dc-8537412.attackrange.local
TaskCategory=None
OpCode=The operation completed successfully.
RecordNumber=80358
Keywords=Classic
Message=The TrustedInstaller service entered the running state.
10/08/2020 12:52:59 PM
LogName=System
SourceName=Microsoft-Windows-Service Control Manager
EventCode=7036
EventType=4
Type=Information
ComputerName=win-dc-8537412.attackrange.local
TaskCategory=None
OpCode=The operation completed successfully.
RecordNumber=80359
Keywords=Classic
Message=The SamSs service entered the running state.
10/08/2020 12:53:00 PM
LogName=System
SourceName=Microsoft-Windows-Service Control Manager
EventCode=7036
EventType=4
Type=Information
ComputerName=win-dc-8537412.attackrange.local
TaskCategory=None
OpCode=The operation completed successfully.
RecordNumber=80360
Keywords=Classic
Message=The LanmanServer service entered the running state.
10/08/2020 12:53:06 PM
LogName=System
SourceName=Microsoft-Windows-Service Control Manager
EventCode=7036
EventType=4
Type=Information
ComputerName=win-dc-8537412.attackrange.local
TaskCategory=None
OpCode=The operation completed successfully.
RecordNumber=80382
Keywords=Classic
Message=The AmazonSSMAgent service entered the running state.
10/08/2020 12:53:06 PM
LogName=System
SourceName=Microsoft-Windows-Service Control Manager
EventCode=7036
EventType=4
Type=Information
ComputerName=win-dc-8537412.attackrange.local
TaskCategory=None
OpCode=The operation completed successfully.
RecordNumber=80381
Keywords=Classic
Message=The nxlog service entered the running state.
10/08/2020 12:53:06 PM
LogName=System
SourceName=Microsoft-Windows-Service Control Manager
EventCode=7036
EventType=4
Type=Information
ComputerName=win-dc-8537412.attackrange.local
TaskCategory=None
OpCode=The operation completed successfully.
RecordNumber=80380
Keywords=Classic
Message=The ADWS service entered the running state.
10/08/2020 12:53:06 PM
LogName=System
SourceName=Microsoft-Windows-Service Control Manager
EventCode=7036
EventType=4
Type=Information
ComputerName=win-dc-8537412.attackrange.local
TaskCategory=None
OpCode=The operation completed successfully.
RecordNumber=80379
Keywords=Classic
Message=The vds service entered the running state.
10/08/2020 12:53:06 PM
LogName=System
SourceName=Microsoft-Windows-Service Control Manager
EventCode=7036
EventType=4
Type=Information
ComputerName=win-dc-8537412.attackrange.local
TaskCategory=None
OpCode=The operation completed successfully.
RecordNumber=80378
Keywords=Classic
Message=The sysmon64 service entered the running state.
10/08/2020 12:53:06 PM
LogName=System
SourceName=Microsoft-Windows-Service Control Manager
EventCode=7036
EventType=4
Type=Information
ComputerName=win-dc-8537412.attackrange.local
TaskCategory=None
OpCode=The operation completed successfully.
RecordNumber=80377
Keywords=Classic
Message=The tiledatamodelsvc service entered the running state.
10/08/2020 12:53:06 PM
LogName=System
SourceName=Microsoft-Windows-Service Control Manager
EventCode=7036
EventType=4
Type=Information
ComputerName=win-dc-8537412.attackrange.local
TaskCategory=None
OpCode=The operation completed successfully.
RecordNumber=80376
Keywords=Classic
Message=The StateRepository service entered the running state.
10/08/2020 12:53:06 PM
LogName=System
SourceName=Microsoft-Windows-Service Control Manager
EventCode=7036
EventType=4
Type=Information
ComputerName=win-dc-8537412.attackrange.local
TaskCategory=None
OpCode=The operation completed successfully.
RecordNumber=80375
Keywords=Classic
Message=The WinRM service entered the running state.
10/08/2020 12:53:06 PM
LogName=System
SourceName=Microsoft-Windows-Service Control Manager
EventCode=7036
EventType=4
Type=Information
ComputerName=win-dc-8537412.attackrange.local
TaskCategory=None
OpCode=The operation completed successfully.
RecordNumber=80374
Keywords=Classic
Message=The WpnService service entered the running state.
10/08/2020 12:53:06 PM
LogName=System
SourceName=Microsoft-Windows-Service Control Manager
EventCode=7036
EventType=4
Type=Information
ComputerName=win-dc-8537412.attackrange.local
TaskCategory=None
OpCode=The operation completed successfully.
RecordNumber=80373
Keywords=Classic
Message=The DFSR service entered the running state.
10/08/2020 12:53:06 PM
LogName=System
SourceName=Microsoft-Windows-Service Control Manager
EventCode=7036
EventType=4
Type=Information
ComputerName=win-dc-8537412.attackrange.local
TaskCategory=None
OpCode=The operation completed successfully.
RecordNumber=80372
Keywords=Classic
Message=The Dfs service entered the running state.
10/08/2020 12:53:06 PM
LogName=System
SourceName=Microsoft-Windows-Service Control Manager
EventCode=7036
EventType=4
Type=Information
ComputerName=win-dc-8537412.attackrange.local
TaskCategory=None
OpCode=The operation completed successfully.
RecordNumber=80371
Keywords=Classic
Message=The IsmServ service entered the running state.
10/08/2020 12:53:06 PM
LogName=System
SourceName=Microsoft-Windows-Service Control Manager
EventCode=7036
EventType=4
Type=Information
ComputerName=win-dc-8537412.attackrange.local
TaskCategory=None
OpCode=The operation completed successfully.
RecordNumber=80370
Keywords=Classic
Message=The AWSLiteAgent service entered the running state.
10/08/2020 12:53:06 PM
LogName=System
SourceName=Microsoft-Windows-Service Control Manager
EventCode=7036
EventType=4
Type=Information
ComputerName=win-dc-8537412.attackrange.local
TaskCategory=None
OpCode=The operation completed successfully.
RecordNumber=80369
Keywords=Classic
Message=The PcaSvc service entered the running state.
10/08/2020 12:53:06 PM
LogName=System
SourceName=Microsoft-Windows-Service Control Manager
EventCode=7036
EventType=4
Type=Information
ComputerName=win-dc-8537412.attackrange.local
TaskCategory=None
OpCode=The operation completed successfully.
RecordNumber=80368
Keywords=Classic
Message=The RemoteRegistry service entered the running state.
10/08/2020 12:53:06 PM
LogName=System
SourceName=Microsoft-Windows-Service Control Manager
EventCode=7036
EventType=4
Type=Information
ComputerName=win-dc-8537412.attackrange.local
TaskCategory=None
OpCode=The operation completed successfully.
RecordNumber=80367
Keywords=Classic
Message=The EFS service entered the running state.
10/08/2020 12:53:06 PM
LogName=System
SourceName=Microsoft-Windows-Service Control Manager
EventCode=7036
EventType=4
Type=Information
ComputerName=win-dc-8537412.attackrange.local
TaskCategory=None
OpCode=The operation completed successfully.
RecordNumber=80366
Keywords=Classic
Message=The Spooler service entered the running state.
10/08/2020 12:53:06 PM
LogName=System
SourceName=Microsoft-Windows-Service Control Manager
EventCode=7036
EventType=4
Type=Information
ComputerName=win-dc-8537412.attackrange.local
TaskCategory=None
OpCode=The operation completed successfully.
RecordNumber=80365
Keywords=Classic
Message=The Netlogon service entered the running state.
10/08/2020 12:53:06 PM
LogName=System
SourceName=Virtual Disk Service
EventCode=3
EventType=4
Type=Information
ComputerName=win-dc-8537412.attackrange.local
TaskCategory=None
OpCode=None
RecordNumber=80364
Keywords=Classic
Message=Service started.
10/08/2020 12:53:06 PM
LogName=System
SourceName=Microsoft-Windows-Windows Remote Management
EventCode=10148
EventType=4
Type=Information
ComputerName=win-dc-8537412.attackrange.local
TaskCategory=None
OpCode=Info
RecordNumber=80363
Keywords=Classic
Message=The WinRM service is listening for WS-Management requests. 

 User Action 
 Use the following command to see the specific IPs on which WinRM is listening: 

 winrm enumerate winrm/config/listener
10/08/2020 12:53:06 PM
LogName=System
SourceName=Microsoft-Windows-DfsSvc
EventCode=14531
EventType=4
Type=Information
ComputerName=win-dc-8537412.attackrange.local
TaskCategory=None
OpCode=The operation completed successfully.
RecordNumber=80362
Keywords=Classic
Message=DFS server has finished initializing.
10/08/2020 12:53:06 PM
LogName=System
SourceName=Microsoft-Windows-DfsSvc
EventCode=14533
EventType=4
Type=Information
ComputerName=win-dc-8537412.attackrange.local
TaskCategory=None
OpCode=The operation completed successfully.
RecordNumber=80361
Keywords=Classic
Message=DFS has finished building all namespaces.
10/08/2020 12:53:07 PM
LogName=System
SourceName=Microsoft-Windows-Service Control Manager
EventCode=7026
EventType=4
Type=Information
ComputerName=win-dc-8537412.attackrange.local
TaskCategory=None
OpCode=The operation completed successfully.
RecordNumber=80383
Keywords=Classic
Message=The following boot-start or system-start driver(s) did not load: 
cdrom
dam
10/08/2020 12:53:09 PM
LogName=System
SourceName=Microsoft-Windows-Service Control Manager
EventCode=7036
EventType=4
Type=Information
ComputerName=win-dc-8537412.attackrange.local
TaskCategory=None
OpCode=The operation completed successfully.
RecordNumber=80384
Keywords=Classic
Message=The NetSetupSvc service entered the stopped state.
10/08/2020 12:53:10 PM
LogName=System
SourceName=Microsoft-Windows-Time-Service
EventCode=143
EventType=4
Type=Information
ComputerName=win-dc-8537412.attackrange.local
User=NOT_TRANSLATED
Sid=S-1-5-19
SidType=0
TaskCategory=None
OpCode=Info
RecordNumber=80386
Keywords=None
Message=The time service has started advertising as a good time source.
10/08/2020 12:53:10 PM
LogName=System
SourceName=Microsoft-Windows-Time-Service
EventCode=139
EventType=4
Type=Information
ComputerName=win-dc-8537412.attackrange.local
User=NOT_TRANSLATED
Sid=S-1-5-19
SidType=0
TaskCategory=None
OpCode=Info
RecordNumber=80385
Keywords=None
Message=The time service has started advertising as a time source.
10/08/2020 12:53:12 PM
LogName=System
SourceName=Microsoft-Windows-Service Control Manager
EventCode=7036
EventType=4
Type=Information
ComputerName=win-dc-8537412.attackrange.local
TaskCategory=None
OpCode=The operation completed successfully.
RecordNumber=80387
Keywords=Classic
Message=The SplunkForwarder service entered the running state.
10/08/2020 12:53:18 PM
LogName=System
SourceName=Microsoft-Windows-Time-Service
EventCode=12
EventType=3
Type=Warning
ComputerName=win-dc-8537412.attackrange.local
User=NOT_TRANSLATED
Sid=S-1-5-19
SidType=0
TaskCategory=None
OpCode=Info
RecordNumber=80389
Keywords=None
Message=Time Provider NtpClient: This machine is configured to use the domain hierarchy to determine its time source, but it is the AD PDC emulator for the domain at the root of the forest, so there is no machine above it in the domain hierarchy to use as a time source. It is recommended that you either configure a reliable time service in the root domain, or manually configure the AD PDC to synchronize with an external time source. Otherwise, this machine will function as the authoritative time source in the domain hierarchy. If an external time source is not configured or used for this computer, you may choose to disable the NtpClient.
10/08/2020 12:53:18 PM
LogName=System
SourceName=Microsoft-Windows-Windows Remote Management
EventCode=10154
EventType=3
Type=Warning
ComputerName=win-dc-8537412.attackrange.local
TaskCategory=None
OpCode=Info
RecordNumber=80388
Keywords=Classic
Message=The WinRM service failed to create the following SPNs: WSMAN/win-dc-8537412.attackrange.local; WSMAN/win-dc-8537412. 

 Additional Data 
 The error received was 1355: %%1355.

 User Action 
 The SPNs can be created by an administrator using setspn.exe utility.
10/08/2020 12:53:21 PM
LogName=System
SourceName=Microsoft-Windows-LSA
EventCode=6038
EventType=3
Type=Warning
ComputerName=win-dc-8537412.attackrange.local
TaskCategory=None
OpCode=Info
RecordNumber=80390
Keywords=Classic
Message=Microsoft Windows Server has detected that NTLM authentication is presently being used between clients and this server. This event occurs once per boot of the server on the first time a client uses NTLM with this server.
 
NTLM is a weaker authentication mechanism. Please check:
 
      Which applications are using NTLM authentication?
      Are there configuration issues preventing the use of stronger authentication such as Kerberos authentication?
      If NTLM must be supported, is Extended Protection configured?
 
Details on how to complete these checks can be found at http://go.microsoft.com/fwlink/?LinkId=225699.
10/08/2020 12:53:22 PM
LogName=System
SourceName=Microsoft-Windows-Service Control Manager
EventCode=7036
EventType=4
Type=Information
ComputerName=win-dc-8537412.attackrange.local
TaskCategory=None
OpCode=The operation completed successfully.
RecordNumber=80392
Keywords=Classic
Message=The W32Time service entered the running state.
10/08/2020 12:53:22 PM
LogName=System
SourceName=Microsoft-Windows-Time-Service
EventCode=134
EventType=3
Type=Warning
ComputerName=win-dc-8537412.attackrange.local
User=NOT_TRANSLATED
Sid=S-1-5-19
SidType=0
TaskCategory=None
OpCode=Info
RecordNumber=80391
Keywords=None
Message=NtpClient was unable to set a manual peer to use as a time source because of DNS resolution error on 'time.windows.com,0x8'. NtpClient will try again in 15 minutes and double the reattempt interval thereafter. The error was: No such host is known. (0x80072AF9)
10/08/2020 12:53:29 PM
LogName=System
SourceName=Microsoft-Windows-Service Control Manager
EventCode=7036
EventType=4
Type=Information
ComputerName=win-dc-8537412.attackrange.local
TaskCategory=None
OpCode=The operation completed successfully.
RecordNumber=80393
Keywords=Classic
Message=The DNS service entered the running state.
10/08/2020 12:53:30 PM
LogName=System
SourceName=Microsoft-Windows-Service Control Manager
EventCode=7036
EventType=4
Type=Information
ComputerName=win-dc-8537412.attackrange.local
TaskCategory=None
OpCode=The operation completed successfully.
RecordNumber=80397
Keywords=Classic
Message=The NetSetupSvc service entered the running state.
10/08/2020 12:53:30 PM
LogName=System
SourceName=Microsoft-Windows-Service Control Manager
EventCode=7036
EventType=4
Type=Information
ComputerName=win-dc-8537412.attackrange.local
TaskCategory=None
OpCode=The operation completed successfully.
RecordNumber=80396
Keywords=Classic
Message=The NcaSvc service entered the stopped state.
10/08/2020 12:53:30 PM
LogName=System
SourceName=Microsoft-Windows-DistributedCOM
EventCode=10016
EventType=2
Type=Error
ComputerName=win-dc-8537412.attackrange.local
User=NOT_TRANSLATED
Sid=S-1-5-21-3379454365-516788006-517813320-500
SidType=0
TaskCategory=None
OpCode=Info
RecordNumber=80395
Keywords=Classic
Message=The application-specific permission settings do not grant Local Activation permission for the COM Server application with CLSID 
{D63B10C5-BB46-4990-A94F-E40B9D520160}
 and APPID 
{9CA88EE3-ACB7-47C8-AFC4-AB702511C276}
 to the user ATTACKRANGE\Administrator SID (S-1-5-21-3379454365-516788006-517813320-500) from address LocalHost (Using LRPC) running in the application container Unavailable SID (Unavailable). This security permission can be modified using the Component Services administrative tool.
10/08/2020 12:53:30 PM
LogName=System
SourceName=Microsoft-Windows-Time-Service
EventCode=134
EventType=3
Type=Warning
ComputerName=win-dc-8537412.attackrange.local
User=NOT_TRANSLATED
Sid=S-1-5-19
SidType=0
TaskCategory=None
OpCode=Info
RecordNumber=80394
Keywords=None
Message=NtpClient was unable to set a manual peer to use as a time source because of DNS resolution error on 'time.windows.com,0x8'. NtpClient will try again in 15 minutes and double the reattempt interval thereafter. The error was: No such host is known. (0x80072AF9)
10/08/2020 12:53:36 PM
LogName=System
SourceName=Microsoft-Windows-Time-Service
EventCode=37
EventType=4
Type=Information
ComputerName=win-dc-8537412.attackrange.local
User=NOT_TRANSLATED
Sid=S-1-5-19
SidType=0
TaskCategory=None
OpCode=Info
RecordNumber=80398
Keywords=None
Message=The time provider NtpClient is currently receiving valid time data from time.windows.com,0x8 (ntp.m|0x8|0.0.0.0:123->51.105.208.173:123).
10/08/2020 12:53:39 PM
LogName=System
SourceName=Microsoft-Windows-Time-Service
EventCode=37
EventType=4
Type=Information
ComputerName=win-dc-8537412.attackrange.local
User=NOT_TRANSLATED
Sid=S-1-5-19
SidType=0
TaskCategory=None
OpCode=Info
RecordNumber=80399
Keywords=None
Message=The time provider NtpClient is currently receiving valid time data from time.windows.com,0x8 (ntp.m|0x8|0.0.0.0:123->51.105.208.173:123).
10/08/2020 12:53:45 PM
LogName=System
SourceName=Microsoft-Windows-Service Control Manager
EventCode=7036
EventType=4
Type=Information
ComputerName=win-dc-8537412.attackrange.local
TaskCategory=None
OpCode=The operation completed successfully.
RecordNumber=80400
Keywords=Classic
Message=The DsmSvc service entered the stopped state.
10/08/2020 12:53:54 PM
LogName=System
SourceName=Microsoft-Windows-Time-Service
EventCode=35
EventType=4
Type=Information
ComputerName=win-dc-8537412.attackrange.local
User=NOT_TRANSLATED
Sid=S-1-5-19
SidType=0
TaskCategory=None
OpCode=Info
RecordNumber=80402
Keywords=None
Message=The time service is now synchronizing the system time with the time source time.windows.com,0x8 (ntp.m|0x8|0.0.0.0:123->51.105.208.173:123).
10/08/2020 12:53:54 PM
LogName=System
SourceName=Microsoft-Windows-Time-Service
EventCode=144
EventType=3
Type=Warning
ComputerName=win-dc-8537412.attackrange.local
User=NOT_TRANSLATED
Sid=S-1-5-19
SidType=0
TaskCategory=None
OpCode=Info
RecordNumber=80401
Keywords=None
Message=The time service has stopped advertising as a good time source.
10/08/2020 12:54:29 PM
LogName=System
SourceName=Microsoft-Windows-Service Control Manager
EventCode=7036
EventType=4
Type=Information
ComputerName=win-dc-8537412.attackrange.local
TaskCategory=None
OpCode=The operation completed successfully.
RecordNumber=80405
Keywords=Classic
Message=The Device Setup Manager service entered the running state.
10/08/2020 12:54:29 PM
LogName=System
SourceName=Microsoft-Windows-Service Control Manager
EventCode=7036
EventType=4
Type=Information
ComputerName=win-dc-8537412.attackrange.local
TaskCategory=None
OpCode=The operation completed successfully.
RecordNumber=80404
Keywords=Classic
Message=The Microsoft Software Shadow Copy Provider service entered the running state.
10/08/2020 12:54:29 PM
LogName=System
SourceName=Microsoft-Windows-Service Control Manager
EventCode=7036
EventType=4
Type=Information
ComputerName=win-dc-8537412.attackrange.local
TaskCategory=None
OpCode=The operation completed successfully.
RecordNumber=80403
Keywords=Classic
Message=The Volume Shadow Copy service entered the running state.
10/08/2020 12:54:31 PM
LogName=System
SourceName=Microsoft-Windows-Ntfs
EventCode=98
EventType=4
Type=Information
ComputerName=win-dc-8537412.attackrange.local
User=NOT_TRANSLATED
Sid=S-1-5-18
SidType=0
TaskCategory=None
OpCode=Info
RecordNumber=80406
Keywords=None
Message=Volume ?? (\Device\HarddiskVolumeShadowCopy2) is healthy.  No action is needed.
10/08/2020 12:55:07 PM
LogName=System
SourceName=Microsoft-Windows-Service Control Manager
EventCode=7036
EventType=4
Type=Information
ComputerName=win-dc-8537412.attackrange.local
TaskCategory=None
OpCode=The operation completed successfully.
RecordNumber=80409
Keywords=Classic
Message=The Downloaded Maps Manager service entered the running state.
10/08/2020 12:55:07 PM
LogName=System
SourceName=Microsoft-Windows-Service Control Manager
EventCode=7036
EventType=4
Type=Information
ComputerName=win-dc-8537412.attackrange.local
TaskCategory=None
OpCode=The operation completed successfully.
RecordNumber=80408
Keywords=Classic
Message=The Diagnostic Policy Service service entered the running state.
10/08/2020 12:55:07 PM
LogName=System
SourceName=Microsoft-Windows-Service Control Manager
EventCode=7036
EventType=4
Type=Information
ComputerName=win-dc-8537412.attackrange.local
TaskCategory=None
OpCode=The operation completed successfully.
RecordNumber=80407
Keywords=Classic
Message=The Connected Devices Platform Service service entered the stopped state.
10/08/2020 12:55:08 PM
LogName=System
SourceName=Microsoft-Windows-Service Control Manager
EventCode=7036
EventType=4
Type=Information
ComputerName=win-dc-8537412.attackrange.local
TaskCategory=None
OpCode=The operation completed successfully.
RecordNumber=80411
Keywords=Classic
Message=The Software Protection service entered the running state.
10/08/2020 12:55:08 PM
LogName=System
SourceName=Microsoft-Windows-Service Control Manager
EventCode=7036
EventType=4
Type=Information
ComputerName=win-dc-8537412.attackrange.local
TaskCategory=None
OpCode=The operation completed successfully.
RecordNumber=80410
Keywords=Classic
Message=The Distributed Transaction Coordinator service entered the running state.
10/08/2020 12:55:09 PM
LogName=System
SourceName=Microsoft-Windows-Service Control Manager
EventCode=7036
EventType=4
Type=Information
ComputerName=win-dc-8537412.attackrange.local
TaskCategory=None
OpCode=The operation completed successfully.
RecordNumber=80412
Keywords=Classic
Message=The User Access Logging Service service entered the running state.
10/08/2020 12:55:17 PM
LogName=System
SourceName=Microsoft-Windows-Service Control Manager
EventCode=7036
EventType=4
Type=Information
ComputerName=win-dc-8537412.attackrange.local
TaskCategory=None
OpCode=The operation completed successfully.
RecordNumber=80413
Keywords=Classic
Message=The Downloaded Maps Manager service entered the stopped state.
10/08/2020 12:55:27 PM
LogName=System
SourceName=Microsoft-Windows-Service Control Manager
EventCode=7036
EventType=4
Type=Information
ComputerName=win-dc-8537412.attackrange.local
TaskCategory=None
OpCode=The operation completed successfully.
RecordNumber=80415
Keywords=Classic
Message=The SplunkForwarder Service service entered the stopped state.
10/08/2020 12:55:27 PM
LogName=System
SourceName=Microsoft-Windows-Service Control Manager
EventCode=7036
EventType=4
Type=Information
ComputerName=win-dc-8537412.attackrange.local
TaskCategory=None
OpCode=The operation completed successfully.
RecordNumber=80414
Keywords=Classic
Message=The SplunkForwarder Service service entered the stopped state.
10/08/2020 12:55:35 PM
LogName=System
SourceName=Microsoft-Windows-Service Control Manager
EventCode=7036
EventType=4
Type=Information
ComputerName=win-dc-8537412.attackrange.local
TaskCategory=None
OpCode=The operation completed successfully.
RecordNumber=80416
Keywords=Classic
Message=The SplunkForwarder Service service entered the running state.
10/08/2020 12:55:36 PM
LogName=System
SourceName=Microsoft-Windows-Service Control Manager
EventCode=7045
EventType=4
Type=Information
ComputerName=win-dc-8537412.attackrange.local
User=NOT_TRANSLATED
Sid=S-1-5-18
SidType=0
TaskCategory=None
OpCode=The operation completed successfully.
RecordNumber=80417
Keywords=Classic
Message=A service was installed in the system.

Service Name:  npf
Service File Name:  C:/Program Files\SplunkUniversalForwarder\etc\apps\Splunk_TA_stream\windows_x86_64\bin\npf.sys
Service Type:  kernel mode driver
Service Start Type:  demand start
Service Account:
10/08/2020 12:55:38 PM
LogName=System
SourceName=Microsoft-Windows-Service Control Manager
EventCode=7036
EventType=4
Type=Information
ComputerName=win-dc-8537412.attackrange.local
TaskCategory=None
OpCode=The operation completed successfully.
RecordNumber=80418
Keywords=Classic
Message=The Software Protection service entered the stopped state.
10/08/2020 12:55:53 PM
LogName=System
SourceName=Microsoft-Windows-Service Control Manager
EventCode=7036
EventType=4
Type=Information
ComputerName=win-dc-8537412.attackrange.local
TaskCategory=None
OpCode=The operation completed successfully.
RecordNumber=80419
Keywords=Classic
Message=The Network Setup Service service entered the stopped state.
10/08/2020 12:56:05 PM
LogName=System
SourceName=Microsoft-Windows-Service Control Manager
EventCode=7036
EventType=4
Type=Information
ComputerName=win-dc-8537412.attackrange.local
TaskCategory=None
OpCode=The operation completed successfully.
RecordNumber=80420
Keywords=Classic
Message=The Device Setup Manager service entered the stopped state.
10/08/2020 12:56:35 PM
LogName=System
SourceName=Microsoft-Windows-Service Control Manager
EventCode=7036
EventType=4
Type=Information
ComputerName=win-dc-8537412.attackrange.local
TaskCategory=None
OpCode=The operation completed successfully.
RecordNumber=80421
Keywords=Classic
Message=The Portable Device Enumerator Service service entered the stopped state.
10/08/2020 12:57:21 PM
LogName=System
SourceName=Microsoft-Windows-Service Control Manager
EventCode=7036
EventType=4
Type=Information
ComputerName=win-dc-8537412.attackrange.local
TaskCategory=None
OpCode=The operation completed successfully.
RecordNumber=80422
Keywords=Classic
Message=The Windows Modules Installer service entered the stopped state.
10/08/2020 12:57:51 PM
LogName=System
SourceName=Microsoft-Windows-Service Control Manager
EventCode=7036
EventType=4
Type=Information
ComputerName=win-dc-8537412.attackrange.local
TaskCategory=None
OpCode=The operation completed successfully.
RecordNumber=80424
Keywords=Classic
Message=The Windows Insider Service service entered the running state.
10/08/2020 12:57:51 PM
LogName=System
SourceName=Microsoft-Windows-Service Control Manager
EventCode=7036
EventType=4
Type=Information
ComputerName=win-dc-8537412.attackrange.local
TaskCategory=None
OpCode=The operation completed successfully.
RecordNumber=80423
Keywords=Classic
Message=The Update Orchestrator Service for Windows Update service entered the running state.
