10/08/2020 12:41:49 PM
LogName=System
SourceName=Microsoft-Windows-DistributedCOM
EventCode=10016
EventType=2
Type=Error
ComputerName=EC2AMAZ-6KJ2BPP
User=NOT_TRANSLATED
Sid=S-1-5-21-3379454365-516788006-517813320-500
SidType=0
TaskCategory=None
OpCode=Info
RecordNumber=79788
Keywords=Classic
Message=The application-specific permission settings do not grant Local Activation permission for the COM Server application with CLSID 
{D63B10C5-BB46-4990-A94F-E40B9D520160}
 and APPID 
{9CA88EE3-ACB7-47C8-AFC4-AB702511C276}
 to the user EC2AMAZ-6KJ2BPP\Administrator SID (S-1-5-21-3379454365-516788006-517813320-500) from address LocalHost (Using LRPC) running in the application container Unavailable SID (Unavailable). This security permission can be modified using the Component Services administrative tool.
10/08/2020 12:41:50 PM
LogName=System
SourceName=Microsoft-Windows-Service Control Manager
EventCode=7036
EventType=4
Type=Information
ComputerName=EC2AMAZ-6KJ2BPP
TaskCategory=None
OpCode=The operation completed successfully.
RecordNumber=79792
Keywords=Classic
Message=The Amazon SSM Agent service entered the running state.
10/08/2020 12:41:51 PM
LogName=System
SourceName=Microsoft-Windows-DistributedCOM
EventCode=10016
EventType=2
Type=Error
ComputerName=EC2AMAZ-6KJ2BPP
User=NOT_TRANSLATED
Sid=S-1-5-21-3379454365-516788006-517813320-500
SidType=0
TaskCategory=None
OpCode=Info
RecordNumber=79793
Keywords=Classic
Message=The application-specific permission settings do not grant Local Activation permission for the COM Server application with CLSID 
{D63B10C5-BB46-4990-A94F-E40B9D520160}
 and APPID 
{9CA88EE3-ACB7-47C8-AFC4-AB702511C276}
 to the user EC2AMAZ-6KJ2BPP\Administrator SID (S-1-5-21-3379454365-516788006-517813320-500) from address LocalHost (Using LRPC) running in the application container Unavailable SID (Unavailable). This security permission can be modified using the Component Services administrative tool.
10/08/2020 12:42:05 PM
LogName=System
SourceName=Microsoft-Windows-DistributedCOM
EventCode=10016
EventType=2
Type=Error
ComputerName=EC2AMAZ-6KJ2BPP
User=NOT_TRANSLATED
Sid=S-1-5-21-3379454365-516788006-517813320-500
SidType=0
TaskCategory=None
OpCode=Info
RecordNumber=79794
Keywords=Classic
Message=The application-specific permission settings do not grant Local Activation permission for the COM Server application with CLSID 
{D63B10C5-BB46-4990-A94F-E40B9D520160}
 and APPID 
{9CA88EE3-ACB7-47C8-AFC4-AB702511C276}
 to the user EC2AMAZ-6KJ2BPP\Administrator SID (S-1-5-21-3379454365-516788006-517813320-500) from address LocalHost (Using LRPC) running in the application container Unavailable SID (Unavailable). This security permission can be modified using the Component Services administrative tool.
10/08/2020 12:42:07 PM
LogName=System
SourceName=Microsoft-Windows-DistributedCOM
EventCode=10016
EventType=2
Type=Error
ComputerName=EC2AMAZ-6KJ2BPP
User=NOT_TRANSLATED
Sid=S-1-5-21-3379454365-516788006-517813320-500
SidType=0
TaskCategory=None
OpCode=Info
RecordNumber=79795
Keywords=Classic
Message=The application-specific permission settings do not grant Local Activation permission for the COM Server application with CLSID 
{D63B10C5-BB46-4990-A94F-E40B9D520160}
 and APPID 
{9CA88EE3-ACB7-47C8-AFC4-AB702511C276}
 to the user EC2AMAZ-6KJ2BPP\Administrator SID (S-1-5-21-3379454365-516788006-517813320-500) from address LocalHost (Using LRPC) running in the application container Unavailable SID (Unavailable). This security permission can be modified using the Component Services administrative tool.
10/08/2020 12:42:28 PM
LogName=System
SourceName=Microsoft-Windows-Service Control Manager
EventCode=7040
EventType=4
Type=Information
ComputerName=EC2AMAZ-6KJ2BPP
User=NOT_TRANSLATED
Sid=S-1-5-18
SidType=0
TaskCategory=None
OpCode=The operation completed successfully.
RecordNumber=79796
Keywords=Classic
Message=The start type of the Windows Modules Installer service was changed from demand start to auto start.
10/08/2020 12:42:30 PM
LogName=System
SourceName=Microsoft-Windows-Service Control Manager
EventCode=7036
EventType=4
Type=Information
ComputerName=EC2AMAZ-6KJ2BPP
TaskCategory=None
OpCode=The operation completed successfully.
RecordNumber=79798
Keywords=Classic
Message=The Microsoft Software Shadow Copy Provider service entered the running state.
10/08/2020 12:42:30 PM
LogName=System
SourceName=Microsoft-Windows-Service Control Manager
EventCode=7036
EventType=4
Type=Information
ComputerName=EC2AMAZ-6KJ2BPP
TaskCategory=None
OpCode=The operation completed successfully.
RecordNumber=79797
Keywords=Classic
Message=The Volume Shadow Copy service entered the running state.
10/08/2020 12:42:34 PM
LogName=System
SourceName=Microsoft-Windows-DistributedCOM
EventCode=10016
EventType=2
Type=Error
ComputerName=EC2AMAZ-6KJ2BPP
User=NOT_TRANSLATED
Sid=S-1-5-21-3379454365-516788006-517813320-500
SidType=0
TaskCategory=None
OpCode=Info
RecordNumber=79799
Keywords=Classic
Message=The application-specific permission settings do not grant Local Activation permission for the COM Server application with CLSID 
{D63B10C5-BB46-4990-A94F-E40B9D520160}
 and APPID 
{9CA88EE3-ACB7-47C8-AFC4-AB702511C276}
 to the user EC2AMAZ-6KJ2BPP\Administrator SID (S-1-5-21-3379454365-516788006-517813320-500) from address LocalHost (Using LRPC) running in the application container Unavailable SID (Unavailable). This security permission can be modified using the Component Services administrative tool.
10/08/2020 12:42:36 PM
LogName=System
SourceName=Microsoft-Windows-DistributedCOM
EventCode=10016
EventType=2
Type=Error
ComputerName=EC2AMAZ-6KJ2BPP
User=NOT_TRANSLATED
Sid=S-1-5-21-3379454365-516788006-517813320-500
SidType=0
TaskCategory=None
OpCode=Info
RecordNumber=79800
Keywords=Classic
Message=The application-specific permission settings do not grant Local Activation permission for the COM Server application with CLSID 
{D63B10C5-BB46-4990-A94F-E40B9D520160}
 and APPID 
{9CA88EE3-ACB7-47C8-AFC4-AB702511C276}
 to the user EC2AMAZ-6KJ2BPP\Administrator SID (S-1-5-21-3379454365-516788006-517813320-500) from address LocalHost (Using LRPC) running in the application container Unavailable SID (Unavailable). This security permission can be modified using the Component Services administrative tool.
10/08/2020 12:42:37 PM
LogName=System
SourceName=Microsoft-Windows-DistributedCOM
EventCode=10016
EventType=2
Type=Error
ComputerName=EC2AMAZ-6KJ2BPP
User=NOT_TRANSLATED
Sid=S-1-5-21-3379454365-516788006-517813320-500
SidType=0
TaskCategory=None
OpCode=Info
RecordNumber=79801
Keywords=Classic
Message=The application-specific permission settings do not grant Local Activation permission for the COM Server application with CLSID 
{D63B10C5-BB46-4990-A94F-E40B9D520160}
 and APPID 
{9CA88EE3-ACB7-47C8-AFC4-AB702511C276}
 to the user EC2AMAZ-6KJ2BPP\Administrator SID (S-1-5-21-3379454365-516788006-517813320-500) from address LocalHost (Using LRPC) running in the application container Unavailable SID (Unavailable). This security permission can be modified using the Component Services administrative tool.
10/08/2020 12:42:38 PM
LogName=System
SourceName=User32
EventCode=1074
EventType=4
Type=Information
ComputerName=EC2AMAZ-6KJ2BPP
User=NOT_TRANSLATED
Sid=S-1-5-21-3379454365-516788006-517813320-500
SidType=0
TaskCategory=None
OpCode=The operation completed successfully.
RecordNumber=79802
Keywords=Classic
Message=The process C:\Windows\system32\shutdown.exe (EC2AMAZ-6KJ2BPP) has initiated the restart of computer EC2AMAZ-6KJ2BPP on behalf of user EC2AMAZ-6KJ2BPP\Administrator for the following reason: No title for this reason could be found
 Reason Code: 0x800000ff
 Shutdown Type: restart
 Comment: Reboot initiated by Ansible
10/08/2020 12:42:40 PM
LogName=System
SourceName=Microsoft-Windows-Service Control Manager
EventCode=7036
EventType=4
Type=Information
ComputerName=EC2AMAZ-6KJ2BPP
TaskCategory=None
OpCode=The operation completed successfully.
RecordNumber=79803
Keywords=Classic
Message=The Group Policy Client service entered the stopped state.
10/08/2020 12:42:42 PM
LogName=System
SourceName=Microsoft-Windows-Service Control Manager
EventCode=7036
EventType=4
Type=Information
ComputerName=win-dc-8537412
TaskCategory=None
OpCode=The operation completed successfully.
RecordNumber=79837
Keywords=Classic
Message=The Task Scheduler service entered the stopped state.
10/08/2020 12:42:42 PM
LogName=System
SourceName=Microsoft-Windows-Service Control Manager
EventCode=7036
EventType=4
Type=Information
ComputerName=win-dc-8537412
TaskCategory=None
OpCode=The operation completed successfully.
RecordNumber=79836
Keywords=Classic
Message=The Windows Defender Service service entered the stopped state.
10/08/2020 12:42:42 PM
LogName=System
SourceName=Microsoft-Windows-Service Control Manager
EventCode=7036
EventType=4
Type=Information
ComputerName=win-dc-8537412
TaskCategory=None
OpCode=The operation completed successfully.
RecordNumber=79831
Keywords=Classic
Message=The Windows Event Log service entered the stopped state.
10/08/2020 12:42:42 PM
LogName=System
SourceName=Microsoft-Windows-Service Control Manager
EventCode=7036
EventType=4
Type=Information
ComputerName=win-dc-8537412
TaskCategory=None
OpCode=The operation completed successfully.
RecordNumber=79830
Keywords=Classic
Message=The Windows Remote Management (WS-Management) service entered the stopped state.
10/08/2020 12:42:42 PM
LogName=System
SourceName=Microsoft-Windows-Service Control Manager
EventCode=7036
EventType=4
Type=Information
ComputerName=EC2AMAZ-6KJ2BPP
TaskCategory=None
OpCode=The operation completed successfully.
RecordNumber=79829
Keywords=Classic
Message=The Remote Desktop Services service entered the stopped state.
10/08/2020 12:42:42 PM
LogName=System
SourceName=Microsoft-Windows-Service Control Manager
EventCode=7036
EventType=4
Type=Information
ComputerName=EC2AMAZ-6KJ2BPP
TaskCategory=None
OpCode=The operation completed successfully.
RecordNumber=79828
Keywords=Classic
Message=The Cryptographic Services service entered the stopped state.
10/08/2020 12:42:42 PM
LogName=System
SourceName=Microsoft-Windows-Service Control Manager
EventCode=7036
EventType=4
Type=Information
ComputerName=EC2AMAZ-6KJ2BPP
TaskCategory=None
OpCode=The operation completed successfully.
RecordNumber=79827
Keywords=Classic
Message=The State Repository Service service entered the stopped state.
10/08/2020 12:42:42 PM
LogName=System
SourceName=Microsoft-Windows-Service Control Manager
EventCode=7036
EventType=4
Type=Information
ComputerName=EC2AMAZ-6KJ2BPP
TaskCategory=None
OpCode=The operation completed successfully.
RecordNumber=79826
Keywords=Classic
Message=The Windows Management Instrumentation service entered the stopped state.
10/08/2020 12:42:42 PM
LogName=System
SourceName=Microsoft-Windows-Service Control Manager
EventCode=7036
EventType=4
Type=Information
ComputerName=EC2AMAZ-6KJ2BPP
TaskCategory=None
OpCode=The operation completed successfully.
RecordNumber=79825
Keywords=Classic
Message=The Volume Shadow Copy service entered the stopped state.
10/08/2020 12:42:42 PM
LogName=System
SourceName=Microsoft-Windows-Service Control Manager
EventCode=7036
EventType=4
Type=Information
ComputerName=EC2AMAZ-6KJ2BPP
TaskCategory=None
OpCode=The operation completed successfully.
RecordNumber=79824
Keywords=Classic
Message=The Certificate Propagation service entered the stopped state.
10/08/2020 12:42:42 PM
LogName=System
SourceName=Microsoft-Windows-Service Control Manager
EventCode=7036
EventType=4
Type=Information
ComputerName=EC2AMAZ-6KJ2BPP
TaskCategory=None
OpCode=The operation completed successfully.
RecordNumber=79823
Keywords=Classic
Message=The User Profile Service service entered the stopped state.
10/08/2020 12:42:42 PM
LogName=System
SourceName=Microsoft-Windows-Service Control Manager
EventCode=7036
EventType=4
Type=Information
ComputerName=EC2AMAZ-6KJ2BPP
TaskCategory=None
OpCode=The operation completed successfully.
RecordNumber=79822
Keywords=Classic
Message=The Windows Connection Manager service entered the stopped state.
10/08/2020 12:42:42 PM
LogName=System
SourceName=Microsoft-Windows-Service Control Manager
EventCode=7036
EventType=4
Type=Information
ComputerName=EC2AMAZ-6KJ2BPP
TaskCategory=None
OpCode=The operation completed successfully.
RecordNumber=79821
Keywords=Classic
Message=The DHCP Client service entered the stopped state.
10/08/2020 12:42:42 PM
LogName=System
SourceName=Microsoft-Windows-Dhcp-Client
EventCode=50037
EventType=4
Type=Information
ComputerName=EC2AMAZ-6KJ2BPP
User=NOT_TRANSLATED
Sid=S-1-5-19
SidType=0
TaskCategory=Service State Event
OpCode=ServiceStop
RecordNumber=79820
Keywords=None
Message=DHCPv4 client service is stopped. ShutDown Flag value is 1
10/08/2020 12:42:42 PM
LogName=System
SourceName=Microsoft-Windows-DHCPv6-Client
EventCode=51047
EventType=4
Type=Information
ComputerName=EC2AMAZ-6KJ2BPP
User=NOT_TRANSLATED
Sid=S-1-5-19
SidType=0
TaskCategory=Service State Event
OpCode=ServiceStop
RecordNumber=79819
Keywords=None
Message=DHCPv6 client service is stopped. ShutDown Flag value is 1
10/08/2020 12:42:42 PM
LogName=System
SourceName=Microsoft-Windows-Service Control Manager
EventCode=7036
EventType=4
Type=Information
ComputerName=EC2AMAZ-6KJ2BPP
TaskCategory=None
OpCode=The operation completed successfully.
RecordNumber=79818
Keywords=Classic
Message=The Windows Font Cache Service service entered the stopped state.
10/08/2020 12:42:42 PM
LogName=System
SourceName=Microsoft-Windows-Service Control Manager
EventCode=7036
EventType=4
Type=Information
ComputerName=EC2AMAZ-6KJ2BPP
TaskCategory=None
OpCode=The operation completed successfully.
RecordNumber=79817
Keywords=Classic
Message=The Microsoft Software Shadow Copy Provider service entered the stopped state.
10/08/2020 12:42:42 PM
LogName=System
SourceName=Microsoft-Windows-Service Control Manager
EventCode=7036
EventType=4
Type=Information
ComputerName=EC2AMAZ-6KJ2BPP
TaskCategory=None
OpCode=The operation completed successfully.
RecordNumber=79816
Keywords=Classic
Message=The Program Compatibility Assistant Service service entered the stopped state.
10/08/2020 12:42:42 PM
LogName=System
SourceName=Microsoft-Windows-Service Control Manager
EventCode=7036
EventType=4
Type=Information
ComputerName=EC2AMAZ-6KJ2BPP
TaskCategory=None
OpCode=The operation completed successfully.
RecordNumber=79815
Keywords=Classic
Message=The Device Install Service service entered the stopped state.
10/08/2020 12:42:42 PM
LogName=System
SourceName=Microsoft-Windows-Service Control Manager
EventCode=7036
EventType=4
Type=Information
ComputerName=EC2AMAZ-6KJ2BPP
TaskCategory=None
OpCode=The operation completed successfully.
RecordNumber=79814
Keywords=Classic
Message=The IPsec Policy Agent service entered the stopped state.
10/08/2020 12:42:42 PM
LogName=System
SourceName=Microsoft-Windows-Service Control Manager
EventCode=7036
EventType=4
Type=Information
ComputerName=EC2AMAZ-6KJ2BPP
TaskCategory=None
OpCode=The operation completed successfully.
RecordNumber=79813
Keywords=Classic
Message=The Amazon SSM Agent service entered the stopped state.
10/08/2020 12:42:42 PM
LogName=System
SourceName=Microsoft-Windows-Service Control Manager
EventCode=7036
EventType=4
Type=Information
ComputerName=EC2AMAZ-6KJ2BPP
TaskCategory=None
OpCode=The operation completed successfully.
RecordNumber=79812
Keywords=Classic
Message=The AWS Lite Guest Agent service entered the stopped state.
10/08/2020 12:42:42 PM
LogName=System
SourceName=Microsoft-Windows-Service Control Manager
EventCode=7036
EventType=4
Type=Information
ComputerName=EC2AMAZ-6KJ2BPP
TaskCategory=None
OpCode=The operation completed successfully.
RecordNumber=79811
Keywords=Classic
Message=The Distributed Link Tracking Client service entered the stopped state.
10/08/2020 12:42:42 PM
LogName=System
SourceName=Microsoft-Windows-Service Control Manager
EventCode=7036
EventType=4
Type=Information
ComputerName=EC2AMAZ-6KJ2BPP
TaskCategory=None
OpCode=The operation completed successfully.
RecordNumber=79810
Keywords=Classic
Message=The Windows Time service entered the stopped state.
10/08/2020 12:42:42 PM
LogName=System
SourceName=Microsoft-Windows-Service Control Manager
EventCode=7036
EventType=4
Type=Information
ComputerName=EC2AMAZ-6KJ2BPP
TaskCategory=None
OpCode=The operation completed successfully.
RecordNumber=79809
Keywords=Classic
Message=The Remote Desktop Services UserMode Port Redirector service entered the stopped state.
10/08/2020 12:42:42 PM
LogName=System
SourceName=Microsoft-Windows-Service Control Manager
EventCode=7036
EventType=4
Type=Information
ComputerName=EC2AMAZ-6KJ2BPP
TaskCategory=None
OpCode=The operation completed successfully.
RecordNumber=79808
Keywords=Classic
Message=The Plug and Play service entered the stopped state.
10/08/2020 12:42:42 PM
LogName=System
SourceName=Microsoft-Windows-Service Control Manager
EventCode=7036
EventType=4
Type=Information
ComputerName=EC2AMAZ-6KJ2BPP
TaskCategory=None
OpCode=The operation completed successfully.
RecordNumber=79807
Keywords=Classic
Message=The Tile Data model server service entered the stopped state.
10/08/2020 12:42:42 PM
LogName=System
SourceName=Microsoft-Windows-Service Control Manager
EventCode=7036
EventType=4
Type=Information
ComputerName=EC2AMAZ-6KJ2BPP
TaskCategory=None
OpCode=The operation completed successfully.
RecordNumber=79806
Keywords=Classic
Message=The Windows Modules Installer service entered the stopped state.
10/08/2020 12:42:42 PM
LogName=System
SourceName=EventLog
EventCode=6006
EventType=4
Type=Information
ComputerName=EC2AMAZ-6KJ2BPP
TaskCategory=None
OpCode=None
RecordNumber=79805
Keywords=Classic
Message=The Event log service was stopped.
10/08/2020 12:42:42 PM
LogName=System
SourceName=Microsoft-Windows-Windows Remote Management
EventCode=10149
EventType=3
Type=Warning
ComputerName=EC2AMAZ-6KJ2BPP
TaskCategory=None
OpCode=Info
RecordNumber=79804
Keywords=Classic
Message=The WinRM service is not listening for WS-Management requests. 

 User Action 
 If you did not intentionally stop the service, use the following command to see the WinRM configuration: 

 winrm enumerate winrm/config/listener
10/08/2020 12:42:43 PM
LogName=System
SourceName=Microsoft-Windows-Kernel-Power
EventCode=109
EventType=4
Type=Information
ComputerName=win-dc-8537412
TaskCategory=103
OpCode=Info
RecordNumber=79840
Keywords=None
Message=The kernel power manager has initiated a shutdown transition.

Shutdown Reason: Kernel API
10/08/2020 12:42:43 PM
LogName=System
SourceName=Microsoft-Windows-Service Control Manager
EventCode=7036
EventType=4
Type=Information
ComputerName=win-dc-8537412
TaskCategory=None
OpCode=The operation completed successfully.
RecordNumber=79839
Keywords=Classic
Message=The Windows Update service entered the stopped state.
10/08/2020 12:42:43 PM
LogName=System
SourceName=Microsoft-Windows-Service Control Manager
EventCode=7036
EventType=4
Type=Information
ComputerName=win-dc-8537412
TaskCategory=None
OpCode=The operation completed successfully.
RecordNumber=79838
Keywords=Classic
Message=The Device Setup Manager service entered the stopped state.
10/08/2020 12:42:44 PM
LogName=System
SourceName=Microsoft-Windows-Kernel-General
EventCode=13
EventType=4
Type=Information
ComputerName=win-dc-8537412
TaskCategory=2
OpCode=Info
RecordNumber=79841
Keywords=None
Message=The operating system is shutting down at system time ‎2020‎-‎10‎-‎08T12:42:44.531424500Z.
10/08/2020 12:43:04 PM
LogName=System
SourceName=Microsoft-Windows-Kernel-Boot
EventCode=32
EventType=4
Type=Information
ComputerName=win-dc-8537412
User=NOT_TRANSLATED
Sid=S-1-5-18
SidType=0
TaskCategory=None
OpCode=Info
RecordNumber=79848
Keywords=None
Message=The bootmgr spent 0 ms waiting for user input.
10/08/2020 12:43:04 PM
LogName=System
SourceName=Microsoft-Windows-Kernel-Boot
EventCode=18
EventType=4
Type=Information
ComputerName=win-dc-8537412
User=NOT_TRANSLATED
Sid=S-1-5-18
SidType=0
TaskCategory=None
OpCode=Info
RecordNumber=79847
Keywords=None
Message=There are 0x1 boot options on this system.
10/08/2020 12:43:04 PM
LogName=System
SourceName=Microsoft-Windows-Kernel-Boot
EventCode=25
EventType=4
Type=Information
ComputerName=win-dc-8537412
User=NOT_TRANSLATED
Sid=S-1-5-18
SidType=0
TaskCategory=32
OpCode=Info
RecordNumber=79846
Keywords=None
Message=The boot menu policy was 0x0.
10/08/2020 12:43:04 PM
LogName=System
SourceName=Microsoft-Windows-Kernel-Boot
EventCode=27
EventType=4
Type=Information
ComputerName=win-dc-8537412
User=NOT_TRANSLATED
Sid=S-1-5-18
SidType=0
TaskCategory=33
OpCode=Info
RecordNumber=79845
Keywords=None
Message=The boot type was 0x0.
10/08/2020 12:43:04 PM
LogName=System
SourceName=Microsoft-Windows-Kernel-Boot
EventCode=20
EventType=4
Type=Information
ComputerName=win-dc-8537412
User=NOT_TRANSLATED
Sid=S-1-5-18
SidType=0
TaskCategory=31
OpCode=Info
RecordNumber=79844
Keywords=None
Message=The last shutdown's success status was true. The last boot's success status was true.
10/08/2020 12:43:04 PM
LogName=System
SourceName=Microsoft-Windows-Kernel-Boot
EventCode=153
EventType=4
Type=Information
ComputerName=win-dc-8537412
User=NOT_TRANSLATED
Sid=S-1-5-18
SidType=0
TaskCategory=None
OpCode=Info
RecordNumber=79843
Keywords=None
Message=The Virtualization Based Security (policies: 0) is disabled with status STATUS_SUCCESS.
10/08/2020 12:43:04 PM
LogName=System
SourceName=Microsoft-Windows-Kernel-General
EventCode=12
EventType=4
Type=Information
ComputerName=win-dc-8537412
User=NOT_TRANSLATED
Sid=S-1-5-18
SidType=0
TaskCategory=1
OpCode=Info
RecordNumber=79842
Keywords=None
Message=The operating system started at system time ‎2020‎-‎10‎-‎08T12:43:04.489130500Z.
10/08/2020 12:43:08 PM
LogName=System
SourceName=Microsoft-Windows-Kernel-Processor-Power
EventCode=55
EventType=4
Type=Information
ComputerName=win-dc-8537412
User=NOT_TRANSLATED
Sid=S-1-5-18
SidType=0
TaskCategory=47
OpCode=Info
RecordNumber=79861
Keywords=None
Message=Processor 7 in group 0 exposes the following power management capabilities:

Idle state type: ACPI Idle (C) States (1 state(s))

Performance state type: None
Nominal Frequency (MHz): 2400
Maximum performance percentage: 100
Minimum performance percentage: 100
Minimum throttle percentage: 100
10/08/2020 12:43:08 PM
LogName=System
SourceName=Microsoft-Windows-Kernel-Processor-Power
EventCode=55
EventType=4
Type=Information
ComputerName=win-dc-8537412
User=NOT_TRANSLATED
Sid=S-1-5-18
SidType=0
TaskCategory=47
OpCode=Info
RecordNumber=79860
Keywords=None
Message=Processor 6 in group 0 exposes the following power management capabilities:

Idle state type: ACPI Idle (C) States (1 state(s))

Performance state type: None
Nominal Frequency (MHz): 2400
Maximum performance percentage: 100
Minimum performance percentage: 100
Minimum throttle percentage: 100
10/08/2020 12:43:08 PM
LogName=System
SourceName=Microsoft-Windows-Kernel-Processor-Power
EventCode=55
EventType=4
Type=Information
ComputerName=win-dc-8537412
User=NOT_TRANSLATED
Sid=S-1-5-18
SidType=0
TaskCategory=47
OpCode=Info
RecordNumber=79859
Keywords=None
Message=Processor 5 in group 0 exposes the following power management capabilities:

Idle state type: ACPI Idle (C) States (1 state(s))

Performance state type: None
Nominal Frequency (MHz): 2400
Maximum performance percentage: 100
Minimum performance percentage: 100
Minimum throttle percentage: 100
10/08/2020 12:43:08 PM
LogName=System
SourceName=Microsoft-Windows-Kernel-Processor-Power
EventCode=55
EventType=4
Type=Information
ComputerName=win-dc-8537412
User=NOT_TRANSLATED
Sid=S-1-5-18
SidType=0
TaskCategory=47
OpCode=Info
RecordNumber=79858
Keywords=None
Message=Processor 4 in group 0 exposes the following power management capabilities:

Idle state type: ACPI Idle (C) States (1 state(s))

Performance state type: None
Nominal Frequency (MHz): 2400
Maximum performance percentage: 100
Minimum performance percentage: 100
Minimum throttle percentage: 100
10/08/2020 12:43:08 PM
LogName=System
SourceName=Microsoft-Windows-Kernel-Processor-Power
EventCode=55
EventType=4
Type=Information
ComputerName=win-dc-8537412
User=NOT_TRANSLATED
Sid=S-1-5-18
SidType=0
TaskCategory=47
OpCode=Info
RecordNumber=79857
Keywords=None
Message=Processor 3 in group 0 exposes the following power management capabilities:

Idle state type: ACPI Idle (C) States (1 state(s))

Performance state type: None
Nominal Frequency (MHz): 2400
Maximum performance percentage: 100
Minimum performance percentage: 100
Minimum throttle percentage: 100
10/08/2020 12:43:08 PM
LogName=System
SourceName=Microsoft-Windows-Kernel-Processor-Power
EventCode=55
EventType=4
Type=Information
ComputerName=win-dc-8537412
User=NOT_TRANSLATED
Sid=S-1-5-18
SidType=0
TaskCategory=47
OpCode=Info
RecordNumber=79856
Keywords=None
Message=Processor 2 in group 0 exposes the following power management capabilities:

Idle state type: ACPI Idle (C) States (1 state(s))

Performance state type: None
Nominal Frequency (MHz): 2400
Maximum performance percentage: 100
Minimum performance percentage: 100
Minimum throttle percentage: 100
10/08/2020 12:43:08 PM
LogName=System
SourceName=Microsoft-Windows-Kernel-Processor-Power
EventCode=55
EventType=4
Type=Information
ComputerName=win-dc-8537412
User=NOT_TRANSLATED
Sid=S-1-5-18
SidType=0
TaskCategory=47
OpCode=Info
RecordNumber=79855
Keywords=None
Message=Processor 1 in group 0 exposes the following power management capabilities:

Idle state type: ACPI Idle (C) States (1 state(s))

Performance state type: None
Nominal Frequency (MHz): 2400
Maximum performance percentage: 100
Minimum performance percentage: 100
Minimum throttle percentage: 100
10/08/2020 12:43:08 PM
LogName=System
SourceName=Microsoft-Windows-Kernel-Processor-Power
EventCode=55
EventType=4
Type=Information
ComputerName=win-dc-8537412
User=NOT_TRANSLATED
Sid=S-1-5-18
SidType=0
TaskCategory=47
OpCode=Info
RecordNumber=79854
Keywords=None
Message=Processor 0 in group 0 exposes the following power management capabilities:

Idle state type: ACPI Idle (C) States (1 state(s))

Performance state type: None
Nominal Frequency (MHz): 2400
Maximum performance percentage: 100
Minimum performance percentage: 100
Minimum throttle percentage: 100
10/08/2020 12:43:08 PM
LogName=System
SourceName=Microsoft-Windows-Kernel-Power
EventCode=172
EventType=4
Type=Information
ComputerName=win-dc-8537412
User=NOT_TRANSLATED
Sid=S-1-5-18
SidType=0
TaskCategory=203
OpCode=Info
RecordNumber=79853
Keywords=None
Message=Connectivity state in standby: Disconnected, Reason: NIC compliance
10/08/2020 12:43:08 PM
LogName=System
SourceName=Microsoft-Windows-FilterManager
EventCode=6
EventType=4
Type=Information
ComputerName=win-dc-8537412
User=NOT_TRANSLATED
Sid=S-1-5-18
SidType=0
TaskCategory=None
OpCode=Info
RecordNumber=79852
Keywords=None
Message=File System Filter 'npsvctrig' (10.0, ‎2016‎-‎07‎-‎16T02:28:33.000000000Z) has successfully loaded and registered with Filter Manager.
10/08/2020 12:43:08 PM
LogName=System
SourceName=Microsoft-Windows-FilterManager
EventCode=6
EventType=4
Type=Information
ComputerName=win-dc-8537412
User=NOT_TRANSLATED
Sid=S-1-5-18
SidType=0
TaskCategory=None
OpCode=Info
RecordNumber=79851
Keywords=None
Message=File System Filter 'FileCrypt' (10.0, ‎2018‎-‎08‎-‎30T20:44:27.000000000Z) has successfully loaded and registered with Filter Manager.
10/08/2020 12:43:08 PM
LogName=System
SourceName=Microsoft-Windows-Ntfs
EventCode=98
EventType=4
Type=Information
ComputerName=win-dc-8537412
User=NOT_TRANSLATED
Sid=S-1-5-18
SidType=0
TaskCategory=None
OpCode=Info
RecordNumber=79850
Keywords=None
Message=Volume C: (\Device\HarddiskVolume1) is healthy.  No action is needed.
10/08/2020 12:43:08 PM
LogName=System
SourceName=Microsoft-Windows-FilterManager
EventCode=6
EventType=4
Type=Information
ComputerName=win-dc-8537412
User=NOT_TRANSLATED
Sid=S-1-5-18
SidType=0
TaskCategory=None
OpCode=Info
RecordNumber=79849
Keywords=None
Message=File System Filter 'Wof' (10.0, ‎2019‎-‎09‎-‎29T22:52:46.000000000Z) has successfully loaded and registered with Filter Manager.
10/08/2020 12:43:09 PM
LogName=System
SourceName=Microsoft-Windows-Service Control Manager
EventCode=7036
EventType=4
Type=Information
ComputerName=win-dc-8537412
TaskCategory=None
OpCode=The operation completed successfully.
RecordNumber=79868
Keywords=Classic
Message=The RpcSs service entered the running state.
10/08/2020 12:43:09 PM
LogName=System
SourceName=Microsoft-Windows-Service Control Manager
EventCode=7036
EventType=4
Type=Information
ComputerName=win-dc-8537412
TaskCategory=None
OpCode=The operation completed successfully.
RecordNumber=79867
Keywords=Classic
Message=The RpcEptMapper service entered the running state.
10/08/2020 12:43:09 PM
LogName=System
SourceName=Microsoft-Windows-Service Control Manager
EventCode=7036
EventType=4
Type=Information
ComputerName=win-dc-8537412
TaskCategory=None
OpCode=The operation completed successfully.
RecordNumber=79866
Keywords=Classic
Message=The DcomLaunch service entered the running state.
10/08/2020 12:43:09 PM
LogName=System
SourceName=Microsoft-Windows-Service Control Manager
EventCode=7036
EventType=4
Type=Information
ComputerName=win-dc-8537412
TaskCategory=None
OpCode=The operation completed successfully.
RecordNumber=79865
Keywords=Classic
Message=The Power service entered the running state.
10/08/2020 12:43:09 PM
LogName=System
SourceName=Microsoft-Windows-Service Control Manager
EventCode=7036
EventType=4
Type=Information
ComputerName=win-dc-8537412
TaskCategory=None
OpCode=The operation completed successfully.
RecordNumber=79864
Keywords=Classic
Message=The PlugPlay service entered the running state.
10/08/2020 12:43:09 PM
LogName=System
SourceName=Microsoft-Windows-Directory-Services-SAM
EventCode=16962
EventType=4
Type=Information
ComputerName=win-dc-8537412
User=NOT_TRANSLATED
Sid=S-1-5-18
SidType=0
TaskCategory=None
OpCode=Info
RecordNumber=79863
Keywords=None
Message=Remote calls to the SAM database are being restricted using the default security descriptor: O:SYG:SYD:(A;;RC;;;BA).
For more information please see http://go.microsoft.com/fwlink/?LinkId=787651.
10/08/2020 12:43:09 PM
LogName=System
SourceName=Microsoft-Windows-Wininit
EventCode=14
EventType=4
Type=Information
ComputerName=win-dc-8537412
User=NOT_TRANSLATED
Sid=S-1-5-18
SidType=0
TaskCategory=None
OpCode=Info
RecordNumber=79862
Keywords=None
Message=Credential Guard (LsaIso.exe) configuration: 0x0, 0
10/08/2020 12:43:10 PM
LogName=System
SourceName=Microsoft-Windows-Service Control Manager
EventCode=7036
EventType=4
Type=Information
ComputerName=win-dc-8537412
TaskCategory=None
OpCode=The operation completed successfully.
RecordNumber=79930
Keywords=Classic
Message=The AmazonSSMAgent service entered the running state.
10/08/2020 12:43:10 PM
LogName=System
SourceName=Microsoft-Windows-Service Control Manager
EventCode=7026
EventType=4
Type=Information
ComputerName=win-dc-8537412
TaskCategory=None
OpCode=The operation completed successfully.
RecordNumber=79929
Keywords=Classic
Message=The following boot-start or system-start driver(s) did not load: 
cdrom
dam
10/08/2020 12:43:10 PM
LogName=System
SourceName=Microsoft-Windows-Service Control Manager
EventCode=7036
EventType=4
Type=Information
ComputerName=win-dc-8537412
TaskCategory=None
OpCode=The operation completed successfully.
RecordNumber=79928
Keywords=Classic
Message=The PolicyAgent service entered the running state.
10/08/2020 12:43:10 PM
LogName=System
SourceName=Microsoft-Windows-Iphlpsvc
EventCode=4200
EventType=4
Type=Information
ComputerName=win-dc-8537412
User=NOT_TRANSLATED
Sid=S-1-5-18
SidType=0
TaskCategory=None
OpCode=Info
RecordNumber=79927
Keywords=None
Message=Isatap interface isatap.eu-central-1.compute.internal with address fe80::5efe:10.0.1.14 has been brought up.
10/08/2020 12:43:10 PM
LogName=System
SourceName=Microsoft-Windows-Service Control Manager
EventCode=7036
EventType=4
Type=Information
ComputerName=win-dc-8537412
TaskCategory=None
OpCode=The operation completed successfully.
RecordNumber=79926
Keywords=Classic
Message=The NetSetupSvc service entered the running state.
10/08/2020 12:43:10 PM
LogName=System
SourceName=Microsoft-Windows-Service Control Manager
EventCode=7036
EventType=4
Type=Information
ComputerName=win-dc-8537412
TaskCategory=None
OpCode=The operation completed successfully.
RecordNumber=79925
Keywords=Classic
Message=The iphlpsvc service entered the running state.
10/08/2020 12:43:10 PM
LogName=System
SourceName=Microsoft-Windows-Service Control Manager
EventCode=7036
EventType=4
Type=Information
ComputerName=win-dc-8537412
TaskCategory=None
OpCode=The operation completed successfully.
RecordNumber=79924
Keywords=Classic
Message=The tiledatamodelsvc service entered the running state.
10/08/2020 12:43:10 PM
LogName=System
SourceName=Microsoft-Windows-Service Control Manager
EventCode=7036
EventType=4
Type=Information
ComputerName=win-dc-8537412
TaskCategory=None
OpCode=The operation completed successfully.
RecordNumber=79923
Keywords=Classic
Message=The StateRepository service entered the running state.
10/08/2020 12:43:10 PM
LogName=System
SourceName=Microsoft-Windows-Service Control Manager
EventCode=7036
EventType=4
Type=Information
ComputerName=win-dc-8537412
TaskCategory=None
OpCode=The operation completed successfully.
RecordNumber=79922
Keywords=Classic
Message=The WpnService service entered the running state.
10/08/2020 12:43:10 PM
LogName=System
SourceName=Microsoft-Windows-Service Control Manager
EventCode=7036
EventType=4
Type=Information
ComputerName=win-dc-8537412
TaskCategory=None
OpCode=The operation completed successfully.
RecordNumber=79921
Keywords=Classic
Message=The WinRM service entered the running state.
10/08/2020 12:43:10 PM
LogName=System
SourceName=Microsoft-Windows-Service Control Manager
EventCode=7036
EventType=4
Type=Information
ComputerName=win-dc-8537412
TaskCategory=None
OpCode=The operation completed successfully.
RecordNumber=79920
Keywords=Classic
Message=The LanmanServer service entered the running state.
10/08/2020 12:43:10 PM
LogName=System
SourceName=Microsoft-Windows-Service Control Manager
EventCode=7036
EventType=4
Type=Information
ComputerName=win-dc-8537412
TaskCategory=None
OpCode=The operation completed successfully.
RecordNumber=79919
Keywords=Classic
Message=The KeyIso service entered the running state.
10/08/2020 12:43:10 PM
LogName=System
SourceName=Microsoft-Windows-Service Control Manager
EventCode=7036
EventType=4
Type=Information
ComputerName=win-dc-8537412
TaskCategory=None
OpCode=The operation completed successfully.
RecordNumber=79918
Keywords=Classic
Message=The CryptSvc service entered the running state.
10/08/2020 12:43:10 PM
LogName=System
SourceName=Microsoft-Windows-Service Control Manager
EventCode=7036
EventType=4
Type=Information
ComputerName=win-dc-8537412
TaskCategory=None
OpCode=The operation completed successfully.
RecordNumber=79917
Keywords=Classic
Message=The W32Time service entered the running state.
10/08/2020 12:43:10 PM
LogName=System
SourceName=Microsoft-Windows-Service Control Manager
EventCode=7036
EventType=4
Type=Information
ComputerName=win-dc-8537412
TaskCategory=None
OpCode=The operation completed successfully.
RecordNumber=79916
Keywords=Classic
Message=The Winmgmt service entered the running state.
10/08/2020 12:43:10 PM
LogName=System
SourceName=Microsoft-Windows-Service Control Manager
EventCode=7036
EventType=4
Type=Information
ComputerName=win-dc-8537412
TaskCategory=None
OpCode=The operation completed successfully.
RecordNumber=79915
Keywords=Classic
Message=The MpsSvc service entered the running state.
10/08/2020 12:43:10 PM
LogName=System
SourceName=Microsoft-Windows-Service Control Manager
EventCode=7036
EventType=4
Type=Information
ComputerName=win-dc-8537412
TaskCategory=None
OpCode=The operation completed successfully.
RecordNumber=79914
Keywords=Classic
Message=The RemoteRegistry service entered the running state.
10/08/2020 12:43:10 PM
LogName=System
SourceName=Microsoft-Windows-Service Control Manager
EventCode=7036
EventType=4
Type=Information
ComputerName=win-dc-8537412
TaskCategory=None
OpCode=The operation completed successfully.
RecordNumber=79913
Keywords=Classic
Message=The AWSLiteAgent service entered the running state.
10/08/2020 12:43:10 PM
LogName=System
SourceName=Microsoft-Windows-TerminalServices-RemoteConnectionManager
EventCode=1056
EventType=4
Type=Information
ComputerName=win-dc-8537412
TaskCategory=None
OpCode=The operation completed successfully.
RecordNumber=79912
Keywords=Classic
Message=A new self signed certificate to be used for RD Session Host Server authentication on SSL connections was generated. The name on this certificate is win-dc-8537412. The SHA1 hash of the certificate is in the event data.
10/08/2020 12:43:10 PM
LogName=System
SourceName=Microsoft-Windows-Windows Remote Management
EventCode=10148
EventType=4
Type=Information
ComputerName=win-dc-8537412
TaskCategory=None
OpCode=Info
RecordNumber=79911
Keywords=Classic
Message=The WinRM service is listening for WS-Management requests. 

 User Action 
 Use the following command to see the specific IPs on which WinRM is listening: 

 winrm enumerate winrm/config/listener
10/08/2020 12:43:10 PM
LogName=System
SourceName=Microsoft-Windows-Service Control Manager
EventCode=7036
EventType=4
Type=Information
ComputerName=win-dc-8537412
TaskCategory=None
OpCode=The operation completed successfully.
RecordNumber=79910
Keywords=Classic
Message=The PcaSvc service entered the running state.
10/08/2020 12:43:10 PM
LogName=System
SourceName=Microsoft-Windows-Service Control Manager
EventCode=7036
EventType=4
Type=Information
ComputerName=win-dc-8537412
TaskCategory=None
OpCode=The operation completed successfully.
RecordNumber=79909
Keywords=Classic
Message=The TrkWks service entered the running state.
10/08/2020 12:43:10 PM
LogName=System
SourceName=Microsoft-Windows-Service Control Manager
EventCode=7036
EventType=4
Type=Information
ComputerName=win-dc-8537412
TaskCategory=None
OpCode=The operation completed successfully.
RecordNumber=79908
Keywords=Classic
Message=The Spooler service entered the running state.
10/08/2020 12:43:10 PM
LogName=System
SourceName=Microsoft-Windows-Service Control Manager
EventCode=7036
EventType=4
Type=Information
ComputerName=win-dc-8537412
TaskCategory=None
OpCode=The operation completed successfully.
RecordNumber=79907
Keywords=Classic
Message=The SamSs service entered the running state.
10/08/2020 12:43:10 PM
LogName=System
SourceName=Microsoft-Windows-Service Control Manager
EventCode=7036
EventType=4
Type=Information
ComputerName=win-dc-8537412
TaskCategory=None
OpCode=The operation completed successfully.
RecordNumber=79906
Keywords=Classic
Message=The UserManager service entered the running state.
10/08/2020 12:43:10 PM
LogName=System
SourceName=Microsoft-Windows-Service Control Manager
EventCode=7036
EventType=4
Type=Information
ComputerName=win-dc-8537412
TaskCategory=None
OpCode=The operation completed successfully.
RecordNumber=79905
Keywords=Classic
Message=The BFE service entered the running state.
10/08/2020 12:43:10 PM
LogName=System
SourceName=Microsoft-Windows-Service Control Manager
EventCode=7036
EventType=4
Type=Information
ComputerName=win-dc-8537412
TaskCategory=None
OpCode=The operation completed successfully.
RecordNumber=79904
Keywords=Classic
Message=The TimeBrokerSvc service entered the running state.
10/08/2020 12:43:10 PM
LogName=System
SourceName=Microsoft-Windows-Service Control Manager
EventCode=7036
EventType=4
Type=Information
ComputerName=win-dc-8537412
TaskCategory=None
OpCode=The operation completed successfully.
RecordNumber=79903
Keywords=Classic
Message=The WinHttpAutoProxySvc service entered the running state.
10/08/2020 12:43:10 PM
LogName=System
SourceName=Microsoft-Windows-Service Control Manager
EventCode=7036
EventType=4
Type=Information
ComputerName=win-dc-8537412
TaskCategory=None
OpCode=The operation completed successfully.
RecordNumber=79902
Keywords=Classic
Message=The NcbService service entered the running state.
10/08/2020 12:43:10 PM
LogName=System
SourceName=Microsoft-Windows-Service Control Manager
EventCode=7036
EventType=4
Type=Information
ComputerName=win-dc-8537412
TaskCategory=None
OpCode=The operation completed successfully.
RecordNumber=79901
Keywords=Classic
Message=The DsmSvc service entered the running state.
10/08/2020 12:43:10 PM
LogName=System
SourceName=Microsoft-Windows-Service Control Manager
EventCode=7036
EventType=4
Type=Information
ComputerName=win-dc-8537412
TaskCategory=None
OpCode=The operation completed successfully.
RecordNumber=79900
Keywords=Classic
Message=The SessionEnv service entered the running state.
10/08/2020 12:43:10 PM
LogName=System
SourceName=Microsoft-Windows-Service Control Manager
EventCode=7036
EventType=4
Type=Information
ComputerName=win-dc-8537412
TaskCategory=None
OpCode=The operation completed successfully.
RecordNumber=79899
Keywords=Classic
Message=The Schedule service entered the running state.
10/08/2020 12:43:10 PM
LogName=System
SourceName=Microsoft-Windows-Service Control Manager
EventCode=7036
EventType=4
Type=Information
ComputerName=win-dc-8537412
TaskCategory=None
OpCode=The operation completed successfully.
RecordNumber=79898
Keywords=Classic
Message=The netprofm service entered the running state.
10/08/2020 12:43:10 PM
LogName=System
SourceName=Microsoft-Windows-Service Control Manager
EventCode=7036
EventType=4
Type=Information
ComputerName=win-dc-8537412
TaskCategory=None
OpCode=The operation completed successfully.
RecordNumber=79897
Keywords=Classic
Message=The Dnscache service entered the running state.
10/08/2020 12:43:10 PM
LogName=System
SourceName=Microsoft-Windows-Service Control Manager
EventCode=7036
EventType=4
Type=Information
ComputerName=win-dc-8537412
TaskCategory=None
OpCode=The operation completed successfully.
RecordNumber=79896
Keywords=Classic
Message=The NlaSvc service entered the running state.
10/08/2020 12:43:10 PM
LogName=System
SourceName=Microsoft-Windows-Service Control Manager
EventCode=7036
EventType=4
Type=Information
ComputerName=win-dc-8537412
TaskCategory=None
OpCode=The operation completed successfully.
RecordNumber=79895
Keywords=Classic
Message=The LanmanWorkstation service entered the running state.
10/08/2020 12:43:10 PM
LogName=System
SourceName=Microsoft-Windows-Service Control Manager
EventCode=7036
EventType=4
Type=Information
ComputerName=win-dc-8537412
TaskCategory=None
OpCode=The operation completed successfully.
RecordNumber=79894
Keywords=Classic
Message=The FontCache service entered the running state.
10/08/2020 12:43:10 PM
LogName=System
SourceName=Microsoft-Windows-Service Control Manager
EventCode=7036
EventType=4
Type=Information
ComputerName=win-dc-8537412
TaskCategory=None
OpCode=The operation completed successfully.
RecordNumber=79893
Keywords=Classic
Message=The ShellHWDetection service entered the running state.
10/08/2020 12:43:10 PM
LogName=System
SourceName=Microsoft-Windows-Service Control Manager
EventCode=7036
EventType=4
Type=Information
ComputerName=win-dc-8537412
TaskCategory=None
OpCode=The operation completed successfully.
RecordNumber=79892
Keywords=Classic
Message=The Wcmsvc service entered the running state.
10/08/2020 12:43:10 PM
LogName=System
SourceName=Microsoft-Windows-Service Control Manager
EventCode=7036
EventType=4
Type=Information
ComputerName=win-dc-8537412
TaskCategory=None
OpCode=The operation completed successfully.
RecordNumber=79891
Keywords=Classic
Message=The CertPropSvc service entered the running state.
10/08/2020 12:43:10 PM
LogName=System
SourceName=Microsoft-Windows-Service Control Manager
EventCode=7036
EventType=4
Type=Information
ComputerName=win-dc-8537412
TaskCategory=None
OpCode=The operation completed successfully.
RecordNumber=79890
Keywords=Classic
Message=The UmRdpService service entered the running state.
10/08/2020 12:43:10 PM
LogName=System
SourceName=Microsoft-Windows-Service Control Manager
EventCode=7036
EventType=4
Type=Information
ComputerName=win-dc-8537412
TaskCategory=None
OpCode=The operation completed successfully.
RecordNumber=79889
Keywords=Classic
Message=The TrustedInstaller service entered the running state.
10/08/2020 12:43:10 PM
LogName=System
SourceName=Microsoft-Windows-Service Control Manager
EventCode=7036
EventType=4
Type=Information
ComputerName=win-dc-8537412
TaskCategory=None
OpCode=The operation completed successfully.
RecordNumber=79888
Keywords=Classic
Message=The SENS service entered the running state.
10/08/2020 12:43:10 PM
LogName=System
SourceName=Microsoft-Windows-Service Control Manager
EventCode=7036
EventType=4
Type=Information
ComputerName=win-dc-8537412
TaskCategory=None
OpCode=The operation completed successfully.
RecordNumber=79887
Keywords=Classic
Message=The Dhcp service entered the running state.
10/08/2020 12:43:10 PM
LogName=System
SourceName=Microsoft-Windows-DHCPv6-Client
EventCode=51046
EventType=4
Type=Information
ComputerName=win-dc-8537412
User=NOT_TRANSLATED
Sid=S-1-5-19
SidType=0
TaskCategory=Service State Event
OpCode=ServiceStart
RecordNumber=79886
Keywords=None
Message=DHCPv6 client service is started
10/08/2020 12:43:10 PM
LogName=System
SourceName=Microsoft-Windows-Service Control Manager
EventCode=7036
EventType=4
Type=Information
ComputerName=win-dc-8537412
TaskCategory=None
OpCode=The operation completed successfully.
RecordNumber=79885
Keywords=Classic
Message=The ProfSvc service entered the running state.
10/08/2020 12:43:10 PM
LogName=System
SourceName=Microsoft-Windows-Service Control Manager
EventCode=7036
EventType=4
Type=Information
ComputerName=win-dc-8537412
TaskCategory=None
OpCode=The operation completed successfully.
RecordNumber=79884
Keywords=Classic
Message=The gpsvc service entered the running state.
10/08/2020 12:43:10 PM
LogName=System
SourceName=Microsoft-Windows-Service Control Manager
EventCode=7036
EventType=4
Type=Information
ComputerName=win-dc-8537412
TaskCategory=None
OpCode=The operation completed successfully.
RecordNumber=79883
Keywords=Classic
Message=The EventSystem service entered the running state.
10/08/2020 12:43:10 PM
LogName=System
SourceName=Microsoft-Windows-Dhcp-Client
EventCode=50036
EventType=4
Type=Information
ComputerName=win-dc-8537412
User=NOT_TRANSLATED
Sid=S-1-5-19
SidType=0
TaskCategory=Service State Event
OpCode=ServiceStart
RecordNumber=79882
Keywords=None
Message=DHCPv4 client service is started
10/08/2020 12:43:10 PM
LogName=System
SourceName=Microsoft-Windows-Service Control Manager
EventCode=7036
EventType=4
Type=Information
ComputerName=win-dc-8537412
TaskCategory=None
OpCode=The operation completed successfully.
RecordNumber=79881
Keywords=Classic
Message=The Themes service entered the running state.
10/08/2020 12:43:10 PM
LogName=System
SourceName=Microsoft-Windows-Service Control Manager
EventCode=7036
EventType=4
Type=Information
ComputerName=win-dc-8537412
TaskCategory=None
OpCode=The operation completed successfully.
RecordNumber=79880
Keywords=Classic
Message=The CoreMessagingRegistrar service entered the running state.
10/08/2020 12:43:10 PM
LogName=System
SourceName=Microsoft-Windows-Service Control Manager
EventCode=7036
EventType=4
Type=Information
ComputerName=win-dc-8537412
TaskCategory=None
OpCode=The operation completed successfully.
RecordNumber=79879
Keywords=Classic
Message=The nsi service entered the running state.
10/08/2020 12:43:10 PM
LogName=System
SourceName=Microsoft-Windows-FilterManager
EventCode=6
EventType=4
Type=Information
ComputerName=win-dc-8537412
User=NOT_TRANSLATED
Sid=S-1-5-18
SidType=0
TaskCategory=None
OpCode=Info
RecordNumber=79878
Keywords=None
Message=File System Filter 'storqosflt' (10.0, ‎2019‎-‎02‎-‎17T02:00:41.000000000Z) has successfully loaded and registered with Filter Manager.
10/08/2020 12:43:10 PM
LogName=System
SourceName=Microsoft-Windows-FilterManager
EventCode=6
EventType=4
Type=Information
ComputerName=win-dc-8537412
User=NOT_TRANSLATED
Sid=S-1-5-18
SidType=0
TaskCategory=None
OpCode=Info
RecordNumber=79877
Keywords=None
Message=File System Filter 'wcifs' (10.0, ‎2020‎-‎02‎-‎19T07:59:09.000000000Z) has successfully loaded and registered with Filter Manager.
10/08/2020 12:43:10 PM
LogName=System
SourceName=Microsoft-Windows-FilterManager
EventCode=6
EventType=4
Type=Information
ComputerName=win-dc-8537412
User=NOT_TRANSLATED
Sid=S-1-5-18
SidType=0
TaskCategory=None
OpCode=Info
RecordNumber=79876
Keywords=None
Message=File System Filter 'luafv' (10.0, ‎2019‎-‎04‎-‎02T04:23:00.000000000Z) has successfully loaded and registered with Filter Manager.
10/08/2020 12:43:10 PM
LogName=System
SourceName=Microsoft-Windows-Service Control Manager
EventCode=7036
EventType=4
Type=Information
ComputerName=win-dc-8537412
TaskCategory=None
OpCode=The operation completed successfully.
RecordNumber=79875
Keywords=Classic
Message=The WPDBusEnum service entered the running state.
10/08/2020 12:43:10 PM
LogName=System
SourceName=Microsoft-Windows-Service Control Manager
EventCode=7036
EventType=4
Type=Information
ComputerName=win-dc-8537412
TaskCategory=None
OpCode=The operation completed successfully.
RecordNumber=79874
Keywords=Classic
Message=The EventLog service entered the running state.
10/08/2020 12:43:10 PM
LogName=System
SourceName=Microsoft-Windows-Service Control Manager
EventCode=7036
EventType=4
Type=Information
ComputerName=win-dc-8537412
TaskCategory=None
OpCode=The operation completed successfully.
RecordNumber=79873
Keywords=Classic
Message=The lmhosts service entered the running state.
10/08/2020 12:43:10 PM
LogName=System
SourceName=Microsoft-Windows-Service Control Manager
EventCode=7036
EventType=4
Type=Information
ComputerName=win-dc-8537412
TaskCategory=None
OpCode=The operation completed successfully.
RecordNumber=79872
Keywords=Classic
Message=The TermService service entered the running state.
