10/08/2020 12:43:10 PM
LogName=System
SourceName=Microsoft-Windows-Service Control Manager
EventCode=7036
EventType=4
Type=Information
ComputerName=win-dc-8537412
TaskCategory=None
OpCode=The operation completed successfully.
RecordNumber=79871
Keywords=Classic
Message=The SystemEventsBroker service entered the running state.
10/08/2020 12:43:10 PM
LogName=System
SourceName=Microsoft-Windows-Service Control Manager
EventCode=7036
EventType=4
Type=Information
ComputerName=win-dc-8537412
TaskCategory=None
OpCode=The operation completed successfully.
RecordNumber=79870
Keywords=Classic
Message=The BrokerInfrastructure service entered the running state.
10/08/2020 12:43:10 PM
LogName=System
SourceName=Microsoft-Windows-Service Control Manager
EventCode=7036
EventType=4
Type=Information
ComputerName=win-dc-8537412
TaskCategory=None
OpCode=The operation completed successfully.
RecordNumber=79869
Keywords=Classic
Message=The LSM service entered the running state.
10/08/2020 12:43:10 PM
LogName=System
SourceName=EventLog
EventCode=6013
EventType=4
Type=Information
ComputerName=win-dc-8537412
TaskCategory=None
OpCode=None
RecordNumber=79835
Keywords=Classic
Message=The system uptime is 5 seconds.
10/08/2020 12:43:10 PM
LogName=System
SourceName=EventLog
EventCode=6005
EventType=4
Type=Information
ComputerName=win-dc-8537412
TaskCategory=None
OpCode=None
RecordNumber=79834
Keywords=Classic
Message=The Event log service was started.
10/08/2020 12:43:10 PM
LogName=System
SourceName=EventLog
EventCode=6009
EventType=4
Type=Information
ComputerName=win-dc-8537412
TaskCategory=None
OpCode=None
RecordNumber=79833
Keywords=Classic
Message=Microsoft (R) Windows (R) 10.00. 14393  Multiprocessor Free.
10/08/2020 12:43:10 PM
LogName=System
SourceName=EventLog
EventCode=6011
EventType=4
Type=Information
ComputerName=win-dc-8537412
TaskCategory=None
OpCode=None
RecordNumber=79832
Keywords=Classic
Message=The NetBIOS name and DNS host name of this machine have been changed from EC2AMAZ-6KJ2BPP to WIN-DC-8537412.
10/08/2020 12:43:13 PM
LogName=System
SourceName=Microsoft-Windows-Service Control Manager
EventCode=7036
EventType=4
Type=Information
ComputerName=win-dc-8537412
TaskCategory=None
OpCode=The operation completed successfully.
RecordNumber=79931
Keywords=Classic
Message=The wuauserv service entered the running state.
10/08/2020 12:43:17 PM
LogName=System
SourceName=Microsoft-Windows-Service Control Manager
EventCode=7036
EventType=4
Type=Information
ComputerName=win-dc-8537412
TaskCategory=None
OpCode=The operation completed successfully.
RecordNumber=79932
Keywords=Classic
Message=The NetSetupSvc service entered the stopped state.
10/08/2020 12:43:20 PM
LogName=System
SourceName=Microsoft-Windows-DistributedCOM
EventCode=10016
EventType=2
Type=Error
ComputerName=win-dc-8537412
User=NOT_TRANSLATED
Sid=S-1-5-21-3379454365-516788006-517813320-500
SidType=0
TaskCategory=None
OpCode=Info
RecordNumber=79933
Keywords=Classic
Message=The application-specific permission settings do not grant Local Activation permission for the COM Server application with CLSID 
{D63B10C5-BB46-4990-A94F-E40B9D520160}
 and APPID 
{9CA88EE3-ACB7-47C8-AFC4-AB702511C276}
 to the user WIN-DC-8537412\Administrator SID (S-1-5-21-3379454365-516788006-517813320-500) from address LocalHost (Using LRPC) running in the application container Unavailable SID (Unavailable). This security permission can be modified using the Component Services administrative tool.
10/08/2020 12:43:22 PM
LogName=System
SourceName=Microsoft-Windows-Service Control Manager
EventCode=7040
EventType=4
Type=Information
ComputerName=win-dc-8537412
User=NOT_TRANSLATED
Sid=S-1-5-18
SidType=0
TaskCategory=None
OpCode=The operation completed successfully.
RecordNumber=79934
Keywords=Classic
Message=The start type of the Windows Modules Installer service was changed from auto start to demand start.
10/08/2020 12:43:23 PM
LogName=System
SourceName=Microsoft-Windows-Service Control Manager
EventCode=7036
EventType=4
Type=Information
ComputerName=win-dc-8537412
TaskCategory=None
OpCode=The operation completed successfully.
RecordNumber=79935
Keywords=Classic
Message=The NetSetupSvc service entered the running state.
10/08/2020 12:43:38 PM
LogName=System
SourceName=Microsoft-Windows-Service Control Manager
EventCode=7040
EventType=4
Type=Information
ComputerName=win-dc-8537412
User=NOT_TRANSLATED
Sid=S-1-5-18
SidType=0
TaskCategory=None
OpCode=The operation completed successfully.
RecordNumber=79936
Keywords=Classic
Message=The start type of the Windows Modules Installer service was changed from demand start to auto start.
10/08/2020 12:43:43 PM
LogName=System
SourceName=Microsoft-Windows-Service Control Manager
EventCode=7045
EventType=4
Type=Information
ComputerName=win-dc-8537412
User=NOT_TRANSLATED
Sid=S-1-5-18
SidType=0
TaskCategory=None
OpCode=The operation completed successfully.
RecordNumber=79937
Keywords=Classic
Message=A service was installed in the system.

Service Name:  DNS Server
Service File Name:  %systemroot%\system32\dns.exe
Service Type:  user mode service
Service Start Type:  auto start
Service Account:  LocalSystem
10/08/2020 12:43:45 PM
LogName=System
SourceName=Microsoft-Windows-Service Control Manager
EventCode=7040
EventType=4
Type=Information
ComputerName=win-dc-8537412
User=NOT_TRANSLATED
Sid=S-1-5-18
SidType=0
TaskCategory=None
OpCode=The operation completed successfully.
RecordNumber=79939
Keywords=Classic
Message=The start type of the Windows Modules Installer service was changed from auto start to demand start.
10/08/2020 12:43:45 PM
LogName=System
SourceName=Microsoft-Windows-Service Control Manager
EventCode=7036
EventType=4
Type=Information
ComputerName=win-dc-8537412
TaskCategory=None
OpCode=The operation completed successfully.
RecordNumber=79938
Keywords=Classic
Message=The DNS Server service entered the running state.
10/08/2020 12:43:46 PM
LogName=System
SourceName=Microsoft-Windows-Service Control Manager
EventCode=7036
EventType=4
Type=Information
ComputerName=win-dc-8537412
TaskCategory=None
OpCode=The operation completed successfully.
RecordNumber=79941
Keywords=Classic
Message=The Microsoft Software Shadow Copy Provider service entered the running state.
10/08/2020 12:43:46 PM
LogName=System
SourceName=Microsoft-Windows-Service Control Manager
EventCode=7036
EventType=4
Type=Information
ComputerName=win-dc-8537412
TaskCategory=None
OpCode=The operation completed successfully.
RecordNumber=79940
Keywords=Classic
Message=The Volume Shadow Copy service entered the running state.
10/08/2020 12:43:48 PM
LogName=System
SourceName=Microsoft-Windows-Service Control Manager
EventCode=7036
EventType=4
Type=Information
ComputerName=win-dc-8537412
TaskCategory=None
OpCode=The operation completed successfully.
RecordNumber=79942
Keywords=Classic
Message=The Update Orchestrator Service for Windows Update service entered the running state.
10/08/2020 12:43:50 PM
LogName=System
SourceName=Microsoft-Windows-Service Control Manager
EventCode=7036
EventType=4
Type=Information
ComputerName=win-dc-8537412
TaskCategory=None
OpCode=The operation completed successfully.
RecordNumber=79945
Keywords=Classic
Message=The Client License Service (ClipSVC) service entered the running state.
10/08/2020 12:43:50 PM
LogName=System
SourceName=Microsoft-Windows-Service Control Manager
EventCode=7036
EventType=4
Type=Information
ComputerName=win-dc-8537412
TaskCategory=None
OpCode=The operation completed successfully.
RecordNumber=79944
Keywords=Classic
Message=The Microsoft Account Sign-in Assistant service entered the running state.
10/08/2020 12:43:50 PM
LogName=System
SourceName=Microsoft-Windows-Service Control Manager
EventCode=7036
EventType=4
Type=Information
ComputerName=win-dc-8537412
TaskCategory=None
OpCode=The operation completed successfully.
RecordNumber=79943
Keywords=Classic
Message=The Windows Insider Service service entered the running state.
10/08/2020 12:43:51 PM
LogName=System
SourceName=Microsoft-Windows-Service Control Manager
EventCode=7036
EventType=4
Type=Information
ComputerName=win-dc-8537412
TaskCategory=None
OpCode=The operation completed successfully.
RecordNumber=79946
Keywords=Classic
Message=The Windows License Manager Service service entered the running state.
10/08/2020 12:44:03 PM
LogName=System
SourceName=Microsoft-Windows-Service Control Manager
EventCode=7040
EventType=4
Type=Information
ComputerName=win-dc-8537412
User=NOT_TRANSLATED
Sid=S-1-5-18
SidType=0
TaskCategory=None
OpCode=The operation completed successfully.
RecordNumber=79947
Keywords=Classic
Message=The start type of the Windows Modules Installer service was changed from demand start to auto start.
10/08/2020 12:44:11 PM
LogName=System
SourceName=Microsoft-Windows-Service Control Manager
EventCode=7040
EventType=4
Type=Information
ComputerName=win-dc-8537412
User=NOT_TRANSLATED
Sid=S-1-5-18
SidType=0
TaskCategory=None
OpCode=The operation completed successfully.
RecordNumber=79948
Keywords=Classic
Message=The start type of the Windows Modules Installer service was changed from auto start to demand start.
10/08/2020 12:44:18 PM
LogName=System
SourceName=Microsoft-Windows-Service Control Manager
EventCode=7040
EventType=4
Type=Information
ComputerName=win-dc-8537412
User=NOT_TRANSLATED
Sid=S-1-5-18
SidType=0
TaskCategory=None
OpCode=The operation completed successfully.
RecordNumber=79949
Keywords=Classic
Message=The start type of the Windows Modules Installer service was changed from demand start to auto start.
10/08/2020 12:44:32 PM
LogName=System
SourceName=Microsoft-Windows-Service Control Manager
EventCode=7045
EventType=4
Type=Information
ComputerName=win-dc-8537412
User=NOT_TRANSLATED
Sid=S-1-5-18
SidType=0
TaskCategory=None
OpCode=The operation completed successfully.
RecordNumber=79962
Keywords=Classic
Message=A service was installed in the system.

Service Name:  Microsoft Key Distribution Service
Service File Name:  %SystemRoot%\system32\lsass.exe
Service Type:  user mode service
Service Start Type:  demand start
Service Account:  LocalSystem
10/08/2020 12:44:32 PM
LogName=System
SourceName=Microsoft-Windows-Service Control Manager
EventCode=7045
EventType=4
Type=Information
ComputerName=win-dc-8537412
User=NOT_TRANSLATED
Sid=S-1-5-18
SidType=0
TaskCategory=None
OpCode=The operation completed successfully.
RecordNumber=79961
Keywords=Classic
Message=A service was installed in the system.

Service Name:  Active Directory Web Services
Service File Name:  %systemroot%\ADWS\Microsoft.ActiveDirectory.WebServices.exe
Service Type:  user mode service
Service Start Type:  disabled
Service Account:  LocalSystem
10/08/2020 12:44:32 PM
LogName=System
SourceName=Microsoft-Windows-Service Control Manager
EventCode=7045
EventType=4
Type=Information
ComputerName=win-dc-8537412
User=NOT_TRANSLATED
Sid=S-1-5-18
SidType=0
TaskCategory=None
OpCode=The operation completed successfully.
RecordNumber=79960
Keywords=Classic
Message=A service was installed in the system.

Service Name:  DFS Namespace Server Filter Driver
Service File Name:  system32\drivers\dfs.sys
Service Type:  kernel mode driver
Service Start Type:  system start
Service Account:
10/08/2020 12:44:32 PM
LogName=System
SourceName=Microsoft-Windows-Service Control Manager
EventCode=7045
EventType=4
Type=Information
ComputerName=win-dc-8537412
User=NOT_TRANSLATED
Sid=S-1-5-18
SidType=0
TaskCategory=None
OpCode=The operation completed successfully.
RecordNumber=79959
Keywords=Classic
Message=A service was installed in the system.

Service Name:  File Replication
Service File Name:  %SystemRoot%\system32\ntfrs.exe
Service Type:  user mode service
Service Start Type:  demand start
Service Account:  LocalSystem
10/08/2020 12:44:32 PM
LogName=System
SourceName=Microsoft-Windows-Service Control Manager
EventCode=7045
EventType=4
Type=Information
ComputerName=win-dc-8537412
User=NOT_TRANSLATED
Sid=S-1-5-18
SidType=0
TaskCategory=None
OpCode=The operation completed successfully.
RecordNumber=79958
Keywords=Classic
Message=A service was installed in the system.

Service Name:  DS Role Server
Service File Name:  %SystemRoot%\System32\lsass.exe
Service Type:  user mode service
Service Start Type:  demand start
Service Account:  LocalSystem
10/08/2020 12:44:32 PM
LogName=System
SourceName=Microsoft-Windows-Service Control Manager
EventCode=7045
EventType=4
Type=Information
ComputerName=win-dc-8537412
User=NOT_TRANSLATED
Sid=S-1-5-18
SidType=0
TaskCategory=None
OpCode=The operation completed successfully.
RecordNumber=79957
Keywords=Classic
Message=A service was installed in the system.

Service Name:  DFS Replication ReadOnly Driver
Service File Name:  system32\drivers\dfsrro.sys
Service Type:  kernel mode driver
Service Start Type:  boot start
Service Account:
10/08/2020 12:44:32 PM
LogName=System
SourceName=Microsoft-Windows-Service Control Manager
EventCode=7045
EventType=4
Type=Information
ComputerName=win-dc-8537412
User=NOT_TRANSLATED
Sid=S-1-5-18
SidType=0
TaskCategory=None
OpCode=The operation completed successfully.
RecordNumber=79956
Keywords=Classic
Message=A service was installed in the system.

Service Name:  DFS Namespace
Service File Name:  %SystemRoot%\system32\dfssvc.exe
Service Type:  user mode service
Service Start Type:  auto start
Service Account:  LocalSystem
10/08/2020 12:44:32 PM
LogName=System
SourceName=Microsoft-Windows-Service Control Manager
EventCode=7045
EventType=4
Type=Information
ComputerName=win-dc-8537412
User=NOT_TRANSLATED
Sid=S-1-5-18
SidType=0
TaskCategory=None
OpCode=The operation completed successfully.
RecordNumber=79955
Keywords=Classic
Message=A service was installed in the system.

Service Name:  DFS Replication
Service File Name:  %SystemRoot%\system32\DFSRs.exe
Service Type:  user mode service
Service Start Type:  auto start
Service Account:  LocalSystem
10/08/2020 12:44:32 PM
LogName=System
SourceName=Microsoft-Windows-Service Control Manager
EventCode=7045
EventType=4
Type=Information
ComputerName=win-dc-8537412
User=NOT_TRANSLATED
Sid=S-1-5-18
SidType=0
TaskCategory=None
OpCode=The operation completed successfully.
RecordNumber=79954
Keywords=Classic
Message=A service was installed in the system.

Service Name:  Active Directory Domain Services
Service File Name:  %SystemRoot%\System32\lsass.exe
Service Type:  user mode service
Service Start Type:  disabled
Service Account:  LocalSystem
10/08/2020 12:44:32 PM
LogName=System
SourceName=Microsoft-Windows-Service Control Manager
EventCode=7045
EventType=4
Type=Information
ComputerName=win-dc-8537412
User=NOT_TRANSLATED
Sid=S-1-5-18
SidType=0
TaskCategory=None
OpCode=The operation completed successfully.
RecordNumber=79953
Keywords=Classic
Message=A service was installed in the system.

Service Name:  Kerberos Key Distribution Center
Service File Name:  %SystemRoot%\System32\lsass.exe
Service Type:  user mode service
Service Start Type:  disabled
Service Account:  LocalSystem
10/08/2020 12:44:32 PM
LogName=System
SourceName=Microsoft-Windows-Service Control Manager
EventCode=7045
EventType=4
Type=Information
ComputerName=win-dc-8537412
User=NOT_TRANSLATED
Sid=S-1-5-18
SidType=0
TaskCategory=None
OpCode=The operation completed successfully.
RecordNumber=79952
Keywords=Classic
Message=A service was installed in the system.

Service Name:  Intersite Messaging
Service File Name:  %SystemRoot%\System32\ismserv.exe
Service Type:  user mode service
Service Start Type:  disabled
Service Account:  LocalSystem
10/08/2020 12:44:33 PM
LogName=System
SourceName=Microsoft-Windows-Service Control Manager
EventCode=7040
EventType=4
Type=Information
ComputerName=win-dc-8537412
User=NOT_TRANSLATED
Sid=S-1-5-18
SidType=0
TaskCategory=None
OpCode=The operation completed successfully.
RecordNumber=79969
Keywords=Classic
Message=The start type of the Windows Modules Installer service was changed from auto start to demand start.
10/08/2020 12:44:33 PM
LogName=System
SourceName=Microsoft-Windows-Service Control Manager
EventCode=7036
EventType=4
Type=Information
ComputerName=win-dc-8537412
TaskCategory=None
OpCode=The operation completed successfully.
RecordNumber=79968
Keywords=Classic
Message=The Virtual Disk service entered the running state.
10/08/2020 12:44:33 PM
LogName=System
SourceName=Virtual Disk Service
EventCode=3
EventType=4
Type=Information
ComputerName=win-dc-8537412
TaskCategory=None
OpCode=None
RecordNumber=79967
Keywords=Classic
Message=Service started.
10/08/2020 12:44:33 PM
LogName=System
SourceName=Microsoft-Windows-FilterManager
EventCode=6
EventType=4
Type=Information
ComputerName=win-dc-8537412
User=NOT_TRANSLATED
Sid=S-1-5-18
SidType=0
TaskCategory=None
OpCode=Info
RecordNumber=79966
Keywords=None
Message=File System Filter 'DfsrRo' (10.0, ‎2016‎-‎07‎-‎16T02:20:37.000000000Z) has successfully loaded and registered with Filter Manager.
10/08/2020 12:44:33 PM
LogName=System
SourceName=Microsoft-Windows-Service Control Manager
EventCode=7036
EventType=4
Type=Information
ComputerName=win-dc-8537412
TaskCategory=None
OpCode=The operation completed successfully.
RecordNumber=79965
Keywords=Classic
Message=The DFS Namespace service entered the running state.
10/08/2020 12:44:33 PM
LogName=System
SourceName=Microsoft-Windows-FilterManager
EventCode=6
EventType=4
Type=Information
ComputerName=win-dc-8537412
User=NOT_TRANSLATED
Sid=S-1-5-18
SidType=0
TaskCategory=None
OpCode=Info
RecordNumber=79964
Keywords=None
Message=File System Filter 'DfsDriver' (10.0, ‎2016‎-‎07‎-‎16T02:21:37.000000000Z) has successfully loaded and registered with Filter Manager.
10/08/2020 12:44:33 PM
LogName=System
SourceName=Microsoft-Windows-Service Control Manager
EventCode=7036
EventType=4
Type=Information
ComputerName=win-dc-8537412
TaskCategory=None
OpCode=The operation completed successfully.
RecordNumber=79963
Keywords=Classic
Message=The DFS Replication service entered the running state.
10/08/2020 12:44:33 PM
LogName=System
SourceName=Microsoft-Windows-DfsSvc
EventCode=14531
EventType=4
Type=Information
ComputerName=win-dc-8537412
TaskCategory=None
OpCode=The operation completed successfully.
RecordNumber=79951
Keywords=Classic
Message=DFS server has finished initializing.
10/08/2020 12:44:33 PM
LogName=System
SourceName=Microsoft-Windows-DfsSvc
EventCode=14533
EventType=4
Type=Information
ComputerName=win-dc-8537412
TaskCategory=None
OpCode=The operation completed successfully.
RecordNumber=79950
Keywords=Classic
Message=DFS has finished building all namespaces.
10/08/2020 12:44:42 PM
LogName=System
SourceName=Microsoft-Windows-Service Control Manager
EventCode=7036
EventType=4
Type=Information
ComputerName=win-dc-8537412
TaskCategory=None
OpCode=The operation completed successfully.
RecordNumber=79970
Keywords=Classic
Message=The DS Role Server service entered the running state.
10/08/2020 12:45:07 PM
LogName=System
SourceName=Microsoft-Windows-Service Control Manager
EventCode=7036
EventType=4
Type=Information
ComputerName=win-dc-8537412
TaskCategory=None
OpCode=The operation completed successfully.
RecordNumber=79971
Keywords=Classic
Message=The Network Connectivity Assistant service entered the stopped state.
10/08/2020 12:45:10 PM
LogName=System
SourceName=Microsoft-Windows-Service Control Manager
EventCode=7036
EventType=4
Type=Information
ComputerName=win-dc-8537412
TaskCategory=None
OpCode=The operation completed successfully.
RecordNumber=79973
Keywords=Classic
Message=The Connected Devices Platform Service service entered the stopped state.
10/08/2020 12:45:10 PM
LogName=System
SourceName=Microsoft-Windows-Service Control Manager
EventCode=7036
EventType=4
Type=Information
ComputerName=win-dc-8537412
TaskCategory=None
OpCode=The operation completed successfully.
RecordNumber=79972
Keywords=Classic
Message=The Portable Device Enumerator Service service entered the stopped state.
10/08/2020 12:45:11 PM
LogName=System
SourceName=Microsoft-Windows-Service Control Manager
EventCode=7036
EventType=4
Type=Information
ComputerName=win-dc-8537412
TaskCategory=None
OpCode=The operation completed successfully.
RecordNumber=79978
Keywords=Classic
Message=The Software Protection service entered the running state.
10/08/2020 12:45:11 PM
LogName=System
SourceName=Microsoft-Windows-Service Control Manager
EventCode=7036
EventType=4
Type=Information
ComputerName=win-dc-8537412
TaskCategory=None
OpCode=The operation completed successfully.
RecordNumber=79977
Keywords=Classic
Message=The Distributed Transaction Coordinator service entered the running state.
10/08/2020 12:45:11 PM
LogName=System
SourceName=Microsoft-Windows-Service Control Manager
EventCode=7036
EventType=4
Type=Information
ComputerName=win-dc-8537412
TaskCategory=None
OpCode=The operation completed successfully.
RecordNumber=79976
Keywords=Classic
Message=The Downloaded Maps Manager service entered the running state.
10/08/2020 12:45:11 PM
LogName=System
SourceName=Microsoft-Windows-Service Control Manager
EventCode=7036
EventType=4
Type=Information
ComputerName=win-dc-8537412
TaskCategory=None
OpCode=The operation completed successfully.
RecordNumber=79975
Keywords=Classic
Message=The Diagnostic System Host service entered the running state.
10/08/2020 12:45:11 PM
LogName=System
SourceName=Microsoft-Windows-Service Control Manager
EventCode=7036
EventType=4
Type=Information
ComputerName=win-dc-8537412
TaskCategory=None
OpCode=The operation completed successfully.
RecordNumber=79974
Keywords=Classic
Message=The Diagnostic Policy Service service entered the running state.
10/08/2020 12:45:13 PM
LogName=System
SourceName=Microsoft-Windows-Service Control Manager
EventCode=7036
EventType=4
Type=Information
ComputerName=win-dc-8537412
TaskCategory=None
OpCode=The operation completed successfully.
RecordNumber=79979
Keywords=Classic
Message=The User Access Logging Service service entered the running state.
10/08/2020 12:45:16 PM
LogName=System
SourceName=Microsoft-Windows-Service Control Manager
EventCode=7036
EventType=4
Type=Information
ComputerName=win-dc-8537412
TaskCategory=None
OpCode=The operation completed successfully.
RecordNumber=79987
Keywords=Classic
Message=The Virtual Disk service entered the stopped state.
10/08/2020 12:45:16 PM
LogName=System
SourceName=Microsoft-Windows-Service Control Manager
EventCode=7036
EventType=4
Type=Information
ComputerName=win-dc-8537412
TaskCategory=None
OpCode=The operation completed successfully.
RecordNumber=79986
Keywords=Classic
Message=The Network Connectivity Assistant service entered the stopped state.
10/08/2020 12:45:16 PM
LogName=System
SourceName=Microsoft-Windows-Service Control Manager
EventCode=7040
EventType=4
Type=Information
ComputerName=win-dc-8537412
User=NOT_TRANSLATED
Sid=S-1-5-18
SidType=0
TaskCategory=None
OpCode=The operation completed successfully.
RecordNumber=79985
Keywords=Classic
Message=The start type of the Distributed Link Tracking Client service was changed from auto start to demand start.
10/08/2020 12:45:16 PM
LogName=System
SourceName=Microsoft-Windows-Service Control Manager
EventCode=7040
EventType=4
Type=Information
ComputerName=win-dc-8537412
User=NOT_TRANSLATED
Sid=S-1-5-18
SidType=0
TaskCategory=None
OpCode=The operation completed successfully.
RecordNumber=79984
Keywords=Classic
Message=The start type of the Kerberos Key Distribution Center service was changed from disabled to auto start.
10/08/2020 12:45:16 PM
LogName=System
SourceName=Microsoft-Windows-Service Control Manager
EventCode=7040
EventType=4
Type=Information
ComputerName=win-dc-8537412
User=NOT_TRANSLATED
Sid=S-1-5-18
SidType=0
TaskCategory=None
OpCode=The operation completed successfully.
RecordNumber=79983
Keywords=Classic
Message=The start type of the Intersite Messaging service was changed from disabled to auto start.
10/08/2020 12:45:16 PM
LogName=System
SourceName=Microsoft-Windows-Service Control Manager
EventCode=7040
EventType=4
Type=Information
ComputerName=win-dc-8537412
User=NOT_TRANSLATED
Sid=S-1-5-18
SidType=0
TaskCategory=None
OpCode=The operation completed successfully.
RecordNumber=79982
Keywords=Classic
Message=The start type of the Active Directory Domain Services service was changed from disabled to auto start.
10/08/2020 12:45:16 PM
LogName=System
SourceName=Microsoft-Windows-Service Control Manager
EventCode=7040
EventType=4
Type=Information
ComputerName=win-dc-8537412
User=NOT_TRANSLATED
Sid=S-1-5-18
SidType=0
TaskCategory=None
OpCode=The operation completed successfully.
RecordNumber=79981
Keywords=Classic
Message=The start type of the Netlogon service was changed from demand start to auto start.
10/08/2020 12:45:16 PM
LogName=System
SourceName=Virtual Disk Service
EventCode=4
EventType=4
Type=Information
ComputerName=win-dc-8537412
TaskCategory=None
OpCode=None
RecordNumber=79980
Keywords=Classic
Message=Service stopped.
10/08/2020 12:45:17 PM
LogName=System
SourceName=Microsoft-Windows-Service Control Manager
EventCode=7040
EventType=4
Type=Information
ComputerName=win-dc-8537412
User=NOT_TRANSLATED
Sid=S-1-5-18
SidType=0
TaskCategory=None
OpCode=The operation completed successfully.
RecordNumber=79989
Keywords=Classic
Message=The start type of the File Replication service was changed from demand start to disabled.
10/08/2020 12:45:17 PM
LogName=System
SourceName=Microsoft-Windows-Service Control Manager
EventCode=7036
EventType=4
Type=Information
ComputerName=win-dc-8537412
TaskCategory=None
OpCode=The operation completed successfully.
RecordNumber=79988
Keywords=Classic
Message=The DFS Replication service entered the stopped state.
10/08/2020 12:45:21 PM
LogName=System
SourceName=Microsoft-Windows-Service Control Manager
EventCode=7036
EventType=4
Type=Information
ComputerName=win-dc-8537412
TaskCategory=None
OpCode=The operation completed successfully.
RecordNumber=79992
Keywords=Classic
Message=The Downloaded Maps Manager service entered the stopped state.
10/08/2020 12:45:21 PM
LogName=System
SourceName=Microsoft-Windows-Service Control Manager
EventCode=7040
EventType=4
Type=Information
ComputerName=win-dc-8537412
User=NOT_TRANSLATED
Sid=S-1-5-18
SidType=0
TaskCategory=None
OpCode=The operation completed successfully.
RecordNumber=79991
Keywords=Classic
Message=The start type of the SSDP Discovery service was changed from demand start to disabled.
10/08/2020 12:45:21 PM
LogName=System
SourceName=Microsoft-Windows-Service Control Manager
EventCode=7040
EventType=4
Type=Information
ComputerName=win-dc-8537412
User=NOT_TRANSLATED
Sid=S-1-5-18
SidType=0
TaskCategory=None
OpCode=The operation completed successfully.
RecordNumber=79990
Keywords=Classic
Message=The start type of the UPnP Device Host service was changed from demand start to disabled.
10/08/2020 12:45:23 PM
LogName=System
SourceName=Microsoft-Windows-Service Control Manager
EventCode=7036
EventType=4
Type=Information
ComputerName=win-dc-8537412
TaskCategory=None
OpCode=The operation completed successfully.
RecordNumber=79997
Keywords=Classic
Message=The Netlogon service entered the running state.
10/08/2020 12:45:23 PM
LogName=System
SourceName=Microsoft-Windows-Service Control Manager
EventCode=7040
EventType=4
Type=Information
ComputerName=win-dc-8537412
User=NOT_TRANSLATED
Sid=S-1-5-21-3379454365-516788006-517813320-500
SidType=0
TaskCategory=None
OpCode=The operation completed successfully.
RecordNumber=79996
Keywords=Classic
Message=The start type of the Encrypting File System (EFS) service was changed from demand start to auto start.
10/08/2020 12:45:23 PM
LogName=System
SourceName=Microsoft-Windows-Service Control Manager
EventCode=7040
EventType=4
Type=Information
ComputerName=win-dc-8537412
User=NOT_TRANSLATED
Sid=S-1-5-21-3379454365-516788006-517813320-500
SidType=0
TaskCategory=None
OpCode=The operation completed successfully.
RecordNumber=79995
Keywords=Classic
Message=The start type of the Active Directory Web Services service was changed from disabled to auto start.
10/08/2020 12:45:23 PM
LogName=System
SourceName=NETLOGON
EventCode=5719
EventType=2
Type=Error
ComputerName=win-dc-8537412
TaskCategory=None
OpCode=Info
RecordNumber=79994
Keywords=Classic
Message=This computer was not able to set up a secure session with a domain controller in domain ATTACKRANGE due to the following: 
There are currently no logon servers available to service the logon request. 
This may lead to authentication problems. Make sure that this computer is connected to the network. If the problem persists, please contact your domain administrator.  

ADDITIONAL INFO 
If this computer is a domain controller for the specified domain, it sets up the secure session to the primary domain controller emulator in the specified domain. Otherwise, this computer sets up the secure session to any domain controller in the specified domain.
10/08/2020 12:45:23 PM
LogName=System
SourceName=NETLOGON
EventCode=5516
EventType=2
Type=Error
ComputerName=win-dc-8537412
TaskCategory=None
OpCode=Info
RecordNumber=79993
Keywords=Classic
Message=The computer or domain WIN-DC-8537412 trusts domain ATTACKRANGE.  (This may be an indirect trust.)  However, WIN-DC-8537412 and ATTACKRANGE have the same machine security identifier (SID).  NT should be re-installed on either WIN-DC-8537412 or ATTACKRANGE.
10/08/2020 12:45:26 PM
LogName=System
SourceName=User32
EventCode=1074
EventType=4
Type=Information
ComputerName=win-dc-8537412
User=NOT_TRANSLATED
Sid=S-1-5-21-3379454365-516788006-517813320-500
SidType=0
TaskCategory=None
OpCode=The operation completed successfully.
RecordNumber=79998
Keywords=Classic
Message=The process C:\Windows\system32\shutdown.exe (WIN-DC-8537412) has initiated the restart of computer WIN-DC-8537412 on behalf of user WIN-DC-8537412\Administrator for the following reason: No title for this reason could be found
 Reason Code: 0x800000ff
 Shutdown Type: restart
 Comment: Reboot initiated by Ansible
10/08/2020 12:45:28 PM
LogName=System
SourceName=Microsoft-Windows-Service Control Manager
EventCode=7036
EventType=4
Type=Information
ComputerName=win-dc-8537412
TaskCategory=None
OpCode=The operation completed successfully.
RecordNumber=80000
Keywords=Classic
Message=The Group Policy Client service entered the stopped state.
10/08/2020 12:45:29 PM
LogName=System
SourceName=Microsoft-Windows-Service Control Manager
EventCode=7036
EventType=4
Type=Information
ComputerName=win-dc-8537412.attackrange.local
TaskCategory=None
OpCode=The operation completed successfully.
RecordNumber=80037
Keywords=Classic
Message=The Task Scheduler service entered the stopped state.
10/08/2020 12:45:29 PM
LogName=System
SourceName=Microsoft-Windows-Service Control Manager
EventCode=7036
EventType=4
Type=Information
ComputerName=win-dc-8537412.attackrange.local
TaskCategory=None
OpCode=The operation completed successfully.
RecordNumber=80036
Keywords=Classic
Message=The DNS Server service entered the stopped state.
10/08/2020 12:45:29 PM
LogName=System
SourceName=Microsoft-Windows-Service Control Manager
EventCode=7036
EventType=4
Type=Information
ComputerName=win-dc-8537412.attackrange.local
TaskCategory=None
OpCode=The operation completed successfully.
RecordNumber=80035
Keywords=Classic
Message=The Remote Desktop Services service entered the stopped state.
10/08/2020 12:45:29 PM
LogName=System
SourceName=Microsoft-Windows-Service Control Manager
EventCode=7036
EventType=4
Type=Information
ComputerName=win-dc-8537412.attackrange.local
TaskCategory=None
OpCode=The operation completed successfully.
RecordNumber=80034
Keywords=Classic
Message=The Windows Remote Management (WS-Management) service entered the stopped state.
10/08/2020 12:45:29 PM
LogName=System
SourceName=Microsoft-Windows-Service Control Manager
EventCode=7036
EventType=4
Type=Information
ComputerName=win-dc-8537412.attackrange.local
TaskCategory=None
OpCode=The operation completed successfully.
RecordNumber=80033
Keywords=Classic
Message=The Software Protection service entered the stopped state.
10/08/2020 12:45:29 PM
LogName=System
SourceName=Microsoft-Windows-Service Control Manager
EventCode=7036
EventType=4
Type=Information
ComputerName=win-dc-8537412.attackrange.local
TaskCategory=None
OpCode=The operation completed successfully.
RecordNumber=80032
Keywords=Classic
Message=The Windows Event Log service entered the stopped state.
10/08/2020 12:45:29 PM
LogName=System
SourceName=Microsoft-Windows-Service Control Manager
EventCode=7036
EventType=4
Type=Information
ComputerName=win-dc-8537412.attackrange.local
TaskCategory=None
OpCode=The operation completed successfully.
RecordNumber=80031
Keywords=Classic
Message=The Volume Shadow Copy service entered the stopped state.
10/08/2020 12:45:29 PM
LogName=System
SourceName=Microsoft-Windows-Service Control Manager
EventCode=7036
EventType=4
Type=Information
ComputerName=win-dc-8537412.attackrange.local
TaskCategory=None
OpCode=The operation completed successfully.
RecordNumber=80030
Keywords=Classic
Message=The Cryptographic Services service entered the stopped state.
10/08/2020 12:45:29 PM
LogName=System
SourceName=Microsoft-Windows-Service Control Manager
EventCode=7036
EventType=4
Type=Information
ComputerName=win-dc-8537412.attackrange.local
TaskCategory=None
OpCode=The operation completed successfully.
RecordNumber=80029
Keywords=Classic
Message=The Windows Connection Manager service entered the stopped state.
10/08/2020 12:45:29 PM
LogName=System
SourceName=Microsoft-Windows-Service Control Manager
EventCode=7036
EventType=4
Type=Information
ComputerName=win-dc-8537412.attackrange.local
TaskCategory=None
OpCode=The operation completed successfully.
RecordNumber=80028
Keywords=Classic
Message=The Windows Management Instrumentation service entered the stopped state.
10/08/2020 12:45:29 PM
LogName=System
SourceName=Microsoft-Windows-Service Control Manager
EventCode=7036
EventType=4
Type=Information
ComputerName=win-dc-8537412
TaskCategory=None
OpCode=The operation completed successfully.
RecordNumber=80024
Keywords=Classic
Message=The State Repository Service service entered the stopped state.
10/08/2020 12:45:29 PM
LogName=System
SourceName=Microsoft-Windows-Service Control Manager
EventCode=7036
EventType=4
Type=Information
ComputerName=win-dc-8537412
TaskCategory=None
OpCode=The operation completed successfully.
RecordNumber=80023
Keywords=Classic
Message=The Windows Insider Service service entered the stopped state.
10/08/2020 12:45:29 PM
LogName=System
SourceName=Microsoft-Windows-Service Control Manager
EventCode=7036
EventType=4
Type=Information
ComputerName=win-dc-8537412
TaskCategory=None
OpCode=The operation completed successfully.
RecordNumber=80022
Keywords=Classic
Message=The Program Compatibility Assistant Service service entered the stopped state.
10/08/2020 12:45:29 PM
LogName=System
SourceName=Microsoft-Windows-Service Control Manager
EventCode=7036
EventType=4
Type=Information
ComputerName=win-dc-8537412
TaskCategory=None
OpCode=The operation completed successfully.
RecordNumber=80021
Keywords=Classic
Message=The Distributed Transaction Coordinator service entered the stopped state.
10/08/2020 12:45:29 PM
LogName=System
SourceName=Microsoft-Windows-Service Control Manager
EventCode=7036
EventType=4
Type=Information
ComputerName=win-dc-8537412
TaskCategory=None
OpCode=The operation completed successfully.
RecordNumber=80020
Keywords=Classic
Message=The Microsoft Software Shadow Copy Provider service entered the stopped state.
10/08/2020 12:45:29 PM
LogName=System
SourceName=Microsoft-Windows-Service Control Manager
EventCode=7036
EventType=4
Type=Information
ComputerName=win-dc-8537412
TaskCategory=None
OpCode=The operation completed successfully.
RecordNumber=80019
Keywords=Classic
Message=The DHCP Client service entered the stopped state.
10/08/2020 12:45:29 PM
LogName=System
SourceName=Microsoft-Windows-Service Control Manager
EventCode=7036
EventType=4
Type=Information
ComputerName=win-dc-8537412
TaskCategory=None
OpCode=The operation completed successfully.
RecordNumber=80018
Keywords=Classic
Message=The Windows Font Cache Service service entered the stopped state.
10/08/2020 12:45:29 PM
LogName=System
SourceName=Microsoft-Windows-Service Control Manager
EventCode=7036
EventType=4
Type=Information
ComputerName=win-dc-8537412
TaskCategory=None
OpCode=The operation completed successfully.
RecordNumber=80017
Keywords=Classic
Message=The Client License Service (ClipSVC) service entered the stopped state.
10/08/2020 12:45:29 PM
LogName=System
SourceName=Microsoft-Windows-Service Control Manager
EventCode=7036
EventType=4
Type=Information
ComputerName=win-dc-8537412
TaskCategory=None
OpCode=The operation completed successfully.
RecordNumber=80016
Keywords=Classic
Message=The Remote Desktop Services UserMode Port Redirector service entered the stopped state.
10/08/2020 12:45:29 PM
LogName=System
SourceName=Microsoft-Windows-Service Control Manager
EventCode=7036
EventType=4
Type=Information
ComputerName=win-dc-8537412
TaskCategory=None
OpCode=The operation completed successfully.
RecordNumber=80015
Keywords=Classic
Message=The Distributed Link Tracking Client service entered the stopped state.
10/08/2020 12:45:29 PM
LogName=System
SourceName=Microsoft-Windows-Service Control Manager
EventCode=7036
EventType=4
Type=Information
ComputerName=win-dc-8537412
TaskCategory=None
OpCode=The operation completed successfully.
RecordNumber=80014
Keywords=Classic
Message=The Diagnostic System Host service entered the stopped state.
10/08/2020 12:45:29 PM
LogName=System
SourceName=Microsoft-Windows-Service Control Manager
EventCode=7036
EventType=4
Type=Information
ComputerName=win-dc-8537412
TaskCategory=None
OpCode=The operation completed successfully.
RecordNumber=80013
Keywords=Classic
Message=The Diagnostic Policy Service service entered the stopped state.
10/08/2020 12:45:29 PM
LogName=System
SourceName=Microsoft-Windows-Service Control Manager
EventCode=7036
EventType=4
Type=Information
ComputerName=win-dc-8537412
TaskCategory=None
OpCode=The operation completed successfully.
RecordNumber=80012
Keywords=Classic
Message=The User Profile Service service entered the stopped state.
10/08/2020 12:45:29 PM
LogName=System
SourceName=Microsoft-Windows-Service Control Manager
EventCode=7036
EventType=4
Type=Information
ComputerName=win-dc-8537412
TaskCategory=None
OpCode=The operation completed successfully.
RecordNumber=80011
Keywords=Classic
Message=The IPsec Policy Agent service entered the stopped state.
10/08/2020 12:45:29 PM
LogName=System
SourceName=Microsoft-Windows-Dhcp-Client
EventCode=50037
EventType=4
Type=Information
ComputerName=win-dc-8537412
User=NOT_TRANSLATED
Sid=S-1-5-19
SidType=0
TaskCategory=Service State Event
OpCode=ServiceStop
RecordNumber=80010
Keywords=None
Message=DHCPv4 client service is stopped. ShutDown Flag value is 1
10/08/2020 12:45:29 PM
LogName=System
SourceName=Microsoft-Windows-DHCPv6-Client
EventCode=51047
EventType=4
Type=Information
ComputerName=win-dc-8537412
User=NOT_TRANSLATED
Sid=S-1-5-19
SidType=0
TaskCategory=Service State Event
OpCode=ServiceStop
RecordNumber=80009
Keywords=None
Message=DHCPv6 client service is stopped. ShutDown Flag value is 1
10/08/2020 12:45:29 PM
LogName=System
SourceName=Microsoft-Windows-Service Control Manager
EventCode=7036
EventType=4
Type=Information
ComputerName=win-dc-8537412
TaskCategory=None
OpCode=The operation completed successfully.
RecordNumber=80008
Keywords=Classic
Message=The Certificate Propagation service entered the stopped state.
10/08/2020 12:45:29 PM
LogName=System
SourceName=Microsoft-Windows-Service Control Manager
EventCode=7036
EventType=4
Type=Information
ComputerName=win-dc-8537412
TaskCategory=None
OpCode=The operation completed successfully.
RecordNumber=80007
Keywords=Classic
Message=The AWS Lite Guest Agent service entered the stopped state.
10/08/2020 12:45:29 PM
LogName=System
SourceName=Microsoft-Windows-Service Control Manager
EventCode=7036
EventType=4
Type=Information
ComputerName=win-dc-8537412
TaskCategory=None
OpCode=The operation completed successfully.
RecordNumber=80006
Keywords=Classic
Message=The Amazon SSM Agent service entered the stopped state.
10/08/2020 12:45:29 PM
LogName=System
SourceName=Microsoft-Windows-Service Control Manager
EventCode=7036
EventType=4
Type=Information
ComputerName=win-dc-8537412
TaskCategory=None
OpCode=The operation completed successfully.
RecordNumber=80005
Keywords=Classic
Message=The Windows Time service entered the stopped state.
10/08/2020 12:45:29 PM
LogName=System
SourceName=Microsoft-Windows-Service Control Manager
EventCode=7036
EventType=4
Type=Information
ComputerName=win-dc-8537412
TaskCategory=None
OpCode=The operation completed successfully.
RecordNumber=80004
Keywords=Classic
Message=The Plug and Play service entered the stopped state.
10/08/2020 12:45:29 PM
LogName=System
SourceName=Microsoft-Windows-Service Control Manager
EventCode=7036
EventType=4
Type=Information
ComputerName=win-dc-8537412
TaskCategory=None
OpCode=The operation completed successfully.
RecordNumber=80003
Keywords=Classic
Message=The User Access Logging Service service entered the stopped state.
10/08/2020 12:45:29 PM
LogName=System
SourceName=Microsoft-Windows-Service Control Manager
EventCode=7036
EventType=4
Type=Information
ComputerName=win-dc-8537412
TaskCategory=None
OpCode=The operation completed successfully.
RecordNumber=80002
Keywords=Classic
Message=The Tile Data model server service entered the stopped state.
10/08/2020 12:45:29 PM
LogName=System
SourceName=Microsoft-Windows-Service Control Manager
EventCode=7036
EventType=4
Type=Information
ComputerName=win-dc-8537412
TaskCategory=None
OpCode=The operation completed successfully.
RecordNumber=80001
Keywords=Classic
Message=The Windows Modules Installer service entered the stopped state.
10/08/2020 12:45:29 PM
LogName=System
SourceName=EventLog
EventCode=6006
EventType=4
Type=Information
ComputerName=win-dc-8537412
TaskCategory=None
OpCode=None
RecordNumber=79999
Keywords=Classic
Message=The Event log service was stopped.
10/08/2020 12:45:34 PM
LogName=System
SourceName=Microsoft-Windows-Kernel-General
EventCode=13
EventType=4
Type=Information
ComputerName=win-dc-8537412.attackrange.local
TaskCategory=2
OpCode=Info
RecordNumber=80041
Keywords=None
Message=The operating system is shutting down at system time ‎2020‎-‎10‎-‎08T12:45:34.892546900Z.
10/08/2020 12:45:34 PM
LogName=System
SourceName=Microsoft-Windows-Service Control Manager
EventCode=7036
EventType=4
Type=Information
ComputerName=win-dc-8537412.attackrange.local
TaskCategory=None
OpCode=The operation completed successfully.
RecordNumber=80040
Keywords=Classic
Message=The Windows Update service entered the stopped state.
10/08/2020 12:45:34 PM
LogName=System
SourceName=Microsoft-Windows-Kernel-Power
EventCode=109
EventType=4
Type=Information
ComputerName=win-dc-8537412.attackrange.local
TaskCategory=103
OpCode=Info
RecordNumber=80039
Keywords=None
Message=The kernel power manager has initiated a shutdown transition.

Shutdown Reason: Kernel API
10/08/2020 12:45:34 PM
LogName=System
SourceName=Microsoft-Windows-Service Control Manager
EventCode=7036
EventType=4
Type=Information
ComputerName=win-dc-8537412.attackrange.local
TaskCategory=None
OpCode=The operation completed successfully.
RecordNumber=80038
Keywords=Classic
Message=The Device Setup Manager service entered the stopped state.
10/08/2020 12:45:54 PM
LogName=System
SourceName=Microsoft-Windows-Kernel-Boot
EventCode=32
EventType=4
Type=Information
ComputerName=win-dc-8537412.attackrange.local
User=NOT_TRANSLATED
Sid=S-1-5-18
SidType=0
TaskCategory=None
OpCode=Info
RecordNumber=80048
Keywords=None
Message=The bootmgr spent 0 ms waiting for user input.
10/08/2020 12:45:54 PM
LogName=System
SourceName=Microsoft-Windows-Kernel-Boot
EventCode=18
EventType=4
Type=Information
ComputerName=win-dc-8537412.attackrange.local
User=NOT_TRANSLATED
Sid=S-1-5-18
SidType=0
TaskCategory=None
OpCode=Info
RecordNumber=80047
Keywords=None
Message=There are 0x1 boot options on this system.
10/08/2020 12:45:54 PM
LogName=System
SourceName=Microsoft-Windows-Kernel-Boot
EventCode=25
EventType=4
Type=Information
ComputerName=win-dc-8537412.attackrange.local
User=NOT_TRANSLATED
Sid=S-1-5-18
SidType=0
TaskCategory=32
OpCode=Info
RecordNumber=80046
Keywords=None
Message=The boot menu policy was 0x0.
10/08/2020 12:45:54 PM
LogName=System
SourceName=Microsoft-Windows-Kernel-Boot
EventCode=27
EventType=4
Type=Information
ComputerName=win-dc-8537412.attackrange.local
User=NOT_TRANSLATED
Sid=S-1-5-18
SidType=0
TaskCategory=33
OpCode=Info
RecordNumber=80045
Keywords=None
Message=The boot type was 0x0.
10/08/2020 12:45:54 PM
LogName=System
SourceName=Microsoft-Windows-Kernel-Boot
EventCode=20
EventType=4
Type=Information
ComputerName=win-dc-8537412.attackrange.local
User=NOT_TRANSLATED
Sid=S-1-5-18
SidType=0
TaskCategory=31
OpCode=Info
RecordNumber=80044
Keywords=None
Message=The last shutdown's success status was true. The last boot's success status was true.
10/08/2020 12:45:54 PM
LogName=System
SourceName=Microsoft-Windows-Kernel-Boot
EventCode=153
EventType=4
Type=Information
ComputerName=win-dc-8537412.attackrange.local
User=NOT_TRANSLATED
Sid=S-1-5-18
SidType=0
TaskCategory=None
OpCode=Info
RecordNumber=80043
Keywords=None
Message=The Virtualization Based Security (policies: 0) is disabled with status STATUS_SUCCESS.
10/08/2020 12:45:54 PM
LogName=System
SourceName=Microsoft-Windows-Kernel-General
EventCode=12
EventType=4
Type=Information
ComputerName=win-dc-8537412.attackrange.local
User=NOT_TRANSLATED
Sid=S-1-5-18
SidType=0
TaskCategory=1
OpCode=Info
RecordNumber=80042
Keywords=None
Message=The operating system started at system time ‎2020‎-‎10‎-‎08T12:45:54.496955900Z.
10/08/2020 12:45:58 PM
LogName=System
SourceName=Microsoft-Windows-Kernel-Processor-Power
EventCode=55
EventType=4
Type=Information
ComputerName=win-dc-8537412.attackrange.local
User=NOT_TRANSLATED
Sid=S-1-5-18
SidType=0
TaskCategory=47
OpCode=Info
RecordNumber=80063
Keywords=None
Message=Processor 7 in group 0 exposes the following power management capabilities:

Idle state type: ACPI Idle (C) States (1 state(s))

Performance state type: None
Nominal Frequency (MHz): 2400
Maximum performance percentage: 100
Minimum performance percentage: 100
Minimum throttle percentage: 100
10/08/2020 12:45:58 PM
LogName=System
SourceName=Microsoft-Windows-Kernel-Processor-Power
EventCode=55
EventType=4
Type=Information
ComputerName=win-dc-8537412.attackrange.local
User=NOT_TRANSLATED
Sid=S-1-5-18
SidType=0
TaskCategory=47
OpCode=Info
RecordNumber=80062
Keywords=None
Message=Processor 6 in group 0 exposes the following power management capabilities:

Idle state type: ACPI Idle (C) States (1 state(s))

Performance state type: None
Nominal Frequency (MHz): 2400
Maximum performance percentage: 100
Minimum performance percentage: 100
Minimum throttle percentage: 100
10/08/2020 12:45:58 PM
LogName=System
SourceName=Microsoft-Windows-Kernel-Processor-Power
EventCode=55
EventType=4
Type=Information
ComputerName=win-dc-8537412.attackrange.local
User=NOT_TRANSLATED
Sid=S-1-5-18
SidType=0
TaskCategory=47
OpCode=Info
RecordNumber=80061
Keywords=None
Message=Processor 5 in group 0 exposes the following power management capabilities:

Idle state type: ACPI Idle (C) States (1 state(s))

Performance state type: None
Nominal Frequency (MHz): 2400
Maximum performance percentage: 100
Minimum performance percentage: 100
Minimum throttle percentage: 100
10/08/2020 12:45:58 PM
LogName=System
SourceName=Microsoft-Windows-Kernel-Processor-Power
EventCode=55
EventType=4
Type=Information
ComputerName=win-dc-8537412.attackrange.local
User=NOT_TRANSLATED
Sid=S-1-5-18
SidType=0
TaskCategory=47
OpCode=Info
RecordNumber=80060
Keywords=None
Message=Processor 4 in group 0 exposes the following power management capabilities:

Idle state type: ACPI Idle (C) States (1 state(s))

Performance state type: None
Nominal Frequency (MHz): 2400
Maximum performance percentage: 100
Minimum performance percentage: 100
Minimum throttle percentage: 100
10/08/2020 12:45:58 PM
LogName=System
SourceName=Microsoft-Windows-Kernel-Processor-Power
EventCode=55
EventType=4
Type=Information
ComputerName=win-dc-8537412.attackrange.local
User=NOT_TRANSLATED
Sid=S-1-5-18
SidType=0
TaskCategory=47
OpCode=Info
RecordNumber=80059
Keywords=None
Message=Processor 3 in group 0 exposes the following power management capabilities:

Idle state type: ACPI Idle (C) States (1 state(s))

Performance state type: None
Nominal Frequency (MHz): 2400
Maximum performance percentage: 100
Minimum performance percentage: 100
Minimum throttle percentage: 100
10/08/2020 12:45:58 PM
LogName=System
SourceName=Microsoft-Windows-Kernel-Processor-Power
EventCode=55
EventType=4
Type=Information
ComputerName=win-dc-8537412.attackrange.local
User=NOT_TRANSLATED
Sid=S-1-5-18
SidType=0
TaskCategory=47
OpCode=Info
RecordNumber=80058
Keywords=None
Message=Processor 2 in group 0 exposes the following power management capabilities:

Idle state type: ACPI Idle (C) States (1 state(s))

Performance state type: None
Nominal Frequency (MHz): 2400
Maximum performance percentage: 100
Minimum performance percentage: 100
Minimum throttle percentage: 100
10/08/2020 12:45:58 PM
LogName=System
SourceName=Microsoft-Windows-Kernel-Processor-Power
EventCode=55
EventType=4
Type=Information
ComputerName=win-dc-8537412.attackrange.local
User=NOT_TRANSLATED
Sid=S-1-5-18
SidType=0
TaskCategory=47
OpCode=Info
RecordNumber=80057
Keywords=None
Message=Processor 1 in group 0 exposes the following power management capabilities:

Idle state type: ACPI Idle (C) States (1 state(s))

Performance state type: None
Nominal Frequency (MHz): 2400
Maximum performance percentage: 100
Minimum performance percentage: 100
Minimum throttle percentage: 100
