10/08/2020 12:46:58 PM
LogName=System
SourceName=Microsoft-Windows-Time-Service
EventCode=12
EventType=3
Type=Warning
ComputerName=win-dc-8537412.attackrange.local
User=NOT_TRANSLATED
Sid=S-1-5-19
SidType=0
TaskCategory=None
OpCode=Info
RecordNumber=80184
Keywords=None
Message=Time Provider NtpClient: This machine is configured to use the domain hierarchy to determine its time source, but it is the AD PDC emulator for the domain at the root of the forest, so there is no machine above it in the domain hierarchy to use as a time source. It is recommended that you either configure a reliable time service in the root domain, or manually configure the AD PDC to synchronize with an external time source. Otherwise, this machine will function as the authoritative time source in the domain hierarchy. If an external time source is not configured or used for this computer, you may choose to disable the NtpClient.
10/08/2020 12:47:01 PM
LogName=System
SourceName=Microsoft-Windows-Time-Service
EventCode=37
EventType=4
Type=Information
ComputerName=win-dc-8537412.attackrange.local
User=NOT_TRANSLATED
Sid=S-1-5-19
SidType=0
TaskCategory=None
OpCode=Info
RecordNumber=80186
Keywords=None
Message=The time provider NtpClient is currently receiving valid time data from time.windows.com,0x8 (ntp.m|0x8|0.0.0.0:123->51.105.208.173:123).
10/08/2020 12:47:03 PM
LogName=System
SourceName=Microsoft-Windows-Service Control Manager
EventCode=7036
EventType=4
Type=Information
ComputerName=win-dc-8537412.attackrange.local
TaskCategory=None
OpCode=The operation completed successfully.
RecordNumber=80187
Keywords=Classic
Message=The DsmSvc service entered the stopped state.
10/08/2020 12:47:04 PM
LogName=System
SourceName=Microsoft-Windows-Time-Service
EventCode=35
EventType=4
Type=Information
ComputerName=win-dc-8537412.attackrange.local
User=NOT_TRANSLATED
Sid=S-1-5-19
SidType=0
TaskCategory=None
OpCode=Info
RecordNumber=80189
Keywords=None
Message=The time service is now synchronizing the system time with the time source time.windows.com,0x8 (ntp.m|0x8|0.0.0.0:123->51.105.208.173:123).
10/08/2020 12:47:04 PM
LogName=System
SourceName=Microsoft-Windows-Time-Service
EventCode=144
EventType=3
Type=Warning
ComputerName=win-dc-8537412.attackrange.local
User=NOT_TRANSLATED
Sid=S-1-5-19
SidType=0
TaskCategory=None
OpCode=Info
RecordNumber=80188
Keywords=None
Message=The time service has stopped advertising as a good time source.
10/08/2020 12:48:23 PM
LogName=System
SourceName=Microsoft-Windows-Service Control Manager
EventCode=7036
EventType=4
Type=Information
ComputerName=win-dc-8537412.attackrange.local
TaskCategory=None
OpCode=The operation completed successfully.
RecordNumber=80193
Keywords=Classic
Message=The MapsBroker service entered the running state.
10/08/2020 12:48:23 PM
LogName=System
SourceName=Microsoft-Windows-Service Control Manager
EventCode=7036
EventType=4
Type=Information
ComputerName=win-dc-8537412.attackrange.local
TaskCategory=None
OpCode=The operation completed successfully.
RecordNumber=80192
Keywords=Classic
Message=The DPS service entered the running state.
10/08/2020 12:48:23 PM
LogName=System
SourceName=Microsoft-Windows-Service Control Manager
EventCode=7036
EventType=4
Type=Information
ComputerName=win-dc-8537412.attackrange.local
TaskCategory=None
OpCode=The operation completed successfully.
RecordNumber=80191
Keywords=Classic
Message=The Connected Devices Platform Service service entered the stopped state.
10/08/2020 12:48:23 PM
LogName=System
SourceName=Microsoft-Windows-Service Control Manager
EventCode=7036
EventType=4
Type=Information
ComputerName=win-dc-8537412.attackrange.local
TaskCategory=None
OpCode=The operation completed successfully.
RecordNumber=80190
Keywords=Classic
Message=The WerSvc service entered the stopped state.
10/08/2020 12:48:24 PM
LogName=System
SourceName=Microsoft-Windows-Service Control Manager
EventCode=7036
EventType=4
Type=Information
ComputerName=win-dc-8537412.attackrange.local
TaskCategory=None
OpCode=The operation completed successfully.
RecordNumber=80195
Keywords=Classic
Message=The sppsvc service entered the running state.
10/08/2020 12:48:24 PM
LogName=System
SourceName=Microsoft-Windows-Service Control Manager
EventCode=7036
EventType=4
Type=Information
ComputerName=win-dc-8537412.attackrange.local
TaskCategory=None
OpCode=The operation completed successfully.
RecordNumber=80194
Keywords=Classic
Message=The Distributed Transaction Coordinator service entered the running state.
10/08/2020 12:48:25 PM
LogName=System
SourceName=Microsoft-Windows-Service Control Manager
EventCode=7036
EventType=4
Type=Information
ComputerName=win-dc-8537412.attackrange.local
TaskCategory=None
OpCode=The operation completed successfully.
RecordNumber=80196
Keywords=Classic
Message=The UALSVC service entered the running state.
10/08/2020 12:48:33 PM
LogName=System
SourceName=Microsoft-Windows-Service Control Manager
EventCode=7036
EventType=4
Type=Information
ComputerName=win-dc-8537412.attackrange.local
TaskCategory=None
OpCode=The operation completed successfully.
RecordNumber=80197
Keywords=Classic
Message=The MapsBroker service entered the stopped state.
10/08/2020 12:48:55 PM
LogName=System
SourceName=Microsoft-Windows-Service Control Manager
EventCode=7036
EventType=4
Type=Information
ComputerName=win-dc-8537412.attackrange.local
TaskCategory=None
OpCode=The operation completed successfully.
RecordNumber=80198
Keywords=Classic
Message=The sppsvc service entered the stopped state.
10/08/2020 12:48:57 PM
LogName=System
SourceName=Microsoft-Windows-Service Control Manager
EventCode=7036
EventType=4
Type=Information
ComputerName=win-dc-8537412.attackrange.local
TaskCategory=None
OpCode=The operation completed successfully.
RecordNumber=80199
Keywords=Classic
Message=The Portable Device Enumerator Service service entered the stopped state.
10/08/2020 12:48:59 PM
LogName=System
SourceName=Microsoft-Windows-Service Control Manager
EventCode=7036
EventType=4
Type=Information
ComputerName=win-dc-8537412.attackrange.local
TaskCategory=None
OpCode=The operation completed successfully.
RecordNumber=80200
Keywords=Classic
Message=The Windows Modules Installer service entered the stopped state.
10/08/2020 12:49:08 PM
LogName=System
SourceName=Microsoft-Windows-Service Control Manager
EventCode=7036
EventType=4
Type=Information
ComputerName=win-dc-8537412.attackrange.local
TaskCategory=None
OpCode=The operation completed successfully.
RecordNumber=80202
Keywords=Classic
Message=The wisvc service entered the running state.
10/08/2020 12:49:08 PM
LogName=System
SourceName=Microsoft-Windows-Service Control Manager
EventCode=7036
EventType=4
Type=Information
ComputerName=win-dc-8537412.attackrange.local
TaskCategory=None
OpCode=The operation completed successfully.
RecordNumber=80201
Keywords=Classic
Message=The UsoSvc service entered the running state.
10/08/2020 12:49:11 PM
LogName=System
SourceName=Microsoft-Windows-Service Control Manager
EventCode=7036
EventType=4
Type=Information
ComputerName=win-dc-8537412.attackrange.local
TaskCategory=None
OpCode=The operation completed successfully.
RecordNumber=80203
Keywords=Classic
Message=The NetSetupSvc service entered the stopped state.
10/08/2020 12:49:52 PM
LogName=System
SourceName=Microsoft-Windows-Service Control Manager
EventCode=7036
EventType=4
Type=Information
ComputerName=win-dc-8537412.attackrange.local
TaskCategory=None
OpCode=The operation completed successfully.
RecordNumber=80204
Keywords=Classic
Message=The VSS service entered the stopped state.
10/08/2020 12:50:08 PM
LogName=System
SourceName=Microsoft-Windows-Service Control Manager
EventCode=7036
EventType=4
Type=Information
ComputerName=win-dc-8537412.attackrange.local
TaskCategory=None
OpCode=The operation completed successfully.
RecordNumber=80205
Keywords=Classic
Message=The wisvc service entered the stopped state.
10/08/2020 12:50:14 PM
LogName=System
SourceName=Microsoft-Windows-Service Control Manager
EventCode=7036
EventType=4
Type=Information
ComputerName=win-dc-8537412.attackrange.local
TaskCategory=None
OpCode=The operation completed successfully.
RecordNumber=80206
Keywords=Classic
Message=The Update Orchestrator Service for Windows Update service entered the stopped state.
10/08/2020 12:50:26 PM
LogName=System
SourceName=Microsoft-Windows-DistributedCOM
EventCode=10016
EventType=2
Type=Error
ComputerName=win-dc-8537412.attackrange.local
User=NOT_TRANSLATED
Sid=S-1-5-21-3379454365-516788006-517813320-500
SidType=0
TaskCategory=None
OpCode=Info
RecordNumber=80207
Keywords=Classic
Message=The application-specific permission settings do not grant Local Activation permission for the COM Server application with CLSID 
{D63B10C5-BB46-4990-A94F-E40B9D520160}
 and APPID 
{9CA88EE3-ACB7-47C8-AFC4-AB702511C276}
 to the user ATTACKRANGE\Administrator SID (S-1-5-21-3379454365-516788006-517813320-500) from address LocalHost (Using LRPC) running in the application container Unavailable SID (Unavailable). This security permission can be modified using the Component Services administrative tool.
10/08/2020 12:50:28 PM
LogName=System
SourceName=Microsoft-Windows-Service Control Manager
EventCode=7036
EventType=4
Type=Information
ComputerName=win-dc-8537412.attackrange.local
TaskCategory=None
OpCode=The operation completed successfully.
RecordNumber=80208
Keywords=Classic
Message=The Windows Modules Installer service entered the running state.
10/08/2020 12:50:37 PM
LogName=System
SourceName=Microsoft-Windows-Service Control Manager
EventCode=7036
EventType=4
Type=Information
ComputerName=win-dc-8537412.attackrange.local
TaskCategory=None
OpCode=The operation completed successfully.
RecordNumber=80209
Keywords=Classic
Message=The msiserver service entered the running state.
10/08/2020 12:50:38 PM
LogName=System
SourceName=Microsoft-Windows-Service Control Manager
EventCode=7036
EventType=4
Type=Information
ComputerName=win-dc-8537412.attackrange.local
TaskCategory=None
OpCode=The operation completed successfully.
RecordNumber=80210
Keywords=Classic
Message=The WdiSystemHost service entered the running state.
10/08/2020 12:50:41 PM
LogName=System
SourceName=Microsoft-Windows-Service Control Manager
EventCode=7045
EventType=4
Type=Information
ComputerName=win-dc-8537412.attackrange.local
User=NOT_TRANSLATED
Sid=S-1-5-18
SidType=0
TaskCategory=None
OpCode=The operation completed successfully.
RecordNumber=80212
Keywords=Classic
Message=A service was installed in the system.

Service Name:  splknetdrv
Service File Name:  \SystemRoot\system32\DRIVERS\splknetdrv.sys
Service Type:  kernel mode driver
Service Start Type:  demand start
Service Account:
10/08/2020 12:50:41 PM
LogName=System
SourceName=Microsoft-Windows-Service Control Manager
EventCode=7045
EventType=4
Type=Information
ComputerName=win-dc-8537412.attackrange.local
User=NOT_TRANSLATED
Sid=S-1-5-18
SidType=0
TaskCategory=None
OpCode=The operation completed successfully.
RecordNumber=80211
Keywords=Classic
Message=A service was installed in the system.

Service Name:  Splunk Trace Kernel Mode Driver
Service File Name:  \SystemRoot\system32\DRIVERS\splunkdrv.sys
Service Type:  kernel mode driver
Service Start Type:  demand start
Service Account:
10/08/2020 12:50:42 PM
LogName=System
SourceName=Microsoft-Windows-Service Control Manager
EventCode=7045
EventType=4
Type=Information
ComputerName=win-dc-8537412.attackrange.local
User=NOT_TRANSLATED
Sid=S-1-5-18
SidType=0
TaskCategory=None
OpCode=The operation completed successfully.
RecordNumber=80213
Keywords=Classic
Message=A service was installed in the system.

Service Name:  SplunkMonitorNoHandle
Service File Name:  system32\DRIVERS\SplunkMonitorNoHandleDrv.sys
Service Type:  kernel mode driver
Service Start Type:  demand start
Service Account:
10/08/2020 12:50:45 PM
LogName=System
SourceName=Microsoft-Windows-Service Control Manager
EventCode=7045
EventType=4
Type=Information
ComputerName=win-dc-8537412.attackrange.local
User=NOT_TRANSLATED
Sid=S-1-5-18
SidType=0
TaskCategory=None
OpCode=The operation completed successfully.
RecordNumber=80214
Keywords=Classic
Message=A service was installed in the system.

Service Name:  SplunkForwarder Service
Service File Name:  "C:\Program Files\SplunkUniversalForwarder\bin\splunkd.exe" service
Service Type:  user mode service
Service Start Type:  auto start
Service Account:  LocalSystem
10/08/2020 12:50:56 PM
LogName=System
SourceName=Microsoft-Windows-Service Control Manager
EventCode=7036
EventType=4
Type=Information
ComputerName=win-dc-8537412.attackrange.local
TaskCategory=None
OpCode=The operation completed successfully.
RecordNumber=80215
Keywords=Classic
Message=The SplunkForwarder Service service entered the running state.
10/08/2020 12:51:27 PM
LogName=System
SourceName=Microsoft-Windows-Service Control Manager
EventCode=7045
EventType=4
Type=Information
ComputerName=win-dc-8537412.attackrange.local
User=NOT_TRANSLATED
Sid=S-1-5-18
SidType=0
TaskCategory=None
OpCode=The operation completed successfully.
RecordNumber=80216
Keywords=Classic
Message=A service was installed in the system.

Service Name:  nxlog
Service File Name:  "C:\Program Files (x86)\nxlog\nxlog.exe" -c "C:\Program Files (x86)\nxlog\conf\nxlog.conf"
Service Type:  user mode service
Service Start Type:  auto start
Service Account:  LocalSystem
10/08/2020 12:51:32 PM
LogName=System
SourceName=Microsoft-Windows-Service Control Manager
EventCode=7036
EventType=4
Type=Information
ComputerName=win-dc-8537412.attackrange.local
TaskCategory=None
OpCode=The operation completed successfully.
RecordNumber=80217
Keywords=Classic
Message=The nxlog service entered the running state.
10/08/2020 12:51:37 PM
LogName=System
SourceName=Microsoft-Windows-Service Control Manager
EventCode=7036
EventType=4
Type=Information
ComputerName=win-dc-8537412.attackrange.local
TaskCategory=None
OpCode=The operation completed successfully.
RecordNumber=80219
Keywords=Classic
Message=The SplunkForwarder Service service entered the stopped state.
10/08/2020 12:51:37 PM
LogName=System
SourceName=Microsoft-Windows-Service Control Manager
EventCode=7036
EventType=4
Type=Information
ComputerName=win-dc-8537412.attackrange.local
TaskCategory=None
OpCode=The operation completed successfully.
RecordNumber=80218
Keywords=Classic
Message=The SplunkForwarder Service service entered the stopped state.
10/08/2020 12:51:44 PM
LogName=System
SourceName=Microsoft-Windows-Service Control Manager
EventCode=7036
EventType=4
Type=Information
ComputerName=win-dc-8537412.attackrange.local
TaskCategory=None
OpCode=The operation completed successfully.
RecordNumber=80220
Keywords=Classic
Message=The SplunkForwarder Service service entered the running state.
10/08/2020 12:51:58 PM
LogName=System
SourceName=Microsoft-Windows-Service Control Manager
EventCode=7036
EventType=4
Type=Information
ComputerName=win-dc-8537412.attackrange.local
TaskCategory=None
OpCode=The operation completed successfully.
RecordNumber=80221
Keywords=Classic
Message=The AppX Deployment Service (AppXSVC) service entered the running state.
10/08/2020 12:52:10 PM
LogName=System
SourceName=Microsoft-Windows-Service Control Manager
EventCode=7036
EventType=4
Type=Information
ComputerName=win-dc-8537412.attackrange.local
TaskCategory=None
OpCode=The operation completed successfully.
RecordNumber=80225
Keywords=Classic
Message=The sysmon64 service entered the running state.
10/08/2020 12:52:10 PM
LogName=System
SourceName=Microsoft-Windows-FilterManager
EventCode=6
EventType=4
Type=Information
ComputerName=win-dc-8537412.attackrange.local
User=NOT_TRANSLATED
Sid=S-1-5-18
SidType=0
TaskCategory=None
OpCode=Info
RecordNumber=80224
Keywords=None
Message=File System Filter 'SysmonDrv' (0.0, ‎2020‎-‎09‎-‎09T21:23:49.000000000Z) has successfully loaded and registered with Filter Manager.
10/08/2020 12:52:10 PM
LogName=System
SourceName=Microsoft-Windows-Service Control Manager
EventCode=7045
EventType=4
Type=Information
ComputerName=win-dc-8537412.attackrange.local
User=NOT_TRANSLATED
Sid=S-1-5-21-3379454365-516788006-517813320-500
SidType=0
TaskCategory=None
OpCode=The operation completed successfully.
RecordNumber=80223
Keywords=Classic
Message=A service was installed in the system.

Service Name:  SysmonDrv
Service File Name:  C:\Windows\SysmonDrv.sys
Service Type:  kernel mode driver
Service Start Type:  boot start
Service Account:
10/08/2020 12:52:10 PM
LogName=System
SourceName=Microsoft-Windows-Service Control Manager
EventCode=7045
EventType=4
Type=Information
ComputerName=win-dc-8537412.attackrange.local
User=NOT_TRANSLATED
Sid=S-1-5-21-3379454365-516788006-517813320-500
SidType=0
TaskCategory=None
OpCode=The operation completed successfully.
RecordNumber=80222
Keywords=Classic
Message=A service was installed in the system.

Service Name:  sysmon64
Service File Name:  C:\Windows\sysmon64.exe
Service Type:  user mode service
Service Start Type:  auto start
Service Account:  LocalSystem
10/08/2020 12:52:15 PM
LogName=System
SourceName=User32
EventCode=1074
EventType=4
Type=Information
ComputerName=win-dc-8537412.attackrange.local
User=NOT_TRANSLATED
Sid=S-1-5-21-3379454365-516788006-517813320-500
SidType=0
TaskCategory=None
OpCode=The operation completed successfully.
RecordNumber=80226
Keywords=Classic
Message=The process C:\Windows\system32\shutdown.exe (WIN-DC-8537412) has initiated the restart of computer WIN-DC-8537412 on behalf of user ATTACKRANGE\Administrator for the following reason: No title for this reason could be found
 Reason Code: 0x800000ff
 Shutdown Type: restart
 Comment: Reboot initiated by Ansible
10/08/2020 12:52:18 PM
LogName=System
SourceName=Microsoft-Windows-Service Control Manager
EventCode=7036
EventType=4
Type=Information
ComputerName=win-dc-8537412.attackrange.local
TaskCategory=None
OpCode=The operation completed successfully.
RecordNumber=80265
Keywords=Classic
Message=The DNS Server service entered the stopped state.
10/08/2020 12:52:18 PM
LogName=System
SourceName=Microsoft-Windows-Service Control Manager
EventCode=7036
EventType=4
Type=Information
ComputerName=win-dc-8537412.attackrange.local
TaskCategory=None
OpCode=The operation completed successfully.
RecordNumber=80264
Keywords=Classic
Message=The Task Scheduler service entered the stopped state.
10/08/2020 12:52:18 PM
LogName=System
SourceName=Microsoft-Windows-Service Control Manager
EventCode=7036
EventType=4
Type=Information
ComputerName=win-dc-8537412.attackrange.local
TaskCategory=None
OpCode=The operation completed successfully.
RecordNumber=80263
Keywords=Classic
Message=The Cryptographic Services service entered the stopped state.
10/08/2020 12:52:18 PM
LogName=System
SourceName=Microsoft-Windows-Service Control Manager
EventCode=7036
EventType=4
Type=Information
ComputerName=win-dc-8537412.attackrange.local
TaskCategory=None
OpCode=The operation completed successfully.
RecordNumber=80262
Keywords=Classic
Message=The Windows Event Log service entered the stopped state.
10/08/2020 12:52:18 PM
LogName=System
SourceName=Microsoft-Windows-Service Control Manager
EventCode=7036
EventType=4
Type=Information
ComputerName=win-dc-8537412.attackrange.local
TaskCategory=None
OpCode=The operation completed successfully.
RecordNumber=80261
Keywords=Classic
Message=The Remote Desktop Services service entered the stopped state.
10/08/2020 12:52:18 PM
LogName=System
SourceName=Microsoft-Windows-Service Control Manager
EventCode=7036
EventType=4
Type=Information
ComputerName=win-dc-8537412.attackrange.local
TaskCategory=None
OpCode=The operation completed successfully.
RecordNumber=80260
Keywords=Classic
Message=The Intersite Messaging service entered the stopped state.
10/08/2020 12:52:18 PM
LogName=System
SourceName=Microsoft-Windows-Service Control Manager
EventCode=7036
EventType=4
Type=Information
ComputerName=win-dc-8537412.attackrange.local
TaskCategory=None
OpCode=The operation completed successfully.
RecordNumber=80259
Keywords=Classic
Message=The Windows Update service entered the stopped state.
10/08/2020 12:52:18 PM
LogName=System
SourceName=Microsoft-Windows-Service Control Manager
EventCode=7036
EventType=4
Type=Information
ComputerName=win-dc-8537412.attackrange.local
TaskCategory=None
OpCode=The operation completed successfully.
RecordNumber=80258
Keywords=Classic
Message=The Windows Connection Manager service entered the stopped state.
10/08/2020 12:52:18 PM
LogName=System
SourceName=Microsoft-Windows-Service Control Manager
EventCode=7036
EventType=4
Type=Information
ComputerName=win-dc-8537412.attackrange.local
TaskCategory=None
OpCode=The operation completed successfully.
RecordNumber=80257
Keywords=Classic
Message=The Virtual Disk service entered the stopped state.
10/08/2020 12:52:18 PM
LogName=System
SourceName=Microsoft-Windows-Service Control Manager
EventCode=7036
EventType=4
Type=Information
ComputerName=win-dc-8537412.attackrange.local
TaskCategory=None
OpCode=The operation completed successfully.
RecordNumber=80256
Keywords=Classic
Message=The Windows Remote Management (WS-Management) service entered the stopped state.
10/08/2020 12:52:18 PM
LogName=System
SourceName=Microsoft-Windows-Service Control Manager
EventCode=7036
EventType=4
Type=Information
ComputerName=win-dc-8537412.attackrange.local
TaskCategory=None
OpCode=The operation completed successfully.
RecordNumber=80255
Keywords=Classic
Message=The DHCP Client service entered the stopped state.
10/08/2020 12:52:18 PM
LogName=System
SourceName=Microsoft-Windows-Dhcp-Client
EventCode=50037
EventType=4
Type=Information
ComputerName=win-dc-8537412.attackrange.local
User=NOT_TRANSLATED
Sid=S-1-5-19
SidType=0
TaskCategory=Service State Event
OpCode=ServiceStop
RecordNumber=80254
Keywords=None
Message=DHCPv4 client service is stopped. ShutDown Flag value is 1
10/08/2020 12:52:18 PM
LogName=System
SourceName=Microsoft-Windows-Service Control Manager
EventCode=7036
EventType=4
Type=Information
ComputerName=win-dc-8537412.attackrange.local
TaskCategory=None
OpCode=The operation completed successfully.
RecordNumber=80253
Keywords=Classic
Message=The State Repository Service service entered the stopped state.
10/08/2020 12:52:18 PM
LogName=System
SourceName=Microsoft-Windows-Service Control Manager
EventCode=7036
EventType=4
Type=Information
ComputerName=win-dc-8537412.attackrange.local
TaskCategory=None
OpCode=The operation completed successfully.
RecordNumber=80252
Keywords=Classic
Message=The Program Compatibility Assistant Service service entered the stopped state.
10/08/2020 12:52:18 PM
LogName=System
SourceName=Microsoft-Windows-Service Control Manager
EventCode=7036
EventType=4
Type=Information
ComputerName=win-dc-8537412.attackrange.local
TaskCategory=None
OpCode=The operation completed successfully.
RecordNumber=80251
Keywords=Classic
Message=The User Profile Service service entered the stopped state.
10/08/2020 12:52:18 PM
LogName=System
SourceName=Microsoft-Windows-Service Control Manager
EventCode=7036
EventType=4
Type=Information
ComputerName=win-dc-8537412.attackrange.local
TaskCategory=None
OpCode=The operation completed successfully.
RecordNumber=80250
Keywords=Classic
Message=The Windows Font Cache Service service entered the stopped state.
10/08/2020 12:52:18 PM
LogName=System
SourceName=Microsoft-Windows-Service Control Manager
EventCode=7036
EventType=4
Type=Information
ComputerName=win-dc-8537412.attackrange.local
TaskCategory=None
OpCode=The operation completed successfully.
RecordNumber=80249
Keywords=Classic
Message=The AppX Deployment Service (AppXSVC) service entered the stopped state.
10/08/2020 12:52:18 PM
LogName=System
SourceName=Microsoft-Windows-Service Control Manager
EventCode=7036
EventType=4
Type=Information
ComputerName=win-dc-8537412.attackrange.local
TaskCategory=None
OpCode=The operation completed successfully.
RecordNumber=80248
Keywords=Classic
Message=The Windows Management Instrumentation service entered the stopped state.
10/08/2020 12:52:18 PM
LogName=System
SourceName=Microsoft-Windows-Service Control Manager
EventCode=7036
EventType=4
Type=Information
ComputerName=win-dc-8537412.attackrange.local
TaskCategory=None
OpCode=The operation completed successfully.
RecordNumber=80247
Keywords=Classic
Message=The Microsoft Software Shadow Copy Provider service entered the stopped state.
10/08/2020 12:52:18 PM
LogName=System
SourceName=Microsoft-Windows-Service Control Manager
EventCode=7036
EventType=4
Type=Information
ComputerName=win-dc-8537412.attackrange.local
TaskCategory=None
OpCode=The operation completed successfully.
RecordNumber=80246
Keywords=Classic
Message=The Windows Installer service entered the stopped state.
10/08/2020 12:52:18 PM
LogName=System
SourceName=Microsoft-Windows-Service Control Manager
EventCode=7036
EventType=4
Type=Information
ComputerName=win-dc-8537412.attackrange.local
TaskCategory=None
OpCode=The operation completed successfully.
RecordNumber=80245
Keywords=Classic
Message=The Certificate Propagation service entered the stopped state.
10/08/2020 12:52:18 PM
LogName=System
SourceName=Microsoft-Windows-Service Control Manager
EventCode=7036
EventType=4
Type=Information
ComputerName=win-dc-8537412.attackrange.local
TaskCategory=None
OpCode=The operation completed successfully.
RecordNumber=80244
Keywords=Classic
Message=The Distributed Transaction Coordinator service entered the stopped state.
10/08/2020 12:52:18 PM
LogName=System
SourceName=Microsoft-Windows-Service Control Manager
EventCode=7036
EventType=4
Type=Information
ComputerName=win-dc-8537412.attackrange.local
TaskCategory=None
OpCode=The operation completed successfully.
RecordNumber=80243
Keywords=Classic
Message=The Diagnostic Policy Service service entered the stopped state.
10/08/2020 12:52:18 PM
LogName=System
SourceName=Microsoft-Windows-Service Control Manager
EventCode=7036
EventType=4
Type=Information
ComputerName=win-dc-8537412.attackrange.local
TaskCategory=None
OpCode=The operation completed successfully.
RecordNumber=80242
Keywords=Classic
Message=The Windows Time service entered the stopped state.
10/08/2020 12:52:18 PM
LogName=System
SourceName=Microsoft-Windows-Service Control Manager
EventCode=7036
EventType=4
Type=Information
ComputerName=win-dc-8537412.attackrange.local
TaskCategory=None
OpCode=The operation completed successfully.
RecordNumber=80241
Keywords=Classic
Message=The Diagnostic System Host service entered the stopped state.
10/08/2020 12:52:18 PM
LogName=System
SourceName=Microsoft-Windows-Service Control Manager
EventCode=7036
EventType=4
Type=Information
ComputerName=win-dc-8537412.attackrange.local
TaskCategory=None
OpCode=The operation completed successfully.
RecordNumber=80240
Keywords=Classic
Message=The Active Directory Web Services service entered the stopped state.
10/08/2020 12:52:18 PM
LogName=System
SourceName=Microsoft-Windows-Service Control Manager
EventCode=7036
EventType=4
Type=Information
ComputerName=win-dc-8537412.attackrange.local
TaskCategory=None
OpCode=The operation completed successfully.
RecordNumber=80239
Keywords=Classic
Message=The IPsec Policy Agent service entered the stopped state.
10/08/2020 12:52:18 PM
LogName=System
SourceName=Microsoft-Windows-Service Control Manager
EventCode=7036
EventType=4
Type=Information
ComputerName=win-dc-8537412.attackrange.local
TaskCategory=None
OpCode=The operation completed successfully.
RecordNumber=80238
Keywords=Classic
Message=The AWS Lite Guest Agent service entered the stopped state.
10/08/2020 12:52:18 PM
LogName=System
SourceName=Microsoft-Windows-Kernel-General
EventCode=1
EventType=4
Type=Information
ComputerName=win-dc-8537412.attackrange.local
User=NOT_TRANSLATED
Sid=S-1-5-19
SidType=0
TaskCategory=5
OpCode=Info
RecordNumber=80237
Keywords=Time
Message=The system time has changed to ‎2020‎-‎10‎-‎08T12:52:18.431000000Z from ‎2020‎-‎10‎-‎08T12:52:18.432375700Z.

Change Reason: An application or system component changed the time.
10/08/2020 12:52:18 PM
LogName=System
SourceName=Microsoft-Windows-DHCPv6-Client
EventCode=51047
EventType=4
Type=Information
ComputerName=win-dc-8537412.attackrange.local
User=NOT_TRANSLATED
Sid=S-1-5-19
SidType=0
TaskCategory=Service State Event
OpCode=ServiceStop
RecordNumber=80236
Keywords=None
Message=DHCPv6 client service is stopped. ShutDown Flag value is 1
10/08/2020 12:52:18 PM
LogName=System
SourceName=Microsoft-Windows-Service Control Manager
EventCode=7036
EventType=4
Type=Information
ComputerName=win-dc-8537412.attackrange.local
TaskCategory=None
OpCode=The operation completed successfully.
RecordNumber=80235
Keywords=Classic
Message=The Remote Desktop Services UserMode Port Redirector service entered the stopped state.
10/08/2020 12:52:18 PM
LogName=System
SourceName=Microsoft-Windows-Service Control Manager
EventCode=7036
EventType=4
Type=Information
ComputerName=win-dc-8537412.attackrange.local
TaskCategory=None
OpCode=The operation completed successfully.
RecordNumber=80234
Keywords=Classic
Message=The Amazon SSM Agent service entered the stopped state.
10/08/2020 12:52:18 PM
LogName=System
SourceName=Microsoft-Windows-Service Control Manager
EventCode=7036
EventType=4
Type=Information
ComputerName=win-dc-8537412.attackrange.local
TaskCategory=None
OpCode=The operation completed successfully.
RecordNumber=80233
Keywords=Classic
Message=The Plug and Play service entered the stopped state.
10/08/2020 12:52:18 PM
LogName=System
SourceName=Microsoft-Windows-Service Control Manager
EventCode=7036
EventType=4
Type=Information
ComputerName=win-dc-8537412.attackrange.local
TaskCategory=None
OpCode=The operation completed successfully.
RecordNumber=80232
Keywords=Classic
Message=The User Access Logging Service service entered the stopped state.
10/08/2020 12:52:18 PM
LogName=System
SourceName=Microsoft-Windows-Service Control Manager
EventCode=7036
EventType=4
Type=Information
ComputerName=win-dc-8537412.attackrange.local
TaskCategory=None
OpCode=The operation completed successfully.
RecordNumber=80231
Keywords=Classic
Message=The Tile Data model server service entered the stopped state.
10/08/2020 12:52:18 PM
LogName=System
SourceName=Microsoft-Windows-Service Control Manager
EventCode=7036
EventType=4
Type=Information
ComputerName=win-dc-8537412.attackrange.local
TaskCategory=None
OpCode=The operation completed successfully.
RecordNumber=80230
Keywords=Classic
Message=The Windows Modules Installer service entered the stopped state.
10/08/2020 12:52:18 PM
LogName=System
SourceName=Microsoft-Windows-Service Control Manager
EventCode=7036
EventType=4
Type=Information
ComputerName=win-dc-8537412.attackrange.local
TaskCategory=None
OpCode=The operation completed successfully.
RecordNumber=80229
Keywords=Classic
Message=The Group Policy Client service entered the stopped state.
10/08/2020 12:52:18 PM
LogName=System
SourceName=EventLog
EventCode=6006
EventType=4
Type=Information
ComputerName=win-dc-8537412.attackrange.local
TaskCategory=None
OpCode=None
RecordNumber=80228
Keywords=Classic
Message=The Event log service was stopped.
10/08/2020 12:52:18 PM
LogName=System
SourceName=Microsoft-Windows-Windows Remote Management
EventCode=10149
EventType=3
Type=Warning
ComputerName=win-dc-8537412.attackrange.local
TaskCategory=None
OpCode=Info
RecordNumber=80227
Keywords=Classic
Message=The WinRM service is not listening for WS-Management requests. 

 User Action 
 If you did not intentionally stop the service, use the following command to see the WinRM configuration: 

 winrm enumerate winrm/config/listener
10/08/2020 12:52:19 PM
LogName=System
SourceName=Microsoft-Windows-Service Control Manager
EventCode=7036
EventType=4
Type=Information
ComputerName=win-dc-8537412.attackrange.local
TaskCategory=None
OpCode=The operation completed successfully.
RecordNumber=80272
Keywords=Classic
Message=The Active Directory Domain Services service entered the stopped state.
10/08/2020 12:52:19 PM
LogName=System
SourceName=Microsoft-Windows-DNS Client Events
EventCode=1014
EventType=3
Type=Warning
ComputerName=win-dc-8537412.attackrange.local
User=NOT_TRANSLATED
Sid=S-1-5-20
SidType=0
TaskCategory=1014
OpCode=Info
RecordNumber=80271
Keywords=None
Message=Name resolution for the name 255.1.0.10.in-addr.arpa. timed out after none of the configured DNS servers responded.
10/08/2020 12:52:19 PM
LogName=System
SourceName=Microsoft-Windows-Service Control Manager
EventCode=7036
EventType=4
Type=Information
ComputerName=win-dc-8537412.attackrange.local
TaskCategory=None
OpCode=The operation completed successfully.
RecordNumber=80267
Keywords=Classic
Message=The nxlog service entered the stopped state.
10/08/2020 12:52:19 PM
LogName=System
SourceName=Microsoft-Windows-Service Control Manager
EventCode=7036
EventType=4
Type=Information
ComputerName=win-dc-8537412.attackrange.local
TaskCategory=None
OpCode=The operation completed successfully.
RecordNumber=80266
Keywords=Classic
Message=The DFS Replication service entered the stopped state.
10/08/2020 12:52:20 PM
LogName=System
SourceName=Microsoft-Windows-Service Control Manager
EventCode=7036
EventType=4
Type=Information
ComputerName=win-dc-8537412.attackrange.local
TaskCategory=None
OpCode=The operation completed successfully.
RecordNumber=80274
Keywords=Classic
Message=The SplunkForwarder Service service entered the stopped state.
10/08/2020 12:52:20 PM
LogName=System
SourceName=Microsoft-Windows-Service Control Manager
EventCode=7036
EventType=4
Type=Information
ComputerName=win-dc-8537412.attackrange.local
TaskCategory=None
OpCode=The operation completed successfully.
RecordNumber=80273
Keywords=Classic
Message=The SplunkForwarder Service service entered the stopped state.
10/08/2020 12:52:23 PM
LogName=System
SourceName=Microsoft-Windows-Kernel-General
EventCode=13
EventType=4
Type=Information
ComputerName=win-dc-8537412.attackrange.local
TaskCategory=2
OpCode=Info
RecordNumber=80276
Keywords=None
Message=The operating system is shutting down at system time ‎2020‎-‎10‎-‎08T12:52:23.637807000Z.
10/08/2020 12:52:23 PM
LogName=System
SourceName=Microsoft-Windows-Kernel-Power
EventCode=109
EventType=4
Type=Information
ComputerName=win-dc-8537412.attackrange.local
TaskCategory=103
OpCode=Info
RecordNumber=80275
Keywords=None
Message=The kernel power manager has initiated a shutdown transition.

Shutdown Reason: Kernel API
10/08/2020 12:52:43 PM
LogName=System
SourceName=Microsoft-Windows-Kernel-Boot
EventCode=32
EventType=4
Type=Information
ComputerName=win-dc-8537412.attackrange.local
User=NOT_TRANSLATED
Sid=S-1-5-18
SidType=0
TaskCategory=None
OpCode=Info
RecordNumber=80283
Keywords=None
Message=The bootmgr spent 0 ms waiting for user input.
10/08/2020 12:52:43 PM
LogName=System
SourceName=Microsoft-Windows-Kernel-Boot
EventCode=18
EventType=4
Type=Information
ComputerName=win-dc-8537412.attackrange.local
User=NOT_TRANSLATED
Sid=S-1-5-18
SidType=0
TaskCategory=None
OpCode=Info
RecordNumber=80282
Keywords=None
Message=There are 0x1 boot options on this system.
10/08/2020 12:52:43 PM
LogName=System
SourceName=Microsoft-Windows-Kernel-Boot
EventCode=25
EventType=4
Type=Information
ComputerName=win-dc-8537412.attackrange.local
User=NOT_TRANSLATED
Sid=S-1-5-18
SidType=0
TaskCategory=32
OpCode=Info
RecordNumber=80281
Keywords=None
Message=The boot menu policy was 0x0.
10/08/2020 12:52:43 PM
LogName=System
SourceName=Microsoft-Windows-Kernel-Boot
EventCode=27
EventType=4
Type=Information
ComputerName=win-dc-8537412.attackrange.local
User=NOT_TRANSLATED
Sid=S-1-5-18
SidType=0
TaskCategory=33
OpCode=Info
RecordNumber=80280
Keywords=None
Message=The boot type was 0x0.
10/08/2020 12:52:43 PM
LogName=System
SourceName=Microsoft-Windows-Kernel-Boot
EventCode=20
EventType=4
Type=Information
ComputerName=win-dc-8537412.attackrange.local
User=NOT_TRANSLATED
Sid=S-1-5-18
SidType=0
TaskCategory=31
OpCode=Info
RecordNumber=80279
Keywords=None
Message=The last shutdown's success status was true. The last boot's success status was true.
10/08/2020 12:52:43 PM
LogName=System
SourceName=Microsoft-Windows-Kernel-Boot
EventCode=153
EventType=4
Type=Information
ComputerName=win-dc-8537412.attackrange.local
User=NOT_TRANSLATED
Sid=S-1-5-18
SidType=0
TaskCategory=None
OpCode=Info
RecordNumber=80278
Keywords=None
Message=The Virtualization Based Security (policies: 0) is disabled with status STATUS_SUCCESS.
10/08/2020 12:52:43 PM
LogName=System
SourceName=Microsoft-Windows-Kernel-General
EventCode=12
EventType=4
Type=Information
ComputerName=win-dc-8537412.attackrange.local
User=NOT_TRANSLATED
Sid=S-1-5-18
SidType=0
TaskCategory=1
OpCode=Info
RecordNumber=80277
Keywords=None
Message=The operating system started at system time ‎2020‎-‎10‎-‎08T12:52:43.492088400Z.
10/08/2020 12:52:46 PM
LogName=System
SourceName=Microsoft-Windows-FilterManager
EventCode=6
EventType=4
Type=Information
ComputerName=win-dc-8537412.attackrange.local
User=NOT_TRANSLATED
Sid=S-1-5-18
SidType=0
TaskCategory=None
OpCode=Info
RecordNumber=80289
Keywords=None
Message=File System Filter 'DfsDriver' (10.0, ‎2016‎-‎07‎-‎16T02:21:37.000000000Z) has successfully loaded and registered with Filter Manager.
10/08/2020 12:52:46 PM
LogName=System
SourceName=Microsoft-Windows-FilterManager
EventCode=6
EventType=4
Type=Information
ComputerName=win-dc-8537412.attackrange.local
User=NOT_TRANSLATED
Sid=S-1-5-18
SidType=0
TaskCategory=None
OpCode=Info
RecordNumber=80288
Keywords=None
Message=File System Filter 'FileCrypt' (10.0, ‎2018‎-‎08‎-‎30T20:44:27.000000000Z) has successfully loaded and registered with Filter Manager.
10/08/2020 12:52:46 PM
LogName=System
SourceName=Microsoft-Windows-Ntfs
EventCode=98
EventType=4
Type=Information
ComputerName=win-dc-8537412.attackrange.local
User=NOT_TRANSLATED
Sid=S-1-5-18
SidType=0
TaskCategory=None
OpCode=Info
RecordNumber=80287
Keywords=None
Message=Volume C: (\Device\HarddiskVolume1) is healthy.  No action is needed.
10/08/2020 12:52:46 PM
LogName=System
SourceName=Microsoft-Windows-FilterManager
EventCode=6
EventType=4
Type=Information
ComputerName=win-dc-8537412.attackrange.local
User=NOT_TRANSLATED
Sid=S-1-5-18
SidType=0
TaskCategory=None
OpCode=Info
RecordNumber=80286
Keywords=None
Message=File System Filter 'SysmonDrv' (0.0, ‎2020‎-‎09‎-‎09T21:23:49.000000000Z) has successfully loaded and registered with Filter Manager.
10/08/2020 12:52:46 PM
LogName=System
SourceName=Microsoft-Windows-FilterManager
EventCode=6
EventType=4
Type=Information
ComputerName=win-dc-8537412.attackrange.local
User=NOT_TRANSLATED
Sid=S-1-5-18
SidType=0
TaskCategory=None
OpCode=Info
RecordNumber=80285
Keywords=None
Message=File System Filter 'DfsrRo' (10.0, ‎2016‎-‎07‎-‎16T02:20:37.000000000Z) has successfully loaded and registered with Filter Manager.
10/08/2020 12:52:46 PM
LogName=System
SourceName=Microsoft-Windows-FilterManager
EventCode=6
EventType=4
Type=Information
ComputerName=win-dc-8537412.attackrange.local
User=NOT_TRANSLATED
Sid=S-1-5-18
SidType=0
TaskCategory=None
OpCode=Info
RecordNumber=80284
Keywords=None
Message=File System Filter 'Wof' (10.0, ‎2019‎-‎09‎-‎29T22:52:46.000000000Z) has successfully loaded and registered with Filter Manager.
10/08/2020 12:52:47 PM
LogName=System
SourceName=Microsoft-Windows-Kernel-Processor-Power
EventCode=55
EventType=4
Type=Information
ComputerName=win-dc-8537412.attackrange.local
User=NOT_TRANSLATED
Sid=S-1-5-18
SidType=0
TaskCategory=47
OpCode=Info
RecordNumber=80299
Keywords=None
Message=Processor 7 in group 0 exposes the following power management capabilities:

Idle state type: ACPI Idle (C) States (1 state(s))

Performance state type: None
Nominal Frequency (MHz): 2400
Maximum performance percentage: 100
Minimum performance percentage: 100
Minimum throttle percentage: 100
10/08/2020 12:52:47 PM
LogName=System
SourceName=Microsoft-Windows-Kernel-Processor-Power
EventCode=55
EventType=4
Type=Information
ComputerName=win-dc-8537412.attackrange.local
User=NOT_TRANSLATED
Sid=S-1-5-18
SidType=0
TaskCategory=47
OpCode=Info
RecordNumber=80298
Keywords=None
Message=Processor 6 in group 0 exposes the following power management capabilities:

Idle state type: ACPI Idle (C) States (1 state(s))

Performance state type: None
Nominal Frequency (MHz): 2400
Maximum performance percentage: 100
Minimum performance percentage: 100
Minimum throttle percentage: 100
10/08/2020 12:52:47 PM
LogName=System
SourceName=Microsoft-Windows-Kernel-Processor-Power
EventCode=55
EventType=4
Type=Information
ComputerName=win-dc-8537412.attackrange.local
User=NOT_TRANSLATED
Sid=S-1-5-18
SidType=0
TaskCategory=47
OpCode=Info
RecordNumber=80297
Keywords=None
Message=Processor 5 in group 0 exposes the following power management capabilities:

Idle state type: ACPI Idle (C) States (1 state(s))

Performance state type: None
Nominal Frequency (MHz): 2400
Maximum performance percentage: 100
Minimum performance percentage: 100
Minimum throttle percentage: 100
10/08/2020 12:52:47 PM
LogName=System
SourceName=Microsoft-Windows-Kernel-Processor-Power
EventCode=55
EventType=4
Type=Information
ComputerName=win-dc-8537412.attackrange.local
User=NOT_TRANSLATED
Sid=S-1-5-18
SidType=0
TaskCategory=47
OpCode=Info
RecordNumber=80296
Keywords=None
Message=Processor 4 in group 0 exposes the following power management capabilities:

Idle state type: ACPI Idle (C) States (1 state(s))

Performance state type: None
Nominal Frequency (MHz): 2400
Maximum performance percentage: 100
Minimum performance percentage: 100
Minimum throttle percentage: 100
10/08/2020 12:52:47 PM
LogName=System
SourceName=Microsoft-Windows-Kernel-Processor-Power
EventCode=55
EventType=4
Type=Information
ComputerName=win-dc-8537412.attackrange.local
User=NOT_TRANSLATED
Sid=S-1-5-18
SidType=0
TaskCategory=47
OpCode=Info
RecordNumber=80295
Keywords=None
Message=Processor 3 in group 0 exposes the following power management capabilities:

Idle state type: ACPI Idle (C) States (1 state(s))

Performance state type: None
Nominal Frequency (MHz): 2400
Maximum performance percentage: 100
Minimum performance percentage: 100
Minimum throttle percentage: 100
10/08/2020 12:52:47 PM
LogName=System
SourceName=Microsoft-Windows-Kernel-Processor-Power
EventCode=55
EventType=4
Type=Information
ComputerName=win-dc-8537412.attackrange.local
User=NOT_TRANSLATED
Sid=S-1-5-18
SidType=0
TaskCategory=47
OpCode=Info
RecordNumber=80294
Keywords=None
Message=Processor 2 in group 0 exposes the following power management capabilities:

Idle state type: ACPI Idle (C) States (1 state(s))

Performance state type: None
Nominal Frequency (MHz): 2400
Maximum performance percentage: 100
Minimum performance percentage: 100
Minimum throttle percentage: 100
10/08/2020 12:52:47 PM
LogName=System
SourceName=Microsoft-Windows-Kernel-Processor-Power
EventCode=55
EventType=4
Type=Information
ComputerName=win-dc-8537412.attackrange.local
User=NOT_TRANSLATED
Sid=S-1-5-18
SidType=0
TaskCategory=47
OpCode=Info
RecordNumber=80293
Keywords=None
Message=Processor 1 in group 0 exposes the following power management capabilities:

Idle state type: ACPI Idle (C) States (1 state(s))

Performance state type: None
Nominal Frequency (MHz): 2400
Maximum performance percentage: 100
Minimum performance percentage: 100
Minimum throttle percentage: 100
10/08/2020 12:52:47 PM
LogName=System
SourceName=Microsoft-Windows-Kernel-Processor-Power
EventCode=55
EventType=4
Type=Information
ComputerName=win-dc-8537412.attackrange.local
User=NOT_TRANSLATED
Sid=S-1-5-18
SidType=0
TaskCategory=47
OpCode=Info
RecordNumber=80292
Keywords=None
Message=Processor 0 in group 0 exposes the following power management capabilities:

Idle state type: ACPI Idle (C) States (1 state(s))

Performance state type: None
Nominal Frequency (MHz): 2400
Maximum performance percentage: 100
Minimum performance percentage: 100
Minimum throttle percentage: 100
10/08/2020 12:52:47 PM
LogName=System
SourceName=Microsoft-Windows-Kernel-Power
EventCode=172
EventType=4
Type=Information
ComputerName=win-dc-8537412.attackrange.local
User=NOT_TRANSLATED
Sid=S-1-5-18
SidType=0
TaskCategory=203
OpCode=Info
RecordNumber=80291
Keywords=None
Message=Connectivity state in standby: Disconnected, Reason: NIC compliance
10/08/2020 12:52:47 PM
LogName=System
SourceName=Microsoft-Windows-FilterManager
EventCode=6
EventType=4
Type=Information
ComputerName=win-dc-8537412.attackrange.local
User=NOT_TRANSLATED
Sid=S-1-5-18
SidType=0
TaskCategory=None
OpCode=Info
RecordNumber=80290
Keywords=None
Message=File System Filter 'npsvctrig' (10.0, ‎2016‎-‎07‎-‎16T02:28:33.000000000Z) has successfully loaded and registered with Filter Manager.
10/08/2020 12:52:48 PM
LogName=System
SourceName=Microsoft-Windows-Directory-Services-SAM
EventCode=16962
EventType=4
Type=Information
ComputerName=win-dc-8537412.attackrange.local
User=NOT_TRANSLATED
Sid=S-1-5-18
SidType=0
TaskCategory=None
OpCode=Info
RecordNumber=80301
Keywords=None
Message=Remote calls to the SAM database are being restricted using the default security descriptor: .
For more information please see http://go.microsoft.com/fwlink/?LinkId=787651.
10/08/2020 12:52:48 PM
LogName=System
SourceName=Microsoft-Windows-Wininit
EventCode=14
EventType=4
Type=Information
ComputerName=win-dc-8537412.attackrange.local
User=NOT_TRANSLATED
Sid=S-1-5-18
SidType=0
TaskCategory=None
OpCode=Info
RecordNumber=80300
Keywords=None
Message=Credential Guard (LsaIso.exe) configuration: 0x0, 0
10/08/2020 12:52:50 PM
LogName=System
SourceName=Microsoft-Windows-Iphlpsvc
EventCode=4200
EventType=4
Type=Information
ComputerName=win-dc-8537412.attackrange.local
User=NOT_TRANSLATED
Sid=S-1-5-18
SidType=0
TaskCategory=None
OpCode=Info
RecordNumber=80353
Keywords=None
Message=Isatap interface isatap.eu-central-1.compute.internal with address fe80::5efe:10.0.1.14 has been brought up.
10/08/2020 12:52:50 PM
LogName=System
SourceName=Microsoft-Windows-Service Control Manager
EventCode=7036
EventType=4
Type=Information
ComputerName=win-dc-8537412.attackrange.local
TaskCategory=None
OpCode=The operation completed successfully.
RecordNumber=80352
Keywords=Classic
Message=The UserManager service entered the running state.
10/08/2020 12:52:50 PM
LogName=System
SourceName=Microsoft-Windows-Service Control Manager
EventCode=7036
EventType=4
Type=Information
ComputerName=win-dc-8537412.attackrange.local
TaskCategory=None
OpCode=The operation completed successfully.
RecordNumber=80351
Keywords=Classic
Message=The NetSetupSvc service entered the running state.
10/08/2020 12:52:50 PM
LogName=System
SourceName=Microsoft-Windows-Service Control Manager
EventCode=7036
EventType=4
Type=Information
ComputerName=win-dc-8537412.attackrange.local
TaskCategory=None
OpCode=The operation completed successfully.
RecordNumber=80350
Keywords=Classic
Message=The TimeBrokerSvc service entered the running state.
10/08/2020 12:52:50 PM
LogName=System
SourceName=Microsoft-Windows-Service Control Manager
EventCode=7036
EventType=4
Type=Information
ComputerName=win-dc-8537412.attackrange.local
TaskCategory=None
OpCode=The operation completed successfully.
RecordNumber=80349
Keywords=Classic
Message=The MpsSvc service entered the running state.
10/08/2020 12:52:50 PM
LogName=System
SourceName=Microsoft-Windows-Service Control Manager
EventCode=7036
EventType=4
Type=Information
ComputerName=win-dc-8537412.attackrange.local
TaskCategory=None
OpCode=The operation completed successfully.
RecordNumber=80348
Keywords=Classic
Message=The NcaSvc service entered the stopped state.
10/08/2020 12:52:50 PM
LogName=System
SourceName=Microsoft-Windows-Service Control Manager
EventCode=7036
EventType=4
Type=Information
ComputerName=win-dc-8537412.attackrange.local
TaskCategory=None
OpCode=The operation completed successfully.
RecordNumber=80347
Keywords=Classic
Message=The iphlpsvc service entered the running state.
10/08/2020 12:52:50 PM
LogName=System
SourceName=Microsoft-Windows-Service Control Manager
EventCode=7036
EventType=4
Type=Information
ComputerName=win-dc-8537412.attackrange.local
TaskCategory=None
OpCode=The operation completed successfully.
RecordNumber=80346
Keywords=Classic
Message=The SessionEnv service entered the running state.
10/08/2020 12:52:50 PM
LogName=System
SourceName=Microsoft-Windows-Service Control Manager
EventCode=7036
EventType=4
Type=Information
ComputerName=win-dc-8537412.attackrange.local
TaskCategory=None
OpCode=The operation completed successfully.
RecordNumber=80345
Keywords=Classic
Message=The Schedule service entered the running state.
10/08/2020 12:52:50 PM
LogName=System
SourceName=Microsoft-Windows-Service Control Manager
EventCode=7036
EventType=4
Type=Information
ComputerName=win-dc-8537412.attackrange.local
TaskCategory=None
OpCode=The operation completed successfully.
RecordNumber=80344
Keywords=Classic
Message=The Kdc service entered the running state.
10/08/2020 12:52:50 PM
LogName=System
SourceName=Microsoft-Windows-Service Control Manager
EventCode=7036
EventType=4
Type=Information
ComputerName=win-dc-8537412.attackrange.local
TaskCategory=None
OpCode=The operation completed successfully.
RecordNumber=80343
Keywords=Classic
Message=The Winmgmt service entered the running state.
10/08/2020 12:52:50 PM
LogName=System
SourceName=Microsoft-Windows-DNS Client Events
EventCode=1014
EventType=3
Type=Warning
ComputerName=win-dc-8537412.attackrange.local
User=NOT_TRANSLATED
Sid=S-1-5-20
SidType=0
TaskCategory=1014
OpCode=Info
RecordNumber=80342
Keywords=None
Message=Name resolution for the name _ldap._tcp.dc._msdcs.attackrange.local. timed out after none of the configured DNS servers responded.
10/08/2020 12:52:50 PM
LogName=System
SourceName=Microsoft-Windows-Service Control Manager
EventCode=7036
EventType=4
Type=Information
ComputerName=win-dc-8537412.attackrange.local
TaskCategory=None
OpCode=The operation completed successfully.
RecordNumber=80341
Keywords=Classic
Message=The FontCache service entered the running state.
