10/08/2020 11:54:03 AM
LogName=System
SourceName=Microsoft-Windows-Service Control Manager
EventCode=7036
EventType=4
Type=Information
ComputerName=EC2AMAZ-V5DC57V
TaskCategory=None
OpCode=The operation completed successfully.
RecordNumber=79508
Keywords=Classic
Message=The Distributed Link Tracking Client service entered the stopped state.
10/08/2020 11:54:03 AM
LogName=System
SourceName=Microsoft-Windows-Service Control Manager
EventCode=7036
EventType=4
Type=Information
ComputerName=EC2AMAZ-V5DC57V
TaskCategory=None
OpCode=The operation completed successfully.
RecordNumber=79507
Keywords=Classic
Message=The Plug and Play service entered the stopped state.
10/08/2020 11:54:03 AM
LogName=System
SourceName=Microsoft-Windows-Service Control Manager
EventCode=7036
EventType=4
Type=Information
ComputerName=EC2AMAZ-V5DC57V
TaskCategory=None
OpCode=The operation completed successfully.
RecordNumber=79506
Keywords=Classic
Message=The AWS Lite Guest Agent service entered the stopped state.
10/08/2020 11:54:03 AM
LogName=System
SourceName=Microsoft-Windows-Service Control Manager
EventCode=7036
EventType=4
Type=Information
ComputerName=EC2AMAZ-V5DC57V
TaskCategory=None
OpCode=The operation completed successfully.
RecordNumber=79505
Keywords=Classic
Message=The Device Setup Manager service entered the stopped state.
10/08/2020 11:54:03 AM
LogName=System
SourceName=Microsoft-Windows-Service Control Manager
EventCode=7036
EventType=4
Type=Information
ComputerName=EC2AMAZ-V5DC57V
TaskCategory=None
OpCode=The operation completed successfully.
RecordNumber=79504
Keywords=Classic
Message=The Tile Data model server service entered the stopped state.
10/08/2020 11:54:03 AM
LogName=System
SourceName=Microsoft-Windows-Service Control Manager
EventCode=7036
EventType=4
Type=Information
ComputerName=EC2AMAZ-V5DC57V
TaskCategory=None
OpCode=The operation completed successfully.
RecordNumber=79503
Keywords=Classic
Message=The Group Policy Client service entered the stopped state.
10/08/2020 11:54:03 AM
LogName=System
SourceName=User32
EventCode=1074
EventType=4
Type=Information
ComputerName=EC2AMAZ-V5DC57V
User=NOT_TRANSLATED
Sid=S-1-5-18
SidType=0
TaskCategory=None
OpCode=The operation completed successfully.
RecordNumber=79502
Keywords=Classic
Message=The process C:\Windows\system32\winlogon.exe (EC2AMAZ-V5DC57V) has initiated the restart of computer WIN-9DPCEULFCUL on behalf of user NT AUTHORITY\SYSTEM for the following reason: Operating System: Upgrade (Planned)
 Reason Code: 0x80020003
 Shutdown Type: restart
 Comment:
10/08/2020 11:54:03 AM
LogName=System
SourceName=Microsoft-Windows-Setup
EventCode=2004
EventType=4
Type=Information
ComputerName=EC2AMAZ-V5DC57V
User=NOT_TRANSLATED
Sid=S-1-5-18
SidType=0
TaskCategory=OS information
OpCode=Info
RecordNumber=79501
Keywords=None
Message=Successfully logged OS information
10/08/2020 11:54:03 AM
LogName=System
SourceName=EventLog
EventCode=6006
EventType=4
Type=Information
ComputerName=EC2AMAZ-V5DC57V
TaskCategory=None
OpCode=None
RecordNumber=79500
Keywords=Classic
Message=The Event log service was stopped.
10/08/2020 11:54:03 AM
LogName=System
SourceName=Microsoft-Windows-Windows Remote Management
EventCode=10149
EventType=3
Type=Warning
ComputerName=EC2AMAZ-V5DC57V
TaskCategory=None
OpCode=Info
RecordNumber=79499
Keywords=Classic
Message=The WinRM service is not listening for WS-Management requests. 

 User Action 
 If you did not intentionally stop the service, use the following command to see the WinRM configuration: 

 winrm enumerate winrm/config/listener
10/08/2020 11:54:05 AM
LogName=System
SourceName=Microsoft-Windows-Kernel-Power
EventCode=109
EventType=4
Type=Information
ComputerName=EC2AMAZ-6KJ2BPP
TaskCategory=103
OpCode=Info
RecordNumber=79536
Keywords=None
Message=The kernel power manager has initiated a shutdown transition.

Shutdown Reason: Kernel API
10/08/2020 11:54:05 AM
LogName=System
SourceName=Microsoft-Windows-Service Control Manager
EventCode=7036
EventType=4
Type=Information
ComputerName=EC2AMAZ-6KJ2BPP
TaskCategory=None
OpCode=The operation completed successfully.
RecordNumber=79535
Keywords=Classic
Message=The Windows Update service entered the stopped state.
10/08/2020 11:54:05 AM
LogName=System
SourceName=Microsoft-Windows-Kernel-General
EventCode=16
EventType=4
Type=Information
ComputerName=EC2AMAZ-6KJ2BPP
User=NOT_TRANSLATED
Sid=S-1-5-18
SidType=0
TaskCategory=None
OpCode=Info
RecordNumber=79534
Keywords=None
Message=The access history in hive \??\C:\Windows\AppCompat\Programs\Amcache.hve was cleared updating 17 keys and creating 7 modified pages.
10/08/2020 11:54:05 AM
LogName=System
SourceName=Microsoft-Windows-Service Control Manager
EventCode=7023
EventType=2
Type=Error
ComputerName=EC2AMAZ-6KJ2BPP
TaskCategory=None
OpCode=The operation completed successfully.
RecordNumber=79533
Keywords=Classic
Message=The Network Connection Broker service terminated with the following error: 
A device attached to the system is not functioning.
10/08/2020 11:54:05 AM
LogName=System
SourceName=Microsoft-Windows-Service Control Manager
EventCode=7036
EventType=4
Type=Information
ComputerName=EC2AMAZ-6KJ2BPP
TaskCategory=None
OpCode=The operation completed successfully.
RecordNumber=79532
Keywords=Classic
Message=The Network Connection Broker service entered the stopped state.
10/08/2020 11:54:05 AM
LogName=System
SourceName=Microsoft-Windows-DistributedCOM
EventCode=10010
EventType=2
Type=Error
ComputerName=EC2AMAZ-6KJ2BPP
User=NOT_TRANSLATED
Sid=S-1-5-18
SidType=0
TaskCategory=None
OpCode=Info
RecordNumber=79531
Keywords=Classic
Message=The server {A47979D2-C419-11D9-A5B4-001185AD2B89} did not register with DCOM within the required timeout.
10/08/2020 11:54:06 AM
LogName=System
SourceName=Microsoft-Windows-Kernel-General
EventCode=13
EventType=4
Type=Information
ComputerName=EC2AMAZ-6KJ2BPP
TaskCategory=2
OpCode=Info
RecordNumber=79537
Keywords=None
Message=The operating system is shutting down at system time ‎2020‎-‎10‎-‎08T11:54:06.935691200Z.
10/08/2020 11:54:33 AM
LogName=System
SourceName=Microsoft-Windows-Kernel-Boot
EventCode=32
EventType=4
Type=Information
ComputerName=EC2AMAZ-6KJ2BPP
User=NOT_TRANSLATED
Sid=S-1-5-18
SidType=0
TaskCategory=None
OpCode=Info
RecordNumber=79544
Keywords=None
Message=The bootmgr spent 0 ms waiting for user input.
10/08/2020 11:54:33 AM
LogName=System
SourceName=Microsoft-Windows-Kernel-Boot
EventCode=18
EventType=4
Type=Information
ComputerName=EC2AMAZ-6KJ2BPP
User=NOT_TRANSLATED
Sid=S-1-5-18
SidType=0
TaskCategory=None
OpCode=Info
RecordNumber=79543
Keywords=None
Message=There are 0x1 boot options on this system.
10/08/2020 11:54:33 AM
LogName=System
SourceName=Microsoft-Windows-Kernel-Boot
EventCode=25
EventType=4
Type=Information
ComputerName=EC2AMAZ-6KJ2BPP
User=NOT_TRANSLATED
Sid=S-1-5-18
SidType=0
TaskCategory=32
OpCode=Info
RecordNumber=79542
Keywords=None
Message=The boot menu policy was 0x0.
10/08/2020 11:54:33 AM
LogName=System
SourceName=Microsoft-Windows-Kernel-Boot
EventCode=27
EventType=4
Type=Information
ComputerName=EC2AMAZ-6KJ2BPP
User=NOT_TRANSLATED
Sid=S-1-5-18
SidType=0
TaskCategory=33
OpCode=Info
RecordNumber=79541
Keywords=None
Message=The boot type was 0x0.
10/08/2020 11:54:33 AM
LogName=System
SourceName=Microsoft-Windows-Kernel-Boot
EventCode=20
EventType=4
Type=Information
ComputerName=EC2AMAZ-6KJ2BPP
User=NOT_TRANSLATED
Sid=S-1-5-18
SidType=0
TaskCategory=31
OpCode=Info
RecordNumber=79540
Keywords=None
Message=The last shutdown's success status was true. The last boot's success status was true.
10/08/2020 11:54:33 AM
LogName=System
SourceName=Microsoft-Windows-Kernel-Boot
EventCode=153
EventType=4
Type=Information
ComputerName=EC2AMAZ-6KJ2BPP
User=NOT_TRANSLATED
Sid=S-1-5-18
SidType=0
TaskCategory=None
OpCode=Info
RecordNumber=79539
Keywords=None
Message=The Virtualization Based Security (policies: 0) is disabled with status STATUS_SUCCESS.
10/08/2020 11:54:33 AM
LogName=System
SourceName=Microsoft-Windows-Kernel-General
EventCode=12
EventType=4
Type=Information
ComputerName=EC2AMAZ-6KJ2BPP
User=NOT_TRANSLATED
Sid=S-1-5-18
SidType=0
TaskCategory=1
OpCode=Info
RecordNumber=79538
Keywords=None
Message=The operating system started at system time ‎2020‎-‎10‎-‎08T11:54:33.497610500Z.
10/08/2020 11:54:37 AM
LogName=System
SourceName=Microsoft-Windows-Kernel-Processor-Power
EventCode=55
EventType=4
Type=Information
ComputerName=EC2AMAZ-6KJ2BPP
User=NOT_TRANSLATED
Sid=S-1-5-18
SidType=0
TaskCategory=47
OpCode=Info
RecordNumber=79552
Keywords=None
Message=Processor 1 in group 0 exposes the following power management capabilities:

Idle state type: ACPI Idle (C) States (1 state(s))

Performance state type: None
Nominal Frequency (MHz): 2300
Maximum performance percentage: 100
Minimum performance percentage: 100
Minimum throttle percentage: 100
10/08/2020 11:54:37 AM
LogName=System
SourceName=Microsoft-Windows-Kernel-Processor-Power
EventCode=55
EventType=4
Type=Information
ComputerName=EC2AMAZ-6KJ2BPP
User=NOT_TRANSLATED
Sid=S-1-5-18
SidType=0
TaskCategory=47
OpCode=Info
RecordNumber=79551
Keywords=None
Message=Processor 0 in group 0 exposes the following power management capabilities:

Idle state type: ACPI Idle (C) States (1 state(s))

Performance state type: None
Nominal Frequency (MHz): 2300
Maximum performance percentage: 100
Minimum performance percentage: 100
Minimum throttle percentage: 100
10/08/2020 11:54:37 AM
LogName=System
SourceName=Microsoft-Windows-Kernel-Power
EventCode=172
EventType=4
Type=Information
ComputerName=EC2AMAZ-6KJ2BPP
User=NOT_TRANSLATED
Sid=S-1-5-18
SidType=0
TaskCategory=203
OpCode=Info
RecordNumber=79550
Keywords=None
Message=Connectivity state in standby: Disconnected, Reason: NIC compliance
10/08/2020 11:54:37 AM
LogName=System
SourceName=Microsoft-Windows-FilterManager
EventCode=6
EventType=4
Type=Information
ComputerName=EC2AMAZ-6KJ2BPP
User=NOT_TRANSLATED
Sid=S-1-5-18
SidType=0
TaskCategory=None
OpCode=Info
RecordNumber=79549
Keywords=None
Message=File System Filter 'npsvctrig' (10.0, ‎2016‎-‎07‎-‎16T02:28:33.000000000Z) has successfully loaded and registered with Filter Manager.
10/08/2020 11:54:37 AM
LogName=System
SourceName=Microsoft-Windows-FilterManager
EventCode=6
EventType=4
Type=Information
ComputerName=EC2AMAZ-6KJ2BPP
User=NOT_TRANSLATED
Sid=S-1-5-18
SidType=0
TaskCategory=None
OpCode=Info
RecordNumber=79548
Keywords=None
Message=File System Filter 'FileCrypt' (10.0, ‎2018‎-‎08‎-‎30T20:44:27.000000000Z) has successfully loaded and registered with Filter Manager.
10/08/2020 11:54:37 AM
LogName=System
SourceName=Microsoft-Windows-Ntfs
EventCode=98
EventType=4
Type=Information
ComputerName=EC2AMAZ-6KJ2BPP
User=NOT_TRANSLATED
Sid=S-1-5-18
SidType=0
TaskCategory=None
OpCode=Info
RecordNumber=79547
Keywords=None
Message=Volume C: (\Device\HarddiskVolume1) is healthy.  No action is needed.
10/08/2020 11:54:37 AM
LogName=System
SourceName=Microsoft-Windows-FilterManager
EventCode=6
EventType=4
Type=Information
ComputerName=EC2AMAZ-6KJ2BPP
User=NOT_TRANSLATED
Sid=S-1-5-18
SidType=0
TaskCategory=None
OpCode=Info
RecordNumber=79546
Keywords=None
Message=File System Filter 'WdFilter' (10.0, ‎2012‎-‎07‎-‎05T22:48:10.000000000Z) has successfully loaded and registered with Filter Manager.
10/08/2020 11:54:37 AM
LogName=System
SourceName=Microsoft-Windows-FilterManager
EventCode=6
EventType=4
Type=Information
ComputerName=EC2AMAZ-6KJ2BPP
User=NOT_TRANSLATED
Sid=S-1-5-18
SidType=0
TaskCategory=None
OpCode=Info
RecordNumber=79545
Keywords=None
Message=File System Filter 'Wof' (10.0, ‎2019‎-‎09‎-‎29T22:52:46.000000000Z) has successfully loaded and registered with Filter Manager.
10/08/2020 11:54:39 AM
LogName=System
SourceName=vxn
EventCode=31
EventType=4
Type=Information
ComputerName=EC2AMAZ-6KJ2BPP
TaskCategory=None
OpCode=None
RecordNumber=79561
Keywords=Classic
Message=Intel(R) 82599 Virtual Function
 Network link has been established at 10Gbps full duplex.
10/08/2020 11:54:39 AM
LogName=System
SourceName=Microsoft-Windows-Service Control Manager
EventCode=7036
EventType=4
Type=Information
ComputerName=EC2AMAZ-6KJ2BPP
TaskCategory=None
OpCode=The operation completed successfully.
RecordNumber=79560
Keywords=Classic
Message=The LSM service entered the running state.
10/08/2020 11:54:39 AM
LogName=System
SourceName=Microsoft-Windows-Service Control Manager
EventCode=7036
EventType=4
Type=Information
ComputerName=EC2AMAZ-6KJ2BPP
TaskCategory=None
OpCode=The operation completed successfully.
RecordNumber=79559
Keywords=Classic
Message=The RpcSs service entered the running state.
10/08/2020 11:54:39 AM
LogName=System
SourceName=Microsoft-Windows-Service Control Manager
EventCode=7036
EventType=4
Type=Information
ComputerName=EC2AMAZ-6KJ2BPP
TaskCategory=None
OpCode=The operation completed successfully.
RecordNumber=79558
Keywords=Classic
Message=The RpcEptMapper service entered the running state.
10/08/2020 11:54:39 AM
LogName=System
SourceName=Microsoft-Windows-Service Control Manager
EventCode=7036
EventType=4
Type=Information
ComputerName=EC2AMAZ-6KJ2BPP
TaskCategory=None
OpCode=The operation completed successfully.
RecordNumber=79557
Keywords=Classic
Message=The DcomLaunch service entered the running state.
10/08/2020 11:54:39 AM
LogName=System
SourceName=Microsoft-Windows-Service Control Manager
EventCode=7036
EventType=4
Type=Information
ComputerName=EC2AMAZ-6KJ2BPP
TaskCategory=None
OpCode=The operation completed successfully.
RecordNumber=79556
Keywords=Classic
Message=The Power service entered the running state.
10/08/2020 11:54:39 AM
LogName=System
SourceName=Microsoft-Windows-Service Control Manager
EventCode=7036
EventType=4
Type=Information
ComputerName=EC2AMAZ-6KJ2BPP
TaskCategory=None
OpCode=The operation completed successfully.
RecordNumber=79555
Keywords=Classic
Message=The PlugPlay service entered the running state.
10/08/2020 11:54:39 AM
LogName=System
SourceName=Microsoft-Windows-Directory-Services-SAM
EventCode=16962
EventType=4
Type=Information
ComputerName=EC2AMAZ-6KJ2BPP
User=NOT_TRANSLATED
Sid=S-1-5-18
SidType=0
TaskCategory=None
OpCode=Info
RecordNumber=79554
Keywords=None
Message=Remote calls to the SAM database are being restricted using the default security descriptor: O:SYG:SYD:(A;;RC;;;BA).
For more information please see http://go.microsoft.com/fwlink/?LinkId=787651.
10/08/2020 11:54:39 AM
LogName=System
SourceName=Microsoft-Windows-Wininit
EventCode=14
EventType=4
Type=Information
ComputerName=EC2AMAZ-6KJ2BPP
User=NOT_TRANSLATED
Sid=S-1-5-18
SidType=0
TaskCategory=None
OpCode=Info
RecordNumber=79553
Keywords=None
Message=Credential Guard (LsaIso.exe) configuration: 0x0, 0
10/08/2020 11:54:40 AM
LogName=System
SourceName=Microsoft-Windows-Service Control Manager
EventCode=7036
EventType=4
Type=Information
ComputerName=EC2AMAZ-6KJ2BPP
TaskCategory=None
OpCode=The operation completed successfully.
RecordNumber=79570
Keywords=Classic
Message=The tiledatamodelsvc service entered the running state.
10/08/2020 11:54:40 AM
LogName=System
SourceName=Microsoft-Windows-Service Control Manager
EventCode=7036
EventType=4
Type=Information
ComputerName=EC2AMAZ-6KJ2BPP
TaskCategory=None
OpCode=The operation completed successfully.
RecordNumber=79569
Keywords=Classic
Message=The AppXSvc service entered the running state.
10/08/2020 11:54:40 AM
LogName=System
SourceName=Microsoft-Windows-Service Control Manager
EventCode=7036
EventType=4
Type=Information
ComputerName=EC2AMAZ-6KJ2BPP
TaskCategory=None
OpCode=The operation completed successfully.
RecordNumber=79568
Keywords=Classic
Message=The StateRepository service entered the running state.
10/08/2020 11:54:40 AM
LogName=System
SourceName=Microsoft-Windows-Service Control Manager
EventCode=7036
EventType=4
Type=Information
ComputerName=EC2AMAZ-6KJ2BPP
TaskCategory=None
OpCode=The operation completed successfully.
RecordNumber=79567
Keywords=Classic
Message=The NetSetupSvc service entered the running state.
10/08/2020 11:54:40 AM
LogName=System
SourceName=Microsoft-Windows-Service Control Manager
EventCode=7036
EventType=4
Type=Information
ComputerName=EC2AMAZ-6KJ2BPP
TaskCategory=None
OpCode=The operation completed successfully.
RecordNumber=79566
Keywords=Classic
Message=The dmwappushservice service entered the running state.
10/08/2020 11:54:40 AM
LogName=System
SourceName=Microsoft-Windows-Service Control Manager
EventCode=7036
EventType=4
Type=Information
ComputerName=EC2AMAZ-6KJ2BPP
TaskCategory=None
OpCode=The operation completed successfully.
RecordNumber=79565
Keywords=Classic
Message=The CoreMessagingRegistrar service entered the running state.
10/08/2020 11:54:40 AM
LogName=System
SourceName=Microsoft-Windows-Service Control Manager
EventCode=7036
EventType=4
Type=Information
ComputerName=EC2AMAZ-6KJ2BPP
TaskCategory=None
OpCode=The operation completed successfully.
RecordNumber=79564
Keywords=Classic
Message=The DeviceInstall service entered the running state.
10/08/2020 11:54:40 AM
LogName=System
SourceName=Microsoft-Windows-Service Control Manager
EventCode=7036
EventType=4
Type=Information
ComputerName=EC2AMAZ-6KJ2BPP
TaskCategory=None
OpCode=The operation completed successfully.
RecordNumber=79563
Keywords=Classic
Message=The SystemEventsBroker service entered the running state.
10/08/2020 11:54:40 AM
LogName=System
SourceName=Microsoft-Windows-Service Control Manager
EventCode=7036
EventType=4
Type=Information
ComputerName=EC2AMAZ-6KJ2BPP
TaskCategory=None
OpCode=The operation completed successfully.
RecordNumber=79562
Keywords=Classic
Message=The sppsvc service entered the running state.
10/08/2020 11:54:45 AM
LogName=System
SourceName=Microsoft-Windows-Service Control Manager
EventCode=7036
EventType=4
Type=Information
ComputerName=EC2AMAZ-6KJ2BPP
TaskCategory=None
OpCode=The operation completed successfully.
RecordNumber=79573
Keywords=Classic
Message=The CryptSvc service entered the running state.
10/08/2020 11:54:45 AM
LogName=System
SourceName=Microsoft-Windows-Kernel-General
EventCode=1
EventType=4
Type=Information
ComputerName=EC2AMAZ-6KJ2BPP
User=NOT_TRANSLATED
Sid=S-1-5-18
SidType=0
TaskCategory=5
OpCode=Info
RecordNumber=79572
Keywords=Time
Message=The system time has changed to ‎2020‎-‎10‎-‎08T11:54:45.182000000Z from ‎2020‎-‎10‎-‎08T11:54:45.198146300Z.

Change Reason: An application or system component changed the time.
10/08/2020 11:54:45 AM
LogName=System
SourceName=Microsoft-Windows-Kernel-General
EventCode=1
EventType=4
Type=Information
ComputerName=EC2AMAZ-6KJ2BPP
User=NOT_TRANSLATED
Sid=S-1-5-18
SidType=0
TaskCategory=5
OpCode=Info
RecordNumber=79571
Keywords=Time
Message=The system time has changed to ‎2020‎-‎10‎-‎08T11:54:45.182736200Z from ‎2020‎-‎10‎-‎08T11:54:45.182736200Z.

Change Reason: System time adjusted to the new time zone.
10/08/2020 11:54:47 AM
LogName=System
SourceName=Microsoft-Windows-Service Control Manager
EventCode=7036
EventType=4
Type=Information
ComputerName=EC2AMAZ-6KJ2BPP
TaskCategory=None
OpCode=The operation completed successfully.
RecordNumber=79601
Keywords=Classic
Message=The FontCache service entered the running state.
10/08/2020 11:54:47 AM
LogName=System
SourceName=Microsoft-Windows-Service Control Manager
EventCode=7036
EventType=4
Type=Information
ComputerName=EC2AMAZ-6KJ2BPP
TaskCategory=None
OpCode=The operation completed successfully.
RecordNumber=79600
Keywords=Classic
Message=The Wcmsvc service entered the running state.
10/08/2020 11:54:47 AM
LogName=System
SourceName=Microsoft-Windows-Service Control Manager
EventCode=7036
EventType=4
Type=Information
ComputerName=EC2AMAZ-6KJ2BPP
TaskCategory=None
OpCode=The operation completed successfully.
RecordNumber=79599
Keywords=Classic
Message=The ShellHWDetection service entered the running state.
10/08/2020 11:54:47 AM
LogName=System
SourceName=Microsoft-Windows-Service Control Manager
EventCode=7036
EventType=4
Type=Information
ComputerName=EC2AMAZ-6KJ2BPP
TaskCategory=None
OpCode=The operation completed successfully.
RecordNumber=79598
Keywords=Classic
Message=The UserManager service entered the running state.
10/08/2020 11:54:47 AM
LogName=System
SourceName=Microsoft-Windows-Service Control Manager
EventCode=7036
EventType=4
Type=Information
ComputerName=EC2AMAZ-6KJ2BPP
TaskCategory=None
OpCode=The operation completed successfully.
RecordNumber=79597
Keywords=Classic
Message=The WinHttpAutoProxySvc service entered the running state.
10/08/2020 11:54:47 AM
LogName=System
SourceName=Microsoft-Windows-Service Control Manager
EventCode=7036
EventType=4
Type=Information
ComputerName=EC2AMAZ-6KJ2BPP
TaskCategory=None
OpCode=The operation completed successfully.
RecordNumber=79596
Keywords=Classic
Message=The ProfSvc service entered the running state.
10/08/2020 11:54:47 AM
LogName=System
SourceName=Microsoft-Windows-Service Control Manager
EventCode=7036
EventType=4
Type=Information
ComputerName=EC2AMAZ-6KJ2BPP
TaskCategory=None
OpCode=The operation completed successfully.
RecordNumber=79595
Keywords=Classic
Message=The SENS service entered the running state.
10/08/2020 11:54:47 AM
LogName=System
SourceName=Microsoft-Windows-Service Control Manager
EventCode=7036
EventType=4
Type=Information
ComputerName=EC2AMAZ-6KJ2BPP
TaskCategory=None
OpCode=The operation completed successfully.
RecordNumber=79594
Keywords=Classic
Message=The gpsvc service entered the running state.
10/08/2020 11:54:47 AM
LogName=System
SourceName=Microsoft-Windows-Service Control Manager
EventCode=7036
EventType=4
Type=Information
ComputerName=EC2AMAZ-6KJ2BPP
TaskCategory=None
OpCode=The operation completed successfully.
RecordNumber=79593
Keywords=Classic
Message=The EventSystem service entered the running state.
10/08/2020 11:54:47 AM
LogName=System
SourceName=Microsoft-Windows-Service Control Manager
EventCode=7036
EventType=4
Type=Information
ComputerName=EC2AMAZ-6KJ2BPP
TaskCategory=None
OpCode=The operation completed successfully.
RecordNumber=79592
Keywords=Classic
Message=The WPDBusEnum service entered the running state.
10/08/2020 11:54:47 AM
LogName=System
SourceName=Microsoft-Windows-Service Control Manager
EventCode=7036
EventType=4
Type=Information
ComputerName=EC2AMAZ-6KJ2BPP
TaskCategory=None
OpCode=The operation completed successfully.
RecordNumber=79591
Keywords=Classic
Message=The TimeBrokerSvc service entered the running state.
10/08/2020 11:54:47 AM
LogName=System
SourceName=Microsoft-Windows-FilterManager
EventCode=6
EventType=4
Type=Information
ComputerName=EC2AMAZ-6KJ2BPP
User=NOT_TRANSLATED
Sid=S-1-5-18
SidType=0
TaskCategory=None
OpCode=Info
RecordNumber=79590
Keywords=None
Message=File System Filter 'storqosflt' (10.0, ‎2019‎-‎02‎-‎17T02:00:41.000000000Z) has successfully loaded and registered with Filter Manager.
10/08/2020 11:54:47 AM
LogName=System
SourceName=Microsoft-Windows-Service Control Manager
EventCode=7036
EventType=4
Type=Information
ComputerName=EC2AMAZ-6KJ2BPP
TaskCategory=None
OpCode=The operation completed successfully.
RecordNumber=79589
Keywords=Classic
Message=The Dnscache service entered the running state.
10/08/2020 11:54:47 AM
LogName=System
SourceName=Microsoft-Windows-FilterManager
EventCode=6
EventType=4
Type=Information
ComputerName=EC2AMAZ-6KJ2BPP
User=NOT_TRANSLATED
Sid=S-1-5-18
SidType=0
TaskCategory=None
OpCode=Info
RecordNumber=79588
Keywords=None
Message=File System Filter 'wcifs' (10.0, ‎2020‎-‎02‎-‎19T07:59:09.000000000Z) has successfully loaded and registered with Filter Manager.
10/08/2020 11:54:47 AM
LogName=System
SourceName=Microsoft-Windows-Service Control Manager
EventCode=7036
EventType=4
Type=Information
ComputerName=EC2AMAZ-6KJ2BPP
TaskCategory=None
OpCode=The operation completed successfully.
RecordNumber=79587
Keywords=Classic
Message=The NcbService service entered the running state.
10/08/2020 11:54:47 AM
LogName=System
SourceName=Microsoft-Windows-FilterManager
EventCode=6
EventType=4
Type=Information
ComputerName=EC2AMAZ-6KJ2BPP
User=NOT_TRANSLATED
Sid=S-1-5-18
SidType=0
TaskCategory=None
OpCode=Info
RecordNumber=79586
Keywords=None
Message=File System Filter 'luafv' (10.0, ‎2019‎-‎04‎-‎02T04:23:00.000000000Z) has successfully loaded and registered with Filter Manager.
10/08/2020 11:54:47 AM
LogName=System
SourceName=Microsoft-Windows-Service Control Manager
EventCode=7036
EventType=4
Type=Information
ComputerName=EC2AMAZ-6KJ2BPP
TaskCategory=None
OpCode=The operation completed successfully.
RecordNumber=79585
Keywords=Classic
Message=The Schedule service entered the running state.
10/08/2020 11:54:47 AM
LogName=System
SourceName=Microsoft-Windows-Service Control Manager
EventCode=7036
EventType=4
Type=Information
ComputerName=EC2AMAZ-6KJ2BPP
TaskCategory=None
OpCode=The operation completed successfully.
RecordNumber=79584
Keywords=Classic
Message=The netprofm service entered the running state.
10/08/2020 11:54:47 AM
LogName=System
SourceName=Microsoft-Windows-Service Control Manager
EventCode=7036
EventType=4
Type=Information
ComputerName=EC2AMAZ-6KJ2BPP
TaskCategory=None
OpCode=The operation completed successfully.
RecordNumber=79583
Keywords=Classic
Message=The lmhosts service entered the running state.
10/08/2020 11:54:47 AM
LogName=System
SourceName=Microsoft-Windows-Service Control Manager
EventCode=7036
EventType=4
Type=Information
ComputerName=EC2AMAZ-6KJ2BPP
TaskCategory=None
OpCode=The operation completed successfully.
RecordNumber=79582
Keywords=Classic
Message=The Themes service entered the running state.
10/08/2020 11:54:47 AM
LogName=System
SourceName=Microsoft-Windows-Service Control Manager
EventCode=7036
EventType=4
Type=Information
ComputerName=EC2AMAZ-6KJ2BPP
TaskCategory=None
OpCode=The operation completed successfully.
RecordNumber=79581
Keywords=Classic
Message=The NlaSvc service entered the running state.
10/08/2020 11:54:47 AM
LogName=System
SourceName=Microsoft-Windows-Service Control Manager
EventCode=7036
EventType=4
Type=Information
ComputerName=EC2AMAZ-6KJ2BPP
TaskCategory=None
OpCode=The operation completed successfully.
RecordNumber=79580
Keywords=Classic
Message=The BrokerInfrastructure service entered the running state.
10/08/2020 11:54:47 AM
LogName=System
SourceName=Microsoft-Windows-Service Control Manager
EventCode=7036
EventType=4
Type=Information
ComputerName=EC2AMAZ-6KJ2BPP
TaskCategory=None
OpCode=The operation completed successfully.
RecordNumber=79579
Keywords=Classic
Message=The Dhcp service entered the running state.
10/08/2020 11:54:47 AM
LogName=System
SourceName=Microsoft-Windows-DHCPv6-Client
EventCode=51046
EventType=4
Type=Information
ComputerName=EC2AMAZ-6KJ2BPP
User=NOT_TRANSLATED
Sid=S-1-5-19
SidType=0
TaskCategory=Service State Event
OpCode=ServiceStart
RecordNumber=79578
Keywords=None
Message=DHCPv6 client service is started
10/08/2020 11:54:47 AM
LogName=System
SourceName=Microsoft-Windows-Dhcp-Client
EventCode=50036
EventType=4
Type=Information
ComputerName=EC2AMAZ-6KJ2BPP
User=NOT_TRANSLATED
Sid=S-1-5-19
SidType=0
TaskCategory=Service State Event
OpCode=ServiceStart
RecordNumber=79577
Keywords=None
Message=DHCPv4 client service is started
10/08/2020 11:54:47 AM
LogName=System
SourceName=Microsoft-Windows-Service Control Manager
EventCode=7036
EventType=4
Type=Information
ComputerName=EC2AMAZ-6KJ2BPP
TaskCategory=None
OpCode=The operation completed successfully.
RecordNumber=79576
Keywords=Classic
Message=The nsi service entered the running state.
10/08/2020 11:54:47 AM
LogName=System
SourceName=Microsoft-Windows-Service Control Manager
EventCode=7036
EventType=4
Type=Information
ComputerName=EC2AMAZ-6KJ2BPP
TaskCategory=None
OpCode=The operation completed successfully.
RecordNumber=79575
Keywords=Classic
Message=The EventLog service entered the running state.
10/08/2020 11:54:47 AM
LogName=System
SourceName=Microsoft-Windows-Service Control Manager
EventCode=7036
EventType=4
Type=Information
ComputerName=EC2AMAZ-6KJ2BPP
TaskCategory=None
OpCode=The operation completed successfully.
RecordNumber=79574
Keywords=Classic
Message=The W32Time service entered the running state.
10/08/2020 11:54:47 AM
LogName=System
SourceName=EventLog
EventCode=6013
EventType=4
Type=Information
ComputerName=EC2AMAZ-6KJ2BPP
TaskCategory=None
OpCode=None
RecordNumber=79527
Keywords=Classic
Message=The system uptime is 13 seconds.
10/08/2020 11:54:47 AM
LogName=System
SourceName=EventLog
EventCode=6005
EventType=4
Type=Information
ComputerName=EC2AMAZ-6KJ2BPP
TaskCategory=None
OpCode=None
RecordNumber=79526
Keywords=Classic
Message=The Event log service was started.
10/08/2020 11:54:47 AM
LogName=System
SourceName=EventLog
EventCode=6009
EventType=4
Type=Information
ComputerName=EC2AMAZ-6KJ2BPP
TaskCategory=None
OpCode=None
RecordNumber=79525
Keywords=Classic
Message=Microsoft (R) Windows (R) 10.00. 14393  Multiprocessor Free.
10/08/2020 11:54:47 AM
LogName=System
SourceName=EventLog
EventCode=6011
EventType=4
Type=Information
ComputerName=EC2AMAZ-6KJ2BPP
TaskCategory=None
OpCode=None
RecordNumber=79524
Keywords=Classic
Message=The NetBIOS name and DNS host name of this machine have been changed from WIN-9DPCEULFCUL to EC2AMAZ-6KJ2BPP.
10/08/2020 11:54:48 AM
LogName=System
SourceName=Microsoft-Windows-Service Control Manager
EventCode=7036
EventType=4
Type=Information
ComputerName=EC2AMAZ-6KJ2BPP
TaskCategory=None
OpCode=The operation completed successfully.
RecordNumber=79619
Keywords=Classic
Message=The WinDefend service entered the running state.
10/08/2020 11:54:48 AM
LogName=System
SourceName=Microsoft-Windows-Service Control Manager
EventCode=7036
EventType=4
Type=Information
ComputerName=EC2AMAZ-6KJ2BPP
TaskCategory=None
OpCode=The operation completed successfully.
RecordNumber=79618
Keywords=Classic
Message=The LanmanServer service entered the running state.
10/08/2020 11:54:48 AM
LogName=System
SourceName=Microsoft-Windows-Service Control Manager
EventCode=7036
EventType=4
Type=Information
ComputerName=EC2AMAZ-6KJ2BPP
TaskCategory=None
OpCode=The operation completed successfully.
RecordNumber=79617
Keywords=Classic
Message=The iphlpsvc service entered the running state.
10/08/2020 11:54:48 AM
LogName=System
SourceName=Microsoft-Windows-Service Control Manager
EventCode=7036
EventType=4
Type=Information
ComputerName=EC2AMAZ-6KJ2BPP
TaskCategory=None
OpCode=The operation completed successfully.
RecordNumber=79616
Keywords=Classic
Message=The WinRM service entered the running state.
10/08/2020 11:54:48 AM
LogName=System
SourceName=Microsoft-Windows-Service Control Manager
EventCode=7026
EventType=4
Type=Information
ComputerName=EC2AMAZ-6KJ2BPP
TaskCategory=None
OpCode=The operation completed successfully.
RecordNumber=79615
Keywords=Classic
Message=The following boot-start or system-start driver(s) did not load: 
cdrom
dam
10/08/2020 11:54:48 AM
LogName=System
SourceName=Microsoft-Windows-Service Control Manager
EventCode=7036
EventType=4
Type=Information
ComputerName=EC2AMAZ-6KJ2BPP
TaskCategory=None
OpCode=The operation completed successfully.
RecordNumber=79614
Keywords=Classic
Message=The WpnService service entered the running state.
10/08/2020 11:54:48 AM
LogName=System
SourceName=Microsoft-Windows-Service Control Manager
EventCode=7036
EventType=4
Type=Information
ComputerName=EC2AMAZ-6KJ2BPP
TaskCategory=None
OpCode=The operation completed successfully.
RecordNumber=79613
Keywords=Classic
Message=The AWSLiteAgent service entered the running state.
10/08/2020 11:54:48 AM
LogName=System
SourceName=Microsoft-Windows-Service Control Manager
EventCode=7036
EventType=4
Type=Information
ComputerName=EC2AMAZ-6KJ2BPP
TaskCategory=None
OpCode=The operation completed successfully.
RecordNumber=79612
Keywords=Classic
Message=The RemoteRegistry service entered the running state.
10/08/2020 11:54:48 AM
LogName=System
SourceName=Microsoft-Windows-Service Control Manager
EventCode=7036
EventType=4
Type=Information
ComputerName=EC2AMAZ-6KJ2BPP
TaskCategory=None
OpCode=The operation completed successfully.
RecordNumber=79611
Keywords=Classic
Message=The TrkWks service entered the running state.
10/08/2020 11:54:48 AM
LogName=System
SourceName=Microsoft-Windows-Service Control Manager
EventCode=7036
EventType=4
Type=Information
ComputerName=EC2AMAZ-6KJ2BPP
TaskCategory=None
OpCode=The operation completed successfully.
RecordNumber=79610
Keywords=Classic
Message=The PcaSvc service entered the running state.
10/08/2020 11:54:48 AM
LogName=System
SourceName=Microsoft-Windows-Service Control Manager
EventCode=7036
EventType=4
Type=Information
ComputerName=EC2AMAZ-6KJ2BPP
TaskCategory=None
OpCode=The operation completed successfully.
RecordNumber=79609
Keywords=Classic
Message=The Winmgmt service entered the running state.
10/08/2020 11:54:48 AM
LogName=System
SourceName=Microsoft-Windows-Service Control Manager
EventCode=7036
EventType=4
Type=Information
ComputerName=EC2AMAZ-6KJ2BPP
TaskCategory=None
OpCode=The operation completed successfully.
RecordNumber=79608
Keywords=Classic
Message=The Spooler service entered the running state.
10/08/2020 11:54:48 AM
LogName=System
SourceName=Microsoft-Windows-Windows Remote Management
EventCode=10148
EventType=4
Type=Information
ComputerName=EC2AMAZ-6KJ2BPP
TaskCategory=None
OpCode=Info
RecordNumber=79607
Keywords=Classic
Message=The WinRM service is listening for WS-Management requests. 

 User Action 
 Use the following command to see the specific IPs on which WinRM is listening: 

 winrm enumerate winrm/config/listener
10/08/2020 11:54:48 AM
LogName=System
SourceName=Microsoft-Windows-Service Control Manager
EventCode=7036
EventType=4
Type=Information
ComputerName=EC2AMAZ-6KJ2BPP
TaskCategory=None
OpCode=The operation completed successfully.
RecordNumber=79606
Keywords=Classic
Message=The SamSs service entered the running state.
10/08/2020 11:54:48 AM
LogName=System
SourceName=Microsoft-Windows-Service Control Manager
EventCode=7036
EventType=4
Type=Information
ComputerName=EC2AMAZ-6KJ2BPP
TaskCategory=None
OpCode=The operation completed successfully.
RecordNumber=79605
Keywords=Classic
Message=The MpsSvc service entered the running state.
10/08/2020 11:54:48 AM
LogName=System
SourceName=Microsoft-Windows-Service Control Manager
EventCode=7036
EventType=4
Type=Information
ComputerName=EC2AMAZ-6KJ2BPP
TaskCategory=None
OpCode=The operation completed successfully.
RecordNumber=79604
Keywords=Classic
Message=The BFE service entered the running state.
10/08/2020 11:54:48 AM
LogName=System
SourceName=Microsoft-Windows-Service Control Manager
EventCode=7036
EventType=4
Type=Information
ComputerName=EC2AMAZ-6KJ2BPP
TaskCategory=None
OpCode=The operation completed successfully.
RecordNumber=79603
Keywords=Classic
Message=The DsmSvc service entered the running state.
10/08/2020 11:54:48 AM
LogName=System
SourceName=Microsoft-Windows-Service Control Manager
EventCode=7036
EventType=4
Type=Information
ComputerName=EC2AMAZ-6KJ2BPP
TaskCategory=None
OpCode=The operation completed successfully.
RecordNumber=79602
Keywords=Classic
Message=The LanmanWorkstation service entered the running state.
10/08/2020 11:54:49 AM
LogName=System
SourceName=Microsoft-Windows-Service Control Manager
EventCode=7036
EventType=4
Type=Information
ComputerName=EC2AMAZ-6KJ2BPP
TaskCategory=None
OpCode=The operation completed successfully.
RecordNumber=79620
Keywords=Classic
Message=The AppReadiness service entered the running state.
10/08/2020 11:54:50 AM
LogName=System
SourceName=Microsoft-Windows-Service Control Manager
EventCode=7036
EventType=4
Type=Information
ComputerName=EC2AMAZ-6KJ2BPP
TaskCategory=None
OpCode=The operation completed successfully.
RecordNumber=79625
Keywords=Classic
Message=The DmEnrollmentSvc service entered the stopped state.
10/08/2020 11:54:50 AM
LogName=System
SourceName=Microsoft-Windows-Service Control Manager
EventCode=7036
EventType=4
Type=Information
ComputerName=EC2AMAZ-6KJ2BPP
TaskCategory=None
OpCode=The operation completed successfully.
RecordNumber=79624
Keywords=Classic
Message=The DmEnrollmentSvc service entered the running state.
10/08/2020 11:54:50 AM
LogName=System
SourceName=Microsoft-Windows-Service Control Manager
EventCode=7036
EventType=4
Type=Information
ComputerName=EC2AMAZ-6KJ2BPP
TaskCategory=None
OpCode=The operation completed successfully.
RecordNumber=79623
Keywords=Classic
Message=The wlidsvc service entered the running state.
10/08/2020 11:54:50 AM
LogName=System
SourceName=Microsoft-Windows-Kernel-General
EventCode=1
EventType=4
Type=Information
ComputerName=EC2AMAZ-6KJ2BPP
User=NOT_TRANSLATED
Sid=S-1-5-18
SidType=0
TaskCategory=5
OpCode=Info
RecordNumber=79622
Keywords=Time
Message=The system time has changed to ‎2020‎-‎10‎-‎08T11:54:50.182437400Z from ‎2020‎-‎10‎-‎08T11:54:50.182437400Z.

Change Reason: System time adjusted to the new time zone.
10/08/2020 11:54:50 AM
LogName=System
SourceName=Microsoft-Windows-Iphlpsvc
EventCode=4200
EventType=4
Type=Information
ComputerName=EC2AMAZ-6KJ2BPP
User=NOT_TRANSLATED
Sid=S-1-5-18
SidType=0
TaskCategory=None
OpCode=Info
RecordNumber=79621
Keywords=None
Message=Isatap interface isatap.eu-central-1.compute.internal with address fe80::5efe:169.254.31.45 has been brought up.
10/08/2020 11:54:51 AM
LogName=System
SourceName=Microsoft-Windows-Service Control Manager
EventCode=7036
EventType=4
Type=Information
ComputerName=EC2AMAZ-6KJ2BPP
TaskCategory=None
OpCode=The operation completed successfully.
RecordNumber=79627
Keywords=Classic
Message=The WdNisSvc service entered the running state.
10/08/2020 11:54:51 AM
LogName=System
SourceName=Microsoft-Windows-Service Control Manager
EventCode=7036
EventType=4
Type=Information
ComputerName=EC2AMAZ-6KJ2BPP
TaskCategory=None
OpCode=The operation completed successfully.
RecordNumber=79626
Keywords=Classic
Message=The TermService service entered the running state.
10/08/2020 11:54:52 AM
LogName=System
SourceName=Microsoft-Windows-Service Control Manager
EventCode=7036
EventType=4
Type=Information
ComputerName=EC2AMAZ-6KJ2BPP
TaskCategory=None
OpCode=The operation completed successfully.
RecordNumber=79632
Keywords=Classic
Message=The KeyIso service entered the running state.
10/08/2020 11:54:52 AM
LogName=System
SourceName=Microsoft-Windows-Service Control Manager
EventCode=7036
EventType=4
Type=Information
ComputerName=EC2AMAZ-6KJ2BPP
TaskCategory=None
OpCode=The operation completed successfully.
RecordNumber=79631
Keywords=Classic
Message=The UmRdpService service entered the running state.
10/08/2020 11:54:52 AM
LogName=System
SourceName=Microsoft-Windows-Service Control Manager
EventCode=7036
EventType=4
Type=Information
ComputerName=EC2AMAZ-6KJ2BPP
TaskCategory=None
OpCode=The operation completed successfully.
RecordNumber=79630
Keywords=Classic
Message=The CertPropSvc service entered the running state.
10/08/2020 11:54:52 AM
LogName=System
SourceName=Microsoft-Windows-Service Control Manager
EventCode=7036
EventType=4
Type=Information
ComputerName=EC2AMAZ-6KJ2BPP
TaskCategory=None
OpCode=The operation completed successfully.
RecordNumber=79629
Keywords=Classic
Message=The SessionEnv service entered the running state.
10/08/2020 11:54:52 AM
LogName=System
SourceName=Microsoft-Windows-TerminalServices-RemoteConnectionManager
EventCode=1056
EventType=4
Type=Information
ComputerName=EC2AMAZ-6KJ2BPP
TaskCategory=None
OpCode=The operation completed successfully.
RecordNumber=79628
Keywords=Classic
Message=A new self signed certificate to be used for RD Session Host Server authentication on SSL connections was generated. The name on this certificate is EC2AMAZ-6KJ2BPP. The SHA1 hash of the certificate is in the event data.
10/08/2020 11:54:53 AM
LogName=System
SourceName=Microsoft-Windows-Iphlpsvc
EventCode=4201
EventType=4
Type=Information
ComputerName=EC2AMAZ-6KJ2BPP
User=NOT_TRANSLATED
Sid=S-1-5-18
SidType=0
TaskCategory=None
OpCode=Info
RecordNumber=79633
Keywords=None
Message=Isatap interface isatap.eu-central-1.compute.internal is no longer active.
10/08/2020 11:54:54 AM
LogName=System
SourceName=Microsoft-Windows-Service Control Manager
EventCode=7036
EventType=4
Type=Information
ComputerName=EC2AMAZ-6KJ2BPP
TaskCategory=None
OpCode=The operation completed successfully.
RecordNumber=79634
Keywords=Classic
Message=The wuauserv service entered the running state.
10/08/2020 11:54:56 AM
LogName=System
SourceName=Microsoft-Windows-TPM-WMI
EventCode=1281
EventType=4
Type=Information
ComputerName=EC2AMAZ-6KJ2BPP
User=NOT_TRANSLATED
Sid=S-1-5-18
SidType=0
TaskCategory=None
OpCode=Info
RecordNumber=79636
Keywords=None
Message=This event triggers the TBS device identifier generation.
10/08/2020 11:54:56 AM
LogName=System
SourceName=Microsoft-Windows-Iphlpsvc
EventCode=4200
EventType=4
Type=Information
ComputerName=EC2AMAZ-6KJ2BPP
User=NOT_TRANSLATED
Sid=S-1-5-18
SidType=0
TaskCategory=None
OpCode=Info
RecordNumber=79635
Keywords=None
Message=Isatap interface isatap.eu-central-1.compute.internal with address fe80::5efe:172.31.33.71 has been brought up.
10/08/2020 11:54:57 AM
LogName=System
SourceName=Microsoft-Windows-TPM-WMI
EventCode=1282
EventType=4
Type=Information
ComputerName=EC2AMAZ-6KJ2BPP
User=NOT_TRANSLATED
Sid=S-1-5-18
SidType=0
TaskCategory=None
OpCode=Info
RecordNumber=79637
Keywords=None
Message=The TBS device identifier has been generated.
10/08/2020 11:55:02 AM
LogName=System
SourceName=Microsoft-Windows-Service Control Manager
EventCode=7036
EventType=4
Type=Information
ComputerName=EC2AMAZ-6KJ2BPP
TaskCategory=None
OpCode=The operation completed successfully.
RecordNumber=79638
Keywords=Classic
Message=The TrustedInstaller service entered the running state.
10/08/2020 11:55:13 AM
LogName=System
SourceName=Microsoft-Windows-Service Control Manager
EventCode=7036
EventType=4
Type=Information
ComputerName=EC2AMAZ-6KJ2BPP
TaskCategory=None
OpCode=The operation completed successfully.
RecordNumber=79640
Keywords=Classic
Message=The vds service entered the running state.
10/08/2020 11:55:13 AM
LogName=System
SourceName=Virtual Disk Service
EventCode=3
EventType=4
Type=Information
ComputerName=EC2AMAZ-6KJ2BPP
TaskCategory=None
OpCode=None
RecordNumber=79639
Keywords=Classic
Message=Service started.
10/08/2020 11:55:18 AM
LogName=System
SourceName=Microsoft-Windows-UserModePowerService
EventCode=12
EventType=4
Type=Information
ComputerName=EC2AMAZ-6KJ2BPP
User=NOT_TRANSLATED
Sid=S-1-5-18
SidType=0
TaskCategory=10
OpCode=Info
RecordNumber=79641
Keywords=None
Message=Process C:\Windows\System32\powercfg.exe (process ID:3352) reset policy scheme from {8C5E7FDA-E8BF-4A96-9A85-A6E23A8C635C} to {8C5E7FDA-E8BF-4A96-9A85-A6E23A8C635C}
10/08/2020 11:55:19 AM
LogName=System
SourceName=Microsoft-Windows-Service Control Manager
EventCode=7040
EventType=4
Type=Information
ComputerName=EC2AMAZ-6KJ2BPP
User=NOT_TRANSLATED
Sid=S-1-5-18
SidType=0
TaskCategory=None
OpCode=The operation completed successfully.
RecordNumber=79642
Keywords=Classic
Message=The start type of the Amazon SSM Agent service was changed from disabled to auto start.
10/08/2020 11:55:30 AM
LogName=System
SourceName=Microsoft-Windows-DistributedCOM
EventCode=10016
EventType=2
Type=Error
ComputerName=EC2AMAZ-6KJ2BPP
User=NOT_TRANSLATED
Sid=S-1-5-21-3379454365-516788006-517813320-500
SidType=0
TaskCategory=None
OpCode=Info
RecordNumber=79643
Keywords=Classic
Message=The application-specific permission settings do not grant Local Activation permission for the COM Server application with CLSID 
{D63B10C5-BB46-4990-A94F-E40B9D520160}
 and APPID 
{9CA88EE3-ACB7-47C8-AFC4-AB702511C276}
 to the user EC2AMAZ-6KJ2BPP\Administrator SID (S-1-5-21-3379454365-516788006-517813320-500) from address LocalHost (Using LRPC) running in the application container Unavailable SID (Unavailable). This security permission can be modified using the Component Services administrative tool.
10/08/2020 11:55:34 AM
LogName=System
SourceName=User32
EventCode=1074
EventType=4
Type=Information
ComputerName=EC2AMAZ-6KJ2BPP
User=NOT_TRANSLATED
Sid=S-1-5-21-3379454365-516788006-517813320-500
SidType=0
TaskCategory=None
OpCode=The operation completed successfully.
RecordNumber=79645
Keywords=Classic
Message=The process C:\Windows\system32\shutdown.exe (EC2AMAZ-6KJ2BPP) has initiated the shutdown of computer EC2AMAZ-6KJ2BPP on behalf of user EC2AMAZ-6KJ2BPP\Administrator for the following reason: No title for this reason could be found
 Reason Code: 0x800000ff
 Shutdown Type: shutdown
 Comment:
10/08/2020 11:55:34 AM
LogName=System
SourceName=Microsoft-Windows-Service Control Manager
EventCode=7040
EventType=4
Type=Information
ComputerName=EC2AMAZ-6KJ2BPP
User=NOT_TRANSLATED
Sid=S-1-5-21-3379454365-516788006-517813320-500
SidType=0
TaskCategory=None
OpCode=The operation completed successfully.
RecordNumber=79644
Keywords=Classic
Message=The start type of the Amazon SSM Agent service was changed from auto start to disabled.
10/08/2020 11:55:35 AM
LogName=System
SourceName=Microsoft-Windows-Service Control Manager
EventCode=7036
EventType=4
Type=Information
ComputerName=EC2AMAZ-6KJ2BPP
TaskCategory=None
OpCode=The operation completed successfully.
RecordNumber=79646
Keywords=Classic
Message=The Group Policy Client service entered the stopped state.
10/08/2020 11:55:36 AM
LogName=System
SourceName=Microsoft-Windows-Service Control Manager
EventCode=7036
EventType=4
Type=Information
ComputerName=EC2AMAZ-6KJ2BPP
TaskCategory=None
OpCode=The operation completed successfully.
RecordNumber=79677
Keywords=Classic
Message=The Windows Event Log service entered the stopped state.
10/08/2020 11:55:36 AM
LogName=System
SourceName=Microsoft-Windows-Service Control Manager
EventCode=7036
EventType=4
Type=Information
ComputerName=EC2AMAZ-6KJ2BPP
TaskCategory=None
OpCode=The operation completed successfully.
RecordNumber=79676
Keywords=Classic
Message=The Task Scheduler service entered the stopped state.
10/08/2020 11:55:36 AM
LogName=System
SourceName=Microsoft-Windows-Service Control Manager
EventCode=7036
EventType=4
Type=Information
ComputerName=EC2AMAZ-6KJ2BPP
TaskCategory=None
OpCode=The operation completed successfully.
RecordNumber=79675
Keywords=Classic
Message=The Windows Defender Service service entered the stopped state.
10/08/2020 11:55:36 AM
LogName=System
SourceName=Microsoft-Windows-Service Control Manager
EventCode=7036
EventType=4
Type=Information
ComputerName=EC2AMAZ-6KJ2BPP
TaskCategory=None
OpCode=The operation completed successfully.
RecordNumber=79674
Keywords=Classic
Message=The State Repository Service service entered the stopped state.
10/08/2020 11:55:36 AM
LogName=System
SourceName=Microsoft-Windows-Service Control Manager
EventCode=7036
EventType=4
Type=Information
ComputerName=EC2AMAZ-6KJ2BPP
TaskCategory=None
OpCode=The operation completed successfully.
RecordNumber=79673
Keywords=Classic
Message=The Certificate Propagation service entered the stopped state.
10/08/2020 11:55:36 AM
LogName=System
SourceName=Microsoft-Windows-Service Control Manager
EventCode=7036
EventType=4
Type=Information
ComputerName=EC2AMAZ-6KJ2BPP
TaskCategory=None
OpCode=The operation completed successfully.
RecordNumber=79672
Keywords=Classic
Message=The Remote Desktop Services service entered the stopped state.
10/08/2020 11:55:36 AM
LogName=System
SourceName=Microsoft-Windows-Service Control Manager
EventCode=7036
EventType=4
Type=Information
ComputerName=EC2AMAZ-6KJ2BPP
TaskCategory=None
OpCode=The operation completed successfully.
RecordNumber=79671
Keywords=Classic
Message=The User Profile Service service entered the stopped state.
10/08/2020 11:55:36 AM
LogName=System
SourceName=Microsoft-Windows-Service Control Manager
EventCode=7036
EventType=4
Type=Information
ComputerName=EC2AMAZ-6KJ2BPP
TaskCategory=None
OpCode=The operation completed successfully.
RecordNumber=79670
Keywords=Classic
Message=The DHCP Client service entered the stopped state.
10/08/2020 11:55:36 AM
LogName=System
SourceName=Microsoft-Windows-Dhcp-Client
EventCode=50037
EventType=4
Type=Information
ComputerName=EC2AMAZ-6KJ2BPP
User=NOT_TRANSLATED
Sid=S-1-5-19
SidType=0
TaskCategory=Service State Event
OpCode=ServiceStop
RecordNumber=79669
Keywords=None
Message=DHCPv4 client service is stopped. ShutDown Flag value is 1
10/08/2020 11:55:36 AM
LogName=System
SourceName=Microsoft-Windows-DHCPv6-Client
EventCode=51047
EventType=4
Type=Information
ComputerName=EC2AMAZ-6KJ2BPP
User=NOT_TRANSLATED
Sid=S-1-5-19
SidType=0
TaskCategory=Service State Event
OpCode=ServiceStop
RecordNumber=79665
Keywords=None
Message=DHCPv6 client service is stopped. ShutDown Flag value is 1
10/08/2020 11:55:36 AM
LogName=System
SourceName=Microsoft-Windows-Service Control Manager
EventCode=7036
EventType=4
Type=Information
ComputerName=EC2AMAZ-6KJ2BPP
TaskCategory=None
OpCode=The operation completed successfully.
RecordNumber=79664
Keywords=Classic
Message=The Cryptographic Services service entered the stopped state.
10/08/2020 11:55:36 AM
LogName=System
SourceName=Microsoft-Windows-Service Control Manager
EventCode=7036
EventType=4
Type=Information
ComputerName=EC2AMAZ-6KJ2BPP
TaskCategory=None
OpCode=The operation completed successfully.
RecordNumber=79663
Keywords=Classic
Message=The Windows Connection Manager service entered the stopped state.
10/08/2020 11:55:36 AM
LogName=System
SourceName=Microsoft-Windows-Service Control Manager
EventCode=7036
EventType=4
Type=Information
ComputerName=EC2AMAZ-6KJ2BPP
TaskCategory=None
OpCode=The operation completed successfully.
RecordNumber=79662
Keywords=Classic
Message=The Windows Remote Management (WS-Management) service entered the stopped state.
10/08/2020 11:55:36 AM
LogName=System
SourceName=Microsoft-Windows-Service Control Manager
EventCode=7036
EventType=4
Type=Information
ComputerName=EC2AMAZ-6KJ2BPP
TaskCategory=None
OpCode=The operation completed successfully.
RecordNumber=79661
Keywords=Classic
Message=The Program Compatibility Assistant Service service entered the stopped state.
