<Event><System><Provider Name="Linux-Sysmon" Guid="{ff032593-a8d3-4f13-b0d6-01fc615a0f97}"/><EventID>11</EventID><Version>2</Version><Level>4</Level><Task>11</Task><Opcode>0</Opcode><Keywords>0x8000000000000000</Keywords><TimeCreated SystemTime="2025-08-04T19:50:24.468220000Z"/><EventRecordID>132</EventRecordID><Correlation/><Execution ProcessID="3886" ThreadID="3886"/><Channel>Linux-Sysmon/Operational</Channel><Computer>ip-10-0-254-177</Computer><Security UserId="0"/></System><EventData><Data Name="RuleName">-</Data><Data Name="UtcTime">2025-08-04 19:50:24.463</Data><Data Name="ProcessGuid">{ec2e9239-0f00-6891-a134-fcda40610000}</Data><Data Name="ProcessId">4132</Data><Data Name="Image">/usr/bin/cp</Data><Data Name="TargetFilename">/usr/lib/libdsx.so</Data><Data Name="CreationUtcTime">2025-08-04 19:50:24.463</Data><Data Name="User">-</Data></EventData></Event>
<Event><System><Provider Name="Linux-Sysmon" Guid="{ff032593-a8d3-4f13-b0d6-01fc615a0f97}"/><EventID>11</EventID><Version>2</Version><Level>4</Level><Task>11</Task><Opcode>0</Opcode><Keywords>0x8000000000000000</Keywords><TimeCreated SystemTime="2025-08-04T19:50:24.465128000Z"/><EventRecordID>128</EventRecordID><Correlation/><Execution ProcessID="3886" ThreadID="3886"/><Channel>Linux-Sysmon/Operational</Channel><Computer>ip-10-0-254-177</Computer><Security UserId="0"/></System><EventData><Data Name="RuleName">-</Data><Data Name="UtcTime">2025-08-04 19:50:24.460</Data><Data Name="ProcessGuid">{ec2e9239-0f00-6891-6dbc-490000000000}</Data><Data Name="ProcessId">4124</Data><Data Name="Image">/home/ubuntu/Medusa/bin/rkload</Data><Data Name="TargetFilename">/usr/lib/libseconf/.ports</Data><Data Name="CreationUtcTime">2025-08-04 19:50:24.460</Data><Data Name="User">-</Data></EventData></Event>
<Event><System><Provider Name="Linux-Sysmon" Guid="{ff032593-a8d3-4f13-b0d6-01fc615a0f97}"/><EventID>11</EventID><Version>2</Version><Level>4</Level><Task>11</Task><Opcode>0</Opcode><Keywords>0x8000000000000000</Keywords><TimeCreated SystemTime="2025-08-04T19:50:24.465094000Z"/><EventRecordID>127</EventRecordID><Correlation/><Execution ProcessID="3886" ThreadID="3886"/><Channel>Linux-Sysmon/Operational</Channel><Computer>ip-10-0-254-177</Computer><Security UserId="0"/></System><EventData><Data Name="RuleName">-</Data><Data Name="UtcTime">2025-08-04 19:50:24.460</Data><Data Name="ProcessGuid">{ec2e9239-0f00-6891-6dbc-490000000000}</Data><Data Name="ProcessId">4124</Data><Data Name="Image">/home/ubuntu/Medusa/bin/rkload</Data><Data Name="TargetFilename">/usr/lib/libseconf/sshpass2.txt</Data><Data Name="CreationUtcTime">2025-08-04 19:50:24.460</Data><Data Name="User">-</Data></EventData></Event>
<Event><System><Provider Name="Linux-Sysmon" Guid="{ff032593-a8d3-4f13-b0d6-01fc615a0f97}"/><EventID>11</EventID><Version>2</Version><Level>4</Level><Task>11</Task><Opcode>0</Opcode><Keywords>0x8000000000000000</Keywords><TimeCreated SystemTime="2025-08-04T19:50:24.465055000Z"/><EventRecordID>126</EventRecordID><Correlation/><Execution ProcessID="3886" ThreadID="3886"/><Channel>Linux-Sysmon/Operational</Channel><Computer>ip-10-0-254-177</Computer><Security UserId="0"/></System><EventData><Data Name="RuleName">-</Data><Data Name="UtcTime">2025-08-04 19:50:24.460</Data><Data Name="ProcessGuid">{ec2e9239-0f00-6891-6dbc-490000000000}</Data><Data Name="ProcessId">4124</Data><Data Name="Image">/home/ubuntu/Medusa/bin/rkload</Data><Data Name="TargetFilename">/usr/lib/libseconf/sshpass.txt</Data><Data Name="CreationUtcTime">2025-08-04 19:50:24.460</Data><Data Name="User">-</Data></EventData></Event>
<Event><System><Provider Name="Linux-Sysmon" Guid="{ff032593-a8d3-4f13-b0d6-01fc615a0f97}"/><EventID>11</EventID><Version>2</Version><Level>4</Level><Task>11</Task><Opcode>0</Opcode><Keywords>0x8000000000000000</Keywords><TimeCreated SystemTime="2025-08-04T19:50:24.465020000Z"/><EventRecordID>125</EventRecordID><Correlation/><Execution ProcessID="3886" ThreadID="3886"/><Channel>Linux-Sysmon/Operational</Channel><Computer>ip-10-0-254-177</Computer><Security UserId="0"/></System><EventData><Data Name="RuleName">-</Data><Data Name="UtcTime">2025-08-04 19:50:24.460</Data><Data Name="ProcessGuid">{ec2e9239-0f00-6891-6dbc-490000000000}</Data><Data Name="ProcessId">4124</Data><Data Name="Image">/home/ubuntu/Medusa/bin/rkload</Data><Data Name="TargetFilename">/usr/lib/libseconf/.logpam</Data><Data Name="CreationUtcTime">2025-08-04 19:50:24.460</Data><Data Name="User">-</Data></EventData></Event>
<Event><System><Provider Name="Linux-Sysmon" Guid="{ff032593-a8d3-4f13-b0d6-01fc615a0f97}"/><EventID>11</EventID><Version>2</Version><Level>4</Level><Task>11</Task><Opcode>0</Opcode><Keywords>0x8000000000000000</Keywords><TimeCreated SystemTime="2025-08-04T19:50:24.464986000Z"/><EventRecordID>124</EventRecordID><Correlation/><Execution ProcessID="3886" ThreadID="3886"/><Channel>Linux-Sysmon/Operational</Channel><Computer>ip-10-0-254-177</Computer><Security UserId="0"/></System><EventData><Data Name="RuleName">-</Data><Data Name="UtcTime">2025-08-04 19:50:24.460</Data><Data Name="ProcessGuid">{ec2e9239-0f00-6891-6dbc-490000000000}</Data><Data Name="ProcessId">4124</Data><Data Name="Image">/home/ubuntu/Medusa/bin/rkload</Data><Data Name="TargetFilename">/usr/lib/libseconf/.boot.sh</Data><Data Name="CreationUtcTime">2025-08-04 19:50:24.460</Data><Data Name="User">-</Data></EventData></Event>
<Event><System><Provider Name="Linux-Sysmon" Guid="{ff032593-a8d3-4f13-b0d6-01fc615a0f97}"/><EventID>11</EventID><Version>2</Version><Level>4</Level><Task>11</Task><Opcode>0</Opcode><Keywords>0x8000000000000000</Keywords><TimeCreated SystemTime="2025-08-04T19:50:24.459862000Z"/><EventRecordID>116</EventRecordID><Correlation/><Execution ProcessID="3886" ThreadID="3886"/><Channel>Linux-Sysmon/Operational</Channel><Computer>ip-10-0-254-177</Computer><Security UserId="0"/></System><EventData><Data Name="RuleName">-</Data><Data Name="UtcTime">2025-08-04 19:50:24.456</Data><Data Name="ProcessGuid">{ec2e9239-0f00-6891-a114-0cf39d620000}</Data><Data Name="ProcessId">4128</Data><Data Name="Image">/usr/bin/cp</Data><Data Name="TargetFilename">/usr/lib/libseconf/.backup_ld.so</Data><Data Name="CreationUtcTime">2025-08-04 19:50:24.456</Data><Data Name="User">-</Data></EventData></Event>