11/10/2020 02:00:37 PM
LogName=System
SourceName=Microsoft-Windows-Service Control Manager
EventCode=7036
EventType=4
Type=Information
ComputerName=win-dc-748.attackrange.local
TaskCategory=None
OpCode=The operation completed successfully.
RecordNumber=82102
Keywords=Classic
Message=The EventLog service entered the running state.
11/10/2020 02:00:37 PM
LogName=System
SourceName=Microsoft-Windows-Service Control Manager
EventCode=7036
EventType=4
Type=Information
ComputerName=win-dc-748.attackrange.local
TaskCategory=None
OpCode=The operation completed successfully.
RecordNumber=82101
Keywords=Classic
Message=The nsi service entered the running state.
11/10/2020 02:00:37 PM
LogName=System
SourceName=Microsoft-Windows-Service Control Manager
EventCode=7036
EventType=4
Type=Information
ComputerName=win-dc-748.attackrange.local
TaskCategory=None
OpCode=The operation completed successfully.
RecordNumber=82100
Keywords=Classic
Message=The lmhosts service entered the running state.
11/10/2020 02:00:37 PM
LogName=System
SourceName=Microsoft-Windows-Service Control Manager
EventCode=7036
EventType=4
Type=Information
ComputerName=win-dc-748.attackrange.local
TaskCategory=None
OpCode=The operation completed successfully.
RecordNumber=82099
Keywords=Classic
Message=The TermService service entered the running state.
11/10/2020 02:00:37 PM
LogName=System
SourceName=Microsoft-Windows-Service Control Manager
EventCode=7036
EventType=4
Type=Information
ComputerName=win-dc-748.attackrange.local
TaskCategory=None
OpCode=The operation completed successfully.
RecordNumber=82098
Keywords=Classic
Message=The SystemEventsBroker service entered the running state.
11/10/2020 02:00:37 PM
LogName=System
SourceName=Microsoft-Windows-Service Control Manager
EventCode=7036
EventType=4
Type=Information
ComputerName=win-dc-748.attackrange.local
TaskCategory=None
OpCode=The operation completed successfully.
RecordNumber=82097
Keywords=Classic
Message=The BrokerInfrastructure service entered the running state.
11/10/2020 02:00:37 PM
LogName=System
SourceName=Microsoft-Windows-Service Control Manager
EventCode=7036
EventType=4
Type=Information
ComputerName=win-dc-748.attackrange.local
TaskCategory=None
OpCode=The operation completed successfully.
RecordNumber=82096
Keywords=Classic
Message=The LSM service entered the running state.
11/10/2020 02:00:37 PM
LogName=System
SourceName=Microsoft-Windows-Service Control Manager
EventCode=7036
EventType=4
Type=Information
ComputerName=win-dc-748.attackrange.local
TaskCategory=None
OpCode=The operation completed successfully.
RecordNumber=82095
Keywords=Classic
Message=The RpcSs service entered the running state.
11/10/2020 02:00:37 PM
LogName=System
SourceName=Microsoft-Windows-Service Control Manager
EventCode=7036
EventType=4
Type=Information
ComputerName=win-dc-748.attackrange.local
TaskCategory=None
OpCode=The operation completed successfully.
RecordNumber=82094
Keywords=Classic
Message=The RpcEptMapper service entered the running state.
11/10/2020 02:00:37 PM
LogName=System
SourceName=Microsoft-Windows-Service Control Manager
EventCode=7036
EventType=4
Type=Information
ComputerName=win-dc-748.attackrange.local
TaskCategory=None
OpCode=The operation completed successfully.
RecordNumber=82093
Keywords=Classic
Message=The DcomLaunch service entered the running state.
11/10/2020 02:00:37 PM
LogName=System
SourceName=Microsoft-Windows-Service Control Manager
EventCode=7036
EventType=4
Type=Information
ComputerName=win-dc-748.attackrange.local
TaskCategory=None
OpCode=The operation completed successfully.
RecordNumber=82092
Keywords=Classic
Message=The Power service entered the running state.
11/10/2020 02:00:37 PM
LogName=System
SourceName=Microsoft-Windows-Service Control Manager
EventCode=7036
EventType=4
Type=Information
ComputerName=win-dc-748.attackrange.local
TaskCategory=None
OpCode=The operation completed successfully.
RecordNumber=82091
Keywords=Classic
Message=The PlugPlay service entered the running state.
11/10/2020 02:00:37 PM
LogName=System
SourceName=EventLog
EventCode=6013
EventType=4
Type=Information
ComputerName=win-dc-748.attackrange.local
TaskCategory=None
OpCode=None
RecordNumber=82053
Keywords=Classic
Message=The system uptime is 6 seconds.
11/10/2020 02:00:37 PM
LogName=System
SourceName=EventLog
EventCode=6005
EventType=4
Type=Information
ComputerName=win-dc-748.attackrange.local
TaskCategory=None
OpCode=None
RecordNumber=82052
Keywords=Classic
Message=The Event log service was started.
11/10/2020 02:00:37 PM
LogName=System
SourceName=EventLog
EventCode=6009
EventType=4
Type=Information
ComputerName=win-dc-748.attackrange.local
TaskCategory=None
OpCode=None
RecordNumber=82051
Keywords=Classic
Message=Microsoft (R) Windows (R) 10.00. 14393  Multiprocessor Free.
11/10/2020 02:00:38 PM
LogName=System
SourceName=Microsoft-Windows-DNS Client Events
EventCode=1014
EventType=3
Type=Warning
ComputerName=win-dc-748.attackrange.local
User=NOT_TRANSLATED
Sid=S-1-5-20
SidType=0
TaskCategory=1014
OpCode=Info
RecordNumber=82144
Keywords=None
Message=Name resolution for the name _ldap._tcp.dc._msdcs.attackrange.local. timed out after none of the configured DNS servers responded.
11/10/2020 02:00:38 PM
LogName=System
SourceName=Microsoft-Windows-Service Control Manager
EventCode=7036
EventType=4
Type=Information
ComputerName=win-dc-748.attackrange.local
TaskCategory=None
OpCode=The operation completed successfully.
RecordNumber=82143
Keywords=Classic
Message=The PolicyAgent service entered the running state.
11/10/2020 02:00:39 PM
LogName=System
SourceName=Microsoft-Windows-Service Control Manager
EventCode=7036
EventType=4
Type=Information
ComputerName=win-dc-748.attackrange.local
TaskCategory=None
OpCode=The operation completed successfully.
RecordNumber=82145
Keywords=Classic
Message=The CryptSvc service entered the running state.
11/10/2020 02:00:42 PM
LogName=System
SourceName=Microsoft-Windows-Service Control Manager
EventCode=7036
EventType=4
Type=Information
ComputerName=win-dc-748.attackrange.local
TaskCategory=None
OpCode=The operation completed successfully.
RecordNumber=82146
Keywords=Classic
Message=The wuauserv service entered the running state.
11/10/2020 02:00:43 PM
LogName=System
SourceName=Microsoft-Windows-Service Control Manager
EventCode=7036
EventType=4
Type=Information
ComputerName=win-dc-748.attackrange.local
TaskCategory=None
OpCode=The operation completed successfully.
RecordNumber=82147
Keywords=Classic
Message=The TrustedInstaller service entered the running state.
11/10/2020 02:00:47 PM
LogName=System
SourceName=Microsoft-Windows-Service Control Manager
EventCode=7036
EventType=4
Type=Information
ComputerName=win-dc-748.attackrange.local
TaskCategory=None
OpCode=The operation completed successfully.
RecordNumber=82149
Keywords=Classic
Message=The LanmanServer service entered the running state.
11/10/2020 02:00:47 PM
LogName=System
SourceName=Microsoft-Windows-Service Control Manager
EventCode=7036
EventType=4
Type=Information
ComputerName=win-dc-748.attackrange.local
TaskCategory=None
OpCode=The operation completed successfully.
RecordNumber=82148
Keywords=Classic
Message=The SamSs service entered the running state.
11/10/2020 02:00:53 PM
LogName=System
SourceName=Microsoft-Windows-Service Control Manager
EventCode=7036
EventType=4
Type=Information
ComputerName=win-dc-748.attackrange.local
TaskCategory=None
OpCode=The operation completed successfully.
RecordNumber=82170
Keywords=Classic
Message=The nxlog service entered the running state.
11/10/2020 02:00:53 PM
LogName=System
SourceName=Microsoft-Windows-Service Control Manager
EventCode=7036
EventType=4
Type=Information
ComputerName=win-dc-748.attackrange.local
TaskCategory=None
OpCode=The operation completed successfully.
RecordNumber=82169
Keywords=Classic
Message=The vds service entered the running state.
11/10/2020 02:00:53 PM
LogName=System
SourceName=Microsoft-Windows-Service Control Manager
EventCode=7036
EventType=4
Type=Information
ComputerName=win-dc-748.attackrange.local
TaskCategory=None
OpCode=The operation completed successfully.
RecordNumber=82168
Keywords=Classic
Message=The ADWS service entered the running state.
11/10/2020 02:00:53 PM
LogName=System
SourceName=Microsoft-Windows-Service Control Manager
EventCode=7036
EventType=4
Type=Information
ComputerName=win-dc-748.attackrange.local
TaskCategory=None
OpCode=The operation completed successfully.
RecordNumber=82167
Keywords=Classic
Message=The tiledatamodelsvc service entered the running state.
11/10/2020 02:00:53 PM
LogName=System
SourceName=Microsoft-Windows-Service Control Manager
EventCode=7036
EventType=4
Type=Information
ComputerName=win-dc-748.attackrange.local
TaskCategory=None
OpCode=The operation completed successfully.
RecordNumber=82166
Keywords=Classic
Message=The sysmon64 service entered the running state.
11/10/2020 02:00:53 PM
LogName=System
SourceName=Microsoft-Windows-Service Control Manager
EventCode=7036
EventType=4
Type=Information
ComputerName=win-dc-748.attackrange.local
TaskCategory=None
OpCode=The operation completed successfully.
RecordNumber=82165
Keywords=Classic
Message=The StateRepository service entered the running state.
11/10/2020 02:00:53 PM
LogName=System
SourceName=Microsoft-Windows-Service Control Manager
EventCode=7036
EventType=4
Type=Information
ComputerName=win-dc-748.attackrange.local
TaskCategory=None
OpCode=The operation completed successfully.
RecordNumber=82164
Keywords=Classic
Message=The WinRM service entered the running state.
11/10/2020 02:00:53 PM
LogName=System
SourceName=Microsoft-Windows-Service Control Manager
EventCode=7036
EventType=4
Type=Information
ComputerName=win-dc-748.attackrange.local
TaskCategory=None
OpCode=The operation completed successfully.
RecordNumber=82163
Keywords=Classic
Message=The WpnService service entered the running state.
11/10/2020 02:00:53 PM
LogName=System
SourceName=Microsoft-Windows-Service Control Manager
EventCode=7036
EventType=4
Type=Information
ComputerName=win-dc-748.attackrange.local
TaskCategory=None
OpCode=The operation completed successfully.
RecordNumber=82162
Keywords=Classic
Message=The EFS service entered the running state.
11/10/2020 02:00:53 PM
LogName=System
SourceName=Microsoft-Windows-Service Control Manager
EventCode=7036
EventType=4
Type=Information
ComputerName=win-dc-748.attackrange.local
TaskCategory=None
OpCode=The operation completed successfully.
RecordNumber=82161
Keywords=Classic
Message=The DFSR service entered the running state.
11/10/2020 02:00:53 PM
LogName=System
SourceName=Microsoft-Windows-Service Control Manager
EventCode=7036
EventType=4
Type=Information
ComputerName=win-dc-748.attackrange.local
TaskCategory=None
OpCode=The operation completed successfully.
RecordNumber=82160
Keywords=Classic
Message=The Dfs service entered the running state.
11/10/2020 02:00:53 PM
LogName=System
SourceName=Microsoft-Windows-Service Control Manager
EventCode=7036
EventType=4
Type=Information
ComputerName=win-dc-748.attackrange.local
TaskCategory=None
OpCode=The operation completed successfully.
RecordNumber=82159
Keywords=Classic
Message=The IsmServ service entered the running state.
11/10/2020 02:00:53 PM
LogName=System
SourceName=Microsoft-Windows-Service Control Manager
EventCode=7036
EventType=4
Type=Information
ComputerName=win-dc-748.attackrange.local
TaskCategory=None
OpCode=The operation completed successfully.
RecordNumber=82158
Keywords=Classic
Message=The PcaSvc service entered the running state.
11/10/2020 02:00:53 PM
LogName=System
SourceName=Microsoft-Windows-Service Control Manager
EventCode=7036
EventType=4
Type=Information
ComputerName=win-dc-748.attackrange.local
TaskCategory=None
OpCode=The operation completed successfully.
RecordNumber=82157
Keywords=Classic
Message=The AWSLiteAgent service entered the running state.
11/10/2020 02:00:53 PM
LogName=System
SourceName=Microsoft-Windows-Service Control Manager
EventCode=7036
EventType=4
Type=Information
ComputerName=win-dc-748.attackrange.local
TaskCategory=None
OpCode=The operation completed successfully.
RecordNumber=82156
Keywords=Classic
Message=The RemoteRegistry service entered the running state.
11/10/2020 02:00:53 PM
LogName=System
SourceName=Microsoft-Windows-Service Control Manager
EventCode=7036
EventType=4
Type=Information
ComputerName=win-dc-748.attackrange.local
TaskCategory=None
OpCode=The operation completed successfully.
RecordNumber=82155
Keywords=Classic
Message=The Spooler service entered the running state.
11/10/2020 02:00:53 PM
LogName=System
SourceName=Microsoft-Windows-Service Control Manager
EventCode=7036
EventType=4
Type=Information
ComputerName=win-dc-748.attackrange.local
TaskCategory=None
OpCode=The operation completed successfully.
RecordNumber=82154
Keywords=Classic
Message=The Netlogon service entered the running state.
11/10/2020 02:00:53 PM
LogName=System
SourceName=Virtual Disk Service
EventCode=3
EventType=4
Type=Information
ComputerName=win-dc-748.attackrange.local
TaskCategory=None
OpCode=None
RecordNumber=82153
Keywords=Classic
Message=Service started.
11/10/2020 02:00:53 PM
LogName=System
SourceName=Microsoft-Windows-Windows Remote Management
EventCode=10148
EventType=4
Type=Information
ComputerName=win-dc-748.attackrange.local
TaskCategory=None
OpCode=Info
RecordNumber=82152
Keywords=Classic
Message=The WinRM service is listening for WS-Management requests. 

 User Action 
 Use the following command to see the specific IPs on which WinRM is listening: 

 winrm enumerate winrm/config/listener
11/10/2020 02:00:53 PM
LogName=System
SourceName=Microsoft-Windows-DfsSvc
EventCode=14531
EventType=4
Type=Information
ComputerName=win-dc-748.attackrange.local
TaskCategory=None
OpCode=The operation completed successfully.
RecordNumber=82151
Keywords=Classic
Message=DFS server has finished initializing.
11/10/2020 02:00:53 PM
LogName=System
SourceName=Microsoft-Windows-DfsSvc
EventCode=14533
EventType=4
Type=Information
ComputerName=win-dc-748.attackrange.local
TaskCategory=None
OpCode=The operation completed successfully.
RecordNumber=82150
Keywords=Classic
Message=DFS has finished building all namespaces.
11/10/2020 02:00:54 PM
LogName=System
SourceName=Microsoft-Windows-Service Control Manager
EventCode=7026
EventType=4
Type=Information
ComputerName=win-dc-748.attackrange.local
TaskCategory=None
OpCode=The operation completed successfully.
RecordNumber=82172
Keywords=Classic
Message=The following boot-start or system-start driver(s) did not load: 
cdrom
dam
11/10/2020 02:00:54 PM
LogName=System
SourceName=Microsoft-Windows-Service Control Manager
EventCode=7036
EventType=4
Type=Information
ComputerName=win-dc-748.attackrange.local
TaskCategory=None
OpCode=The operation completed successfully.
RecordNumber=82171
Keywords=Classic
Message=The AmazonSSMAgent service entered the running state.
11/10/2020 02:00:56 PM
LogName=System
SourceName=Microsoft-Windows-Service Control Manager
EventCode=7036
EventType=4
Type=Information
ComputerName=win-dc-748.attackrange.local
TaskCategory=None
OpCode=The operation completed successfully.
RecordNumber=82173
Keywords=Classic
Message=The NetSetupSvc service entered the stopped state.
11/10/2020 02:00:57 PM
LogName=System
SourceName=Microsoft-Windows-Time-Service
EventCode=143
EventType=4
Type=Information
ComputerName=win-dc-748.attackrange.local
User=NOT_TRANSLATED
Sid=S-1-5-19
SidType=0
TaskCategory=None
OpCode=Info
RecordNumber=82175
Keywords=None
Message=The time service has started advertising as a good time source.
11/10/2020 02:00:57 PM
LogName=System
SourceName=Microsoft-Windows-Time-Service
EventCode=139
EventType=4
Type=Information
ComputerName=win-dc-748.attackrange.local
User=NOT_TRANSLATED
Sid=S-1-5-19
SidType=0
TaskCategory=None
OpCode=Info
RecordNumber=82174
Keywords=None
Message=The time service has started advertising as a time source.
11/10/2020 02:00:59 PM
LogName=System
SourceName=Microsoft-Windows-Service Control Manager
EventCode=7036
EventType=4
Type=Information
ComputerName=win-dc-748.attackrange.local
TaskCategory=None
OpCode=The operation completed successfully.
RecordNumber=82176
Keywords=Classic
Message=The SplunkForwarder service entered the running state.
11/10/2020 02:01:05 PM
LogName=System
SourceName=Microsoft-Windows-Windows Remote Management
EventCode=10154
EventType=3
Type=Warning
ComputerName=win-dc-748.attackrange.local
TaskCategory=None
OpCode=Info
RecordNumber=82177
Keywords=Classic
Message=The WinRM service failed to create the following SPNs: WSMAN/win-dc-748.attackrange.local; WSMAN/win-dc-748. 

 Additional Data 
 The error received was 1355: %%1355.

 User Action 
 The SPNs can be created by an administrator using setspn.exe utility.
11/10/2020 02:01:06 PM
LogName=System
SourceName=Microsoft-Windows-LSA
EventCode=6038
EventType=3
Type=Warning
ComputerName=win-dc-748.attackrange.local
TaskCategory=None
OpCode=Info
RecordNumber=82178
Keywords=Classic
Message=Microsoft Windows Server has detected that NTLM authentication is presently being used between clients and this server. This event occurs once per boot of the server on the first time a client uses NTLM with this server.
 
NTLM is a weaker authentication mechanism. Please check:
 
      Which applications are using NTLM authentication?
      Are there configuration issues preventing the use of stronger authentication such as Kerberos authentication?
      If NTLM must be supported, is Extended Protection configured?
 
Details on how to complete these checks can be found at http://go.microsoft.com/fwlink/?LinkId=225699.
11/10/2020 02:01:09 PM
LogName=System
SourceName=Microsoft-Windows-Service Control Manager
EventCode=7036
EventType=4
Type=Information
ComputerName=win-dc-748.attackrange.local
TaskCategory=None
OpCode=The operation completed successfully.
RecordNumber=82181
Keywords=Classic
Message=The W32Time service entered the running state.
11/10/2020 02:01:09 PM
LogName=System
SourceName=Microsoft-Windows-Time-Service
EventCode=12
EventType=3
Type=Warning
ComputerName=win-dc-748.attackrange.local
User=NOT_TRANSLATED
Sid=S-1-5-19
SidType=0
TaskCategory=None
OpCode=Info
RecordNumber=82180
Keywords=None
Message=Time Provider NtpClient: This machine is configured to use the domain hierarchy to determine its time source, but it is the AD PDC emulator for the domain at the root of the forest, so there is no machine above it in the domain hierarchy to use as a time source. It is recommended that you either configure a reliable time service in the root domain, or manually configure the AD PDC to synchronize with an external time source. Otherwise, this machine will function as the authoritative time source in the domain hierarchy. If an external time source is not configured or used for this computer, you may choose to disable the NtpClient.
11/10/2020 02:01:09 PM
LogName=System
SourceName=Microsoft-Windows-Time-Service
EventCode=134
EventType=3
Type=Warning
ComputerName=win-dc-748.attackrange.local
User=NOT_TRANSLATED
Sid=S-1-5-19
SidType=0
TaskCategory=None
OpCode=Info
RecordNumber=82179
Keywords=None
Message=NtpClient was unable to set a manual peer to use as a time source because of DNS resolution error on 'time.windows.com,0x8'. NtpClient will try again in 15 minutes and double the reattempt interval thereafter. The error was: No such host is known. (0x80072AF9)
11/10/2020 02:01:17 PM
LogName=System
SourceName=Microsoft-Windows-Service Control Manager
EventCode=7036
EventType=4
Type=Information
ComputerName=win-dc-748.attackrange.local
TaskCategory=None
OpCode=The operation completed successfully.
RecordNumber=82186
Keywords=Classic
Message=The NetSetupSvc service entered the running state.
11/10/2020 02:01:17 PM
LogName=System
SourceName=Microsoft-Windows-Service Control Manager
EventCode=7036
EventType=4
Type=Information
ComputerName=win-dc-748.attackrange.local
TaskCategory=None
OpCode=The operation completed successfully.
RecordNumber=82185
Keywords=Classic
Message=The NcaSvc service entered the stopped state.
11/10/2020 02:01:17 PM
LogName=System
SourceName=Microsoft-Windows-DistributedCOM
EventCode=10016
EventType=2
Type=Error
ComputerName=win-dc-748.attackrange.local
User=NOT_TRANSLATED
Sid=S-1-5-21-1137257688-1461606198-555069184-500
SidType=0
TaskCategory=None
OpCode=Info
RecordNumber=82184
Keywords=Classic
Message=The application-specific permission settings do not grant Local Activation permission for the COM Server application with CLSID 
{D63B10C5-BB46-4990-A94F-E40B9D520160}
 and APPID 
{9CA88EE3-ACB7-47C8-AFC4-AB702511C276}
 to the user ATTACKRANGE\Administrator SID (S-1-5-21-1137257688-1461606198-555069184-500) from address LocalHost (Using LRPC) running in the application container Unavailable SID (Unavailable). This security permission can be modified using the Component Services administrative tool.
11/10/2020 02:01:17 PM
LogName=System
SourceName=Microsoft-Windows-Time-Service
EventCode=37
EventType=4
Type=Information
ComputerName=win-dc-748.attackrange.local
User=NOT_TRANSLATED
Sid=S-1-5-19
SidType=0
TaskCategory=None
OpCode=Info
RecordNumber=82183
Keywords=None
Message=The time provider NtpClient is currently receiving valid time data from time.windows.com,0x8 (ntp.m|0x8|0.0.0.0:123->51.105.208.173:123).
11/10/2020 02:01:17 PM
LogName=System
SourceName=Microsoft-Windows-Service Control Manager
EventCode=7036
EventType=4
Type=Information
ComputerName=win-dc-748.attackrange.local
TaskCategory=None
OpCode=The operation completed successfully.
RecordNumber=82182
Keywords=Classic
Message=The DNS service entered the running state.
11/10/2020 02:01:26 PM
LogName=System
SourceName=Microsoft-Windows-Time-Service
EventCode=37
EventType=4
Type=Information
ComputerName=win-dc-748.attackrange.local
User=NOT_TRANSLATED
Sid=S-1-5-19
SidType=0
TaskCategory=None
OpCode=Info
RecordNumber=82187
Keywords=None
Message=The time provider NtpClient is currently receiving valid time data from time.windows.com,0x8 (ntp.m|0x8|0.0.0.0:123->51.105.208.173:123).
11/10/2020 02:01:29 PM
LogName=System
SourceName=Microsoft-Windows-Time-Service
EventCode=37
EventType=4
Type=Information
ComputerName=win-dc-748.attackrange.local
User=NOT_TRANSLATED
Sid=S-1-5-19
SidType=0
TaskCategory=None
OpCode=Info
RecordNumber=82188
Keywords=None
Message=The time provider NtpClient is currently receiving valid time data from time.windows.com,0x8 (ntp.m|0x8|0.0.0.0:123->51.105.208.173:123).
11/10/2020 02:01:32 PM
LogName=System
SourceName=Microsoft-Windows-Service Control Manager
EventCode=7036
EventType=4
Type=Information
ComputerName=win-dc-748.attackrange.local
TaskCategory=None
OpCode=The operation completed successfully.
RecordNumber=82189
Keywords=Classic
Message=The DsmSvc service entered the stopped state.
11/10/2020 02:01:41 PM
LogName=System
SourceName=Microsoft-Windows-Time-Service
EventCode=35
EventType=4
Type=Information
ComputerName=win-dc-748.attackrange.local
User=NOT_TRANSLATED
Sid=S-1-5-19
SidType=0
TaskCategory=None
OpCode=Info
RecordNumber=82191
Keywords=None
Message=The time service is now synchronizing the system time with the time source time.windows.com,0x8 (ntp.m|0x8|0.0.0.0:123->51.105.208.173:123).
11/10/2020 02:01:41 PM
LogName=System
SourceName=Microsoft-Windows-Time-Service
EventCode=144
EventType=3
Type=Warning
ComputerName=win-dc-748.attackrange.local
User=NOT_TRANSLATED
Sid=S-1-5-19
SidType=0
TaskCategory=None
OpCode=Info
RecordNumber=82190
Keywords=None
Message=The time service has stopped advertising as a good time source.
11/10/2020 02:02:41 PM
LogName=System
SourceName=Microsoft-Windows-Service Control Manager
EventCode=7036
EventType=4
Type=Information
ComputerName=win-dc-748.attackrange.local
TaskCategory=None
OpCode=The operation completed successfully.
RecordNumber=82192
Keywords=Classic
Message=The Device Setup Manager service entered the running state.
11/10/2020 02:02:42 PM
LogName=System
SourceName=Microsoft-Windows-Winlogon
EventCode=7001
EventType=4
Type=Information
ComputerName=win-dc-748.attackrange.local
User=NOT_TRANSLATED
Sid=S-1-5-18
SidType=0
TaskCategory=1101
OpCode=Info
RecordNumber=82194
Keywords=None
Message=User Logon Notification for Customer Experience Improvement Program
11/10/2020 02:02:42 PM
LogName=System
SourceName=Microsoft-Windows-Service Control Manager
EventCode=7036
EventType=4
Type=Information
ComputerName=win-dc-748.attackrange.local
TaskCategory=None
OpCode=The operation completed successfully.
RecordNumber=82193
Keywords=Classic
Message=The ScDeviceEnum service entered the running state.
11/10/2020 02:02:43 PM
LogName=System
SourceName=Microsoft-Windows-Service Control Manager
EventCode=7040
EventType=4
Type=Information
ComputerName=win-dc-748.attackrange.local
User=NOT_TRANSLATED
Sid=S-1-5-21-1137257688-1461606198-555069184-500
SidType=0
TaskCategory=None
OpCode=The operation completed successfully.
RecordNumber=82199
Keywords=Classic
Message=The start type of the Encrypting File System (EFS) service was changed from auto start to demand start.
11/10/2020 02:02:43 PM
LogName=System
SourceName=Microsoft-Windows-Service Control Manager
EventCode=7036
EventType=4
Type=Information
ComputerName=win-dc-748.attackrange.local
TaskCategory=None
OpCode=The operation completed successfully.
RecordNumber=82198
Keywords=Classic
Message=The NgcCtnrSvc service entered the running state.
11/10/2020 02:02:43 PM
LogName=System
SourceName=Microsoft-Windows-Service Control Manager
EventCode=7036
EventType=4
Type=Information
ComputerName=win-dc-748.attackrange.local
TaskCategory=None
OpCode=The operation completed successfully.
RecordNumber=82197
Keywords=Classic
Message=The CDPUserSvc_6331c service entered the running state.
11/10/2020 02:02:43 PM
LogName=System
SourceName=Microsoft-Windows-Service Control Manager
EventCode=7036
EventType=4
Type=Information
ComputerName=win-dc-748.attackrange.local
TaskCategory=None
OpCode=The operation completed successfully.
RecordNumber=82196
Keywords=Classic
Message=The NgcSvc service entered the running state.
11/10/2020 02:02:43 PM
LogName=System
SourceName=Microsoft-Windows-GroupPolicy
EventCode=1501
EventType=4
Type=Information
ComputerName=win-dc-748.attackrange.local
User=NOT_TRANSLATED
Sid=S-1-5-21-1137257688-1461606198-555069184-500
SidType=0
TaskCategory=None
OpCode=Start
RecordNumber=82195
Keywords=None
Message=The Group Policy settings for the user were processed successfully. There were no changes detected since the last successful processing of Group Policy.
11/10/2020 02:02:44 PM
LogName=System
SourceName=Microsoft-Windows-Service Control Manager
EventCode=7036
EventType=4
Type=Information
ComputerName=win-dc-748.attackrange.local
TaskCategory=None
OpCode=The operation completed successfully.
RecordNumber=82204
Keywords=Classic
Message=The ClipSVC service entered the running state.
11/10/2020 02:02:44 PM
LogName=System
SourceName=Microsoft-Windows-Service Control Manager
EventCode=7036
EventType=4
Type=Information
ComputerName=win-dc-748.attackrange.local
TaskCategory=None
OpCode=The operation completed successfully.
RecordNumber=82203
Keywords=Classic
Message=The AppXSvc service entered the running state.
11/10/2020 02:02:44 PM
LogName=System
SourceName=Microsoft-Windows-Service Control Manager
EventCode=7036
EventType=4
Type=Information
ComputerName=win-dc-748.attackrange.local
TaskCategory=None
OpCode=The operation completed successfully.
RecordNumber=82202
Keywords=Classic
Message=The AppReadiness service entered the running state.
11/10/2020 02:02:44 PM
LogName=System
SourceName=Microsoft-Windows-Service Control Manager
EventCode=7036
EventType=4
Type=Information
ComputerName=win-dc-748.attackrange.local
TaskCategory=None
OpCode=The operation completed successfully.
RecordNumber=82201
Keywords=Classic
Message=The NcaSvc service entered the stopped state.
11/10/2020 02:02:44 PM
LogName=System
SourceName=Microsoft-Windows-GroupPolicy
EventCode=1502
EventType=4
Type=Information
ComputerName=win-dc-748.attackrange.local
User=NOT_TRANSLATED
Sid=S-1-5-18
SidType=0
TaskCategory=None
OpCode=Start
RecordNumber=82200
Keywords=None
Message=The Group Policy settings for the computer were processed successfully. New settings from 2 Group Policy objects were detected and applied.
11/10/2020 02:02:46 PM
LogName=System
SourceName=Microsoft-Windows-Service Control Manager
EventCode=7036
EventType=4
Type=Information
ComputerName=win-dc-748.attackrange.local
TaskCategory=None
OpCode=The operation completed successfully.
RecordNumber=82205
Keywords=Classic
Message=The Connected Devices Platform Service service entered the stopped state.
11/10/2020 02:02:54 PM
LogName=System
SourceName=Microsoft-Windows-Service Control Manager
EventCode=7036
EventType=4
Type=Information
ComputerName=win-dc-748.attackrange.local
TaskCategory=None
OpCode=The operation completed successfully.
RecordNumber=82209
Keywords=Classic
Message=The WdiSystemHost service entered the running state.
11/10/2020 02:02:54 PM
LogName=System
SourceName=Microsoft-Windows-Service Control Manager
EventCode=7036
EventType=4
Type=Information
ComputerName=win-dc-748.attackrange.local
TaskCategory=None
OpCode=The operation completed successfully.
RecordNumber=82208
Keywords=Classic
Message=The DPS service entered the running state.
11/10/2020 02:02:54 PM
LogName=System
SourceName=Microsoft-Windows-Service Control Manager
EventCode=7036
EventType=4
Type=Information
ComputerName=win-dc-748.attackrange.local
TaskCategory=None
OpCode=The operation completed successfully.
RecordNumber=82207
Keywords=Classic
Message=The Connected Devices Platform Service service entered the running state.
11/10/2020 02:02:54 PM
LogName=System
SourceName=Microsoft-Windows-Service Control Manager
EventCode=7036
EventType=4
Type=Information
ComputerName=win-dc-748.attackrange.local
TaskCategory=None
OpCode=The operation completed successfully.
RecordNumber=82206
Keywords=Classic
Message=The KeyIso service entered the running state.
11/10/2020 02:02:55 PM
LogName=System
SourceName=Microsoft-Windows-Service Control Manager
EventCode=7036
EventType=4
Type=Information
ComputerName=win-dc-748.attackrange.local
TaskCategory=None
OpCode=The operation completed successfully.
RecordNumber=82212
Keywords=Classic
Message=The sppsvc service entered the running state.
11/10/2020 02:02:55 PM
LogName=System
SourceName=Microsoft-Windows-Service Control Manager
EventCode=7036
EventType=4
Type=Information
ComputerName=win-dc-748.attackrange.local
TaskCategory=None
OpCode=The operation completed successfully.
RecordNumber=82211
Keywords=Classic
Message=The Distributed Transaction Coordinator service entered the running state.
11/10/2020 02:02:55 PM
LogName=System
SourceName=Microsoft-Windows-Service Control Manager
EventCode=7036
EventType=4
Type=Information
ComputerName=win-dc-748.attackrange.local
TaskCategory=None
OpCode=The operation completed successfully.
RecordNumber=82210
Keywords=Classic
Message=The MapsBroker service entered the running state.
11/10/2020 02:02:56 PM
LogName=System
SourceName=Microsoft-Windows-Service Control Manager
EventCode=7036
EventType=4
Type=Information
ComputerName=win-dc-748.attackrange.local
TaskCategory=None
OpCode=The operation completed successfully.
RecordNumber=82214
Keywords=Classic
Message=The lfsvc service entered the running state.
11/10/2020 02:02:56 PM
LogName=System
SourceName=Lfsvc
EventCode=2
EventType=4
Type=Information
ComputerName=win-dc-748.attackrange.local
TaskCategory=None
OpCode=Info
RecordNumber=82213
Keywords=Classic
Message=Geolocation positioning has been disabled by the user.
11/10/2020 02:02:57 PM
LogName=System
SourceName=Microsoft-Windows-Service Control Manager
EventCode=7036
EventType=4
Type=Information
ComputerName=win-dc-748.attackrange.local
TaskCategory=None
OpCode=The operation completed successfully.
RecordNumber=82215
Keywords=Classic
Message=The UALSVC service entered the running state.
11/10/2020 02:03:00 PM
LogName=System
SourceName=Microsoft-Windows-Service Control Manager
EventCode=7036
EventType=4
Type=Information
ComputerName=win-dc-748.attackrange.local
TaskCategory=None
OpCode=The operation completed successfully.
RecordNumber=82217
Keywords=Classic
Message=The VaultSvc service entered the running state.
11/10/2020 02:03:00 PM
LogName=System
SourceName=Microsoft-Windows-Service Control Manager
EventCode=7036
EventType=4
Type=Information
ComputerName=win-dc-748.attackrange.local
TaskCategory=None
OpCode=The operation completed successfully.
RecordNumber=82216
Keywords=Classic
Message=The Sync Host_6331c service entered the running state.
11/10/2020 02:03:01 PM
LogName=System
SourceName=Microsoft-Windows-Kernel-General
EventCode=16
EventType=4
Type=Information
ComputerName=win-dc-748.attackrange.local
User=NOT_TRANSLATED
Sid=S-1-5-21-1137257688-1461606198-555069184-500
SidType=0
TaskCategory=None
OpCode=Info
RecordNumber=82218
Keywords=None
Message=The access history in hive \??\C:\Users\Administrator\AppData\Local\Packages\Microsoft.Windows.ShellExperienceHost_cw5n1h2txyewy\Settings\settings.dat was cleared updating 3 keys and creating 1 modified pages.
11/10/2020 02:03:02 PM
LogName=System
SourceName=Microsoft-Windows-Kernel-General
EventCode=16
EventType=4
Type=Information
ComputerName=win-dc-748.attackrange.local
User=NOT_TRANSLATED
Sid=S-1-5-21-1137257688-1461606198-555069184-500
SidType=0
TaskCategory=None
OpCode=Info
RecordNumber=82219
Keywords=None
Message=The access history in hive \??\C:\Users\Administrator\AppData\Local\Packages\Microsoft.Windows.Cortana_cw5n1h2txyewy\Settings\settings.dat was cleared updating 3 keys and creating 1 modified pages.
11/10/2020 02:03:05 PM
LogName=System
SourceName=Microsoft-Windows-Service Control Manager
EventCode=7036
EventType=4
Type=Information
ComputerName=win-dc-748.attackrange.local
TaskCategory=None
OpCode=The operation completed successfully.
RecordNumber=82221
Keywords=Classic
Message=The wlidsvc service entered the running state.
11/10/2020 02:03:05 PM
LogName=System
SourceName=Microsoft-Windows-Service Control Manager
EventCode=7036
EventType=4
Type=Information
ComputerName=win-dc-748.attackrange.local
TaskCategory=None
OpCode=The operation completed successfully.
RecordNumber=82220
Keywords=Classic
Message=The MapsBroker service entered the stopped state.
11/10/2020 02:03:24 PM
LogName=System
SourceName=Microsoft-Windows-Service Control Manager
EventCode=7036
EventType=4
Type=Information
ComputerName=win-dc-748.attackrange.local
TaskCategory=None
OpCode=The operation completed successfully.
RecordNumber=82223
Keywords=Classic
Message=The SplunkForwarder Service service entered the stopped state.
11/10/2020 02:03:24 PM
LogName=System
SourceName=Microsoft-Windows-Service Control Manager
EventCode=7036
EventType=4
Type=Information
ComputerName=win-dc-748.attackrange.local
TaskCategory=None
OpCode=The operation completed successfully.
RecordNumber=82222
Keywords=Classic
Message=The SplunkForwarder Service service entered the stopped state.
11/10/2020 02:03:30 PM
LogName=System
SourceName=Microsoft-Windows-Service Control Manager
EventCode=7036
EventType=4
Type=Information
ComputerName=win-dc-748.attackrange.local
TaskCategory=None
OpCode=The operation completed successfully.
RecordNumber=82224
Keywords=Classic
Message=The sppsvc service entered the stopped state.
11/10/2020 02:03:32 PM
LogName=System
SourceName=Microsoft-Windows-Service Control Manager
EventCode=7036
EventType=4
Type=Information
ComputerName=win-dc-748.attackrange.local
TaskCategory=None
OpCode=The operation completed successfully.
RecordNumber=82225
Keywords=Classic
Message=The SplunkForwarder Service service entered the running state.
11/10/2020 02:03:34 PM
LogName=System
SourceName=Microsoft-Windows-Service Control Manager
EventCode=7045
EventType=4
Type=Information
ComputerName=win-dc-748.attackrange.local
User=NOT_TRANSLATED
Sid=S-1-5-18
SidType=0
TaskCategory=None
OpCode=The operation completed successfully.
RecordNumber=82226
Keywords=Classic
Message=A service was installed in the system.

Service Name:  npf
Service File Name:  C:/Program Files\SplunkUniversalForwarder\etc\apps\Splunk_TA_stream\windows_x86_64\bin\npf.sys
Service Type:  kernel mode driver
Service Start Type:  demand start
Service Account:
11/10/2020 02:03:40 PM
LogName=System
SourceName=Microsoft-Windows-Service Control Manager
EventCode=7036
EventType=4
Type=Information
ComputerName=win-dc-748.attackrange.local
TaskCategory=None
OpCode=The operation completed successfully.
RecordNumber=82227
Keywords=Classic
Message=The Network Setup Service service entered the stopped state.
11/10/2020 02:04:30 PM
LogName=System
SourceName=Microsoft-Windows-Service Control Manager
EventCode=7036
EventType=4
Type=Information
ComputerName=win-dc-748.attackrange.local
TaskCategory=None
OpCode=The operation completed successfully.
RecordNumber=82228
Keywords=Classic
Message=The Device Setup Manager service entered the stopped state.
11/10/2020 02:04:43 PM
LogName=System
SourceName=Microsoft-Windows-Service Control Manager
EventCode=7036
EventType=4
Type=Information
ComputerName=win-dc-748.attackrange.local
TaskCategory=None
OpCode=The operation completed successfully.
RecordNumber=82229
Keywords=Classic
Message=The Microsoft Passport service entered the stopped state.
11/10/2020 02:04:44 PM
LogName=System
SourceName=Microsoft-Windows-Service Control Manager
EventCode=7036
EventType=4
Type=Information
ComputerName=win-dc-748.attackrange.local
TaskCategory=None
OpCode=The operation completed successfully.
RecordNumber=82230
Keywords=Classic
Message=The Portable Device Enumerator Service service entered the stopped state.
11/10/2020 02:05:38 PM
LogName=System
SourceName=Microsoft-Windows-Service Control Manager
EventCode=7036
EventType=4
Type=Information
ComputerName=win-dc-748.attackrange.local
TaskCategory=None
OpCode=The operation completed successfully.
RecordNumber=82232
Keywords=Classic
Message=The Windows Insider Service service entered the running state.
11/10/2020 02:05:38 PM
LogName=System
SourceName=Microsoft-Windows-Service Control Manager
EventCode=7036
EventType=4
Type=Information
ComputerName=win-dc-748.attackrange.local
TaskCategory=None
OpCode=The operation completed successfully.
RecordNumber=82231
Keywords=Classic
Message=The Update Orchestrator Service for Windows Update service entered the running state.
11/10/2020 02:05:45 PM
LogName=System
SourceName=Microsoft-Windows-Service Control Manager
EventCode=7036
EventType=4
Type=Information
ComputerName=win-dc-748.attackrange.local
TaskCategory=None
OpCode=The operation completed successfully.
RecordNumber=82233
Keywords=Classic
Message=The Windows Modules Installer service entered the stopped state.
11/10/2020 02:06:08 PM
LogName=System
SourceName=Microsoft-Windows-Service Control Manager
EventCode=7036
EventType=4
Type=Information
ComputerName=win-dc-748.attackrange.local
TaskCategory=None
OpCode=The operation completed successfully.
RecordNumber=82234
Keywords=Classic
Message=The Microsoft Account Sign-in Assistant service entered the stopped state.
11/10/2020 02:06:38 PM
LogName=System
SourceName=Microsoft-Windows-Service Control Manager
EventCode=7036
EventType=4
Type=Information
ComputerName=win-dc-748.attackrange.local
TaskCategory=None
OpCode=The operation completed successfully.
RecordNumber=82235
Keywords=Classic
Message=The Windows Insider Service service entered the stopped state.
11/10/2020 02:06:44 PM
LogName=System
SourceName=Microsoft-Windows-Service Control Manager
EventCode=7036
EventType=4
Type=Information
ComputerName=win-dc-748.attackrange.local
TaskCategory=None
OpCode=The operation completed successfully.
RecordNumber=82236
Keywords=Classic
Message=The Update Orchestrator Service for Windows Update service entered the stopped state.
