11/10/2020 01:53:26 PM
LogName=System
SourceName=Microsoft-Windows-Service Control Manager
EventCode=7036
EventType=4
Type=Information
ComputerName=win-dc-748.attackrange.local
TaskCategory=None
OpCode=The operation completed successfully.
RecordNumber=81892
Keywords=Classic
Message=The EventSystem service entered the running state.
11/10/2020 01:53:26 PM
LogName=System
SourceName=Microsoft-Windows-Service Control Manager
EventCode=7036
EventType=4
Type=Information
ComputerName=win-dc-748.attackrange.local
TaskCategory=None
OpCode=The operation completed successfully.
RecordNumber=81891
Keywords=Classic
Message=The Dhcp service entered the running state.
11/10/2020 01:53:26 PM
LogName=System
SourceName=Microsoft-Windows-DHCPv6-Client
EventCode=51046
EventType=4
Type=Information
ComputerName=win-dc-748.attackrange.local
User=NOT_TRANSLATED
Sid=S-1-5-19
SidType=0
TaskCategory=Service State Event
OpCode=ServiceStart
RecordNumber=81890
Keywords=None
Message=DHCPv6 client service is started
11/10/2020 01:53:26 PM
LogName=System
SourceName=Microsoft-Windows-Service Control Manager
EventCode=7036
EventType=4
Type=Information
ComputerName=win-dc-748.attackrange.local
TaskCategory=None
OpCode=The operation completed successfully.
RecordNumber=81889
Keywords=Classic
Message=The WPDBusEnum service entered the running state.
11/10/2020 01:53:26 PM
LogName=System
SourceName=Microsoft-Windows-Dhcp-Client
EventCode=50036
EventType=4
Type=Information
ComputerName=win-dc-748.attackrange.local
User=NOT_TRANSLATED
Sid=S-1-5-19
SidType=0
TaskCategory=Service State Event
OpCode=ServiceStart
RecordNumber=81888
Keywords=None
Message=DHCPv4 client service is started
11/10/2020 01:53:26 PM
LogName=System
SourceName=Microsoft-Windows-Service Control Manager
EventCode=7036
EventType=4
Type=Information
ComputerName=win-dc-748.attackrange.local
TaskCategory=None
OpCode=The operation completed successfully.
RecordNumber=81887
Keywords=Classic
Message=The NTDS service entered the running state.
11/10/2020 01:53:26 PM
LogName=System
SourceName=Microsoft-Windows-FilterManager
EventCode=6
EventType=4
Type=Information
ComputerName=win-dc-748.attackrange.local
User=NOT_TRANSLATED
Sid=S-1-5-18
SidType=0
TaskCategory=None
OpCode=Info
RecordNumber=81886
Keywords=None
Message=File System Filter 'storqosflt' (10.0, ‎2019‎-‎02‎-‎17T02:00:41.000000000Z) has successfully loaded and registered with Filter Manager.
11/10/2020 01:53:26 PM
LogName=System
SourceName=Microsoft-Windows-FilterManager
EventCode=6
EventType=4
Type=Information
ComputerName=win-dc-748.attackrange.local
User=NOT_TRANSLATED
Sid=S-1-5-18
SidType=0
TaskCategory=None
OpCode=Info
RecordNumber=81885
Keywords=None
Message=File System Filter 'wcifs' (10.0, ‎2020‎-‎02‎-‎19T07:59:09.000000000Z) has successfully loaded and registered with Filter Manager.
11/10/2020 01:53:26 PM
LogName=System
SourceName=Microsoft-Windows-FilterManager
EventCode=6
EventType=4
Type=Information
ComputerName=win-dc-748.attackrange.local
User=NOT_TRANSLATED
Sid=S-1-5-18
SidType=0
TaskCategory=None
OpCode=Info
RecordNumber=81884
Keywords=None
Message=File System Filter 'luafv' (10.0, ‎2019‎-‎04‎-‎02T04:23:00.000000000Z) has successfully loaded and registered with Filter Manager.
11/10/2020 01:53:26 PM
LogName=System
SourceName=Microsoft-Windows-Service Control Manager
EventCode=7036
EventType=4
Type=Information
ComputerName=win-dc-748.attackrange.local
TaskCategory=None
OpCode=The operation completed successfully.
RecordNumber=81883
Keywords=Classic
Message=The Dnscache service entered the running state.
11/10/2020 01:53:26 PM
LogName=System
SourceName=Microsoft-Windows-Service Control Manager
EventCode=7036
EventType=4
Type=Information
ComputerName=win-dc-748.attackrange.local
TaskCategory=None
OpCode=The operation completed successfully.
RecordNumber=81882
Keywords=Classic
Message=The EventLog service entered the running state.
11/10/2020 01:53:26 PM
LogName=System
SourceName=Microsoft-Windows-Service Control Manager
EventCode=7036
EventType=4
Type=Information
ComputerName=win-dc-748.attackrange.local
TaskCategory=None
OpCode=The operation completed successfully.
RecordNumber=81881
Keywords=Classic
Message=The lmhosts service entered the running state.
11/10/2020 01:53:26 PM
LogName=System
SourceName=Microsoft-Windows-Service Control Manager
EventCode=7036
EventType=4
Type=Information
ComputerName=win-dc-748.attackrange.local
TaskCategory=None
OpCode=The operation completed successfully.
RecordNumber=81880
Keywords=Classic
Message=The nsi service entered the running state.
11/10/2020 01:53:26 PM
LogName=System
SourceName=Microsoft-Windows-Service Control Manager
EventCode=7036
EventType=4
Type=Information
ComputerName=win-dc-748.attackrange.local
TaskCategory=None
OpCode=The operation completed successfully.
RecordNumber=81879
Keywords=Classic
Message=The TermService service entered the running state.
11/10/2020 01:53:26 PM
LogName=System
SourceName=Microsoft-Windows-Service Control Manager
EventCode=7036
EventType=4
Type=Information
ComputerName=win-dc-748.attackrange.local
TaskCategory=None
OpCode=The operation completed successfully.
RecordNumber=81878
Keywords=Classic
Message=The SystemEventsBroker service entered the running state.
11/10/2020 01:53:26 PM
LogName=System
SourceName=Microsoft-Windows-Service Control Manager
EventCode=7036
EventType=4
Type=Information
ComputerName=win-dc-748.attackrange.local
TaskCategory=None
OpCode=The operation completed successfully.
RecordNumber=81877
Keywords=Classic
Message=The BrokerInfrastructure service entered the running state.
11/10/2020 01:53:26 PM
LogName=System
SourceName=Microsoft-Windows-Service Control Manager
EventCode=7036
EventType=4
Type=Information
ComputerName=win-dc-748.attackrange.local
TaskCategory=None
OpCode=The operation completed successfully.
RecordNumber=81876
Keywords=Classic
Message=The LSM service entered the running state.
11/10/2020 01:53:26 PM
LogName=System
SourceName=Microsoft-Windows-Service Control Manager
EventCode=7036
EventType=4
Type=Information
ComputerName=win-dc-748.attackrange.local
TaskCategory=None
OpCode=The operation completed successfully.
RecordNumber=81875
Keywords=Classic
Message=The RpcSs service entered the running state.
11/10/2020 01:53:26 PM
LogName=System
SourceName=Microsoft-Windows-Service Control Manager
EventCode=7036
EventType=4
Type=Information
ComputerName=win-dc-748.attackrange.local
TaskCategory=None
OpCode=The operation completed successfully.
RecordNumber=81874
Keywords=Classic
Message=The RpcEptMapper service entered the running state.
11/10/2020 01:53:26 PM
LogName=System
SourceName=Microsoft-Windows-Service Control Manager
EventCode=7036
EventType=4
Type=Information
ComputerName=win-dc-748.attackrange.local
TaskCategory=None
OpCode=The operation completed successfully.
RecordNumber=81873
Keywords=Classic
Message=The DcomLaunch service entered the running state.
11/10/2020 01:53:26 PM
LogName=System
SourceName=Microsoft-Windows-Service Control Manager
EventCode=7036
EventType=4
Type=Information
ComputerName=win-dc-748.attackrange.local
TaskCategory=None
OpCode=The operation completed successfully.
RecordNumber=81872
Keywords=Classic
Message=The Power service entered the running state.
11/10/2020 01:53:26 PM
LogName=System
SourceName=Microsoft-Windows-Service Control Manager
EventCode=7036
EventType=4
Type=Information
ComputerName=win-dc-748.attackrange.local
TaskCategory=None
OpCode=The operation completed successfully.
RecordNumber=81871
Keywords=Classic
Message=The PlugPlay service entered the running state.
11/10/2020 01:53:26 PM
LogName=System
SourceName=Microsoft-Windows-Directory-Services-SAM
EventCode=16413
EventType=4
Type=Information
ComputerName=win-dc-748.attackrange.local
User=NOT_TRANSLATED
Sid=S-1-5-18
SidType=0
TaskCategory=None
OpCode=Info
RecordNumber=81870
Keywords=None
Message=An error occurred when trying to remove the account Network Service from the group Performance Log Users. The problem, "The system cannot find the file specified.
", occurred when trying to remove the account from the group.  Please remove the member manually.
11/10/2020 01:53:26 PM
LogName=System
SourceName=Microsoft-Windows-Directory-Services-SAM
EventCode=16403
EventType=4
Type=Information
ComputerName=win-dc-748.attackrange.local
User=NOT_TRANSLATED
Sid=S-1-5-18
SidType=0
TaskCategory=None
OpCode=Info
RecordNumber=81869
Keywords=None
Message=The error "The specified local group already exists.
" occurred when trying to create the well known account Storage Replica Administrators. Please contact PSS to recover.
11/10/2020 01:53:26 PM
LogName=System
SourceName=Microsoft-Windows-Directory-Services-SAM
EventCode=16403
EventType=4
Type=Information
ComputerName=win-dc-748.attackrange.local
User=NOT_TRANSLATED
Sid=S-1-5-18
SidType=0
TaskCategory=None
OpCode=Info
RecordNumber=81868
Keywords=None
Message=The error "The specified local group already exists.
" occurred when trying to create the well known account Remote Management Users. Please contact PSS to recover.
11/10/2020 01:53:26 PM
LogName=System
SourceName=Microsoft-Windows-Directory-Services-SAM
EventCode=16403
EventType=4
Type=Information
ComputerName=win-dc-748.attackrange.local
User=NOT_TRANSLATED
Sid=S-1-5-18
SidType=0
TaskCategory=None
OpCode=Info
RecordNumber=81867
Keywords=None
Message=The error "The specified local group already exists.
" occurred when trying to create the well known account Access Control Assistance Operators. Please contact PSS to recover.
11/10/2020 01:53:26 PM
LogName=System
SourceName=Microsoft-Windows-Directory-Services-SAM
EventCode=16403
EventType=4
Type=Information
ComputerName=win-dc-748.attackrange.local
User=NOT_TRANSLATED
Sid=S-1-5-18
SidType=0
TaskCategory=None
OpCode=Info
RecordNumber=81866
Keywords=None
Message=The error "The specified local group already exists.
" occurred when trying to create the well known account Hyper-V Administrators. Please contact PSS to recover.
11/10/2020 01:53:26 PM
LogName=System
SourceName=Microsoft-Windows-Directory-Services-SAM
EventCode=16403
EventType=4
Type=Information
ComputerName=win-dc-748.attackrange.local
User=NOT_TRANSLATED
Sid=S-1-5-18
SidType=0
TaskCategory=None
OpCode=Info
RecordNumber=81865
Keywords=None
Message=The error "The specified local group already exists.
" occurred when trying to create the well known account RDS Management Servers. Please contact PSS to recover.
11/10/2020 01:53:26 PM
LogName=System
SourceName=Microsoft-Windows-Directory-Services-SAM
EventCode=16403
EventType=4
Type=Information
ComputerName=win-dc-748.attackrange.local
User=NOT_TRANSLATED
Sid=S-1-5-18
SidType=0
TaskCategory=None
OpCode=Info
RecordNumber=81864
Keywords=None
Message=The error "The specified local group already exists.
" occurred when trying to create the well known account RDS Endpoint Servers. Please contact PSS to recover.
11/10/2020 01:53:26 PM
LogName=System
SourceName=Microsoft-Windows-Directory-Services-SAM
EventCode=16403
EventType=4
Type=Information
ComputerName=win-dc-748.attackrange.local
User=NOT_TRANSLATED
Sid=S-1-5-18
SidType=0
TaskCategory=None
OpCode=Info
RecordNumber=81863
Keywords=None
Message=The error "The specified local group already exists.
" occurred when trying to create the well known account RDS Remote Access Servers. Please contact PSS to recover.
11/10/2020 01:53:26 PM
LogName=System
SourceName=Microsoft-Windows-Directory-Services-SAM
EventCode=16403
EventType=4
Type=Information
ComputerName=win-dc-748.attackrange.local
User=NOT_TRANSLATED
Sid=S-1-5-18
SidType=0
TaskCategory=None
OpCode=Info
RecordNumber=81862
Keywords=None
Message=The error "The specified local group already exists.
" occurred when trying to create the well known account Certificate Service DCOM Access. Please contact PSS to recover.
11/10/2020 01:53:26 PM
LogName=System
SourceName=Microsoft-Windows-Directory-Services-SAM
EventCode=16403
EventType=4
Type=Information
ComputerName=win-dc-748.attackrange.local
User=NOT_TRANSLATED
Sid=S-1-5-18
SidType=0
TaskCategory=None
OpCode=Info
RecordNumber=81861
Keywords=None
Message=The error "The specified local group already exists.
" occurred when trying to create the well known account Event Log Readers. Please contact PSS to recover.
11/10/2020 01:53:26 PM
LogName=System
SourceName=Microsoft-Windows-Directory-Services-SAM
EventCode=16401
EventType=4
Type=Information
ComputerName=win-dc-748.attackrange.local
User=NOT_TRANSLATED
Sid=S-1-5-18
SidType=0
TaskCategory=None
OpCode=Info
RecordNumber=81860
Keywords=None
Message=An error occurred when trying to add the account INTERNET USER to the group IIS_IUSRS. The problem, "The specified local group does not exist.
", occurred when trying to open the group. Please add the account manually.
11/10/2020 01:53:26 PM
LogName=System
SourceName=Microsoft-Windows-Directory-Services-SAM
EventCode=16403
EventType=4
Type=Information
ComputerName=win-dc-748.attackrange.local
User=NOT_TRANSLATED
Sid=S-1-5-18
SidType=0
TaskCategory=None
OpCode=Info
RecordNumber=81859
Keywords=None
Message=The error "The specified local group already exists.
" occurred when trying to create the well known account Cryptographic Operators. Please contact PSS to recover.
11/10/2020 01:53:26 PM
LogName=System
SourceName=Microsoft-Windows-Directory-Services-SAM
EventCode=16403
EventType=4
Type=Information
ComputerName=win-dc-748.attackrange.local
User=NOT_TRANSLATED
Sid=S-1-5-18
SidType=0
TaskCategory=None
OpCode=Info
RecordNumber=81858
Keywords=None
Message=The error "The specified local group already exists.
" occurred when trying to create the well known account IIS_IUSRS. Please contact PSS to recover.
11/10/2020 01:53:26 PM
LogName=System
SourceName=Microsoft-Windows-Directory-Services-SAM
EventCode=16403
EventType=4
Type=Information
ComputerName=win-dc-748.attackrange.local
User=NOT_TRANSLATED
Sid=S-1-5-18
SidType=0
TaskCategory=None
OpCode=Info
RecordNumber=81857
Keywords=None
Message=The error "The specified local group already exists.
" occurred when trying to create the well known account Distributed COM Users. Please contact PSS to recover.
11/10/2020 01:53:26 PM
LogName=System
SourceName=Microsoft-Windows-Directory-Services-SAM
EventCode=16937
EventType=4
Type=Information
ComputerName=win-dc-748.attackrange.local
User=NOT_TRANSLATED
Sid=S-1-5-18
SidType=0
TaskCategory=None
OpCode=Info
RecordNumber=81856
Keywords=None
Message=Secured the machine account .  The builtin\account operators full control Access Control Entry was removed from the security descriptor on this object.
11/10/2020 01:53:26 PM
LogName=System
SourceName=EventLog
EventCode=6013
EventType=4
Type=Information
ComputerName=win-dc-748.attackrange.local
TaskCategory=None
OpCode=None
RecordNumber=81827
Keywords=Classic
Message=The system uptime is 16 seconds.
11/10/2020 01:53:26 PM
LogName=System
SourceName=EventLog
EventCode=6005
EventType=4
Type=Information
ComputerName=win-dc-748.attackrange.local
TaskCategory=None
OpCode=None
RecordNumber=81826
Keywords=Classic
Message=The Event log service was started.
11/10/2020 01:53:26 PM
LogName=System
SourceName=EventLog
EventCode=6009
EventType=4
Type=Information
ComputerName=win-dc-748.attackrange.local
TaskCategory=None
OpCode=None
RecordNumber=81825
Keywords=Classic
Message=Microsoft (R) Windows (R) 10.00. 14393  Multiprocessor Free.
11/10/2020 01:53:27 PM
LogName=System
SourceName=Microsoft-Windows-DNS Client Events
EventCode=1014
EventType=3
Type=Warning
ComputerName=win-dc-748.attackrange.local
User=NOT_TRANSLATED
Sid=S-1-5-20
SidType=0
TaskCategory=1014
OpCode=Info
RecordNumber=81926
Keywords=None
Message=Name resolution for the name _ldap._tcp.dc._msdcs.attackrange.local. timed out after none of the configured DNS servers responded.
11/10/2020 01:53:27 PM
LogName=System
SourceName=Microsoft-Windows-Service Control Manager
EventCode=7036
EventType=4
Type=Information
ComputerName=win-dc-748.attackrange.local
TaskCategory=None
OpCode=The operation completed successfully.
RecordNumber=81925
Keywords=Classic
Message=The PolicyAgent service entered the running state.
11/10/2020 01:53:27 PM
LogName=System
SourceName=Microsoft-Windows-Iphlpsvc
EventCode=4200
EventType=4
Type=Information
ComputerName=win-dc-748.attackrange.local
User=NOT_TRANSLATED
Sid=S-1-5-18
SidType=0
TaskCategory=None
OpCode=Info
RecordNumber=81924
Keywords=None
Message=Isatap interface isatap.eu-central-1.compute.internal with address fe80::5efe:10.0.1.14 has been brought up.
11/10/2020 01:53:27 PM
LogName=System
SourceName=Microsoft-Windows-Service Control Manager
EventCode=7036
EventType=4
Type=Information
ComputerName=win-dc-748.attackrange.local
TaskCategory=None
OpCode=The operation completed successfully.
RecordNumber=81923
Keywords=Classic
Message=The KeyIso service entered the running state.
11/10/2020 01:53:27 PM
LogName=System
SourceName=Microsoft-Windows-Service Control Manager
EventCode=7036
EventType=4
Type=Information
ComputerName=win-dc-748.attackrange.local
TaskCategory=None
OpCode=The operation completed successfully.
RecordNumber=81922
Keywords=Classic
Message=The MpsSvc service entered the running state.
11/10/2020 01:53:27 PM
LogName=System
SourceName=Microsoft-Windows-Service Control Manager
EventCode=7036
EventType=4
Type=Information
ComputerName=win-dc-748.attackrange.local
TaskCategory=None
OpCode=The operation completed successfully.
RecordNumber=81921
Keywords=Classic
Message=The UserManager service entered the running state.
11/10/2020 01:53:27 PM
LogName=System
SourceName=Microsoft-Windows-Service Control Manager
EventCode=7036
EventType=4
Type=Information
ComputerName=win-dc-748.attackrange.local
TaskCategory=None
OpCode=The operation completed successfully.
RecordNumber=81920
Keywords=Classic
Message=The NetSetupSvc service entered the running state.
11/10/2020 01:53:27 PM
LogName=System
SourceName=Microsoft-Windows-Service Control Manager
EventCode=7036
EventType=4
Type=Information
ComputerName=win-dc-748.attackrange.local
TaskCategory=None
OpCode=The operation completed successfully.
RecordNumber=81919
Keywords=Classic
Message=The TimeBrokerSvc service entered the running state.
11/10/2020 01:53:27 PM
LogName=System
SourceName=Microsoft-Windows-Service Control Manager
EventCode=7036
EventType=4
Type=Information
ComputerName=win-dc-748.attackrange.local
TaskCategory=None
OpCode=The operation completed successfully.
RecordNumber=81918
Keywords=Classic
Message=The NcaSvc service entered the stopped state.
11/10/2020 01:53:27 PM
LogName=System
SourceName=Microsoft-Windows-Service Control Manager
EventCode=7036
EventType=4
Type=Information
ComputerName=win-dc-748.attackrange.local
TaskCategory=None
OpCode=The operation completed successfully.
RecordNumber=81917
Keywords=Classic
Message=The iphlpsvc service entered the running state.
11/10/2020 01:53:27 PM
LogName=System
SourceName=Microsoft-Windows-Service Control Manager
EventCode=7036
EventType=4
Type=Information
ComputerName=win-dc-748.attackrange.local
TaskCategory=None
OpCode=The operation completed successfully.
RecordNumber=81916
Keywords=Classic
Message=The Schedule service entered the running state.
11/10/2020 01:53:27 PM
LogName=System
SourceName=Microsoft-Windows-Service Control Manager
EventCode=7036
EventType=4
Type=Information
ComputerName=win-dc-748.attackrange.local
TaskCategory=None
OpCode=The operation completed successfully.
RecordNumber=81915
Keywords=Classic
Message=The Kdc service entered the running state.
11/10/2020 01:53:27 PM
LogName=System
SourceName=Microsoft-Windows-Service Control Manager
EventCode=7036
EventType=4
Type=Information
ComputerName=win-dc-748.attackrange.local
TaskCategory=None
OpCode=The operation completed successfully.
RecordNumber=81914
Keywords=Classic
Message=The Winmgmt service entered the running state.
11/10/2020 01:53:27 PM
LogName=System
SourceName=Microsoft-Windows-DNS Client Events
EventCode=1014
EventType=3
Type=Warning
ComputerName=win-dc-748.attackrange.local
User=NOT_TRANSLATED
Sid=S-1-5-20
SidType=0
TaskCategory=1014
OpCode=Info
RecordNumber=81913
Keywords=None
Message=Name resolution for the name _ldap._tcp.dc._msdcs.attackrange.local. timed out after none of the configured DNS servers responded.
11/10/2020 01:53:27 PM
LogName=System
SourceName=Microsoft-Windows-Service Control Manager
EventCode=7036
EventType=4
Type=Information
ComputerName=win-dc-748.attackrange.local
TaskCategory=None
OpCode=The operation completed successfully.
RecordNumber=81912
Keywords=Classic
Message=The SessionEnv service entered the running state.
11/10/2020 01:53:27 PM
LogName=System
SourceName=Microsoft-Windows-TerminalServices-RemoteConnectionManager
EventCode=1056
EventType=4
Type=Information
ComputerName=win-dc-748.attackrange.local
TaskCategory=None
OpCode=The operation completed successfully.
RecordNumber=81911
Keywords=Classic
Message=A new self signed certificate to be used for RD Session Host Server authentication on SSL connections was generated. The name on this certificate is win-dc-748.attackrange.local. The SHA1 hash of the certificate is in the event data.
11/10/2020 01:53:27 PM
LogName=System
SourceName=Microsoft-Windows-Service Control Manager
EventCode=7036
EventType=4
Type=Information
ComputerName=win-dc-748.attackrange.local
TaskCategory=None
OpCode=The operation completed successfully.
RecordNumber=81910
Keywords=Classic
Message=The BFE service entered the running state.
11/10/2020 01:53:27 PM
LogName=System
SourceName=Microsoft-Windows-Service Control Manager
EventCode=7036
EventType=4
Type=Information
ComputerName=win-dc-748.attackrange.local
TaskCategory=None
OpCode=The operation completed successfully.
RecordNumber=81909
Keywords=Classic
Message=The WinHttpAutoProxySvc service entered the running state.
11/10/2020 01:53:27 PM
LogName=System
SourceName=Microsoft-Windows-Service Control Manager
EventCode=7036
EventType=4
Type=Information
ComputerName=win-dc-748.attackrange.local
TaskCategory=None
OpCode=The operation completed successfully.
RecordNumber=81908
Keywords=Classic
Message=The DsmSvc service entered the running state.
11/10/2020 01:53:27 PM
LogName=System
SourceName=Microsoft-Windows-Service Control Manager
EventCode=7036
EventType=4
Type=Information
ComputerName=win-dc-748.attackrange.local
TaskCategory=None
OpCode=The operation completed successfully.
RecordNumber=81907
Keywords=Classic
Message=The NcbService service entered the running state.
11/10/2020 01:53:27 PM
LogName=System
SourceName=Microsoft-Windows-Service Control Manager
EventCode=7036
EventType=4
Type=Information
ComputerName=win-dc-748.attackrange.local
TaskCategory=None
OpCode=The operation completed successfully.
RecordNumber=81906
Keywords=Classic
Message=The netprofm service entered the running state.
11/10/2020 01:53:27 PM
LogName=System
SourceName=Microsoft-Windows-Service Control Manager
EventCode=7036
EventType=4
Type=Information
ComputerName=win-dc-748.attackrange.local
TaskCategory=None
OpCode=The operation completed successfully.
RecordNumber=81905
Keywords=Classic
Message=The FontCache service entered the running state.
11/10/2020 01:53:27 PM
LogName=System
SourceName=Microsoft-Windows-Service Control Manager
EventCode=7036
EventType=4
Type=Information
ComputerName=win-dc-748.attackrange.local
TaskCategory=None
OpCode=The operation completed successfully.
RecordNumber=81904
Keywords=Classic
Message=The Wcmsvc service entered the running state.
11/10/2020 01:53:27 PM
LogName=System
SourceName=Microsoft-Windows-Service Control Manager
EventCode=7036
EventType=4
Type=Information
ComputerName=win-dc-748.attackrange.local
TaskCategory=None
OpCode=The operation completed successfully.
RecordNumber=81903
Keywords=Classic
Message=The LanmanWorkstation service entered the running state.
11/10/2020 01:53:27 PM
LogName=System
SourceName=Microsoft-Windows-DNS Client Events
EventCode=1014
EventType=3
Type=Warning
ComputerName=win-dc-748.attackrange.local
User=NOT_TRANSLATED
Sid=S-1-5-20
SidType=0
TaskCategory=1014
OpCode=Info
RecordNumber=81902
Keywords=None
Message=Name resolution for the name _ldap._tcp.dc._msdcs.attackrange.local. timed out after none of the configured DNS servers responded.
11/10/2020 01:53:27 PM
LogName=System
SourceName=Microsoft-Windows-Service Control Manager
EventCode=7036
EventType=4
Type=Information
ComputerName=win-dc-748.attackrange.local
TaskCategory=None
OpCode=The operation completed successfully.
RecordNumber=81901
Keywords=Classic
Message=The ShellHWDetection service entered the running state.
11/10/2020 01:53:30 PM
LogName=System
SourceName=Microsoft-Windows-Service Control Manager
EventCode=7036
EventType=4
Type=Information
ComputerName=win-dc-748.attackrange.local
TaskCategory=None
OpCode=The operation completed successfully.
RecordNumber=81927
Keywords=Classic
Message=The CryptSvc service entered the running state.
11/10/2020 01:53:31 PM
LogName=System
SourceName=Microsoft-Windows-Service Control Manager
EventCode=7036
EventType=4
Type=Information
ComputerName=win-dc-748.attackrange.local
TaskCategory=None
OpCode=The operation completed successfully.
RecordNumber=81928
Keywords=Classic
Message=The wuauserv service entered the running state.
11/10/2020 01:53:32 PM
LogName=System
SourceName=Microsoft-Windows-Service Control Manager
EventCode=7036
EventType=4
Type=Information
ComputerName=win-dc-748.attackrange.local
TaskCategory=None
OpCode=The operation completed successfully.
RecordNumber=81929
Keywords=Classic
Message=The TrustedInstaller service entered the running state.
11/10/2020 01:53:36 PM
LogName=System
SourceName=Microsoft-Windows-Service Control Manager
EventCode=7036
EventType=4
Type=Information
ComputerName=win-dc-748.attackrange.local
TaskCategory=None
OpCode=The operation completed successfully.
RecordNumber=81933
Keywords=Classic
Message=The LanmanServer service entered the running state.
11/10/2020 01:53:36 PM
LogName=System
SourceName=Microsoft-Windows-Service Control Manager
EventCode=7036
EventType=4
Type=Information
ComputerName=win-dc-748.attackrange.local
TaskCategory=None
OpCode=The operation completed successfully.
RecordNumber=81932
Keywords=Classic
Message=The SamSs service entered the running state.
11/10/2020 01:53:36 PM
LogName=System
SourceName=Microsoft-Windows-Directory-Services-SAM
EventCode=16648
EventType=4
Type=Information
ComputerName=win-dc-748.attackrange.local
User=NOT_TRANSLATED
Sid=S-1-5-18
SidType=0
TaskCategory=None
OpCode=Info
RecordNumber=81931
Keywords=None
Message=The request for a new account-identifier pool has completed successfully.
11/10/2020 01:53:36 PM
LogName=System
SourceName=Microsoft-Windows-Directory-Services-SAM
EventCode=16647
EventType=4
Type=Information
ComputerName=win-dc-748.attackrange.local
User=NOT_TRANSLATED
Sid=S-1-5-18
SidType=0
TaskCategory=None
OpCode=Info
RecordNumber=81930
Keywords=None
Message=The domain controller is starting a request for a new account-identifier pool.
11/10/2020 01:53:41 PM
LogName=System
SourceName=Microsoft-Windows-Service Control Manager
EventCode=7026
EventType=4
Type=Information
ComputerName=win-dc-748.attackrange.local
TaskCategory=None
OpCode=The operation completed successfully.
RecordNumber=81954
Keywords=Classic
Message=The following boot-start or system-start driver(s) did not load: 
cdrom
dam
11/10/2020 01:53:41 PM
LogName=System
SourceName=Microsoft-Windows-Service Control Manager
EventCode=7036
EventType=4
Type=Information
ComputerName=win-dc-748.attackrange.local
TaskCategory=None
OpCode=The operation completed successfully.
RecordNumber=81953
Keywords=Classic
Message=The AmazonSSMAgent service entered the running state.
11/10/2020 01:53:41 PM
LogName=System
SourceName=Microsoft-Windows-Service Control Manager
EventCode=7036
EventType=4
Type=Information
ComputerName=win-dc-748.attackrange.local
TaskCategory=None
OpCode=The operation completed successfully.
RecordNumber=81952
Keywords=Classic
Message=The ADWS service entered the running state.
11/10/2020 01:53:41 PM
LogName=System
SourceName=Microsoft-Windows-Service Control Manager
EventCode=7036
EventType=4
Type=Information
ComputerName=win-dc-748.attackrange.local
TaskCategory=None
OpCode=The operation completed successfully.
RecordNumber=81951
Keywords=Classic
Message=The tiledatamodelsvc service entered the running state.
11/10/2020 01:53:41 PM
LogName=System
SourceName=Microsoft-Windows-Service Control Manager
EventCode=7036
EventType=4
Type=Information
ComputerName=win-dc-748.attackrange.local
TaskCategory=None
OpCode=The operation completed successfully.
RecordNumber=81950
Keywords=Classic
Message=The StateRepository service entered the running state.
11/10/2020 01:53:41 PM
LogName=System
SourceName=Microsoft-Windows-Service Control Manager
EventCode=7036
EventType=4
Type=Information
ComputerName=win-dc-748.attackrange.local
TaskCategory=None
OpCode=The operation completed successfully.
RecordNumber=81949
Keywords=Classic
Message=The WinRM service entered the running state.
11/10/2020 01:53:41 PM
LogName=System
SourceName=Microsoft-Windows-Service Control Manager
EventCode=7036
EventType=4
Type=Information
ComputerName=win-dc-748.attackrange.local
TaskCategory=None
OpCode=The operation completed successfully.
RecordNumber=81948
Keywords=Classic
Message=The EFS service entered the running state.
11/10/2020 01:53:41 PM
LogName=System
SourceName=Microsoft-Windows-Service Control Manager
EventCode=7036
EventType=4
Type=Information
ComputerName=win-dc-748.attackrange.local
TaskCategory=None
OpCode=The operation completed successfully.
RecordNumber=81947
Keywords=Classic
Message=The DFSR service entered the running state.
11/10/2020 01:53:41 PM
LogName=System
SourceName=Microsoft-Windows-Service Control Manager
EventCode=7036
EventType=4
Type=Information
ComputerName=win-dc-748.attackrange.local
TaskCategory=None
OpCode=The operation completed successfully.
RecordNumber=81946
Keywords=Classic
Message=The WpnService service entered the running state.
11/10/2020 01:53:41 PM
LogName=System
SourceName=Microsoft-Windows-Service Control Manager
EventCode=7036
EventType=4
Type=Information
ComputerName=win-dc-748.attackrange.local
TaskCategory=None
OpCode=The operation completed successfully.
RecordNumber=81945
Keywords=Classic
Message=The Dfs service entered the running state.
11/10/2020 01:53:41 PM
LogName=System
SourceName=Microsoft-Windows-Service Control Manager
EventCode=7036
EventType=4
Type=Information
ComputerName=win-dc-748.attackrange.local
TaskCategory=None
OpCode=The operation completed successfully.
RecordNumber=81944
Keywords=Classic
Message=The IsmServ service entered the running state.
11/10/2020 01:53:41 PM
LogName=System
SourceName=Microsoft-Windows-Service Control Manager
EventCode=7036
EventType=4
Type=Information
ComputerName=win-dc-748.attackrange.local
TaskCategory=None
OpCode=The operation completed successfully.
RecordNumber=81943
Keywords=Classic
Message=The AWSLiteAgent service entered the running state.
11/10/2020 01:53:41 PM
LogName=System
SourceName=Microsoft-Windows-Service Control Manager
EventCode=7036
EventType=4
Type=Information
ComputerName=win-dc-748.attackrange.local
TaskCategory=None
OpCode=The operation completed successfully.
RecordNumber=81942
Keywords=Classic
Message=The PcaSvc service entered the running state.
11/10/2020 01:53:41 PM
LogName=System
SourceName=Microsoft-Windows-Service Control Manager
EventCode=7036
EventType=4
Type=Information
ComputerName=win-dc-748.attackrange.local
TaskCategory=None
OpCode=The operation completed successfully.
RecordNumber=81941
Keywords=Classic
Message=The RemoteRegistry service entered the running state.
11/10/2020 01:53:41 PM
LogName=System
SourceName=Microsoft-Windows-Service Control Manager
EventCode=7036
EventType=4
Type=Information
ComputerName=win-dc-748.attackrange.local
TaskCategory=None
OpCode=The operation completed successfully.
RecordNumber=81940
Keywords=Classic
Message=The Spooler service entered the running state.
11/10/2020 01:53:41 PM
LogName=System
SourceName=Microsoft-Windows-Service Control Manager
EventCode=7036
EventType=4
Type=Information
ComputerName=win-dc-748.attackrange.local
TaskCategory=None
OpCode=The operation completed successfully.
RecordNumber=81939
Keywords=Classic
Message=The WerSvc service entered the running state.
11/10/2020 01:53:41 PM
LogName=System
SourceName=Microsoft-Windows-Windows Remote Management
EventCode=10154
EventType=3
Type=Warning
ComputerName=win-dc-748.attackrange.local
TaskCategory=None
OpCode=Info
RecordNumber=81937
Keywords=Classic
Message=The WinRM service failed to create the following SPNs: WSMAN/win-dc-748.attackrange.local; WSMAN/win-dc-748. 

 Additional Data 
 The error received was 10054: %%10054.

 User Action 
 The SPNs can be created by an administrator using setspn.exe utility.
11/10/2020 01:53:41 PM
LogName=System
SourceName=Microsoft-Windows-Windows Remote Management
EventCode=10148
EventType=4
Type=Information
ComputerName=win-dc-748.attackrange.local
TaskCategory=None
OpCode=Info
RecordNumber=81936
Keywords=Classic
Message=The WinRM service is listening for WS-Management requests. 

 User Action 
 Use the following command to see the specific IPs on which WinRM is listening: 

 winrm enumerate winrm/config/listener
11/10/2020 01:53:41 PM
LogName=System
SourceName=Microsoft-Windows-DfsSvc
EventCode=14531
EventType=4
Type=Information
ComputerName=win-dc-748.attackrange.local
TaskCategory=None
OpCode=The operation completed successfully.
RecordNumber=81935
Keywords=Classic
Message=DFS server has finished initializing.
11/10/2020 01:53:41 PM
LogName=System
SourceName=Microsoft-Windows-DfsSvc
EventCode=14533
EventType=4
Type=Information
ComputerName=win-dc-748.attackrange.local
TaskCategory=None
OpCode=The operation completed successfully.
RecordNumber=81934
Keywords=Classic
Message=DFS has finished building all namespaces.
11/10/2020 01:53:42 PM
LogName=System
SourceName=Microsoft-Windows-Service Control Manager
EventCode=7036
EventType=4
Type=Information
ComputerName=win-dc-748.attackrange.local
TaskCategory=None
OpCode=The operation completed successfully.
RecordNumber=81957
Keywords=Classic
Message=The WMI Performance Adapter service entered the stopped state.
11/10/2020 01:53:42 PM
LogName=System
SourceName=Microsoft-Windows-Service Control Manager
EventCode=7036
EventType=4
Type=Information
ComputerName=win-dc-748.attackrange.local
TaskCategory=None
OpCode=The operation completed successfully.
RecordNumber=81956
Keywords=Classic
Message=The WMI Performance Adapter service entered the running state.
11/10/2020 01:53:42 PM
LogName=System
SourceName=Microsoft-Windows-Service Control Manager
EventCode=7036
EventType=4
Type=Information
ComputerName=win-dc-748.attackrange.local
TaskCategory=None
OpCode=The operation completed successfully.
RecordNumber=81955
Keywords=Classic
Message=The vds service entered the running state.
11/10/2020 01:53:42 PM
LogName=System
SourceName=Virtual Disk Service
EventCode=3
EventType=4
Type=Information
ComputerName=win-dc-748.attackrange.local
TaskCategory=None
OpCode=None
RecordNumber=81938
Keywords=Classic
Message=Service started.
11/10/2020 01:53:54 PM
LogName=System
SourceName=Microsoft-Windows-Service Control Manager
EventCode=7036
EventType=4
Type=Information
ComputerName=win-dc-748.attackrange.local
TaskCategory=None
OpCode=The operation completed successfully.
RecordNumber=81959
Keywords=Classic
Message=The Netlogon service entered the running state.
11/10/2020 01:53:54 PM
LogName=System
SourceName=NETLOGON
EventCode=5823
EventType=4
Type=Information
ComputerName=win-dc-748.attackrange.local
TaskCategory=None
OpCode=Info
RecordNumber=81958
Keywords=Classic
Message= The system successfully changed its password on the domain controller .  This event is logged when the password for the computer account is changed by the system. It is logged on the computer that changed the password.
11/10/2020 01:53:56 PM
LogName=System
SourceName=Microsoft-Windows-Time-Service
EventCode=143
EventType=4
Type=Information
ComputerName=win-dc-748.attackrange.local
User=NOT_TRANSLATED
Sid=S-1-5-19
SidType=0
TaskCategory=None
OpCode=Info
RecordNumber=81961
Keywords=None
Message=The time service has started advertising as a good time source.
11/10/2020 01:53:56 PM
LogName=System
SourceName=Microsoft-Windows-Time-Service
EventCode=139
EventType=4
Type=Information
ComputerName=win-dc-748.attackrange.local
User=NOT_TRANSLATED
Sid=S-1-5-19
SidType=0
TaskCategory=None
OpCode=Info
RecordNumber=81960
Keywords=None
Message=The time service has started advertising as a time source.
11/10/2020 01:54:06 PM
LogName=System
SourceName=Microsoft-Windows-Service Control Manager
EventCode=7036
EventType=4
Type=Information
ComputerName=win-dc-748.attackrange.local
TaskCategory=None
OpCode=The operation completed successfully.
RecordNumber=81964
Keywords=Classic
Message=The W32Time service entered the running state.
11/10/2020 01:54:06 PM
LogName=System
SourceName=Microsoft-Windows-Time-Service
EventCode=12
EventType=3
Type=Warning
ComputerName=win-dc-748.attackrange.local
User=NOT_TRANSLATED
Sid=S-1-5-19
SidType=0
TaskCategory=None
OpCode=Info
RecordNumber=81963
Keywords=None
Message=Time Provider NtpClient: This machine is configured to use the domain hierarchy to determine its time source, but it is the AD PDC emulator for the domain at the root of the forest, so there is no machine above it in the domain hierarchy to use as a time source. It is recommended that you either configure a reliable time service in the root domain, or manually configure the AD PDC to synchronize with an external time source. Otherwise, this machine will function as the authoritative time source in the domain hierarchy. If an external time source is not configured or used for this computer, you may choose to disable the NtpClient.
11/10/2020 01:54:06 PM
LogName=System
SourceName=Microsoft-Windows-Service Control Manager
EventCode=7036
EventType=4
Type=Information
ComputerName=win-dc-748.attackrange.local
TaskCategory=None
OpCode=The operation completed successfully.
RecordNumber=81962
Keywords=Classic
Message=The DNS service entered the running state.
11/10/2020 01:54:08 PM
LogName=System
SourceName=Microsoft-Windows-Time-Service
EventCode=37
EventType=4
Type=Information
ComputerName=win-dc-748.attackrange.local
User=NOT_TRANSLATED
Sid=S-1-5-19
SidType=0
TaskCategory=None
OpCode=Info
RecordNumber=81965
Keywords=None
Message=The time provider NtpClient is currently receiving valid time data from time.windows.com,0x8 (ntp.m|0x8|0.0.0.0:123->51.105.208.173:123).
11/10/2020 01:54:11 PM
LogName=System
SourceName=Microsoft-Windows-Service Control Manager
EventCode=7036
EventType=4
Type=Information
ComputerName=win-dc-748.attackrange.local
TaskCategory=None
OpCode=The operation completed successfully.
RecordNumber=81969
Keywords=Classic
Message=The swprv service entered the running state.
11/10/2020 01:54:11 PM
LogName=System
SourceName=Microsoft-Windows-Service Control Manager
EventCode=7036
EventType=4
Type=Information
ComputerName=win-dc-748.attackrange.local
TaskCategory=None
OpCode=The operation completed successfully.
RecordNumber=81968
Keywords=Classic
Message=The VSS service entered the running state.
11/10/2020 01:54:11 PM
LogName=System
SourceName=Microsoft-Windows-Service Control Manager
EventCode=7040
EventType=4
Type=Information
ComputerName=win-dc-748.attackrange.local
User=NOT_TRANSLATED
Sid=S-1-5-18
SidType=0
TaskCategory=None
OpCode=The operation completed successfully.
RecordNumber=81967
Keywords=Classic
Message=The start type of the Windows Modules Installer service was changed from auto start to demand start.
11/10/2020 01:54:11 PM
LogName=System
SourceName=Microsoft-Windows-Service Control Manager
EventCode=7040
EventType=4
Type=Information
ComputerName=win-dc-748.attackrange.local
User=NOT_TRANSLATED
Sid=S-1-5-18
SidType=0
TaskCategory=None
OpCode=The operation completed successfully.
RecordNumber=81966
Keywords=Classic
Message=The start type of the Windows Modules Installer service was changed from demand start to auto start.
11/10/2020 01:54:19 PM
LogName=System
SourceName=Microsoft-Windows-Service Control Manager
EventCode=7036
EventType=4
Type=Information
ComputerName=win-dc-748.attackrange.local
TaskCategory=None
OpCode=The operation completed successfully.
RecordNumber=81970
Keywords=Classic
Message=The NetSetupSvc service entered the stopped state.
11/10/2020 01:54:21 PM
LogName=System
SourceName=Microsoft-Windows-Service Control Manager
EventCode=7036
EventType=4
Type=Information
ComputerName=win-dc-748.attackrange.local
TaskCategory=None
OpCode=The operation completed successfully.
RecordNumber=81971
Keywords=Classic
Message=The DsmSvc service entered the stopped state.
11/10/2020 01:54:22 PM
LogName=System
SourceName=Microsoft-Windows-Time-Service
EventCode=35
EventType=4
Type=Information
ComputerName=win-dc-748.attackrange.local
User=NOT_TRANSLATED
Sid=S-1-5-19
SidType=0
TaskCategory=None
OpCode=Info
RecordNumber=81973
Keywords=None
Message=The time service is now synchronizing the system time with the time source time.windows.com,0x8 (ntp.m|0x8|0.0.0.0:123->51.105.208.173:123).
11/10/2020 01:54:22 PM
LogName=System
SourceName=Microsoft-Windows-Time-Service
EventCode=144
EventType=3
Type=Warning
ComputerName=win-dc-748.attackrange.local
User=NOT_TRANSLATED
Sid=S-1-5-19
SidType=0
TaskCategory=None
OpCode=Info
RecordNumber=81972
Keywords=None
Message=The time service has stopped advertising as a good time source.
11/10/2020 01:55:26 PM
LogName=System
SourceName=Microsoft-Windows-Service Control Manager
EventCode=7036
EventType=4
Type=Information
ComputerName=win-dc-748.attackrange.local
TaskCategory=None
OpCode=The operation completed successfully.
RecordNumber=81974
Keywords=Classic
Message=The WPDBusEnum service entered the stopped state.
11/10/2020 01:55:27 PM
LogName=System
SourceName=Microsoft-Windows-Service Control Manager
EventCode=7036
EventType=4
Type=Information
ComputerName=win-dc-748.attackrange.local
TaskCategory=None
OpCode=The operation completed successfully.
RecordNumber=81978
Keywords=Classic
Message=The NetSetupSvc service entered the running state.
11/10/2020 01:55:27 PM
LogName=System
SourceName=Microsoft-Windows-Service Control Manager
EventCode=7036
EventType=4
Type=Information
ComputerName=win-dc-748.attackrange.local
TaskCategory=None
OpCode=The operation completed successfully.
RecordNumber=81977
Keywords=Classic
Message=The Portable Device Enumerator Service service entered the running state.
11/10/2020 01:55:27 PM
LogName=System
SourceName=Microsoft-Windows-Service Control Manager
EventCode=7036
EventType=4
Type=Information
ComputerName=win-dc-748.attackrange.local
TaskCategory=None
OpCode=The operation completed successfully.
RecordNumber=81976
Keywords=Classic
Message=The NcaSvc service entered the stopped state.
11/10/2020 01:55:27 PM
LogName=System
SourceName=Microsoft-Windows-GroupPolicy
EventCode=1502
EventType=4
Type=Information
ComputerName=win-dc-748.attackrange.local
User=NOT_TRANSLATED
Sid=S-1-5-18
SidType=0
TaskCategory=None
OpCode=Start
RecordNumber=81975
Keywords=None
Message=The Group Policy settings for the computer were processed successfully. New settings from 2 Group Policy objects were detected and applied.
11/10/2020 01:55:41 PM
LogName=System
SourceName=Microsoft-Windows-Service Control Manager
EventCode=7036
EventType=4
Type=Information
ComputerName=win-dc-748.attackrange.local
TaskCategory=None
OpCode=The operation completed successfully.
RecordNumber=81980
Keywords=Classic
Message=The Connected Devices Platform Service service entered the stopped state.
11/10/2020 01:55:41 PM
LogName=System
SourceName=Microsoft-Windows-Service Control Manager
EventCode=7036
EventType=4
Type=Information
ComputerName=win-dc-748.attackrange.local
TaskCategory=None
OpCode=The operation completed successfully.
RecordNumber=81979
Keywords=Classic
Message=The WerSvc service entered the stopped state.
11/10/2020 01:55:42 PM
LogName=System
SourceName=Microsoft-Windows-Service Control Manager
EventCode=7036
EventType=4
Type=Information
ComputerName=win-dc-748.attackrange.local
TaskCategory=None
OpCode=The operation completed successfully.
RecordNumber=81984
Keywords=Classic
Message=The sppsvc service entered the running state.
11/10/2020 01:55:42 PM
LogName=System
SourceName=Microsoft-Windows-Service Control Manager
EventCode=7036
EventType=4
Type=Information
ComputerName=win-dc-748.attackrange.local
TaskCategory=None
OpCode=The operation completed successfully.
RecordNumber=81983
Keywords=Classic
Message=The Distributed Transaction Coordinator service entered the running state.
11/10/2020 01:55:42 PM
LogName=System
SourceName=Microsoft-Windows-Service Control Manager
EventCode=7036
EventType=4
Type=Information
ComputerName=win-dc-748.attackrange.local
TaskCategory=None
OpCode=The operation completed successfully.
RecordNumber=81982
Keywords=Classic
Message=The MapsBroker service entered the running state.
11/10/2020 01:55:42 PM
LogName=System
SourceName=Microsoft-Windows-Service Control Manager
EventCode=7036
EventType=4
Type=Information
ComputerName=win-dc-748.attackrange.local
TaskCategory=None
OpCode=The operation completed successfully.
RecordNumber=81981
Keywords=Classic
Message=The DPS service entered the running state.
11/10/2020 01:55:44 PM
LogName=System
SourceName=Microsoft-Windows-Service Control Manager
EventCode=7036
EventType=4
Type=Information
ComputerName=win-dc-748.attackrange.local
TaskCategory=None
OpCode=The operation completed successfully.
RecordNumber=81985
Keywords=Classic
Message=The UALSVC service entered the running state.
11/10/2020 01:55:52 PM
LogName=System
SourceName=Microsoft-Windows-Service Control Manager
EventCode=7036
EventType=4
Type=Information
ComputerName=win-dc-748.attackrange.local
TaskCategory=None
OpCode=The operation completed successfully.
RecordNumber=81986
Keywords=Classic
Message=The MapsBroker service entered the stopped state.
11/10/2020 01:56:13 PM
LogName=System
SourceName=Microsoft-Windows-Service Control Manager
EventCode=7036
EventType=4
Type=Information
ComputerName=win-dc-748.attackrange.local
TaskCategory=None
OpCode=The operation completed successfully.
RecordNumber=81987
Keywords=Classic
Message=The sppsvc service entered the stopped state.
11/10/2020 01:56:19 PM
LogName=System
SourceName=Microsoft-Windows-Service Control Manager
EventCode=7036
EventType=4
Type=Information
ComputerName=win-dc-748.attackrange.local
TaskCategory=None
OpCode=The operation completed successfully.
RecordNumber=81988
Keywords=Classic
Message=The Windows Modules Installer service entered the stopped state.
11/10/2020 01:56:27 PM
LogName=System
SourceName=Microsoft-Windows-Service Control Manager
EventCode=7036
EventType=4
Type=Information
ComputerName=win-dc-748.attackrange.local
TaskCategory=None
OpCode=The operation completed successfully.
RecordNumber=81990
Keywords=Classic
Message=The wisvc service entered the running state.
11/10/2020 01:56:27 PM
LogName=System
SourceName=Microsoft-Windows-Service Control Manager
EventCode=7036
EventType=4
Type=Information
ComputerName=win-dc-748.attackrange.local
TaskCategory=None
OpCode=The operation completed successfully.
RecordNumber=81989
Keywords=Classic
Message=The UsoSvc service entered the running state.
11/10/2020 01:57:11 PM
LogName=System
SourceName=Microsoft-Windows-Service Control Manager
EventCode=7036
EventType=4
Type=Information
ComputerName=win-dc-748.attackrange.local
TaskCategory=None
OpCode=The operation completed successfully.
RecordNumber=81991
Keywords=Classic
Message=The VSS service entered the stopped state.
11/10/2020 01:57:27 PM
LogName=System
SourceName=Microsoft-Windows-Service Control Manager
EventCode=7036
EventType=4
Type=Information
ComputerName=win-dc-748.attackrange.local
TaskCategory=None
OpCode=The operation completed successfully.
RecordNumber=81993
Keywords=Classic
Message=The Portable Device Enumerator Service service entered the stopped state.
11/10/2020 01:57:27 PM
LogName=System
SourceName=Microsoft-Windows-Service Control Manager
EventCode=7036
EventType=4
Type=Information
ComputerName=win-dc-748.attackrange.local
TaskCategory=None
OpCode=The operation completed successfully.
RecordNumber=81992
Keywords=Classic
Message=The wisvc service entered the stopped state.
11/10/2020 01:57:32 PM
LogName=System
SourceName=Microsoft-Windows-Service Control Manager
EventCode=7036
EventType=4
Type=Information
ComputerName=win-dc-748.attackrange.local
TaskCategory=None
OpCode=The operation completed successfully.
RecordNumber=81994
Keywords=Classic
Message=The Update Orchestrator Service for Windows Update service entered the stopped state.
11/10/2020 01:57:43 PM
LogName=System
SourceName=Microsoft-Windows-DistributedCOM
EventCode=10016
EventType=2
Type=Error
ComputerName=win-dc-748.attackrange.local
User=NOT_TRANSLATED
Sid=S-1-5-21-1137257688-1461606198-555069184-500
SidType=0
TaskCategory=None
OpCode=Info
RecordNumber=81995
Keywords=Classic
Message=The application-specific permission settings do not grant Local Activation permission for the COM Server application with CLSID 
{D63B10C5-BB46-4990-A94F-E40B9D520160}
 and APPID 
{9CA88EE3-ACB7-47C8-AFC4-AB702511C276}
 to the user ATTACKRANGE\Administrator SID (S-1-5-21-1137257688-1461606198-555069184-500) from address LocalHost (Using LRPC) running in the application container Unavailable SID (Unavailable). This security permission can be modified using the Component Services administrative tool.
11/10/2020 01:57:47 PM
LogName=System
SourceName=Microsoft-Windows-Service Control Manager
EventCode=7036
EventType=4
Type=Information
ComputerName=win-dc-748.attackrange.local
TaskCategory=None
OpCode=The operation completed successfully.
RecordNumber=81996
Keywords=Classic
Message=The Windows Modules Installer service entered the running state.
