<Event xmlns='http://schemas.microsoft.com/win/2004/08/events/event'><System><Provider Name='Microsoft-Windows-Sysmon' Guid='{5770385F-C22A-43E0-BF4C-06F5698FFBD9}'/><EventID>1</EventID><Version>5</Version><Level>4</Level><Task>1</Task><Opcode>0</Opcode><Keywords>0x8000000000000000</Keywords><TimeCreated SystemTime='2023-01-21T13:02:33.687750100Z'/><EventRecordID>65436350</EventRecordID><Correlation/><Execution ProcessID='2124' ThreadID='3256'/><Channel>Microsoft-Windows-Sysmon/Operational</Channel><Computer>win-host-mhaag-attack-range-622</Computer><Security UserID='S-1-5-18'/></System><EventData><Data Name='RuleName'>-</Data><Data Name='UtcTime'>2023-01-21 13:02:33.685</Data><Data Name='ProcessGuid'>{CCA468B6-E269-63CB-E572-000000009C02}</Data><Data Name='ProcessId'>6916</Data><Data Name='Image'>C:\Program Files\PowerShell\7\createdump.exe</Data><Data Name='FileVersion'>7,0,22,51805 @Commit: d099f075e45d2aa6007a22b71b45a08758559f80</Data><Data Name='Description'>Microsoft .NET Runtime Crash Dump Generator</Data><Data Name='Product'>Microsoft® .NET</Data><Data Name='Company'>Microsoft Corporation</Data><Data Name='OriginalFileName'>FX_VER_INTERNALNAME_STR</Data><Data Name='CommandLine'>"C:\Program Files\PowerShell\7\createdump.exe" -u -f C:\Users\ADMINI~1\AppData\Local\Temp\2\dotnet-lsass.dmp</Data><Data Name='CurrentDirectory'>C:\Users\Administrator\</Data><Data Name='User'>WIN-HOST-MHAAG-\Administrator</Data><Data Name='LogonGuid'>{CCA468B6-3A1C-63C8-7D93-0F0000000000}</Data><Data Name='LogonId'>0xf937d</Data><Data Name='TerminalSessionId'>2</Data><Data Name='IntegrityLevel'>High</Data><Data Name='Hashes'>MD5=A48662183F845ECA823960033B5B6712,SHA256=930F833726F7E77F11D1C4E8B7A6390ED46776D9797F8B8D7C253F1EC7CDC733</Data><Data Name='ParentProcessGuid'>{CCA468B6-09CB-63CB-D258-000000009C02}</Data><Data Name='ParentProcessId'>7100</Data><Data Name='ParentImage'>C:\Program Files\PowerShell\7\pwsh.exe</Data><Data Name='ParentCommandLine'>"C:\Program Files\PowerShell\7\pwsh.exe" </Data><Data Name='ParentUser'>WIN-HOST-MHAAG-\Administrator</Data></EventData></Event>
<Event xmlns='http://schemas.microsoft.com/win/2004/08/events/event'><System><Provider Name='Microsoft-Windows-Sysmon' Guid='{5770385F-C22A-43E0-BF4C-06F5698FFBD9}'/><EventID>1</EventID><Version>5</Version><Level>4</Level><Task>1</Task><Opcode>0</Opcode><Keywords>0x8000000000000000</Keywords><TimeCreated SystemTime='2023-01-21T12:48:57.576443800Z'/><EventRecordID>65399564</EventRecordID><Correlation/><Execution ProcessID='2124' ThreadID='3256'/><Channel>Microsoft-Windows-Sysmon/Operational</Channel><Computer>win-host-mhaag-attack-range-622</Computer><Security UserID='S-1-5-18'/></System><EventData><Data Name='RuleName'>-</Data><Data Name='UtcTime'>2023-01-21 12:48:57.574</Data><Data Name='ProcessGuid'>{CCA468B6-DF39-63CB-3C72-000000009C02}</Data><Data Name='ProcessId'>6952</Data><Data Name='Image'>C:\Program Files\PowerShell\7\createdump.exe</Data><Data Name='FileVersion'>7,0,22,51805 @Commit: d099f075e45d2aa6007a22b71b45a08758559f80</Data><Data Name='Description'>Microsoft .NET Runtime Crash Dump Generator</Data><Data Name='Product'>Microsoft® .NET</Data><Data Name='Company'>Microsoft Corporation</Data><Data Name='OriginalFileName'>FX_VER_INTERNALNAME_STR</Data><Data Name='CommandLine'>"C:\Program Files\PowerShell\7\createdump.exe" -u -f C:\Users\ADMINI~1\AppData\Local\Temp\2\dotnet-lsass.dmp</Data><Data Name='CurrentDirectory'>C:\Users\Administrator\</Data><Data Name='User'>WIN-HOST-MHAAG-\Administrator</Data><Data Name='LogonGuid'>{CCA468B6-3A1C-63C8-7D93-0F0000000000}</Data><Data Name='LogonId'>0xf937d</Data><Data Name='TerminalSessionId'>2</Data><Data Name='IntegrityLevel'>High</Data><Data Name='Hashes'>MD5=A48662183F845ECA823960033B5B6712,SHA256=930F833726F7E77F11D1C4E8B7A6390ED46776D9797F8B8D7C253F1EC7CDC733</Data><Data Name='ParentProcessGuid'>{CCA468B6-09CB-63CB-D258-000000009C02}</Data><Data Name='ParentProcessId'>7100</Data><Data Name='ParentImage'>C:\Program Files\PowerShell\7\pwsh.exe</Data><Data Name='ParentCommandLine'>"C:\Program Files\PowerShell\7\pwsh.exe" </Data><Data Name='ParentUser'>WIN-HOST-MHAAG-\Administrator</Data></EventData></Event>
<Event xmlns='http://schemas.microsoft.com/win/2004/08/events/event'><System><Provider Name='Microsoft-Windows-Sysmon' Guid='{5770385F-C22A-43E0-BF4C-06F5698FFBD9}'/><EventID>1</EventID><Version>5</Version><Level>4</Level><Task>1</Task><Opcode>0</Opcode><Keywords>0x8000000000000000</Keywords><TimeCreated SystemTime='2023-01-21T12:48:40.030560100Z'/><EventRecordID>65397981</EventRecordID><Correlation/><Execution ProcessID='2124' ThreadID='3256'/><Channel>Microsoft-Windows-Sysmon/Operational</Channel><Computer>win-host-mhaag-attack-range-622</Computer><Security UserID='S-1-5-18'/></System><EventData><Data Name='RuleName'>-</Data><Data Name='UtcTime'>2023-01-21 12:48:40.029</Data><Data Name='ProcessGuid'>{CCA468B6-DF28-63CB-3B72-000000009C02}</Data><Data Name='ProcessId'>6852</Data><Data Name='Image'>C:\Program Files\PowerShell\7\createdump.exe</Data><Data Name='FileVersion'>7,0,22,51805 @Commit: d099f075e45d2aa6007a22b71b45a08758559f80</Data><Data Name='Description'>Microsoft .NET Runtime Crash Dump Generator</Data><Data Name='Product'>Microsoft® .NET</Data><Data Name='Company'>Microsoft Corporation</Data><Data Name='OriginalFileName'>FX_VER_INTERNALNAME_STR</Data><Data Name='CommandLine'>"C:\Program Files\PowerShell\7\createdump.exe" -u -f C:\Users\ADMINI~1\AppData\Local\Temp\2\dotnet-lsass.dmp</Data><Data Name='CurrentDirectory'>C:\Program Files\PowerShell\7\</Data><Data Name='User'>WIN-HOST-MHAAG-\Administrator</Data><Data Name='LogonGuid'>{CCA468B6-3A1C-63C8-7D93-0F0000000000}</Data><Data Name='LogonId'>0xf937d</Data><Data Name='TerminalSessionId'>2</Data><Data Name='IntegrityLevel'>High</Data><Data Name='Hashes'>MD5=A48662183F845ECA823960033B5B6712,SHA256=930F833726F7E77F11D1C4E8B7A6390ED46776D9797F8B8D7C253F1EC7CDC733</Data><Data Name='ParentProcessGuid'>{CCA468B6-09CB-63CB-D258-000000009C02}</Data><Data Name='ParentProcessId'>7100</Data><Data Name='ParentImage'>C:\Program Files\PowerShell\7\pwsh.exe</Data><Data Name='ParentCommandLine'>"C:\Program Files\PowerShell\7\pwsh.exe" </Data><Data Name='ParentUser'>WIN-HOST-MHAAG-\Administrator</Data></EventData></Event>
<Event xmlns='http://schemas.microsoft.com/win/2004/08/events/event'><System><Provider Name='Microsoft-Windows-Sysmon' Guid='{5770385F-C22A-43E0-BF4C-06F5698FFBD9}'/><EventID>1</EventID><Version>5</Version><Level>4</Level><Task>1</Task><Opcode>0</Opcode><Keywords>0x8000000000000000</Keywords><TimeCreated SystemTime='2023-01-21T12:43:22.651734100Z'/><EventRecordID>65365536</EventRecordID><Correlation/><Execution ProcessID='2124' ThreadID='3256'/><Channel>Microsoft-Windows-Sysmon/Operational</Channel><Computer>win-host-mhaag-attack-range-622</Computer><Security UserID='S-1-5-18'/></System><EventData><Data Name='RuleName'>-</Data><Data Name='UtcTime'>2023-01-21 12:43:22.650</Data><Data Name='ProcessGuid'>{CCA468B6-DDEA-63CB-0E72-000000009C02}</Data><Data Name='ProcessId'>5920</Data><Data Name='Image'>C:\Program Files\PowerShell\7\createdump.exe</Data><Data Name='FileVersion'>7,0,22,51805 @Commit: d099f075e45d2aa6007a22b71b45a08758559f80</Data><Data Name='Description'>Microsoft .NET Runtime Crash Dump Generator</Data><Data Name='Product'>Microsoft® .NET</Data><Data Name='Company'>Microsoft Corporation</Data><Data Name='OriginalFileName'>FX_VER_INTERNALNAME_STR</Data><Data Name='CommandLine'>"C:\Program Files\PowerShell\7\createdump.exe" -u -f C:\Users\ADMINI~1\AppData\Local\Temp\2\dotnet-lsass.dmp </Data><Data Name='CurrentDirectory'>C:\Users\Administrator\Desktop\Doge-AMSI-patch-main\</Data><Data Name='User'>WIN-HOST-MHAAG-\Administrator</Data><Data Name='LogonGuid'>{CCA468B6-3A1C-63C8-7D93-0F0000000000}</Data><Data Name='LogonId'>0xf937d</Data><Data Name='TerminalSessionId'>2</Data><Data Name='IntegrityLevel'>High</Data><Data Name='Hashes'>MD5=A48662183F845ECA823960033B5B6712,SHA256=930F833726F7E77F11D1C4E8B7A6390ED46776D9797F8B8D7C253F1EC7CDC733</Data><Data Name='ParentProcessGuid'>{CCA468B6-EDF3-63CA-4B55-000000009C02}</Data><Data Name='ParentProcessId'>5532</Data><Data Name='ParentImage'>C:\Windows\System32\WindowsPowerShell\v1.0\powershell.exe</Data><Data Name='ParentCommandLine'>"C:\Windows\System32\WindowsPowerShell\v1.0\powershell.exe" </Data><Data Name='ParentUser'>WIN-HOST-MHAAG-\Administrator</Data></EventData></Event>
<Event xmlns='http://schemas.microsoft.com/win/2004/08/events/event'><System><Provider Name='Microsoft-Windows-Sysmon' Guid='{5770385F-C22A-43E0-BF4C-06F5698FFBD9}'/><EventID>1</EventID><Version>5</Version><Level>4</Level><Task>1</Task><Opcode>0</Opcode><Keywords>0x8000000000000000</Keywords><TimeCreated SystemTime='2023-01-21T12:43:15.963616400Z'/><EventRecordID>65364864</EventRecordID><Correlation/><Execution ProcessID='2124' ThreadID='3256'/><Channel>Microsoft-Windows-Sysmon/Operational</Channel><Computer>win-host-mhaag-attack-range-622</Computer><Security UserID='S-1-5-18'/></System><EventData><Data Name='RuleName'>-</Data><Data Name='UtcTime'>2023-01-21 12:43:15.961</Data><Data Name='ProcessGuid'>{CCA468B6-DDE3-63CB-0D72-000000009C02}</Data><Data Name='ProcessId'>6292</Data><Data Name='Image'>C:\Program Files\PowerShell\7\createdump.exe</Data><Data Name='FileVersion'>7,0,22,51805 @Commit: d099f075e45d2aa6007a22b71b45a08758559f80</Data><Data Name='Description'>Microsoft .NET Runtime Crash Dump Generator</Data><Data Name='Product'>Microsoft® .NET</Data><Data Name='Company'>Microsoft Corporation</Data><Data Name='OriginalFileName'>FX_VER_INTERNALNAME_STR</Data><Data Name='CommandLine'>"C:\Program Files\PowerShell\7\createdump.exe" -u -f C:\Users\ADMINI~1\AppData\Local\Temp\2\dotnet-lsass.dmp 632</Data><Data Name='CurrentDirectory'>C:\Users\Administrator\Desktop\Doge-AMSI-patch-main\</Data><Data Name='User'>WIN-HOST-MHAAG-\Administrator</Data><Data Name='LogonGuid'>{CCA468B6-3A1C-63C8-7D93-0F0000000000}</Data><Data Name='LogonId'>0xf937d</Data><Data Name='TerminalSessionId'>2</Data><Data Name='IntegrityLevel'>High</Data><Data Name='Hashes'>MD5=A48662183F845ECA823960033B5B6712,SHA256=930F833726F7E77F11D1C4E8B7A6390ED46776D9797F8B8D7C253F1EC7CDC733</Data><Data Name='ParentProcessGuid'>{CCA468B6-EDF3-63CA-4B55-000000009C02}</Data><Data Name='ParentProcessId'>5532</Data><Data Name='ParentImage'>C:\Windows\System32\WindowsPowerShell\v1.0\powershell.exe</Data><Data Name='ParentCommandLine'>"C:\Windows\System32\WindowsPowerShell\v1.0\powershell.exe" </Data><Data Name='ParentUser'>WIN-HOST-MHAAG-\Administrator</Data></EventData></Event>
