<Event xmlns='http://schemas.microsoft.com/win/2004/08/events/event'><System><Provider Name='Microsoft-Windows-Security-Auditing' Guid='{54849625-5478-4994-A5BA-3E3B0328C30D}'/><EventID>4688</EventID><Version>2</Version><Level>0</Level><Task>13312</Task><Opcode>0</Opcode><Keywords>0x8020000000000000</Keywords><TimeCreated SystemTime='2022-08-31T19:18:46.967011900Z'/><EventRecordID>2786614</EventRecordID><Correlation/><Execution ProcessID='4' ThreadID='6148'/><Channel>Security</Channel><Computer>win-host-mhaag-attack-range-117</Computer><Security/></System><EventData><Data Name='SubjectUserSid'>WIN-HOST-MHAAG-\Administrator</Data><Data Name='SubjectUserName'>Administrator</Data><Data Name='SubjectDomainName'>WIN-HOST-MHAAG-</Data><Data Name='SubjectLogonId'>0xe7a0c</Data><Data Name='NewProcessId'>0x13dc</Data><Data Name='NewProcessName'>C:\AtomicRedTeam\atomics\T1003.001\bin\procdump64.exe</Data><Data Name='TokenElevationType'>%%1936</Data><Data Name='ProcessId'>0x177c</Data><Data Name='CommandLine'>C:\AtomicRedTeam\atomics\T1003.001\bin\procdump.exe  -accepteula -mm lsass.exe C:\Windows\Temp\lsass_dump.dmp</Data><Data Name='TargetUserSid'>NULL SID</Data><Data Name='TargetUserName'>-</Data><Data Name='TargetDomainName'>-</Data><Data Name='TargetLogonId'>0x0</Data><Data Name='ParentProcessName'>C:\AtomicRedTeam\atomics\T1003.001\bin\procdump.exe</Data><Data Name='MandatoryLabel'>Mandatory Label\High Mandatory Level</Data></EventData></Event>
<Event xmlns='http://schemas.microsoft.com/win/2004/08/events/event'><System><Provider Name='Microsoft-Windows-Security-Auditing' Guid='{54849625-5478-4994-A5BA-3E3B0328C30D}'/><EventID>4688</EventID><Version>2</Version><Level>0</Level><Task>13312</Task><Opcode>0</Opcode><Keywords>0x8020000000000000</Keywords><TimeCreated SystemTime='2022-08-31T19:18:46.920348200Z'/><EventRecordID>2786610</EventRecordID><Correlation/><Execution ProcessID='4' ThreadID='8944'/><Channel>Security</Channel><Computer>win-host-mhaag-attack-range-117</Computer><Security/></System><EventData><Data Name='SubjectUserSid'>WIN-HOST-MHAAG-\Administrator</Data><Data Name='SubjectUserName'>Administrator</Data><Data Name='SubjectDomainName'>WIN-HOST-MHAAG-</Data><Data Name='SubjectLogonId'>0xe7a0c</Data><Data Name='NewProcessId'>0x177c</Data><Data Name='NewProcessName'>C:\AtomicRedTeam\atomics\T1003.001\bin\procdump.exe</Data><Data Name='TokenElevationType'>%%1936</Data><Data Name='ProcessId'>0x694</Data><Data Name='CommandLine'>C:\AtomicRedTeam\atomics\T1003.001\bin\procdump.exe  -accepteula -mm lsass.exe C:\Windows\Temp\lsass_dump.dmp</Data><Data Name='TargetUserSid'>NULL SID</Data><Data Name='TargetUserName'>-</Data><Data Name='TargetDomainName'>-</Data><Data Name='TargetLogonId'>0x0</Data><Data Name='ParentProcessName'>C:\Windows\System32\cmd.exe</Data><Data Name='MandatoryLabel'>Mandatory Label\High Mandatory Level</Data></EventData></Event>
<Event xmlns='http://schemas.microsoft.com/win/2004/08/events/event'><System><Provider Name='Microsoft-Windows-Security-Auditing' Guid='{54849625-5478-4994-A5BA-3E3B0328C30D}'/><EventID>4688</EventID><Version>2</Version><Level>0</Level><Task>13312</Task><Opcode>0</Opcode><Keywords>0x8020000000000000</Keywords><TimeCreated SystemTime='2022-08-31T19:18:46.883983900Z'/><EventRecordID>2786608</EventRecordID><Correlation/><Execution ProcessID='4' ThreadID='8944'/><Channel>Security</Channel><Computer>win-host-mhaag-attack-range-117</Computer><Security/></System><EventData><Data Name='SubjectUserSid'>WIN-HOST-MHAAG-\Administrator</Data><Data Name='SubjectUserName'>Administrator</Data><Data Name='SubjectDomainName'>WIN-HOST-MHAAG-</Data><Data Name='SubjectLogonId'>0xe7a0c</Data><Data Name='NewProcessId'>0x694</Data><Data Name='NewProcessName'>C:\Windows\System32\cmd.exe</Data><Data Name='TokenElevationType'>%%1936</Data><Data Name='ProcessId'>0x7c0</Data><Data Name='CommandLine'>"cmd.exe" /c "C:\AtomicRedTeam\atomics\T1003.001\bin\procdump.exe -accepteula -mm lsass.exe C:\Windows\Temp\lsass_dump.dmp"</Data><Data Name='TargetUserSid'>NULL SID</Data><Data Name='TargetUserName'>-</Data><Data Name='TargetDomainName'>-</Data><Data Name='TargetLogonId'>0x0</Data><Data Name='ParentProcessName'>C:\Windows\System32\WindowsPowerShell\v1.0\powershell.exe</Data><Data Name='MandatoryLabel'>Mandatory Label\High Mandatory Level</Data></EventData></Event>
<Event xmlns='http://schemas.microsoft.com/win/2004/08/events/event'><System><Provider Name='Microsoft-Windows-Security-Auditing' Guid='{54849625-5478-4994-A5BA-3E3B0328C30D}'/><EventID>4688</EventID><Version>2</Version><Level>0</Level><Task>13312</Task><Opcode>0</Opcode><Keywords>0x8020000000000000</Keywords><TimeCreated SystemTime='2022-08-31T19:18:46.110513400Z'/><EventRecordID>2786592</EventRecordID><Correlation/><Execution ProcessID='4' ThreadID='8944'/><Channel>Security</Channel><Computer>win-host-mhaag-attack-range-117</Computer><Security/></System><EventData><Data Name='SubjectUserSid'>WIN-HOST-MHAAG-\Administrator</Data><Data Name='SubjectUserName'>Administrator</Data><Data Name='SubjectDomainName'>WIN-HOST-MHAAG-</Data><Data Name='SubjectLogonId'>0xe7a0c</Data><Data Name='NewProcessId'>0x1fb0</Data><Data Name='NewProcessName'>C:\AtomicRedTeam\atomics\T1003.001\bin\procdump64.exe</Data><Data Name='TokenElevationType'>%%1936</Data><Data Name='ProcessId'>0x1818</Data><Data Name='CommandLine'>C:\AtomicRedTeam\atomics\T1003.001\bin\procdump.exe  -accepteula -ma lsass.exe C:\Windows\Temp\lsass_dump.dmp</Data><Data Name='TargetUserSid'>NULL SID</Data><Data Name='TargetUserName'>-</Data><Data Name='TargetDomainName'>-</Data><Data Name='TargetLogonId'>0x0</Data><Data Name='ParentProcessName'>C:\AtomicRedTeam\atomics\T1003.001\bin\procdump.exe</Data><Data Name='MandatoryLabel'>Mandatory Label\High Mandatory Level</Data></EventData></Event>
<Event xmlns='http://schemas.microsoft.com/win/2004/08/events/event'><System><Provider Name='Microsoft-Windows-Security-Auditing' Guid='{54849625-5478-4994-A5BA-3E3B0328C30D}'/><EventID>4688</EventID><Version>2</Version><Level>0</Level><Task>13312</Task><Opcode>0</Opcode><Keywords>0x8020000000000000</Keywords><TimeCreated SystemTime='2022-08-31T19:18:45.648752200Z'/><EventRecordID>2786588</EventRecordID><Correlation/><Execution ProcessID='4' ThreadID='8944'/><Channel>Security</Channel><Computer>win-host-mhaag-attack-range-117</Computer><Security/></System><EventData><Data Name='SubjectUserSid'>WIN-HOST-MHAAG-\Administrator</Data><Data Name='SubjectUserName'>Administrator</Data><Data Name='SubjectDomainName'>WIN-HOST-MHAAG-</Data><Data Name='SubjectLogonId'>0xe7a0c</Data><Data Name='NewProcessId'>0x1818</Data><Data Name='NewProcessName'>C:\AtomicRedTeam\atomics\T1003.001\bin\procdump.exe</Data><Data Name='TokenElevationType'>%%1936</Data><Data Name='ProcessId'>0x3e4</Data><Data Name='CommandLine'>C:\AtomicRedTeam\atomics\T1003.001\bin\procdump.exe  -accepteula -ma lsass.exe C:\Windows\Temp\lsass_dump.dmp</Data><Data Name='TargetUserSid'>NULL SID</Data><Data Name='TargetUserName'>-</Data><Data Name='TargetDomainName'>-</Data><Data Name='TargetLogonId'>0x0</Data><Data Name='ParentProcessName'>C:\Windows\System32\cmd.exe</Data><Data Name='MandatoryLabel'>Mandatory Label\High Mandatory Level</Data></EventData></Event>
<Event xmlns='http://schemas.microsoft.com/win/2004/08/events/event'><System><Provider Name='Microsoft-Windows-Security-Auditing' Guid='{54849625-5478-4994-A5BA-3E3B0328C30D}'/><EventID>4688</EventID><Version>2</Version><Level>0</Level><Task>13312</Task><Opcode>0</Opcode><Keywords>0x8020000000000000</Keywords><TimeCreated SystemTime='2022-08-31T19:18:45.619746400Z'/><EventRecordID>2786586</EventRecordID><Correlation/><Execution ProcessID='4' ThreadID='6148'/><Channel>Security</Channel><Computer>win-host-mhaag-attack-range-117</Computer><Security/></System><EventData><Data Name='SubjectUserSid'>WIN-HOST-MHAAG-\Administrator</Data><Data Name='SubjectUserName'>Administrator</Data><Data Name='SubjectDomainName'>WIN-HOST-MHAAG-</Data><Data Name='SubjectLogonId'>0xe7a0c</Data><Data Name='NewProcessId'>0x3e4</Data><Data Name='NewProcessName'>C:\Windows\System32\cmd.exe</Data><Data Name='TokenElevationType'>%%1936</Data><Data Name='ProcessId'>0x7c0</Data><Data Name='CommandLine'>"cmd.exe" /c "C:\AtomicRedTeam\atomics\T1003.001\bin\procdump.exe -accepteula -ma lsass.exe C:\Windows\Temp\lsass_dump.dmp"</Data><Data Name='TargetUserSid'>NULL SID</Data><Data Name='TargetUserName'>-</Data><Data Name='TargetDomainName'>-</Data><Data Name='TargetLogonId'>0x0</Data><Data Name='ParentProcessName'>C:\Windows\System32\WindowsPowerShell\v1.0\powershell.exe</Data><Data Name='MandatoryLabel'>Mandatory Label\High Mandatory Level</Data></EventData></Event>
<Event xmlns='http://schemas.microsoft.com/win/2004/08/events/event'><System><Provider Name='Microsoft-Windows-Security-Auditing' Guid='{54849625-5478-4994-A5BA-3E3B0328C30D}'/><EventID>4688</EventID><Version>2</Version><Level>0</Level><Task>13312</Task><Opcode>0</Opcode><Keywords>0x8020000000000000</Keywords><TimeCreated SystemTime='2022-08-31T19:13:40.599174200Z'/><EventRecordID>2779952</EventRecordID><Correlation/><Execution ProcessID='4' ThreadID='7528'/><Channel>Security</Channel><Computer>win-host-mhaag-attack-range-117</Computer><Security/></System><EventData><Data Name='SubjectUserSid'>WIN-HOST-MHAAG-\Administrator</Data><Data Name='SubjectUserName'>Administrator</Data><Data Name='SubjectDomainName'>WIN-HOST-MHAAG-</Data><Data Name='SubjectLogonId'>0xe7a0c</Data><Data Name='NewProcessId'>0x190c</Data><Data Name='NewProcessName'>C:\AtomicRedTeam\atomics\T1003.001\bin\procdump64.exe</Data><Data Name='TokenElevationType'>%%1936</Data><Data Name='ProcessId'>0x229c</Data><Data Name='CommandLine'>C:\AtomicRedTeam\atomics\T1003.001\bin\procdump.exe  -accepteula -ma lsass.exe C:\Windows\Temp\lsass_dump.dmp</Data><Data Name='TargetUserSid'>NULL SID</Data><Data Name='TargetUserName'>-</Data><Data Name='TargetDomainName'>-</Data><Data Name='TargetLogonId'>0x0</Data><Data Name='ParentProcessName'>C:\AtomicRedTeam\atomics\T1003.001\bin\procdump.exe</Data><Data Name='MandatoryLabel'>Mandatory Label\High Mandatory Level</Data></EventData></Event>
<Event xmlns='http://schemas.microsoft.com/win/2004/08/events/event'><System><Provider Name='Microsoft-Windows-Security-Auditing' Guid='{54849625-5478-4994-A5BA-3E3B0328C30D}'/><EventID>4688</EventID><Version>2</Version><Level>0</Level><Task>13312</Task><Opcode>0</Opcode><Keywords>0x8020000000000000</Keywords><TimeCreated SystemTime='2022-08-31T19:13:40.072318500Z'/><EventRecordID>2779946</EventRecordID><Correlation/><Execution ProcessID='4' ThreadID='7528'/><Channel>Security</Channel><Computer>win-host-mhaag-attack-range-117</Computer><Security/></System><EventData><Data Name='SubjectUserSid'>WIN-HOST-MHAAG-\Administrator</Data><Data Name='SubjectUserName'>Administrator</Data><Data Name='SubjectDomainName'>WIN-HOST-MHAAG-</Data><Data Name='SubjectLogonId'>0xe7a0c</Data><Data Name='NewProcessId'>0x229c</Data><Data Name='NewProcessName'>C:\AtomicRedTeam\atomics\T1003.001\bin\procdump.exe</Data><Data Name='TokenElevationType'>%%1936</Data><Data Name='ProcessId'>0x1504</Data><Data Name='CommandLine'>C:\AtomicRedTeam\atomics\T1003.001\bin\procdump.exe  -accepteula -ma lsass.exe C:\Windows\Temp\lsass_dump.dmp</Data><Data Name='TargetUserSid'>NULL SID</Data><Data Name='TargetUserName'>-</Data><Data Name='TargetDomainName'>-</Data><Data Name='TargetLogonId'>0x0</Data><Data Name='ParentProcessName'>C:\Windows\System32\cmd.exe</Data><Data Name='MandatoryLabel'>Mandatory Label\High Mandatory Level</Data></EventData></Event>
<Event xmlns='http://schemas.microsoft.com/win/2004/08/events/event'><System><Provider Name='Microsoft-Windows-Security-Auditing' Guid='{54849625-5478-4994-A5BA-3E3B0328C30D}'/><EventID>4688</EventID><Version>2</Version><Level>0</Level><Task>13312</Task><Opcode>0</Opcode><Keywords>0x8020000000000000</Keywords><TimeCreated SystemTime='2022-08-31T19:13:40.039368900Z'/><EventRecordID>2779944</EventRecordID><Correlation/><Execution ProcessID='4' ThreadID='7528'/><Channel>Security</Channel><Computer>win-host-mhaag-attack-range-117</Computer><Security/></System><EventData><Data Name='SubjectUserSid'>WIN-HOST-MHAAG-\Administrator</Data><Data Name='SubjectUserName'>Administrator</Data><Data Name='SubjectDomainName'>WIN-HOST-MHAAG-</Data><Data Name='SubjectLogonId'>0xe7a0c</Data><Data Name='NewProcessId'>0x1504</Data><Data Name='NewProcessName'>C:\Windows\System32\cmd.exe</Data><Data Name='TokenElevationType'>%%1936</Data><Data Name='ProcessId'>0x7c0</Data><Data Name='CommandLine'>"cmd.exe" /c "C:\AtomicRedTeam\atomics\T1003.001\bin\procdump.exe -accepteula -ma lsass.exe C:\Windows\Temp\lsass_dump.dmp"</Data><Data Name='TargetUserSid'>NULL SID</Data><Data Name='TargetUserName'>-</Data><Data Name='TargetDomainName'>-</Data><Data Name='TargetLogonId'>0x0</Data><Data Name='ParentProcessName'>C:\Windows\System32\WindowsPowerShell\v1.0\powershell.exe</Data><Data Name='MandatoryLabel'>Mandatory Label\High Mandatory Level</Data></EventData></Event>
<Event xmlns='http://schemas.microsoft.com/win/2004/08/events/event'><System><Provider Name='Microsoft-Windows-Security-Auditing' Guid='{54849625-5478-4994-A5BA-3E3B0328C30D}'/><EventID>4688</EventID><Version>2</Version><Level>0</Level><Task>13312</Task><Opcode>0</Opcode><Keywords>0x8020000000000000</Keywords><TimeCreated SystemTime='2022-08-31T19:12:19.636728000Z'/><EventRecordID>2773414</EventRecordID><Correlation/><Execution ProcessID='4' ThreadID='8944'/><Channel>Security</Channel><Computer>win-host-mhaag-attack-range-117</Computer><Security/></System><EventData><Data Name='SubjectUserSid'>WIN-HOST-MHAAG-\Administrator</Data><Data Name='SubjectUserName'>Administrator</Data><Data Name='SubjectDomainName'>WIN-HOST-MHAAG-</Data><Data Name='SubjectLogonId'>0xe7a0c</Data><Data Name='NewProcessId'>0x192c</Data><Data Name='NewProcessName'>C:\Windows\System32\WindowsPowerShell\v1.0\powershell.exe</Data><Data Name='TokenElevationType'>%%1936</Data><Data Name='ProcessId'>0x7c0</Data><Data Name='CommandLine'>"C:\Windows\System32\WindowsPowerShell\v1.0\powershell.exe" &amp; {if (Test-Path C:\AtomicRedTeam\atomics\T1003.001\bin\procdump.exe) {exit 0} else {exit 1}} </Data><Data Name='TargetUserSid'>NULL SID</Data><Data Name='TargetUserName'>-</Data><Data Name='TargetDomainName'>-</Data><Data Name='TargetLogonId'>0x0</Data><Data Name='ParentProcessName'>C:\Windows\System32\WindowsPowerShell\v1.0\powershell.exe</Data><Data Name='MandatoryLabel'>Mandatory Label\High Mandatory Level</Data></EventData></Event>
