11/03/2020 02:56:45 PM
LogName=System
SourceName=Microsoft-Windows-Kernel-Boot
EventCode=32
EventType=4
Type=Information
ComputerName=EC2AMAZ-H0SHIJ3
User=NOT_TRANSLATED
Sid=S-1-5-18
SidType=0
TaskCategory=None
OpCode=Info
RecordNumber=81177
Keywords=None
Message=The bootmgr spent 0 ms waiting for user input.
11/03/2020 02:56:45 PM
LogName=System
SourceName=Microsoft-Windows-Kernel-Boot
EventCode=18
EventType=4
Type=Information
ComputerName=EC2AMAZ-H0SHIJ3
User=NOT_TRANSLATED
Sid=S-1-5-18
SidType=0
TaskCategory=None
OpCode=Info
RecordNumber=81176
Keywords=None
Message=There are 0x1 boot options on this system.
11/03/2020 02:56:45 PM
LogName=System
SourceName=Microsoft-Windows-Kernel-Boot
EventCode=25
EventType=4
Type=Information
ComputerName=EC2AMAZ-H0SHIJ3
User=NOT_TRANSLATED
Sid=S-1-5-18
SidType=0
TaskCategory=32
OpCode=Info
RecordNumber=81175
Keywords=None
Message=The boot menu policy was 0x0.
11/03/2020 02:56:45 PM
LogName=System
SourceName=Microsoft-Windows-Kernel-Boot
EventCode=27
EventType=4
Type=Information
ComputerName=EC2AMAZ-H0SHIJ3
User=NOT_TRANSLATED
Sid=S-1-5-18
SidType=0
TaskCategory=33
OpCode=Info
RecordNumber=81174
Keywords=None
Message=The boot type was 0x0.
11/03/2020 02:56:45 PM
LogName=System
SourceName=Microsoft-Windows-Kernel-Boot
EventCode=20
EventType=4
Type=Information
ComputerName=EC2AMAZ-H0SHIJ3
User=NOT_TRANSLATED
Sid=S-1-5-18
SidType=0
TaskCategory=31
OpCode=Info
RecordNumber=81173
Keywords=None
Message=The last shutdown's success status was true. The last boot's success status was true.
11/03/2020 02:56:45 PM
LogName=System
SourceName=Microsoft-Windows-Kernel-Boot
EventCode=153
EventType=4
Type=Information
ComputerName=EC2AMAZ-H0SHIJ3
User=NOT_TRANSLATED
Sid=S-1-5-18
SidType=0
TaskCategory=None
OpCode=Info
RecordNumber=81172
Keywords=None
Message=The Virtualization Based Security (policies: 0) is disabled with status STATUS_SUCCESS.
11/03/2020 02:56:45 PM
LogName=System
SourceName=Microsoft-Windows-Kernel-General
EventCode=12
EventType=4
Type=Information
ComputerName=EC2AMAZ-H0SHIJ3
User=NOT_TRANSLATED
Sid=S-1-5-18
SidType=0
TaskCategory=1
OpCode=Info
RecordNumber=81171
Keywords=None
Message=The operating system started at system time ‎2020‎-‎11‎-‎03T14:56:45.489127000Z.
11/03/2020 02:56:49 PM
LogName=System
SourceName=Microsoft-Windows-Kernel-Processor-Power
EventCode=55
EventType=4
Type=Information
ComputerName=EC2AMAZ-H0SHIJ3
User=NOT_TRANSLATED
Sid=S-1-5-18
SidType=0
TaskCategory=47
OpCode=Info
RecordNumber=81186
Keywords=None
Message=Processor 1 in group 0 exposes the following power management capabilities:

Idle state type: ACPI Idle (C) States (1 state(s))

Performance state type: None
Nominal Frequency (MHz): 2400
Maximum performance percentage: 100
Minimum performance percentage: 100
Minimum throttle percentage: 100
11/03/2020 02:56:49 PM
LogName=System
SourceName=Microsoft-Windows-Kernel-Processor-Power
EventCode=55
EventType=4
Type=Information
ComputerName=EC2AMAZ-H0SHIJ3
User=NOT_TRANSLATED
Sid=S-1-5-18
SidType=0
TaskCategory=47
OpCode=Info
RecordNumber=81185
Keywords=None
Message=Processor 0 in group 0 exposes the following power management capabilities:

Idle state type: ACPI Idle (C) States (1 state(s))

Performance state type: None
Nominal Frequency (MHz): 2400
Maximum performance percentage: 100
Minimum performance percentage: 100
Minimum throttle percentage: 100
11/03/2020 02:56:49 PM
LogName=System
SourceName=Microsoft-Windows-Kernel-Power
EventCode=172
EventType=4
Type=Information
ComputerName=EC2AMAZ-H0SHIJ3
User=NOT_TRANSLATED
Sid=S-1-5-18
SidType=0
TaskCategory=203
OpCode=Info
RecordNumber=81184
Keywords=None
Message=Connectivity state in standby: Disconnected, Reason: NIC compliance
11/03/2020 02:56:49 PM
LogName=System
SourceName=Microsoft-Windows-FilterManager
EventCode=6
EventType=4
Type=Information
ComputerName=EC2AMAZ-H0SHIJ3
User=NOT_TRANSLATED
Sid=S-1-5-18
SidType=0
TaskCategory=None
OpCode=Info
RecordNumber=81183
Keywords=None
Message=File System Filter 'npsvctrig' (10.0, ‎2016‎-‎07‎-‎16T02:28:33.000000000Z) has successfully loaded and registered with Filter Manager.
11/03/2020 02:56:49 PM
LogName=System
SourceName=Microsoft-Windows-FilterManager
EventCode=6
EventType=4
Type=Information
ComputerName=EC2AMAZ-H0SHIJ3
User=NOT_TRANSLATED
Sid=S-1-5-18
SidType=0
TaskCategory=None
OpCode=Info
RecordNumber=81182
Keywords=None
Message=File System Filter 'FileCrypt' (10.0, ‎2018‎-‎08‎-‎30T20:44:27.000000000Z) has successfully loaded and registered with Filter Manager.
11/03/2020 02:56:49 PM
LogName=System
SourceName=Microsoft-Windows-Ntfs
EventCode=98
EventType=4
Type=Information
ComputerName=EC2AMAZ-H0SHIJ3
User=NOT_TRANSLATED
Sid=S-1-5-18
SidType=0
TaskCategory=None
OpCode=Info
RecordNumber=81181
Keywords=None
Message=Volume \\?\Volume{7eebd808-0000-0000-0000-100000000000} (\Device\HarddiskVolume1) is healthy.  No action is needed.
11/03/2020 02:56:49 PM
LogName=System
SourceName=Microsoft-Windows-FilterManager
EventCode=6
EventType=4
Type=Information
ComputerName=EC2AMAZ-H0SHIJ3
User=NOT_TRANSLATED
Sid=S-1-5-18
SidType=0
TaskCategory=None
OpCode=Info
RecordNumber=81179
Keywords=None
Message=File System Filter 'WdFilter' (10.0, ‎2098‎-‎06‎-‎20T11:58:38.000000000Z) has successfully loaded and registered with Filter Manager.
11/03/2020 02:56:49 PM
LogName=System
SourceName=Microsoft-Windows-FilterManager
EventCode=6
EventType=4
Type=Information
ComputerName=EC2AMAZ-H0SHIJ3
User=NOT_TRANSLATED
Sid=S-1-5-18
SidType=0
TaskCategory=None
OpCode=Info
RecordNumber=81178
Keywords=None
Message=File System Filter 'Wof' (10.0, ‎2019‎-‎09‎-‎29T22:52:46.000000000Z) has successfully loaded and registered with Filter Manager.
11/03/2020 02:56:50 PM
LogName=System
SourceName=Microsoft-Windows-Kernel-General
EventCode=16
EventType=4
Type=Information
ComputerName=EC2AMAZ-H0SHIJ3
User=NOT_TRANSLATED
Sid=S-1-5-18
SidType=0
TaskCategory=None
OpCode=Info
RecordNumber=81188
Keywords=None
Message=The access history in hive \Device\HarddiskVolume1\Boot\BCD was cleared updating 49 keys and creating 4 modified pages.
11/03/2020 02:56:50 PM
LogName=System
SourceName=Microsoft-Windows-Kernel-General
EventCode=15
EventType=4
Type=Information
ComputerName=EC2AMAZ-H0SHIJ3
User=NOT_TRANSLATED
Sid=S-1-5-18
SidType=0
TaskCategory=None
OpCode=Info
RecordNumber=81187
Keywords=None
Message=Hive \SystemRoot\System32\config\DRIVERS was reorganized with a starting size of 5181440 bytes and an ending size of 5165056 bytes.
11/03/2020 02:56:52 PM
LogName=System
SourceName=Microsoft-Windows-Kernel-General
EventCode=16
EventType=4
Type=Information
ComputerName=EC2AMAZ-H0SHIJ3
User=NOT_TRANSLATED
Sid=S-1-5-18
SidType=0
TaskCategory=None
OpCode=Info
RecordNumber=81192
Keywords=None
Message=The access history in hive \SystemRoot\System32\Config\SAM was cleared updating 85 keys and creating 8 modified pages.
11/03/2020 02:56:52 PM
LogName=System
SourceName=Microsoft-Windows-Kernel-General
EventCode=16
EventType=4
Type=Information
ComputerName=EC2AMAZ-H0SHIJ3
User=NOT_TRANSLATED
Sid=S-1-5-18
SidType=0
TaskCategory=None
OpCode=Info
RecordNumber=81191
Keywords=None
Message=The access history in hive \SystemRoot\System32\Config\SECURITY was cleared updating 83 keys and creating 4 modified pages.
11/03/2020 02:56:52 PM
LogName=System
SourceName=Microsoft-Windows-Kernel-General
EventCode=16
EventType=4
Type=Information
ComputerName=EC2AMAZ-H0SHIJ3
User=NOT_TRANSLATED
Sid=S-1-5-18
SidType=0
TaskCategory=None
OpCode=Info
RecordNumber=81190
Keywords=None
Message=The access history in hive \SystemRoot\System32\Config\DEFAULT was cleared updating 282 keys and creating 42 modified pages.
11/03/2020 02:56:52 PM
LogName=System
SourceName=Microsoft-Windows-Kernel-General
EventCode=15
EventType=4
Type=Information
ComputerName=EC2AMAZ-H0SHIJ3
User=NOT_TRANSLATED
Sid=S-1-5-18
SidType=0
TaskCategory=None
OpCode=Info
RecordNumber=81189
Keywords=None
Message=Hive \SystemRoot\System32\Config\SOFTWARE was reorganized with a starting size of 88416256 bytes and an ending size of 78041088 bytes.
11/03/2020 02:56:59 PM
LogName=System
SourceName=Microsoft-Windows-Kernel-General
EventCode=16
EventType=4
Type=Information
ComputerName=EC2AMAZ-H0SHIJ3
User=NOT_TRANSLATED
Sid=S-1-5-18
SidType=0
TaskCategory=None
OpCode=Info
RecordNumber=81193
Keywords=None
Message=The access history in hive \??\C:\Windows\ServiceProfiles\LocalService\NTUSER.DAT was cleared updating 621 keys and creating 34 modified pages.
11/03/2020 02:57:00 PM
LogName=System
SourceName=Microsoft-Windows-Kernel-General
EventCode=16
EventType=4
Type=Information
ComputerName=EC2AMAZ-H0SHIJ3
User=NOT_TRANSLATED
Sid=S-1-5-18
SidType=0
TaskCategory=None
OpCode=Info
RecordNumber=81195
Keywords=None
Message=The access history in hive \??\C:\Users\Administrator\NTUSER.DAT was cleared updating 1951 keys and creating 135 modified pages.
11/03/2020 02:57:00 PM
LogName=System
SourceName=Microsoft-Windows-Kernel-General
EventCode=16
EventType=4
Type=Information
ComputerName=EC2AMAZ-H0SHIJ3
User=NOT_TRANSLATED
Sid=S-1-5-18
SidType=0
TaskCategory=None
OpCode=Info
RecordNumber=81194
Keywords=None
Message=The access history in hive \??\C:\Windows\ServiceProfiles\NetworkService\NTUSER.DAT was cleared updating 627 keys and creating 36 modified pages.
11/03/2020 02:57:01 PM
LogName=System
SourceName=Microsoft-Windows-Kernel-General
EventCode=16
EventType=4
Type=Information
ComputerName=EC2AMAZ-H0SHIJ3
User=NOT_TRANSLATED
Sid=S-1-5-18
SidType=0
TaskCategory=None
OpCode=Info
RecordNumber=81197
Keywords=None
Message=The access history in hive \??\C:\Users\Default\NTUSER.DAT was cleared updating 1949 keys and creating 136 modified pages.
11/03/2020 02:57:01 PM
LogName=System
SourceName=Microsoft-Windows-Kernel-General
EventCode=16
EventType=4
Type=Information
ComputerName=EC2AMAZ-H0SHIJ3
User=NOT_TRANSLATED
Sid=S-1-5-18
SidType=0
TaskCategory=None
OpCode=Info
RecordNumber=81196
Keywords=None
Message=The access history in hive \??\C:\Users\Administrator\AppData\Local\Microsoft\Windows\UsrClass.dat was cleared updating 842 keys and creating 113 modified pages.
11/03/2020 02:57:14 PM
LogName=System
SourceName=Microsoft-Windows-Wininit
EventCode=14
EventType=4
Type=Information
ComputerName=EC2AMAZ-H0SHIJ3
User=NOT_TRANSLATED
Sid=S-1-5-18
SidType=0
TaskCategory=None
OpCode=Info
RecordNumber=81198
Keywords=None
Message=Credential Guard (LsaIso.exe) configuration: 0x0, 0
11/03/2020 02:57:15 PM
LogName=System
SourceName=Microsoft-Windows-Service Control Manager
EventCode=7036
EventType=4
Type=Information
ComputerName=EC2AMAZ-H0SHIJ3
TaskCategory=None
OpCode=The operation completed successfully.
RecordNumber=81203
Keywords=Classic
Message=The DcomLaunch service entered the running state.
11/03/2020 02:57:15 PM
LogName=System
SourceName=Microsoft-Windows-Service Control Manager
EventCode=7036
EventType=4
Type=Information
ComputerName=EC2AMAZ-H0SHIJ3
TaskCategory=None
OpCode=The operation completed successfully.
RecordNumber=81202
Keywords=Classic
Message=The RpcEptMapper service entered the running state.
11/03/2020 02:57:15 PM
LogName=System
SourceName=Microsoft-Windows-Service Control Manager
EventCode=7036
EventType=4
Type=Information
ComputerName=EC2AMAZ-H0SHIJ3
TaskCategory=None
OpCode=The operation completed successfully.
RecordNumber=81201
Keywords=Classic
Message=The Power service entered the running state.
11/03/2020 02:57:15 PM
LogName=System
SourceName=Microsoft-Windows-Service Control Manager
EventCode=7036
EventType=4
Type=Information
ComputerName=EC2AMAZ-H0SHIJ3
TaskCategory=None
OpCode=The operation completed successfully.
RecordNumber=81200
Keywords=Classic
Message=The PlugPlay service entered the running state.
11/03/2020 02:57:15 PM
LogName=System
SourceName=Microsoft-Windows-Directory-Services-SAM
EventCode=16962
EventType=4
Type=Information
ComputerName=EC2AMAZ-H0SHIJ3
User=NOT_TRANSLATED
Sid=S-1-5-18
SidType=0
TaskCategory=None
OpCode=Info
RecordNumber=81199
Keywords=None
Message=Remote calls to the SAM database are being restricted using the default security descriptor: O:SYG:SYD:(A;;RC;;;BA).
For more information please see http://go.microsoft.com/fwlink/?LinkId=787651.
11/03/2020 02:57:16 PM
LogName=System
SourceName=Microsoft-Windows-Service Control Manager
EventCode=7036
EventType=4
Type=Information
ComputerName=EC2AMAZ-H0SHIJ3
TaskCategory=None
OpCode=The operation completed successfully.
RecordNumber=81212
Keywords=Classic
Message=The StateRepository service entered the running state.
11/03/2020 02:57:16 PM
LogName=System
SourceName=Microsoft-Windows-Service Control Manager
EventCode=7036
EventType=4
Type=Information
ComputerName=EC2AMAZ-H0SHIJ3
TaskCategory=None
OpCode=The operation completed successfully.
RecordNumber=81211
Keywords=Classic
Message=The dmwappushservice service entered the running state.
11/03/2020 02:57:16 PM
LogName=System
SourceName=Microsoft-Windows-Service Control Manager
EventCode=7036
EventType=4
Type=Information
ComputerName=EC2AMAZ-H0SHIJ3
TaskCategory=None
OpCode=The operation completed successfully.
RecordNumber=81210
Keywords=Classic
Message=The CoreMessagingRegistrar service entered the running state.
11/03/2020 02:57:16 PM
LogName=System
SourceName=Microsoft-Windows-Service Control Manager
EventCode=7036
EventType=4
Type=Information
ComputerName=EC2AMAZ-H0SHIJ3
TaskCategory=None
OpCode=The operation completed successfully.
RecordNumber=81209
Keywords=Classic
Message=The NetSetupSvc service entered the running state.
11/03/2020 02:57:16 PM
LogName=System
SourceName=Microsoft-Windows-Service Control Manager
EventCode=7036
EventType=4
Type=Information
ComputerName=EC2AMAZ-H0SHIJ3
TaskCategory=None
OpCode=The operation completed successfully.
RecordNumber=81208
Keywords=Classic
Message=The DeviceInstall service entered the running state.
11/03/2020 02:57:16 PM
LogName=System
SourceName=Microsoft-Windows-Service Control Manager
EventCode=7036
EventType=4
Type=Information
ComputerName=EC2AMAZ-H0SHIJ3
TaskCategory=None
OpCode=The operation completed successfully.
RecordNumber=81207
Keywords=Classic
Message=The SystemEventsBroker service entered the running state.
11/03/2020 02:57:16 PM
LogName=System
SourceName=Microsoft-Windows-Service Control Manager
EventCode=7036
EventType=4
Type=Information
ComputerName=EC2AMAZ-H0SHIJ3
TaskCategory=None
OpCode=The operation completed successfully.
RecordNumber=81206
Keywords=Classic
Message=The sppsvc service entered the running state.
11/03/2020 02:57:16 PM
LogName=System
SourceName=Microsoft-Windows-Service Control Manager
EventCode=7036
EventType=4
Type=Information
ComputerName=EC2AMAZ-H0SHIJ3
TaskCategory=None
OpCode=The operation completed successfully.
RecordNumber=81205
Keywords=Classic
Message=The LSM service entered the running state.
11/03/2020 02:57:16 PM
LogName=System
SourceName=Microsoft-Windows-Service Control Manager
EventCode=7036
EventType=4
Type=Information
ComputerName=EC2AMAZ-H0SHIJ3
TaskCategory=None
OpCode=The operation completed successfully.
RecordNumber=81204
Keywords=Classic
Message=The RpcSs service entered the running state.
11/03/2020 02:57:17 PM
LogName=System
SourceName=Microsoft-Windows-Service Control Manager
EventCode=7036
EventType=4
Type=Information
ComputerName=EC2AMAZ-H0SHIJ3
TaskCategory=None
OpCode=The operation completed successfully.
RecordNumber=81214
Keywords=Classic
Message=The tiledatamodelsvc service entered the running state.
11/03/2020 02:57:17 PM
LogName=System
SourceName=Microsoft-Windows-Service Control Manager
EventCode=7036
EventType=4
Type=Information
ComputerName=EC2AMAZ-H0SHIJ3
TaskCategory=None
OpCode=The operation completed successfully.
RecordNumber=81213
Keywords=Classic
Message=The AppXSvc service entered the running state.
11/03/2020 02:57:22 PM
LogName=System
SourceName=Microsoft-Windows-Service Control Manager
EventCode=7036
EventType=4
Type=Information
ComputerName=EC2AMAZ-H0SHIJ3
TaskCategory=None
OpCode=The operation completed successfully.
RecordNumber=81242
Keywords=Classic
Message=The SamSs service entered the running state.
11/03/2020 02:57:22 PM
LogName=System
SourceName=Microsoft-Windows-Service Control Manager
EventCode=7036
EventType=4
Type=Information
ComputerName=EC2AMAZ-H0SHIJ3
TaskCategory=None
OpCode=The operation completed successfully.
RecordNumber=81241
Keywords=Classic
Message=The Schedule service entered the running state.
11/03/2020 02:57:22 PM
LogName=System
SourceName=Microsoft-Windows-Service Control Manager
EventCode=7036
EventType=4
Type=Information
ComputerName=EC2AMAZ-H0SHIJ3
TaskCategory=None
OpCode=The operation completed successfully.
RecordNumber=81240
Keywords=Classic
Message=The BFE service entered the running state.
11/03/2020 02:57:22 PM
LogName=System
SourceName=Microsoft-Windows-Service Control Manager
EventCode=7036
EventType=4
Type=Information
ComputerName=EC2AMAZ-H0SHIJ3
TaskCategory=None
OpCode=The operation completed successfully.
RecordNumber=81239
Keywords=Classic
Message=The LanmanWorkstation service entered the running state.
11/03/2020 02:57:22 PM
LogName=System
SourceName=Microsoft-Windows-Service Control Manager
EventCode=7023
EventType=2
Type=Error
ComputerName=EC2AMAZ-H0SHIJ3
TaskCategory=None
OpCode=The operation completed successfully.
RecordNumber=81238
Keywords=Classic
Message=The netprofm service terminated with the following error: 
The device is not ready.
11/03/2020 02:57:22 PM
LogName=System
SourceName=Microsoft-Windows-Service Control Manager
EventCode=7036
EventType=4
Type=Information
ComputerName=EC2AMAZ-H0SHIJ3
TaskCategory=None
OpCode=The operation completed successfully.
RecordNumber=81237
Keywords=Classic
Message=The netprofm service entered the stopped state.
11/03/2020 02:57:22 PM
LogName=System
SourceName=Microsoft-Windows-Service Control Manager
EventCode=7036
EventType=4
Type=Information
ComputerName=EC2AMAZ-H0SHIJ3
TaskCategory=None
OpCode=The operation completed successfully.
RecordNumber=81236
Keywords=Classic
Message=The FontCache service entered the running state.
11/03/2020 02:57:22 PM
LogName=System
SourceName=Microsoft-Windows-Service Control Manager
EventCode=7036
EventType=4
Type=Information
ComputerName=EC2AMAZ-H0SHIJ3
TaskCategory=None
OpCode=The operation completed successfully.
RecordNumber=81235
Keywords=Classic
Message=The NlaSvc service entered the running state.
11/03/2020 02:57:22 PM
LogName=System
SourceName=Microsoft-Windows-Service Control Manager
EventCode=7036
EventType=4
Type=Information
ComputerName=EC2AMAZ-H0SHIJ3
TaskCategory=None
OpCode=The operation completed successfully.
RecordNumber=81234
Keywords=Classic
Message=The Wcmsvc service entered the running state.
11/03/2020 02:57:22 PM
LogName=System
SourceName=Microsoft-Windows-Service Control Manager
EventCode=7036
EventType=4
Type=Information
ComputerName=EC2AMAZ-H0SHIJ3
TaskCategory=None
OpCode=The operation completed successfully.
RecordNumber=81233
Keywords=Classic
Message=The Dnscache service entered the running state.
11/03/2020 02:57:22 PM
LogName=System
SourceName=Microsoft-Windows-Service Control Manager
EventCode=7036
EventType=4
Type=Information
ComputerName=EC2AMAZ-H0SHIJ3
TaskCategory=None
OpCode=The operation completed successfully.
RecordNumber=81232
Keywords=Classic
Message=The ShellHWDetection service entered the running state.
11/03/2020 02:57:22 PM
LogName=System
SourceName=Microsoft-Windows-Service Control Manager
EventCode=7036
EventType=4
Type=Information
ComputerName=EC2AMAZ-H0SHIJ3
TaskCategory=None
OpCode=The operation completed successfully.
RecordNumber=81231
Keywords=Classic
Message=The Dhcp service entered the running state.
11/03/2020 02:57:22 PM
LogName=System
SourceName=Microsoft-Windows-DHCPv6-Client
EventCode=51046
EventType=4
Type=Information
ComputerName=EC2AMAZ-H0SHIJ3
User=NOT_TRANSLATED
Sid=S-1-5-19
SidType=0
TaskCategory=Service State Event
OpCode=ServiceStart
RecordNumber=81230
Keywords=None
Message=DHCPv6 client service is started
11/03/2020 02:57:22 PM
LogName=System
SourceName=Microsoft-Windows-Dhcp-Client
EventCode=50036
EventType=4
Type=Information
ComputerName=EC2AMAZ-H0SHIJ3
User=NOT_TRANSLATED
Sid=S-1-5-19
SidType=0
TaskCategory=Service State Event
OpCode=ServiceStart
RecordNumber=81229
Keywords=None
Message=DHCPv4 client service is started
11/03/2020 02:57:22 PM
LogName=System
SourceName=Microsoft-Windows-Service Control Manager
EventCode=7036
EventType=4
Type=Information
ComputerName=EC2AMAZ-H0SHIJ3
TaskCategory=None
OpCode=The operation completed successfully.
RecordNumber=81228
Keywords=Classic
Message=The ProfSvc service entered the running state.
11/03/2020 02:57:22 PM
LogName=System
SourceName=Microsoft-Windows-Service Control Manager
EventCode=7036
EventType=4
Type=Information
ComputerName=EC2AMAZ-H0SHIJ3
TaskCategory=None
OpCode=The operation completed successfully.
RecordNumber=81227
Keywords=Classic
Message=The SENS service entered the running state.
11/03/2020 02:57:22 PM
LogName=System
SourceName=Microsoft-Windows-Service Control Manager
EventCode=7036
EventType=4
Type=Information
ComputerName=EC2AMAZ-H0SHIJ3
TaskCategory=None
OpCode=The operation completed successfully.
RecordNumber=81226
Keywords=Classic
Message=The EventLog service entered the running state.
11/03/2020 02:57:22 PM
LogName=System
SourceName=Microsoft-Windows-Service Control Manager
EventCode=7036
EventType=4
Type=Information
ComputerName=EC2AMAZ-H0SHIJ3
TaskCategory=None
OpCode=The operation completed successfully.
RecordNumber=81225
Keywords=Classic
Message=The nsi service entered the running state.
11/03/2020 02:57:22 PM
LogName=System
SourceName=Microsoft-Windows-Service Control Manager
EventCode=7036
EventType=4
Type=Information
ComputerName=EC2AMAZ-H0SHIJ3
TaskCategory=None
OpCode=The operation completed successfully.
RecordNumber=81224
Keywords=Classic
Message=The gpsvc service entered the running state.
11/03/2020 02:57:22 PM
LogName=System
SourceName=Microsoft-Windows-Service Control Manager
EventCode=7036
EventType=4
Type=Information
ComputerName=EC2AMAZ-H0SHIJ3
TaskCategory=None
OpCode=The operation completed successfully.
RecordNumber=81223
Keywords=Classic
Message=The Themes service entered the running state.
11/03/2020 02:57:22 PM
LogName=System
SourceName=Microsoft-Windows-Service Control Manager
EventCode=7036
EventType=4
Type=Information
ComputerName=EC2AMAZ-H0SHIJ3
TaskCategory=None
OpCode=The operation completed successfully.
RecordNumber=81222
Keywords=Classic
Message=The EventSystem service entered the running state.
11/03/2020 02:57:22 PM
LogName=System
SourceName=Microsoft-Windows-Service Control Manager
EventCode=7036
EventType=4
Type=Information
ComputerName=EC2AMAZ-H0SHIJ3
TaskCategory=None
OpCode=The operation completed successfully.
RecordNumber=81221
Keywords=Classic
Message=The WPDBusEnum service entered the running state.
11/03/2020 02:57:22 PM
LogName=System
SourceName=Microsoft-Windows-FilterManager
EventCode=6
EventType=4
Type=Information
ComputerName=EC2AMAZ-H0SHIJ3
User=NOT_TRANSLATED
Sid=S-1-5-18
SidType=0
TaskCategory=None
OpCode=Info
RecordNumber=81220
Keywords=None
Message=File System Filter 'storqosflt' (10.0, ‎2019‎-‎02‎-‎17T02:00:41.000000000Z) has successfully loaded and registered with Filter Manager.
11/03/2020 02:57:22 PM
LogName=System
SourceName=Microsoft-Windows-FilterManager
EventCode=6
EventType=4
Type=Information
ComputerName=EC2AMAZ-H0SHIJ3
User=NOT_TRANSLATED
Sid=S-1-5-18
SidType=0
TaskCategory=None
OpCode=Info
RecordNumber=81219
Keywords=None
Message=File System Filter 'wcifs' (10.0, ‎2020‎-‎02‎-‎19T07:59:09.000000000Z) has successfully loaded and registered with Filter Manager.
11/03/2020 02:57:22 PM
LogName=System
SourceName=Microsoft-Windows-FilterManager
EventCode=6
EventType=4
Type=Information
ComputerName=EC2AMAZ-H0SHIJ3
User=NOT_TRANSLATED
Sid=S-1-5-18
SidType=0
TaskCategory=None
OpCode=Info
RecordNumber=81218
Keywords=None
Message=File System Filter 'luafv' (10.0, ‎2019‎-‎04‎-‎02T04:23:00.000000000Z) has successfully loaded and registered with Filter Manager.
11/03/2020 02:57:22 PM
LogName=System
SourceName=Microsoft-Windows-Service Control Manager
EventCode=7036
EventType=4
Type=Information
ComputerName=EC2AMAZ-H0SHIJ3
TaskCategory=None
OpCode=The operation completed successfully.
RecordNumber=81217
Keywords=Classic
Message=The DsmSvc service entered the running state.
11/03/2020 02:57:22 PM
LogName=System
SourceName=Microsoft-Windows-Kernel-General
EventCode=16
EventType=4
Type=Information
ComputerName=EC2AMAZ-H0SHIJ3
User=NOT_TRANSLATED
Sid=S-1-5-18
SidType=0
TaskCategory=None
OpCode=Info
RecordNumber=81216
Keywords=None
Message=The access history in hive \SystemRoot\System32\Config\BBI was cleared updating 52 keys and creating 13 modified pages.
11/03/2020 02:57:22 PM
LogName=System
SourceName=Microsoft-Windows-Service Control Manager
EventCode=7036
EventType=4
Type=Information
ComputerName=EC2AMAZ-H0SHIJ3
TaskCategory=None
OpCode=The operation completed successfully.
RecordNumber=81215
Keywords=Classic
Message=The BrokerInfrastructure service entered the running state.
11/03/2020 02:57:22 PM
LogName=System
SourceName=EventLog
EventCode=6005
EventType=4
Type=Information
ComputerName=EC2AMAZ-H0SHIJ3
TaskCategory=None
OpCode=None
RecordNumber=81166
Keywords=Classic
Message=The Event log service was started.
11/03/2020 02:57:22 PM
LogName=System
SourceName=EventLog
EventCode=6009
EventType=4
Type=Information
ComputerName=EC2AMAZ-H0SHIJ3
TaskCategory=None
OpCode=None
RecordNumber=81165
Keywords=Classic
Message=Microsoft (R) Windows (R) 10.00. 14393  Multiprocessor Free.
11/03/2020 02:57:22 PM
LogName=System
SourceName=EventLog
EventCode=6011
EventType=4
Type=Information
ComputerName=EC2AMAZ-H0SHIJ3
TaskCategory=None
OpCode=None
RecordNumber=81164
Keywords=Classic
Message=The NetBIOS name and DNS host name of this machine have been changed from EC2AMAZ-H0SHIJ3 to WIN-UOP8L9IFMSK.
11/03/2020 02:57:23 PM
LogName=System
SourceName=Microsoft-Windows-Service Control Manager
EventCode=7036
EventType=4
Type=Information
ComputerName=EC2AMAZ-H0SHIJ3
TaskCategory=None
OpCode=The operation completed successfully.
RecordNumber=81260
Keywords=Classic
Message=The WinDefend service entered the running state.
11/03/2020 02:57:23 PM
LogName=System
SourceName=Microsoft-Windows-Service Control Manager
EventCode=7026
EventType=4
Type=Information
ComputerName=EC2AMAZ-H0SHIJ3
TaskCategory=None
OpCode=The operation completed successfully.
RecordNumber=81259
Keywords=Classic
Message=The following boot-start or system-start driver(s) did not load: 
cdrom
dam
11/03/2020 02:57:23 PM
LogName=System
SourceName=Microsoft-Windows-Service Control Manager
EventCode=7023
EventType=2
Type=Error
ComputerName=EC2AMAZ-H0SHIJ3
TaskCategory=None
OpCode=The operation completed successfully.
RecordNumber=81258
Keywords=Classic
Message=The iphlpsvc service terminated with the following error: 
The service cannot be started, either because it is disabled or because it has no enabled devices associated with it.
11/03/2020 02:57:23 PM
LogName=System
SourceName=Microsoft-Windows-Service Control Manager
EventCode=7036
EventType=4
Type=Information
ComputerName=EC2AMAZ-H0SHIJ3
TaskCategory=None
OpCode=The operation completed successfully.
RecordNumber=81257
Keywords=Classic
Message=The iphlpsvc service entered the stopped state.
11/03/2020 02:57:23 PM
LogName=System
SourceName=Microsoft-Windows-Service Control Manager
EventCode=7036
EventType=4
Type=Information
ComputerName=EC2AMAZ-H0SHIJ3
TaskCategory=None
OpCode=The operation completed successfully.
RecordNumber=81256
Keywords=Classic
Message=The Winmgmt service entered the running state.
11/03/2020 02:57:23 PM
LogName=System
SourceName=Microsoft-Windows-Service Control Manager
EventCode=7036
EventType=4
Type=Information
ComputerName=EC2AMAZ-H0SHIJ3
TaskCategory=None
OpCode=The operation completed successfully.
RecordNumber=81255
Keywords=Classic
Message=The WinRM service entered the running state.
11/03/2020 02:57:23 PM
LogName=System
SourceName=Microsoft-Windows-Service Control Manager
EventCode=7036
EventType=4
Type=Information
ComputerName=EC2AMAZ-H0SHIJ3
TaskCategory=None
OpCode=The operation completed successfully.
RecordNumber=81254
Keywords=Classic
Message=The UserManager service entered the running state.
11/03/2020 02:57:23 PM
LogName=System
SourceName=Microsoft-Windows-Service Control Manager
EventCode=7036
EventType=4
Type=Information
ComputerName=EC2AMAZ-H0SHIJ3
TaskCategory=None
OpCode=The operation completed successfully.
RecordNumber=81253
Keywords=Classic
Message=The LanmanServer service entered the running state.
11/03/2020 02:57:23 PM
LogName=System
SourceName=Microsoft-Windows-Service Control Manager
EventCode=7036
EventType=4
Type=Information
ComputerName=EC2AMAZ-H0SHIJ3
TaskCategory=None
OpCode=The operation completed successfully.
RecordNumber=81252
Keywords=Classic
Message=The WpnService service entered the running state.
11/03/2020 02:57:23 PM
LogName=System
SourceName=Microsoft-Windows-Service Control Manager
EventCode=7036
EventType=4
Type=Information
ComputerName=EC2AMAZ-H0SHIJ3
TaskCategory=None
OpCode=The operation completed successfully.
RecordNumber=81251
Keywords=Classic
Message=The CryptSvc service entered the running state.
11/03/2020 02:57:23 PM
LogName=System
SourceName=Microsoft-Windows-Service Control Manager
EventCode=7036
EventType=4
Type=Information
ComputerName=EC2AMAZ-H0SHIJ3
TaskCategory=None
OpCode=The operation completed successfully.
RecordNumber=81250
Keywords=Classic
Message=The PcaSvc service entered the running state.
11/03/2020 02:57:23 PM
LogName=System
SourceName=Microsoft-Windows-Service Control Manager
EventCode=7036
EventType=4
Type=Information
ComputerName=EC2AMAZ-H0SHIJ3
TaskCategory=None
OpCode=The operation completed successfully.
RecordNumber=81249
Keywords=Classic
Message=The W32Time service entered the running state.
11/03/2020 02:57:23 PM
LogName=System
SourceName=Microsoft-Windows-Service Control Manager
EventCode=7036
EventType=4
Type=Information
ComputerName=EC2AMAZ-H0SHIJ3
TaskCategory=None
OpCode=The operation completed successfully.
RecordNumber=81248
Keywords=Classic
Message=The WinHttpAutoProxySvc service entered the running state.
11/03/2020 02:57:23 PM
LogName=System
SourceName=Microsoft-Windows-Service Control Manager
EventCode=7036
EventType=4
Type=Information
ComputerName=EC2AMAZ-H0SHIJ3
TaskCategory=None
OpCode=The operation completed successfully.
RecordNumber=81247
Keywords=Classic
Message=The AWSLiteAgent service entered the running state.
11/03/2020 02:57:23 PM
LogName=System
SourceName=Microsoft-Windows-Service Control Manager
EventCode=7036
EventType=4
Type=Information
ComputerName=EC2AMAZ-H0SHIJ3
TaskCategory=None
OpCode=The operation completed successfully.
RecordNumber=81246
Keywords=Classic
Message=The RemoteRegistry service entered the running state.
11/03/2020 02:57:23 PM
LogName=System
SourceName=Microsoft-Windows-Service Control Manager
EventCode=7036
EventType=4
Type=Information
ComputerName=EC2AMAZ-H0SHIJ3
TaskCategory=None
OpCode=The operation completed successfully.
RecordNumber=81245
Keywords=Classic
Message=The TrkWks service entered the running state.
11/03/2020 02:57:23 PM
LogName=System
SourceName=Microsoft-Windows-Service Control Manager
EventCode=7036
EventType=4
Type=Information
ComputerName=EC2AMAZ-H0SHIJ3
TaskCategory=None
OpCode=The operation completed successfully.
RecordNumber=81244
Keywords=Classic
Message=The MpsSvc service entered the running state.
11/03/2020 02:57:23 PM
LogName=System
SourceName=Microsoft-Windows-Service Control Manager
EventCode=7036
EventType=4
Type=Information
ComputerName=EC2AMAZ-H0SHIJ3
TaskCategory=None
OpCode=The operation completed successfully.
RecordNumber=81243
Keywords=Classic
Message=The Spooler service entered the running state.
11/03/2020 02:57:23 PM
LogName=System
SourceName=Microsoft-Windows-Windows Remote Management
EventCode=10148
EventType=4
Type=Information
ComputerName=EC2AMAZ-H0SHIJ3
TaskCategory=None
OpCode=Info
RecordNumber=81180
Keywords=Classic
Message=The WinRM service is listening for WS-Management requests. 

 User Action 
 Use the following command to see the specific IPs on which WinRM is listening: 

 winrm enumerate winrm/config/listener
11/03/2020 02:57:25 PM
LogName=System
SourceName=Microsoft-Windows-Service Control Manager
EventCode=7036
EventType=4
Type=Information
ComputerName=EC2AMAZ-H0SHIJ3
TaskCategory=None
OpCode=The operation completed successfully.
RecordNumber=81261
Keywords=Classic
Message=The TimeBrokerSvc service entered the running state.
11/03/2020 02:57:26 PM
LogName=System
SourceName=Microsoft-Windows-UserPnp
EventCode=20003
EventType=4
Type=Information
ComputerName=EC2AMAZ-H0SHIJ3
User=NOT_TRANSLATED
Sid=S-1-5-18
SidType=0
TaskCategory=7005
OpCode=Info
RecordNumber=81262
Keywords=None
Message=Driver Management has concluded the process to add Service vxn for Device Instance ID PCI\VEN_8086&DEV_10ED&SUBSYS_00000000&REV_01\3&267A616A&2&18 with the following status: 0.
11/03/2020 02:57:27 PM
LogName=System
SourceName=Microsoft-Windows-UserPnp
EventCode=20001
EventType=4
Type=Information
ComputerName=EC2AMAZ-H0SHIJ3
User=NOT_TRANSLATED
Sid=S-1-5-18
SidType=0
TaskCategory=7005
OpCode=Info
RecordNumber=81263
Keywords=None
Message=Driver Management concluded the process to install driver vxn65x64.inf_amd64_c69f09961e9fb531\vxn65x64.inf for Device Instance ID PCI\VEN_8086&DEV_10ED&SUBSYS_00000000&REV_01\3&267A616A&2&18 with the following status: 0x0.
11/03/2020 02:57:28 PM
LogName=System
SourceName=Microsoft-Windows-Service Control Manager
EventCode=7036
EventType=4
Type=Information
ComputerName=EC2AMAZ-H0SHIJ3
TaskCategory=None
OpCode=The operation completed successfully.
RecordNumber=81269
Keywords=Classic
Message=The TCP/IP NetBIOS Helper service entered the running state.
11/03/2020 02:57:28 PM
LogName=System
SourceName=Microsoft-Windows-Time-Service
EventCode=37
EventType=4
Type=Information
ComputerName=EC2AMAZ-H0SHIJ3
User=NOT_TRANSLATED
Sid=S-1-5-19
SidType=0
TaskCategory=None
OpCode=Info
RecordNumber=81268
Keywords=None
Message=The time provider NtpClient is currently receiving valid time data from 169.254.169.123,0x9 (ntp.m|0x9|0.0.0.0:123->169.254.169.123:123).
11/03/2020 02:57:28 PM
LogName=System
SourceName=vxn
EventCode=31
EventType=4
Type=Information
ComputerName=EC2AMAZ-H0SHIJ3
TaskCategory=None
OpCode=None
RecordNumber=81267
Keywords=Classic
Message=Intel(R) 82599 Virtual Function
 Network link has been established at 10Gbps full duplex.
11/03/2020 02:57:28 PM
LogName=System
SourceName=Microsoft-Windows-Kernel-General
EventCode=16
EventType=4
Type=Information
ComputerName=EC2AMAZ-H0SHIJ3
User=NOT_TRANSLATED
Sid=S-1-5-18
SidType=0
TaskCategory=None
OpCode=Info
RecordNumber=81266
Keywords=None
Message=The access history in hive \??\C:\ProgramData\Microsoft\Windows\AppRepository\Packages\Microsoft.BioEnrollment_10.0.14393.0_neutral__cw5n1h2txyewy\ActivationStore.dat was cleared updating 0 keys and creating 0 modified pages.
11/03/2020 02:57:28 PM
LogName=System
SourceName=Microsoft-Windows-Kernel-General
EventCode=16
EventType=4
Type=Information
ComputerName=EC2AMAZ-H0SHIJ3
User=NOT_TRANSLATED
Sid=S-1-5-18
SidType=0
TaskCategory=None
OpCode=Info
RecordNumber=81265
Keywords=None
Message=The access history in hive \??\C:\ProgramData\Microsoft\Windows\AppRepository\Packages\Microsoft.AccountsControl_10.0.14393.2068_neutral__cw5n1h2txyewy\ActivationStore.dat was cleared updating 0 keys and creating 0 modified pages.
11/03/2020 02:57:28 PM
LogName=System
SourceName=Microsoft-Windows-Kernel-General
EventCode=16
EventType=4
Type=Information
ComputerName=EC2AMAZ-H0SHIJ3
User=NOT_TRANSLATED
Sid=S-1-5-18
SidType=0
TaskCategory=None
OpCode=Info
RecordNumber=81264
Keywords=None
Message=The access history in hive \??\C:\ProgramData\Microsoft\Windows\AppRepository\Packages\Microsoft.AAD.BrokerPlugin_1000.14393.0.0_neutral_neutral_cw5n1h2txyewy\ActivationStore.dat was cleared updating 0 keys and creating 0 modified pages.
11/03/2020 02:57:29 PM
LogName=System
SourceName=Microsoft-Windows-Kernel-General
EventCode=16
EventType=4
Type=Information
ComputerName=EC2AMAZ-H0SHIJ3
User=NOT_TRANSLATED
Sid=S-1-5-18
SidType=0
TaskCategory=None
OpCode=Info
RecordNumber=81274
Keywords=None
Message=The access history in hive \??\C:\ProgramData\Microsoft\Windows\AppRepository\Packages\Microsoft.Windows.Cortana_1.7.0.14393_neutral_neutral_cw5n1h2txyewy\ActivationStore.dat was cleared updating 0 keys and creating 0 modified pages.
11/03/2020 02:57:29 PM
LogName=System
SourceName=Microsoft-Windows-Kernel-General
EventCode=16
EventType=4
Type=Information
ComputerName=EC2AMAZ-H0SHIJ3
User=NOT_TRANSLATED
Sid=S-1-5-18
SidType=0
TaskCategory=None
OpCode=Info
RecordNumber=81273
Keywords=None
Message=The access history in hive \??\C:\ProgramData\Microsoft\Windows\AppRepository\Packages\Microsoft.Windows.CloudExperienceHost_10.0.14393.1066_neutral_neutral_cw5n1h2txyewy\ActivationStore.dat was cleared updating 0 keys and creating 0 modified pages.
11/03/2020 02:57:29 PM
LogName=System
SourceName=Microsoft-Windows-Kernel-General
EventCode=16
EventType=4
Type=Information
ComputerName=EC2AMAZ-H0SHIJ3
User=NOT_TRANSLATED
Sid=S-1-5-18
SidType=0
TaskCategory=None
OpCode=Info
RecordNumber=81272
Keywords=None
Message=The access history in hive \??\C:\ProgramData\Microsoft\Windows\AppRepository\Packages\Microsoft.Windows.AssignedAccessLockApp_1000.14393.2068.0_neutral_neutral_cw5n1h2txyewy\ActivationStore.dat was cleared updating 0 keys and creating 0 modified pages.
11/03/2020 02:57:29 PM
LogName=System
SourceName=Microsoft-Windows-Kernel-General
EventCode=16
EventType=4
Type=Information
ComputerName=EC2AMAZ-H0SHIJ3
User=NOT_TRANSLATED
Sid=S-1-5-18
SidType=0
TaskCategory=None
OpCode=Info
RecordNumber=81271
Keywords=None
Message=The access history in hive \??\C:\ProgramData\Microsoft\Windows\AppRepository\Packages\Microsoft.Windows.Apprep.ChxApp_1000.14393.2969.0_neutral_neutral_cw5n1h2txyewy\ActivationStore.dat was cleared updating 0 keys and creating 0 modified pages.
11/03/2020 02:57:29 PM
LogName=System
SourceName=Microsoft-Windows-Kernel-General
EventCode=16
EventType=4
Type=Information
ComputerName=EC2AMAZ-H0SHIJ3
User=NOT_TRANSLATED
Sid=S-1-5-18
SidType=0
TaskCategory=None
OpCode=Info
RecordNumber=81270
Keywords=None
Message=The access history in hive \??\C:\ProgramData\Microsoft\Windows\AppRepository\Packages\Microsoft.LockApp_10.0.14393.2068_neutral__cw5n1h2txyewy\ActivationStore.dat was cleared updating 0 keys and creating 0 modified pages.
11/03/2020 02:57:30 PM
LogName=System
SourceName=Microsoft-Windows-Kernel-General
EventCode=16
EventType=4
Type=Information
ComputerName=EC2AMAZ-H0SHIJ3
User=NOT_TRANSLATED
Sid=S-1-5-18
SidType=0
TaskCategory=None
OpCode=Info
RecordNumber=81280
Keywords=None
Message=The access history in hive \??\C:\ProgramData\Microsoft\Windows\AppRepository\Packages\Windows.PrintDialog_6.2.0.0_neutral_neutral_cw5n1h2txyewy\ActivationStore.dat was cleared updating 0 keys and creating 0 modified pages.
11/03/2020 02:57:30 PM
LogName=System
SourceName=Microsoft-Windows-Kernel-General
EventCode=16
EventType=4
Type=Information
ComputerName=EC2AMAZ-H0SHIJ3
User=NOT_TRANSLATED
Sid=S-1-5-18
SidType=0
TaskCategory=None
OpCode=Info
RecordNumber=81279
Keywords=None
Message=The access history in hive \??\C:\ProgramData\Microsoft\Windows\AppRepository\Packages\Windows.MiracastView_6.3.0.0_neutral_neutral_cw5n1h2txyewy\ActivationStore.dat was cleared updating 0 keys and creating 0 modified pages.
11/03/2020 02:57:30 PM
LogName=System
SourceName=Microsoft-Windows-Kernel-General
EventCode=16
EventType=4
Type=Information
ComputerName=EC2AMAZ-H0SHIJ3
User=NOT_TRANSLATED
Sid=S-1-5-18
SidType=0
TaskCategory=None
OpCode=Info
RecordNumber=81278
Keywords=None
Message=The access history in hive \??\C:\ProgramData\Microsoft\Windows\AppRepository\Packages\windows.immersivecontrolpanel_6.2.0.0_neutral_neutral_cw5n1h2txyewy\ActivationStore.dat was cleared updating 0 keys and creating 0 modified pages.
11/03/2020 02:57:30 PM
LogName=System
SourceName=Microsoft-Windows-Kernel-General
EventCode=16
EventType=4
Type=Information
ComputerName=EC2AMAZ-H0SHIJ3
User=NOT_TRANSLATED
Sid=S-1-5-18
SidType=0
TaskCategory=None
OpCode=Info
RecordNumber=81277
Keywords=None
Message=The access history in hive \??\C:\ProgramData\Microsoft\Windows\AppRepository\Packages\Microsoft.XboxGameCallableUI_1000.14393.0.0_neutral_neutral_cw5n1h2txyewy\ActivationStore.dat was cleared updating 0 keys and creating 0 modified pages.
11/03/2020 02:57:30 PM
LogName=System
SourceName=Microsoft-Windows-Kernel-General
EventCode=16
EventType=4
Type=Information
ComputerName=EC2AMAZ-H0SHIJ3
User=NOT_TRANSLATED
Sid=S-1-5-18
SidType=0
TaskCategory=None
OpCode=Info
RecordNumber=81276
Keywords=None
Message=The access history in hive \??\C:\ProgramData\Microsoft\Windows\AppRepository\Packages\Microsoft.Windows.ShellExperienceHost_10.0.14393.2068_neutral_neutral_cw5n1h2txyewy\ActivationStore.dat was cleared updating 0 keys and creating 0 modified pages.
11/03/2020 02:57:30 PM
LogName=System
SourceName=Microsoft-Windows-Kernel-General
EventCode=16
EventType=4
Type=Information
ComputerName=EC2AMAZ-H0SHIJ3
User=NOT_TRANSLATED
Sid=S-1-5-18
SidType=0
TaskCategory=None
OpCode=Info
RecordNumber=81275
Keywords=None
Message=The access history in hive \??\C:\ProgramData\Microsoft\Windows\AppRepository\Packages\Microsoft.Windows.SecondaryTileExperience_10.0.0.0_neutral__cw5n1h2txyewy\ActivationStore.dat was cleared updating 0 keys and creating 0 modified pages.
11/03/2020 02:57:32 PM
LogName=System
SourceName=Microsoft-Windows-Service Control Manager
EventCode=7036
EventType=4
Type=Information
ComputerName=EC2AMAZ-H0SHIJ3
TaskCategory=None
OpCode=The operation completed successfully.
RecordNumber=81282
Keywords=Classic
Message=The Windows Update service entered the running state.
11/03/2020 02:57:32 PM
LogName=System
SourceName=Microsoft-Windows-Service Control Manager
EventCode=7036
EventType=4
Type=Information
ComputerName=EC2AMAZ-H0SHIJ3
TaskCategory=None
OpCode=The operation completed successfully.
RecordNumber=81281
Keywords=Classic
Message=The Windows Defender Network Inspection Service service entered the running state.
11/03/2020 02:57:39 PM
LogName=System
SourceName=Microsoft-Windows-Kernel-General
EventCode=15
EventType=4
Type=Information
ComputerName=EC2AMAZ-H0SHIJ3
User=NOT_TRANSLATED
Sid=S-1-5-18
SidType=0
TaskCategory=None
OpCode=Info
RecordNumber=81284
Keywords=None
Message=Hive \??\C:\Windows\System32\SMI\Store\Machine\SCHEMA.DAT was reorganized with a starting size of 12173312 bytes and an ending size of 11698176 bytes.
11/03/2020 02:57:39 PM
LogName=System
SourceName=Microsoft-Windows-Kernel-General
EventCode=15
EventType=4
Type=Information
ComputerName=EC2AMAZ-H0SHIJ3
User=NOT_TRANSLATED
Sid=S-1-5-18
SidType=0
TaskCategory=None
OpCode=Info
RecordNumber=81283
Keywords=None
Message=Hive \??\C:\Windows\System32\config\COMPONENTS was reorganized with a starting size of 91103232 bytes and an ending size of 86089728 bytes.
11/03/2020 02:57:46 PM
LogName=System
SourceName=Microsoft-Windows-Kernel-General
EventCode=1
EventType=4
Type=Information
ComputerName=EC2AMAZ-H0SHIJ3
User=NOT_TRANSLATED
Sid=S-1-5-18
SidType=0
TaskCategory=5
OpCode=Info
RecordNumber=81286
Keywords=Time
Message=The system time has changed to ‎2020‎-‎11‎-‎03T14:57:46.259000000Z from ‎2020‎-‎11‎-‎03T14:57:46.266838900Z.

Change Reason: An application or system component changed the time.
11/03/2020 02:57:46 PM
LogName=System
SourceName=Microsoft-Windows-Kernel-General
EventCode=1
EventType=4
Type=Information
ComputerName=EC2AMAZ-H0SHIJ3
User=NOT_TRANSLATED
Sid=S-1-5-18
SidType=0
TaskCategory=5
OpCode=Info
RecordNumber=81285
Keywords=Time
Message=The system time has changed to ‎2020‎-‎11‎-‎03T14:57:46.259543500Z from ‎2020‎-‎11‎-‎03T14:57:46.259543500Z.

Change Reason: System time adjusted to the new time zone.
11/03/2020 02:57:52 PM
LogName=System
SourceName=Microsoft-Windows-Service Control Manager
EventCode=7036
EventType=4
Type=Information
ComputerName=EC2AMAZ-N0JSFD5
TaskCategory=None
OpCode=The operation completed successfully.
RecordNumber=81323
Keywords=Classic
Message=The Windows Update service entered the stopped state.
11/03/2020 02:57:52 PM
LogName=System
SourceName=Microsoft-Windows-Kernel-General
EventCode=16
EventType=4
Type=Information
ComputerName=EC2AMAZ-N0JSFD5
User=NOT_TRANSLATED
Sid=S-1-5-18
SidType=0
TaskCategory=None
OpCode=Info
RecordNumber=81322
Keywords=None
Message=The access history in hive \??\C:\Windows\AppCompat\Programs\Amcache.hve was cleared updating 14 keys and creating 7 modified pages.
11/03/2020 02:57:52 PM
LogName=System
SourceName=Microsoft-Windows-Service Control Manager
EventCode=7023
EventType=2
Type=Error
ComputerName=EC2AMAZ-N0JSFD5
TaskCategory=None
OpCode=The operation completed successfully.
RecordNumber=81321
Keywords=Classic
Message=The Network Connection Broker service terminated with the following error: 
A device attached to the system is not functioning.
11/03/2020 02:57:52 PM
LogName=System
SourceName=Microsoft-Windows-Service Control Manager
EventCode=7036
EventType=4
Type=Information
ComputerName=EC2AMAZ-N0JSFD5
TaskCategory=None
OpCode=The operation completed successfully.
RecordNumber=81320
Keywords=Classic
Message=The Network Connection Broker service entered the stopped state.
11/03/2020 02:57:52 PM
LogName=System
SourceName=Microsoft-Windows-DistributedCOM
EventCode=10010
EventType=2
Type=Error
ComputerName=EC2AMAZ-N0JSFD5
User=NOT_TRANSLATED
Sid=S-1-5-18
SidType=0
TaskCategory=None
OpCode=Info
RecordNumber=81319
Keywords=Classic
Message=The server {A47979D2-C419-11D9-A5B4-001185AD2B89} did not register with DCOM within the required timeout.
11/03/2020 02:57:52 PM
LogName=System
SourceName=Microsoft-Windows-Service Control Manager
EventCode=7036
EventType=4
Type=Information
ComputerName=EC2AMAZ-N0JSFD5
TaskCategory=None
OpCode=The operation completed successfully.
RecordNumber=81318
Keywords=Classic
Message=The Windows Defender Service service entered the stopped state.
11/03/2020 02:57:52 PM
LogName=System
SourceName=Microsoft-Windows-Service Control Manager
EventCode=7036
EventType=4
Type=Information
ComputerName=EC2AMAZ-N0JSFD5
TaskCategory=None
OpCode=The operation completed successfully.
RecordNumber=81313
Keywords=Classic
Message=The Windows Event Log service entered the stopped state.
11/03/2020 02:57:52 PM
LogName=System
SourceName=Microsoft-Windows-Service Control Manager
EventCode=7036
EventType=4
Type=Information
ComputerName=EC2AMAZ-N0JSFD5
TaskCategory=None
OpCode=The operation completed successfully.
RecordNumber=81312
Keywords=Classic
Message=The Task Scheduler service entered the stopped state.
11/03/2020 02:57:52 PM
LogName=System
SourceName=Microsoft-Windows-Service Control Manager
EventCode=7036
EventType=4
Type=Information
ComputerName=EC2AMAZ-H0SHIJ3
TaskCategory=None
OpCode=The operation completed successfully.
RecordNumber=81311
Keywords=Classic
Message=The Windows Remote Management (WS-Management) service entered the stopped state.
11/03/2020 02:57:52 PM
LogName=System
SourceName=Microsoft-Windows-Service Control Manager
EventCode=7036
EventType=4
Type=Information
ComputerName=EC2AMAZ-H0SHIJ3
TaskCategory=None
OpCode=The operation completed successfully.
RecordNumber=81310
Keywords=Classic
Message=The State Repository Service service entered the stopped state.
11/03/2020 02:57:52 PM
LogName=System
SourceName=Microsoft-Windows-Service Control Manager
EventCode=7036
EventType=4
Type=Information
ComputerName=EC2AMAZ-H0SHIJ3
TaskCategory=None
OpCode=The operation completed successfully.
RecordNumber=81309
Keywords=Classic
Message=The DHCP Client service entered the stopped state.
11/03/2020 02:57:52 PM
LogName=System
SourceName=Microsoft-Windows-Dhcp-Client
EventCode=50037
EventType=4
Type=Information
ComputerName=EC2AMAZ-H0SHIJ3
User=NOT_TRANSLATED
Sid=S-1-5-19
SidType=0
TaskCategory=Service State Event
OpCode=ServiceStop
RecordNumber=81308
Keywords=None
Message=DHCPv4 client service is stopped. ShutDown Flag value is 1
11/03/2020 02:57:52 PM
LogName=System
SourceName=Microsoft-Windows-DHCPv6-Client
EventCode=51047
EventType=4
Type=Information
ComputerName=EC2AMAZ-H0SHIJ3
User=NOT_TRANSLATED
Sid=S-1-5-19
SidType=0
TaskCategory=Service State Event
OpCode=ServiceStop
RecordNumber=81307
Keywords=None
Message=DHCPv6 client service is stopped. ShutDown Flag value is 1
11/03/2020 02:57:52 PM
LogName=System
SourceName=Microsoft-Windows-Service Control Manager
EventCode=7036
EventType=4
Type=Information
ComputerName=EC2AMAZ-H0SHIJ3
TaskCategory=None
OpCode=The operation completed successfully.
RecordNumber=81306
Keywords=Classic
Message=The User Profile Service service entered the stopped state.
11/03/2020 02:57:52 PM
LogName=System
SourceName=Microsoft-Windows-Service Control Manager
EventCode=7036
EventType=4
Type=Information
ComputerName=EC2AMAZ-H0SHIJ3
TaskCategory=None
OpCode=The operation completed successfully.
RecordNumber=81305
Keywords=Classic
Message=The Windows Connection Manager service entered the stopped state.
11/03/2020 02:57:52 PM
LogName=System
SourceName=Microsoft-Windows-Service Control Manager
EventCode=7036
EventType=4
Type=Information
ComputerName=EC2AMAZ-H0SHIJ3
TaskCategory=None
OpCode=The operation completed successfully.
RecordNumber=81304
Keywords=Classic
Message=The Cryptographic Services service entered the stopped state.
11/03/2020 02:57:52 PM
LogName=System
SourceName=Microsoft-Windows-Service Control Manager
EventCode=7036
EventType=4
Type=Information
ComputerName=EC2AMAZ-H0SHIJ3
TaskCategory=None
OpCode=The operation completed successfully.
RecordNumber=81303
Keywords=Classic
Message=The Program Compatibility Assistant Service service entered the stopped state.
