11/03/2020 03:43:56 PM
LogName=System
SourceName=Microsoft-Windows-Kernel-Boot
EventCode=153
EventType=4
Type=Information
ComputerName=win-dc-807.attackrange.local
User=NOT_TRANSLATED
Sid=S-1-5-18
SidType=0
TaskCategory=None
OpCode=Info
RecordNumber=81847
Keywords=None
Message=The Virtualization Based Security (policies: 0) is disabled with status STATUS_SUCCESS.
11/03/2020 03:43:56 PM
LogName=System
SourceName=Microsoft-Windows-Kernel-General
EventCode=12
EventType=4
Type=Information
ComputerName=win-dc-807.attackrange.local
User=NOT_TRANSLATED
Sid=S-1-5-18
SidType=0
TaskCategory=1
OpCode=Info
RecordNumber=81846
Keywords=None
Message=The operating system started at system time ‎2020‎-‎11‎-‎03T15:43:56.494373200Z.
11/03/2020 03:44:00 PM
LogName=System
SourceName=Microsoft-Windows-Kernel-Processor-Power
EventCode=55
EventType=4
Type=Information
ComputerName=win-dc-807.attackrange.local
User=NOT_TRANSLATED
Sid=S-1-5-18
SidType=0
TaskCategory=47
OpCode=Info
RecordNumber=81867
Keywords=None
Message=Processor 7 in group 0 exposes the following power management capabilities:

Idle state type: ACPI Idle (C) States (1 state(s))

Performance state type: None
Nominal Frequency (MHz): 2400
Maximum performance percentage: 100
Minimum performance percentage: 100
Minimum throttle percentage: 100
11/03/2020 03:44:00 PM
LogName=System
SourceName=Microsoft-Windows-Kernel-Processor-Power
EventCode=55
EventType=4
Type=Information
ComputerName=win-dc-807.attackrange.local
User=NOT_TRANSLATED
Sid=S-1-5-18
SidType=0
TaskCategory=47
OpCode=Info
RecordNumber=81866
Keywords=None
Message=Processor 6 in group 0 exposes the following power management capabilities:

Idle state type: ACPI Idle (C) States (1 state(s))

Performance state type: None
Nominal Frequency (MHz): 2400
Maximum performance percentage: 100
Minimum performance percentage: 100
Minimum throttle percentage: 100
11/03/2020 03:44:00 PM
LogName=System
SourceName=Microsoft-Windows-Kernel-Processor-Power
EventCode=55
EventType=4
Type=Information
ComputerName=win-dc-807.attackrange.local
User=NOT_TRANSLATED
Sid=S-1-5-18
SidType=0
TaskCategory=47
OpCode=Info
RecordNumber=81865
Keywords=None
Message=Processor 5 in group 0 exposes the following power management capabilities:

Idle state type: ACPI Idle (C) States (1 state(s))

Performance state type: None
Nominal Frequency (MHz): 2400
Maximum performance percentage: 100
Minimum performance percentage: 100
Minimum throttle percentage: 100
11/03/2020 03:44:00 PM
LogName=System
SourceName=Microsoft-Windows-Kernel-Processor-Power
EventCode=55
EventType=4
Type=Information
ComputerName=win-dc-807.attackrange.local
User=NOT_TRANSLATED
Sid=S-1-5-18
SidType=0
TaskCategory=47
OpCode=Info
RecordNumber=81864
Keywords=None
Message=Processor 4 in group 0 exposes the following power management capabilities:

Idle state type: ACPI Idle (C) States (1 state(s))

Performance state type: None
Nominal Frequency (MHz): 2400
Maximum performance percentage: 100
Minimum performance percentage: 100
Minimum throttle percentage: 100
11/03/2020 03:44:00 PM
LogName=System
SourceName=Microsoft-Windows-Kernel-Processor-Power
EventCode=55
EventType=4
Type=Information
ComputerName=win-dc-807.attackrange.local
User=NOT_TRANSLATED
Sid=S-1-5-18
SidType=0
TaskCategory=47
OpCode=Info
RecordNumber=81863
Keywords=None
Message=Processor 3 in group 0 exposes the following power management capabilities:

Idle state type: ACPI Idle (C) States (1 state(s))

Performance state type: None
Nominal Frequency (MHz): 2400
Maximum performance percentage: 100
Minimum performance percentage: 100
Minimum throttle percentage: 100
11/03/2020 03:44:00 PM
LogName=System
SourceName=Microsoft-Windows-Kernel-Processor-Power
EventCode=55
EventType=4
Type=Information
ComputerName=win-dc-807.attackrange.local
User=NOT_TRANSLATED
Sid=S-1-5-18
SidType=0
TaskCategory=47
OpCode=Info
RecordNumber=81862
Keywords=None
Message=Processor 2 in group 0 exposes the following power management capabilities:

Idle state type: ACPI Idle (C) States (1 state(s))

Performance state type: None
Nominal Frequency (MHz): 2400
Maximum performance percentage: 100
Minimum performance percentage: 100
Minimum throttle percentage: 100
11/03/2020 03:44:00 PM
LogName=System
SourceName=Microsoft-Windows-Kernel-Processor-Power
EventCode=55
EventType=4
Type=Information
ComputerName=win-dc-807.attackrange.local
User=NOT_TRANSLATED
Sid=S-1-5-18
SidType=0
TaskCategory=47
OpCode=Info
RecordNumber=81861
Keywords=None
Message=Processor 1 in group 0 exposes the following power management capabilities:

Idle state type: ACPI Idle (C) States (1 state(s))

Performance state type: None
Nominal Frequency (MHz): 2400
Maximum performance percentage: 100
Minimum performance percentage: 100
Minimum throttle percentage: 100
11/03/2020 03:44:00 PM
LogName=System
SourceName=Microsoft-Windows-Kernel-Processor-Power
EventCode=55
EventType=4
Type=Information
ComputerName=win-dc-807.attackrange.local
User=NOT_TRANSLATED
Sid=S-1-5-18
SidType=0
TaskCategory=47
OpCode=Info
RecordNumber=81860
Keywords=None
Message=Processor 0 in group 0 exposes the following power management capabilities:

Idle state type: ACPI Idle (C) States (1 state(s))

Performance state type: None
Nominal Frequency (MHz): 2400
Maximum performance percentage: 100
Minimum performance percentage: 100
Minimum throttle percentage: 100
11/03/2020 03:44:00 PM
LogName=System
SourceName=Microsoft-Windows-Kernel-Power
EventCode=172
EventType=4
Type=Information
ComputerName=win-dc-807.attackrange.local
User=NOT_TRANSLATED
Sid=S-1-5-18
SidType=0
TaskCategory=203
OpCode=Info
RecordNumber=81859
Keywords=None
Message=Connectivity state in standby: Disconnected, Reason: NIC compliance
11/03/2020 03:44:00 PM
LogName=System
SourceName=Microsoft-Windows-FilterManager
EventCode=6
EventType=4
Type=Information
ComputerName=win-dc-807.attackrange.local
User=NOT_TRANSLATED
Sid=S-1-5-18
SidType=0
TaskCategory=None
OpCode=Info
RecordNumber=81858
Keywords=None
Message=File System Filter 'npsvctrig' (10.0, ‎2016‎-‎07‎-‎16T02:28:33.000000000Z) has successfully loaded and registered with Filter Manager.
11/03/2020 03:44:00 PM
LogName=System
SourceName=Microsoft-Windows-FilterManager
EventCode=6
EventType=4
Type=Information
ComputerName=win-dc-807.attackrange.local
User=NOT_TRANSLATED
Sid=S-1-5-18
SidType=0
TaskCategory=None
OpCode=Info
RecordNumber=81857
Keywords=None
Message=File System Filter 'DfsDriver' (10.0, ‎2016‎-‎07‎-‎16T02:21:37.000000000Z) has successfully loaded and registered with Filter Manager.
11/03/2020 03:44:00 PM
LogName=System
SourceName=Microsoft-Windows-FilterManager
EventCode=6
EventType=4
Type=Information
ComputerName=win-dc-807.attackrange.local
User=NOT_TRANSLATED
Sid=S-1-5-18
SidType=0
TaskCategory=None
OpCode=Info
RecordNumber=81856
Keywords=None
Message=File System Filter 'FileCrypt' (10.0, ‎2018‎-‎08‎-‎30T20:44:27.000000000Z) has successfully loaded and registered with Filter Manager.
11/03/2020 03:44:00 PM
LogName=System
SourceName=Microsoft-Windows-Ntfs
EventCode=98
EventType=4
Type=Information
ComputerName=win-dc-807.attackrange.local
User=NOT_TRANSLATED
Sid=S-1-5-18
SidType=0
TaskCategory=None
OpCode=Info
RecordNumber=81855
Keywords=None
Message=Volume C: (\Device\HarddiskVolume1) is healthy.  No action is needed.
11/03/2020 03:44:00 PM
LogName=System
SourceName=Microsoft-Windows-FilterManager
EventCode=6
EventType=4
Type=Information
ComputerName=win-dc-807.attackrange.local
User=NOT_TRANSLATED
Sid=S-1-5-18
SidType=0
TaskCategory=None
OpCode=Info
RecordNumber=81854
Keywords=None
Message=File System Filter 'DfsrRo' (10.0, ‎2016‎-‎07‎-‎16T02:20:37.000000000Z) has successfully loaded and registered with Filter Manager.
11/03/2020 03:44:00 PM
LogName=System
SourceName=Microsoft-Windows-FilterManager
EventCode=6
EventType=4
Type=Information
ComputerName=win-dc-807.attackrange.local
User=NOT_TRANSLATED
Sid=S-1-5-18
SidType=0
TaskCategory=None
OpCode=Info
RecordNumber=81853
Keywords=None
Message=File System Filter 'Wof' (10.0, ‎2019‎-‎09‎-‎29T22:52:46.000000000Z) has successfully loaded and registered with Filter Manager.
11/03/2020 03:44:15 PM
LogName=System
SourceName=Microsoft-Windows-Wininit
EventCode=14
EventType=4
Type=Information
ComputerName=win-dc-807.attackrange.local
User=NOT_TRANSLATED
Sid=S-1-5-18
SidType=0
TaskCategory=None
OpCode=Info
RecordNumber=81868
Keywords=None
Message=Credential Guard (LsaIso.exe) configuration: 0x0, 0
11/03/2020 03:44:16 PM
LogName=System
SourceName=Microsoft-Windows-Directory-Services-SAM
EventCode=16962
EventType=4
Type=Information
ComputerName=win-dc-807.attackrange.local
User=NOT_TRANSLATED
Sid=S-1-5-18
SidType=0
TaskCategory=None
OpCode=Info
RecordNumber=81869
Keywords=None
Message=Remote calls to the SAM database are being restricted using the default security descriptor: .
For more information please see http://go.microsoft.com/fwlink/?LinkId=787651.
11/03/2020 03:44:17 PM
LogName=System
SourceName=Microsoft-Windows-Service Control Manager
EventCode=7036
EventType=4
Type=Information
ComputerName=win-dc-807.attackrange.local
TaskCategory=None
OpCode=The operation completed successfully.
RecordNumber=81891
Keywords=Classic
Message=The BrokerInfrastructure service entered the running state.
11/03/2020 03:44:17 PM
LogName=System
SourceName=Microsoft-Windows-Service Control Manager
EventCode=7036
EventType=4
Type=Information
ComputerName=win-dc-807.attackrange.local
TaskCategory=None
OpCode=The operation completed successfully.
RecordNumber=81890
Keywords=Classic
Message=The LSM service entered the running state.
11/03/2020 03:44:17 PM
LogName=System
SourceName=Microsoft-Windows-Service Control Manager
EventCode=7036
EventType=4
Type=Information
ComputerName=win-dc-807.attackrange.local
TaskCategory=None
OpCode=The operation completed successfully.
RecordNumber=81889
Keywords=Classic
Message=The RpcSs service entered the running state.
11/03/2020 03:44:17 PM
LogName=System
SourceName=Microsoft-Windows-Service Control Manager
EventCode=7036
EventType=4
Type=Information
ComputerName=win-dc-807.attackrange.local
TaskCategory=None
OpCode=The operation completed successfully.
RecordNumber=81888
Keywords=Classic
Message=The RpcEptMapper service entered the running state.
11/03/2020 03:44:17 PM
LogName=System
SourceName=Microsoft-Windows-Service Control Manager
EventCode=7036
EventType=4
Type=Information
ComputerName=win-dc-807.attackrange.local
TaskCategory=None
OpCode=The operation completed successfully.
RecordNumber=81887
Keywords=Classic
Message=The DcomLaunch service entered the running state.
11/03/2020 03:44:17 PM
LogName=System
SourceName=Microsoft-Windows-Service Control Manager
EventCode=7036
EventType=4
Type=Information
ComputerName=win-dc-807.attackrange.local
TaskCategory=None
OpCode=The operation completed successfully.
RecordNumber=81886
Keywords=Classic
Message=The Power service entered the running state.
11/03/2020 03:44:17 PM
LogName=System
SourceName=Microsoft-Windows-Service Control Manager
EventCode=7036
EventType=4
Type=Information
ComputerName=win-dc-807.attackrange.local
TaskCategory=None
OpCode=The operation completed successfully.
RecordNumber=81885
Keywords=Classic
Message=The PlugPlay service entered the running state.
11/03/2020 03:44:17 PM
LogName=System
SourceName=Microsoft-Windows-Directory-Services-SAM
EventCode=16413
EventType=4
Type=Information
ComputerName=win-dc-807.attackrange.local
User=NOT_TRANSLATED
Sid=S-1-5-18
SidType=0
TaskCategory=None
OpCode=Info
RecordNumber=81884
Keywords=None
Message=An error occurred when trying to remove the account Network Service from the group Performance Log Users. The problem, "The system cannot find the file specified.
", occurred when trying to remove the account from the group.  Please remove the member manually.
11/03/2020 03:44:17 PM
LogName=System
SourceName=Microsoft-Windows-Directory-Services-SAM
EventCode=16403
EventType=4
Type=Information
ComputerName=win-dc-807.attackrange.local
User=NOT_TRANSLATED
Sid=S-1-5-18
SidType=0
TaskCategory=None
OpCode=Info
RecordNumber=81883
Keywords=None
Message=The error "The specified local group already exists.
" occurred when trying to create the well known account Storage Replica Administrators. Please contact PSS to recover.
11/03/2020 03:44:17 PM
LogName=System
SourceName=Microsoft-Windows-Directory-Services-SAM
EventCode=16403
EventType=4
Type=Information
ComputerName=win-dc-807.attackrange.local
User=NOT_TRANSLATED
Sid=S-1-5-18
SidType=0
TaskCategory=None
OpCode=Info
RecordNumber=81882
Keywords=None
Message=The error "The specified local group already exists.
" occurred when trying to create the well known account Remote Management Users. Please contact PSS to recover.
11/03/2020 03:44:17 PM
LogName=System
SourceName=Microsoft-Windows-Directory-Services-SAM
EventCode=16403
EventType=4
Type=Information
ComputerName=win-dc-807.attackrange.local
User=NOT_TRANSLATED
Sid=S-1-5-18
SidType=0
TaskCategory=None
OpCode=Info
RecordNumber=81881
Keywords=None
Message=The error "The specified local group already exists.
" occurred when trying to create the well known account Access Control Assistance Operators. Please contact PSS to recover.
11/03/2020 03:44:17 PM
LogName=System
SourceName=Microsoft-Windows-Directory-Services-SAM
EventCode=16403
EventType=4
Type=Information
ComputerName=win-dc-807.attackrange.local
User=NOT_TRANSLATED
Sid=S-1-5-18
SidType=0
TaskCategory=None
OpCode=Info
RecordNumber=81880
Keywords=None
Message=The error "The specified local group already exists.
" occurred when trying to create the well known account Hyper-V Administrators. Please contact PSS to recover.
11/03/2020 03:44:17 PM
LogName=System
SourceName=Microsoft-Windows-Directory-Services-SAM
EventCode=16403
EventType=4
Type=Information
ComputerName=win-dc-807.attackrange.local
User=NOT_TRANSLATED
Sid=S-1-5-18
SidType=0
TaskCategory=None
OpCode=Info
RecordNumber=81879
Keywords=None
Message=The error "The specified local group already exists.
" occurred when trying to create the well known account RDS Management Servers. Please contact PSS to recover.
11/03/2020 03:44:17 PM
LogName=System
SourceName=Microsoft-Windows-Directory-Services-SAM
EventCode=16403
EventType=4
Type=Information
ComputerName=win-dc-807.attackrange.local
User=NOT_TRANSLATED
Sid=S-1-5-18
SidType=0
TaskCategory=None
OpCode=Info
RecordNumber=81878
Keywords=None
Message=The error "The specified local group already exists.
" occurred when trying to create the well known account RDS Endpoint Servers. Please contact PSS to recover.
11/03/2020 03:44:17 PM
LogName=System
SourceName=Microsoft-Windows-Directory-Services-SAM
EventCode=16403
EventType=4
Type=Information
ComputerName=win-dc-807.attackrange.local
User=NOT_TRANSLATED
Sid=S-1-5-18
SidType=0
TaskCategory=None
OpCode=Info
RecordNumber=81877
Keywords=None
Message=The error "The specified local group already exists.
" occurred when trying to create the well known account RDS Remote Access Servers. Please contact PSS to recover.
11/03/2020 03:44:17 PM
LogName=System
SourceName=Microsoft-Windows-Directory-Services-SAM
EventCode=16403
EventType=4
Type=Information
ComputerName=win-dc-807.attackrange.local
User=NOT_TRANSLATED
Sid=S-1-5-18
SidType=0
TaskCategory=None
OpCode=Info
RecordNumber=81876
Keywords=None
Message=The error "The specified local group already exists.
" occurred when trying to create the well known account Certificate Service DCOM Access. Please contact PSS to recover.
11/03/2020 03:44:17 PM
LogName=System
SourceName=Microsoft-Windows-Directory-Services-SAM
EventCode=16403
EventType=4
Type=Information
ComputerName=win-dc-807.attackrange.local
User=NOT_TRANSLATED
Sid=S-1-5-18
SidType=0
TaskCategory=None
OpCode=Info
RecordNumber=81875
Keywords=None
Message=The error "The specified local group already exists.
" occurred when trying to create the well known account Event Log Readers. Please contact PSS to recover.
11/03/2020 03:44:17 PM
LogName=System
SourceName=Microsoft-Windows-Directory-Services-SAM
EventCode=16401
EventType=4
Type=Information
ComputerName=win-dc-807.attackrange.local
User=NOT_TRANSLATED
Sid=S-1-5-18
SidType=0
TaskCategory=None
OpCode=Info
RecordNumber=81874
Keywords=None
Message=An error occurred when trying to add the account INTERNET USER to the group IIS_IUSRS. The problem, "The specified local group does not exist.
", occurred when trying to open the group. Please add the account manually.
11/03/2020 03:44:17 PM
LogName=System
SourceName=Microsoft-Windows-Directory-Services-SAM
EventCode=16403
EventType=4
Type=Information
ComputerName=win-dc-807.attackrange.local
User=NOT_TRANSLATED
Sid=S-1-5-18
SidType=0
TaskCategory=None
OpCode=Info
RecordNumber=81873
Keywords=None
Message=The error "The specified local group already exists.
" occurred when trying to create the well known account Cryptographic Operators. Please contact PSS to recover.
11/03/2020 03:44:17 PM
LogName=System
SourceName=Microsoft-Windows-Directory-Services-SAM
EventCode=16403
EventType=4
Type=Information
ComputerName=win-dc-807.attackrange.local
User=NOT_TRANSLATED
Sid=S-1-5-18
SidType=0
TaskCategory=None
OpCode=Info
RecordNumber=81872
Keywords=None
Message=The error "The specified local group already exists.
" occurred when trying to create the well known account IIS_IUSRS. Please contact PSS to recover.
11/03/2020 03:44:17 PM
LogName=System
SourceName=Microsoft-Windows-Directory-Services-SAM
EventCode=16403
EventType=4
Type=Information
ComputerName=win-dc-807.attackrange.local
User=NOT_TRANSLATED
Sid=S-1-5-18
SidType=0
TaskCategory=None
OpCode=Info
RecordNumber=81871
Keywords=None
Message=The error "The specified local group already exists.
" occurred when trying to create the well known account Distributed COM Users. Please contact PSS to recover.
11/03/2020 03:44:17 PM
LogName=System
SourceName=Microsoft-Windows-Directory-Services-SAM
EventCode=16937
EventType=4
Type=Information
ComputerName=win-dc-807.attackrange.local
User=NOT_TRANSLATED
Sid=S-1-5-18
SidType=0
TaskCategory=None
OpCode=Info
RecordNumber=81870
Keywords=None
Message=Secured the machine account .  The builtin\account operators full control Access Control Entry was removed from the security descriptor on this object.
11/03/2020 03:44:18 PM
LogName=System
SourceName=Microsoft-Windows-Service Control Manager
EventCode=7036
EventType=4
Type=Information
ComputerName=win-dc-807.attackrange.local
TaskCategory=None
OpCode=The operation completed successfully.
RecordNumber=81939
Keywords=Classic
Message=The PolicyAgent service entered the running state.
11/03/2020 03:44:18 PM
LogName=System
SourceName=Microsoft-Windows-Iphlpsvc
EventCode=4200
EventType=4
Type=Information
ComputerName=win-dc-807.attackrange.local
User=NOT_TRANSLATED
Sid=S-1-5-18
SidType=0
TaskCategory=None
OpCode=Info
RecordNumber=81938
Keywords=None
Message=Isatap interface isatap.eu-central-1.compute.internal with address fe80::5efe:10.0.1.14 has been brought up.
11/03/2020 03:44:18 PM
LogName=System
SourceName=Microsoft-Windows-Service Control Manager
EventCode=7036
EventType=4
Type=Information
ComputerName=win-dc-807.attackrange.local
TaskCategory=None
OpCode=The operation completed successfully.
RecordNumber=81937
Keywords=Classic
Message=The KeyIso service entered the running state.
11/03/2020 03:44:18 PM
LogName=System
SourceName=Microsoft-Windows-Service Control Manager
EventCode=7036
EventType=4
Type=Information
ComputerName=win-dc-807.attackrange.local
TaskCategory=None
OpCode=The operation completed successfully.
RecordNumber=81936
Keywords=Classic
Message=The NetSetupSvc service entered the running state.
11/03/2020 03:44:18 PM
LogName=System
SourceName=Microsoft-Windows-Service Control Manager
EventCode=7036
EventType=4
Type=Information
ComputerName=win-dc-807.attackrange.local
TaskCategory=None
OpCode=The operation completed successfully.
RecordNumber=81935
Keywords=Classic
Message=The UserManager service entered the running state.
11/03/2020 03:44:18 PM
LogName=System
SourceName=Microsoft-Windows-Service Control Manager
EventCode=7036
EventType=4
Type=Information
ComputerName=win-dc-807.attackrange.local
TaskCategory=None
OpCode=The operation completed successfully.
RecordNumber=81934
Keywords=Classic
Message=The MpsSvc service entered the running state.
11/03/2020 03:44:18 PM
LogName=System
SourceName=Microsoft-Windows-Service Control Manager
EventCode=7036
EventType=4
Type=Information
ComputerName=win-dc-807.attackrange.local
TaskCategory=None
OpCode=The operation completed successfully.
RecordNumber=81933
Keywords=Classic
Message=The TimeBrokerSvc service entered the running state.
11/03/2020 03:44:18 PM
LogName=System
SourceName=Microsoft-Windows-Service Control Manager
EventCode=7036
EventType=4
Type=Information
ComputerName=win-dc-807.attackrange.local
TaskCategory=None
OpCode=The operation completed successfully.
RecordNumber=81932
Keywords=Classic
Message=The NcaSvc service entered the stopped state.
11/03/2020 03:44:18 PM
LogName=System
SourceName=Microsoft-Windows-Service Control Manager
EventCode=7036
EventType=4
Type=Information
ComputerName=win-dc-807.attackrange.local
TaskCategory=None
OpCode=The operation completed successfully.
RecordNumber=81931
Keywords=Classic
Message=The iphlpsvc service entered the running state.
11/03/2020 03:44:18 PM
LogName=System
SourceName=Microsoft-Windows-Service Control Manager
EventCode=7036
EventType=4
Type=Information
ComputerName=win-dc-807.attackrange.local
TaskCategory=None
OpCode=The operation completed successfully.
RecordNumber=81930
Keywords=Classic
Message=The Kdc service entered the running state.
11/03/2020 03:44:18 PM
LogName=System
SourceName=Microsoft-Windows-Service Control Manager
EventCode=7036
EventType=4
Type=Information
ComputerName=win-dc-807.attackrange.local
TaskCategory=None
OpCode=The operation completed successfully.
RecordNumber=81929
Keywords=Classic
Message=The SessionEnv service entered the running state.
11/03/2020 03:44:18 PM
LogName=System
SourceName=Microsoft-Windows-Service Control Manager
EventCode=7036
EventType=4
Type=Information
ComputerName=win-dc-807.attackrange.local
TaskCategory=None
OpCode=The operation completed successfully.
RecordNumber=81928
Keywords=Classic
Message=The Schedule service entered the running state.
11/03/2020 03:44:18 PM
LogName=System
SourceName=Microsoft-Windows-Service Control Manager
EventCode=7036
EventType=4
Type=Information
ComputerName=win-dc-807.attackrange.local
TaskCategory=None
OpCode=The operation completed successfully.
RecordNumber=81927
Keywords=Classic
Message=The Winmgmt service entered the running state.
11/03/2020 03:44:18 PM
LogName=System
SourceName=Microsoft-Windows-DNS Client Events
EventCode=1014
EventType=3
Type=Warning
ComputerName=win-dc-807.attackrange.local
User=NOT_TRANSLATED
Sid=S-1-5-20
SidType=0
TaskCategory=1014
OpCode=Info
RecordNumber=81926
Keywords=None
Message=Name resolution for the name _ldap._tcp.dc._msdcs.attackrange.local. timed out after none of the configured DNS servers responded.
11/03/2020 03:44:18 PM
LogName=System
SourceName=Microsoft-Windows-Service Control Manager
EventCode=7036
EventType=4
Type=Information
ComputerName=win-dc-807.attackrange.local
TaskCategory=None
OpCode=The operation completed successfully.
RecordNumber=81925
Keywords=Classic
Message=The BFE service entered the running state.
11/03/2020 03:44:18 PM
LogName=System
SourceName=Microsoft-Windows-Service Control Manager
EventCode=7036
EventType=4
Type=Information
ComputerName=win-dc-807.attackrange.local
TaskCategory=None
OpCode=The operation completed successfully.
RecordNumber=81924
Keywords=Classic
Message=The WinHttpAutoProxySvc service entered the running state.
11/03/2020 03:44:18 PM
LogName=System
SourceName=Microsoft-Windows-Service Control Manager
EventCode=7036
EventType=4
Type=Information
ComputerName=win-dc-807.attackrange.local
TaskCategory=None
OpCode=The operation completed successfully.
RecordNumber=81923
Keywords=Classic
Message=The LanmanWorkstation service entered the running state.
11/03/2020 03:44:18 PM
LogName=System
SourceName=Microsoft-Windows-Service Control Manager
EventCode=7036
EventType=4
Type=Information
ComputerName=win-dc-807.attackrange.local
TaskCategory=None
OpCode=The operation completed successfully.
RecordNumber=81922
Keywords=Classic
Message=The CertPropSvc service entered the running state.
11/03/2020 03:44:18 PM
LogName=System
SourceName=Microsoft-Windows-Service Control Manager
EventCode=7036
EventType=4
Type=Information
ComputerName=win-dc-807.attackrange.local
TaskCategory=None
OpCode=The operation completed successfully.
RecordNumber=81921
Keywords=Classic
Message=The NcbService service entered the running state.
11/03/2020 03:44:18 PM
LogName=System
SourceName=Microsoft-Windows-Service Control Manager
EventCode=7036
EventType=4
Type=Information
ComputerName=win-dc-807.attackrange.local
TaskCategory=None
OpCode=The operation completed successfully.
RecordNumber=81920
Keywords=Classic
Message=The DsmSvc service entered the running state.
11/03/2020 03:44:18 PM
LogName=System
SourceName=Microsoft-Windows-Service Control Manager
EventCode=7036
EventType=4
Type=Information
ComputerName=win-dc-807.attackrange.local
TaskCategory=None
OpCode=The operation completed successfully.
RecordNumber=81919
Keywords=Classic
Message=The FontCache service entered the running state.
11/03/2020 03:44:18 PM
LogName=System
SourceName=Microsoft-Windows-Service Control Manager
EventCode=7036
EventType=4
Type=Information
ComputerName=win-dc-807.attackrange.local
TaskCategory=None
OpCode=The operation completed successfully.
RecordNumber=81918
Keywords=Classic
Message=The UmRdpService service entered the running state.
11/03/2020 03:44:18 PM
LogName=System
SourceName=Microsoft-Windows-Service Control Manager
EventCode=7036
EventType=4
Type=Information
ComputerName=win-dc-807.attackrange.local
TaskCategory=None
OpCode=The operation completed successfully.
RecordNumber=81917
Keywords=Classic
Message=The Wcmsvc service entered the running state.
11/03/2020 03:44:18 PM
LogName=System
SourceName=Microsoft-Windows-Service Control Manager
EventCode=7036
EventType=4
Type=Information
ComputerName=win-dc-807.attackrange.local
TaskCategory=None
OpCode=The operation completed successfully.
RecordNumber=81916
Keywords=Classic
Message=The netprofm service entered the running state.
11/03/2020 03:44:18 PM
LogName=System
SourceName=Microsoft-Windows-Service Control Manager
EventCode=7036
EventType=4
Type=Information
ComputerName=win-dc-807.attackrange.local
TaskCategory=None
OpCode=The operation completed successfully.
RecordNumber=81915
Keywords=Classic
Message=The ShellHWDetection service entered the running state.
11/03/2020 03:44:18 PM
LogName=System
SourceName=Microsoft-Windows-DNS Client Events
EventCode=1014
EventType=3
Type=Warning
ComputerName=win-dc-807.attackrange.local
User=NOT_TRANSLATED
Sid=S-1-5-20
SidType=0
TaskCategory=1014
OpCode=Info
RecordNumber=81914
Keywords=None
Message=Name resolution for the name _ldap._tcp.dc._msdcs.attackrange.local. timed out after none of the configured DNS servers responded.
11/03/2020 03:44:18 PM
LogName=System
SourceName=Microsoft-Windows-TerminalServices-RemoteConnectionManager
EventCode=1056
EventType=4
Type=Information
ComputerName=win-dc-807.attackrange.local
TaskCategory=None
OpCode=The operation completed successfully.
RecordNumber=81913
Keywords=Classic
Message=A new self signed certificate to be used for RD Session Host Server authentication on SSL connections was generated. The name on this certificate is win-dc-807.attackrange.local. The SHA1 hash of the certificate is in the event data.
11/03/2020 03:44:18 PM
LogName=System
SourceName=Microsoft-Windows-Service Control Manager
EventCode=7036
EventType=4
Type=Information
ComputerName=win-dc-807.attackrange.local
TaskCategory=None
OpCode=The operation completed successfully.
RecordNumber=81912
Keywords=Classic
Message=The CoreMessagingRegistrar service entered the running state.
11/03/2020 03:44:18 PM
LogName=System
SourceName=Microsoft-Windows-Service Control Manager
EventCode=7036
EventType=4
Type=Information
ComputerName=win-dc-807.attackrange.local
TaskCategory=None
OpCode=The operation completed successfully.
RecordNumber=81911
Keywords=Classic
Message=The NlaSvc service entered the running state.
11/03/2020 03:44:18 PM
LogName=System
SourceName=Microsoft-Windows-Service Control Manager
EventCode=7036
EventType=4
Type=Information
ComputerName=win-dc-807.attackrange.local
TaskCategory=None
OpCode=The operation completed successfully.
RecordNumber=81910
Keywords=Classic
Message=The gpsvc service entered the running state.
11/03/2020 03:44:18 PM
LogName=System
SourceName=Microsoft-Windows-Service Control Manager
EventCode=7036
EventType=4
Type=Information
ComputerName=win-dc-807.attackrange.local
TaskCategory=None
OpCode=The operation completed successfully.
RecordNumber=81909
Keywords=Classic
Message=The SENS service entered the running state.
11/03/2020 03:44:18 PM
LogName=System
SourceName=Microsoft-Windows-Service Control Manager
EventCode=7036
EventType=4
Type=Information
ComputerName=win-dc-807.attackrange.local
TaskCategory=None
OpCode=The operation completed successfully.
RecordNumber=81908
Keywords=Classic
Message=The ProfSvc service entered the running state.
11/03/2020 03:44:18 PM
LogName=System
SourceName=Microsoft-Windows-Service Control Manager
EventCode=7036
EventType=4
Type=Information
ComputerName=win-dc-807.attackrange.local
TaskCategory=None
OpCode=The operation completed successfully.
RecordNumber=81907
Keywords=Classic
Message=The Themes service entered the running state.
11/03/2020 03:44:18 PM
LogName=System
SourceName=Microsoft-Windows-Service Control Manager
EventCode=7036
EventType=4
Type=Information
ComputerName=win-dc-807.attackrange.local
TaskCategory=None
OpCode=The operation completed successfully.
RecordNumber=81906
Keywords=Classic
Message=The EventSystem service entered the running state.
11/03/2020 03:44:18 PM
LogName=System
SourceName=Microsoft-Windows-Service Control Manager
EventCode=7036
EventType=4
Type=Information
ComputerName=win-dc-807.attackrange.local
TaskCategory=None
OpCode=The operation completed successfully.
RecordNumber=81905
Keywords=Classic
Message=The Dhcp service entered the running state.
11/03/2020 03:44:18 PM
LogName=System
SourceName=Microsoft-Windows-DHCPv6-Client
EventCode=51046
EventType=4
Type=Information
ComputerName=win-dc-807.attackrange.local
User=NOT_TRANSLATED
Sid=S-1-5-19
SidType=0
TaskCategory=Service State Event
OpCode=ServiceStart
RecordNumber=81904
Keywords=None
Message=DHCPv6 client service is started
11/03/2020 03:44:18 PM
LogName=System
SourceName=Microsoft-Windows-Service Control Manager
EventCode=7036
EventType=4
Type=Information
ComputerName=win-dc-807.attackrange.local
TaskCategory=None
OpCode=The operation completed successfully.
RecordNumber=81903
Keywords=Classic
Message=The WPDBusEnum service entered the running state.
11/03/2020 03:44:18 PM
LogName=System
SourceName=Microsoft-Windows-Service Control Manager
EventCode=7036
EventType=4
Type=Information
ComputerName=win-dc-807.attackrange.local
TaskCategory=None
OpCode=The operation completed successfully.
RecordNumber=81902
Keywords=Classic
Message=The NTDS service entered the running state.
11/03/2020 03:44:18 PM
LogName=System
SourceName=Microsoft-Windows-Dhcp-Client
EventCode=50036
EventType=4
Type=Information
ComputerName=win-dc-807.attackrange.local
User=NOT_TRANSLATED
Sid=S-1-5-19
SidType=0
TaskCategory=Service State Event
OpCode=ServiceStart
RecordNumber=81901
Keywords=None
Message=DHCPv4 client service is started
11/03/2020 03:44:18 PM
LogName=System
SourceName=Microsoft-Windows-FilterManager
EventCode=6
EventType=4
Type=Information
ComputerName=win-dc-807.attackrange.local
User=NOT_TRANSLATED
Sid=S-1-5-18
SidType=0
TaskCategory=None
OpCode=Info
RecordNumber=81900
Keywords=None
Message=File System Filter 'storqosflt' (10.0, ‎2019‎-‎02‎-‎17T02:00:41.000000000Z) has successfully loaded and registered with Filter Manager.
11/03/2020 03:44:18 PM
LogName=System
SourceName=Microsoft-Windows-FilterManager
EventCode=6
EventType=4
Type=Information
ComputerName=win-dc-807.attackrange.local
User=NOT_TRANSLATED
Sid=S-1-5-18
SidType=0
TaskCategory=None
OpCode=Info
RecordNumber=81899
Keywords=None
Message=File System Filter 'wcifs' (10.0, ‎2020‎-‎02‎-‎19T07:59:09.000000000Z) has successfully loaded and registered with Filter Manager.
11/03/2020 03:44:18 PM
LogName=System
SourceName=Microsoft-Windows-FilterManager
EventCode=6
EventType=4
Type=Information
ComputerName=win-dc-807.attackrange.local
User=NOT_TRANSLATED
Sid=S-1-5-18
SidType=0
TaskCategory=None
OpCode=Info
RecordNumber=81898
Keywords=None
Message=File System Filter 'luafv' (10.0, ‎2019‎-‎04‎-‎02T04:23:00.000000000Z) has successfully loaded and registered with Filter Manager.
11/03/2020 03:44:18 PM
LogName=System
SourceName=Microsoft-Windows-Service Control Manager
EventCode=7036
EventType=4
Type=Information
ComputerName=win-dc-807.attackrange.local
TaskCategory=None
OpCode=The operation completed successfully.
RecordNumber=81897
Keywords=Classic
Message=The Dnscache service entered the running state.
11/03/2020 03:44:18 PM
LogName=System
SourceName=Microsoft-Windows-Service Control Manager
EventCode=7036
EventType=4
Type=Information
ComputerName=win-dc-807.attackrange.local
TaskCategory=None
OpCode=The operation completed successfully.
RecordNumber=81896
Keywords=Classic
Message=The EventLog service entered the running state.
11/03/2020 03:44:18 PM
LogName=System
SourceName=Microsoft-Windows-Service Control Manager
EventCode=7036
EventType=4
Type=Information
ComputerName=win-dc-807.attackrange.local
TaskCategory=None
OpCode=The operation completed successfully.
RecordNumber=81895
Keywords=Classic
Message=The nsi service entered the running state.
11/03/2020 03:44:18 PM
LogName=System
SourceName=Microsoft-Windows-Service Control Manager
EventCode=7036
EventType=4
Type=Information
ComputerName=win-dc-807.attackrange.local
TaskCategory=None
OpCode=The operation completed successfully.
RecordNumber=81894
Keywords=Classic
Message=The lmhosts service entered the running state.
11/03/2020 03:44:18 PM
LogName=System
SourceName=Microsoft-Windows-Service Control Manager
EventCode=7036
EventType=4
Type=Information
ComputerName=win-dc-807.attackrange.local
TaskCategory=None
OpCode=The operation completed successfully.
RecordNumber=81893
Keywords=Classic
Message=The TermService service entered the running state.
11/03/2020 03:44:18 PM
LogName=System
SourceName=Microsoft-Windows-Service Control Manager
EventCode=7036
EventType=4
Type=Information
ComputerName=win-dc-807.attackrange.local
TaskCategory=None
OpCode=The operation completed successfully.
RecordNumber=81892
Keywords=Classic
Message=The SystemEventsBroker service entered the running state.
11/03/2020 03:44:18 PM
LogName=System
SourceName=EventLog
EventCode=6013
EventType=4
Type=Information
ComputerName=win-dc-807.attackrange.local
TaskCategory=None
OpCode=None
RecordNumber=81841
Keywords=Classic
Message=The system uptime is 21 seconds.
11/03/2020 03:44:18 PM
LogName=System
SourceName=EventLog
EventCode=6005
EventType=4
Type=Information
ComputerName=win-dc-807.attackrange.local
TaskCategory=None
OpCode=None
RecordNumber=81840
Keywords=Classic
Message=The Event log service was started.
11/03/2020 03:44:18 PM
LogName=System
SourceName=EventLog
EventCode=6009
EventType=4
Type=Information
ComputerName=win-dc-807.attackrange.local
TaskCategory=None
OpCode=None
RecordNumber=81839
Keywords=Classic
Message=Microsoft (R) Windows (R) 10.00. 14393  Multiprocessor Free.
11/03/2020 03:44:19 PM
LogName=System
SourceName=Microsoft-Windows-DNS Client Events
EventCode=1014
EventType=3
Type=Warning
ComputerName=win-dc-807.attackrange.local
User=NOT_TRANSLATED
Sid=S-1-5-20
SidType=0
TaskCategory=1014
OpCode=Info
RecordNumber=81940
Keywords=None
Message=Name resolution for the name _ldap._tcp.dc._msdcs.attackrange.local. timed out after none of the configured DNS servers responded.
11/03/2020 03:44:22 PM
LogName=System
SourceName=Microsoft-Windows-Service Control Manager
EventCode=7036
EventType=4
Type=Information
ComputerName=win-dc-807.attackrange.local
TaskCategory=None
OpCode=The operation completed successfully.
RecordNumber=81941
Keywords=Classic
Message=The CryptSvc service entered the running state.
11/03/2020 03:44:27 PM
LogName=System
SourceName=Microsoft-Windows-Service Control Manager
EventCode=7036
EventType=4
Type=Information
ComputerName=win-dc-807.attackrange.local
TaskCategory=None
OpCode=The operation completed successfully.
RecordNumber=81945
Keywords=Classic
Message=The LanmanServer service entered the running state.
11/03/2020 03:44:27 PM
LogName=System
SourceName=Microsoft-Windows-Service Control Manager
EventCode=7036
EventType=4
Type=Information
ComputerName=win-dc-807.attackrange.local
TaskCategory=None
OpCode=The operation completed successfully.
RecordNumber=81944
Keywords=Classic
Message=The SamSs service entered the running state.
11/03/2020 03:44:27 PM
LogName=System
SourceName=Microsoft-Windows-Directory-Services-SAM
EventCode=16648
EventType=4
Type=Information
ComputerName=win-dc-807.attackrange.local
User=NOT_TRANSLATED
Sid=S-1-5-18
SidType=0
TaskCategory=None
OpCode=Info
RecordNumber=81943
Keywords=None
Message=The request for a new account-identifier pool has completed successfully.
11/03/2020 03:44:27 PM
LogName=System
SourceName=Microsoft-Windows-Directory-Services-SAM
EventCode=16647
EventType=4
Type=Information
ComputerName=win-dc-807.attackrange.local
User=NOT_TRANSLATED
Sid=S-1-5-18
SidType=0
TaskCategory=None
OpCode=Info
RecordNumber=81942
Keywords=None
Message=The domain controller is starting a request for a new account-identifier pool.
11/03/2020 03:44:33 PM
LogName=System
SourceName=Microsoft-Windows-Service Control Manager
EventCode=7036
EventType=4
Type=Information
ComputerName=win-dc-807.attackrange.local
TaskCategory=None
OpCode=The operation completed successfully.
RecordNumber=81964
Keywords=Classic
Message=The ADWS service entered the running state.
11/03/2020 03:44:33 PM
LogName=System
SourceName=Microsoft-Windows-Service Control Manager
EventCode=7036
EventType=4
Type=Information
ComputerName=win-dc-807.attackrange.local
TaskCategory=None
OpCode=The operation completed successfully.
RecordNumber=81963
Keywords=Classic
Message=The tiledatamodelsvc service entered the running state.
11/03/2020 03:44:33 PM
LogName=System
SourceName=Microsoft-Windows-Service Control Manager
EventCode=7036
EventType=4
Type=Information
ComputerName=win-dc-807.attackrange.local
TaskCategory=None
OpCode=The operation completed successfully.
RecordNumber=81962
Keywords=Classic
Message=The StateRepository service entered the running state.
11/03/2020 03:44:33 PM
LogName=System
SourceName=Microsoft-Windows-Service Control Manager
EventCode=7036
EventType=4
Type=Information
ComputerName=win-dc-807.attackrange.local
TaskCategory=None
OpCode=The operation completed successfully.
RecordNumber=81961
Keywords=Classic
Message=The WinRM service entered the running state.
11/03/2020 03:44:33 PM
LogName=System
SourceName=Microsoft-Windows-Service Control Manager
EventCode=7036
EventType=4
Type=Information
ComputerName=win-dc-807.attackrange.local
TaskCategory=None
OpCode=The operation completed successfully.
RecordNumber=81960
Keywords=Classic
Message=The WpnService service entered the running state.
11/03/2020 03:44:33 PM
LogName=System
SourceName=Microsoft-Windows-Service Control Manager
EventCode=7036
EventType=4
Type=Information
ComputerName=win-dc-807.attackrange.local
TaskCategory=None
OpCode=The operation completed successfully.
RecordNumber=81959
Keywords=Classic
Message=The IsmServ service entered the running state.
11/03/2020 03:44:33 PM
LogName=System
SourceName=Microsoft-Windows-Service Control Manager
EventCode=7036
EventType=4
Type=Information
ComputerName=win-dc-807.attackrange.local
TaskCategory=None
OpCode=The operation completed successfully.
RecordNumber=81958
Keywords=Classic
Message=The DFSR service entered the running state.
11/03/2020 03:44:33 PM
LogName=System
SourceName=Microsoft-Windows-Service Control Manager
EventCode=7036
EventType=4
Type=Information
ComputerName=win-dc-807.attackrange.local
TaskCategory=None
OpCode=The operation completed successfully.
RecordNumber=81957
Keywords=Classic
Message=The Dfs service entered the running state.
11/03/2020 03:44:33 PM
LogName=System
SourceName=Microsoft-Windows-Service Control Manager
EventCode=7036
EventType=4
Type=Information
ComputerName=win-dc-807.attackrange.local
TaskCategory=None
OpCode=The operation completed successfully.
RecordNumber=81956
Keywords=Classic
Message=The AWSLiteAgent service entered the running state.
11/03/2020 03:44:33 PM
LogName=System
SourceName=Microsoft-Windows-Service Control Manager
EventCode=7036
EventType=4
Type=Information
ComputerName=win-dc-807.attackrange.local
TaskCategory=None
OpCode=The operation completed successfully.
RecordNumber=81955
Keywords=Classic
Message=The EFS service entered the running state.
11/03/2020 03:44:33 PM
LogName=System
SourceName=Microsoft-Windows-Service Control Manager
EventCode=7036
EventType=4
Type=Information
ComputerName=win-dc-807.attackrange.local
TaskCategory=None
OpCode=The operation completed successfully.
RecordNumber=81954
Keywords=Classic
Message=The PcaSvc service entered the running state.
11/03/2020 03:44:33 PM
LogName=System
SourceName=Microsoft-Windows-Service Control Manager
EventCode=7036
EventType=4
Type=Information
ComputerName=win-dc-807.attackrange.local
TaskCategory=None
OpCode=The operation completed successfully.
RecordNumber=81953
Keywords=Classic
Message=The RemoteRegistry service entered the running state.
11/03/2020 03:44:33 PM
LogName=System
SourceName=Microsoft-Windows-Service Control Manager
EventCode=7036
EventType=4
Type=Information
ComputerName=win-dc-807.attackrange.local
TaskCategory=None
OpCode=The operation completed successfully.
RecordNumber=81952
Keywords=Classic
Message=The Spooler service entered the running state.
11/03/2020 03:44:33 PM
LogName=System
SourceName=Microsoft-Windows-Service Control Manager
EventCode=7036
EventType=4
Type=Information
ComputerName=win-dc-807.attackrange.local
TaskCategory=None
OpCode=The operation completed successfully.
RecordNumber=81951
Keywords=Classic
Message=The Netlogon service entered the running state.
11/03/2020 03:44:33 PM
LogName=System
SourceName=Microsoft-Windows-Windows Remote Management
EventCode=10148
EventType=4
Type=Information
ComputerName=win-dc-807.attackrange.local
TaskCategory=None
OpCode=Info
RecordNumber=81949
Keywords=Classic
Message=The WinRM service is listening for WS-Management requests. 

 User Action 
 Use the following command to see the specific IPs on which WinRM is listening: 

 winrm enumerate winrm/config/listener
11/03/2020 03:44:33 PM
LogName=System
SourceName=NETLOGON
EventCode=5823
EventType=4
Type=Information
ComputerName=win-dc-807.attackrange.local
TaskCategory=None
OpCode=Info
RecordNumber=81948
Keywords=Classic
Message= The system successfully changed its password on the domain controller .  This event is logged when the password for the computer account is changed by the system. It is logged on the computer that changed the password.
11/03/2020 03:44:33 PM
LogName=System
SourceName=Microsoft-Windows-DfsSvc
EventCode=14531
EventType=4
Type=Information
ComputerName=win-dc-807.attackrange.local
TaskCategory=None
OpCode=The operation completed successfully.
RecordNumber=81947
Keywords=Classic
Message=DFS server has finished initializing.
11/03/2020 03:44:33 PM
LogName=System
SourceName=Microsoft-Windows-DfsSvc
EventCode=14533
EventType=4
Type=Information
ComputerName=win-dc-807.attackrange.local
TaskCategory=None
OpCode=The operation completed successfully.
RecordNumber=81946
Keywords=Classic
Message=DFS has finished building all namespaces.
11/03/2020 03:44:34 PM
LogName=System
SourceName=Microsoft-Windows-Service Control Manager
EventCode=7036
EventType=4
Type=Information
ComputerName=win-dc-807.attackrange.local
TaskCategory=None
OpCode=The operation completed successfully.
RecordNumber=81968
Keywords=Classic
Message=The WMI Performance Adapter service entered the running state.
11/03/2020 03:44:34 PM
LogName=System
SourceName=Microsoft-Windows-Service Control Manager
EventCode=7036
EventType=4
Type=Information
ComputerName=win-dc-807.attackrange.local
TaskCategory=None
OpCode=The operation completed successfully.
RecordNumber=81967
Keywords=Classic
Message=The vds service entered the running state.
11/03/2020 03:44:34 PM
LogName=System
SourceName=Microsoft-Windows-Service Control Manager
EventCode=7026
EventType=4
Type=Information
ComputerName=win-dc-807.attackrange.local
TaskCategory=None
OpCode=The operation completed successfully.
RecordNumber=81966
Keywords=Classic
Message=The following boot-start or system-start driver(s) did not load: 
cdrom
dam
11/03/2020 03:44:34 PM
LogName=System
SourceName=Microsoft-Windows-Service Control Manager
EventCode=7036
EventType=4
Type=Information
ComputerName=win-dc-807.attackrange.local
TaskCategory=None
OpCode=The operation completed successfully.
RecordNumber=81965
Keywords=Classic
Message=The AmazonSSMAgent service entered the running state.
11/03/2020 03:44:34 PM
LogName=System
SourceName=Virtual Disk Service
EventCode=3
EventType=4
Type=Information
ComputerName=win-dc-807.attackrange.local
TaskCategory=None
OpCode=None
RecordNumber=81950
Keywords=Classic
Message=Service started.
11/03/2020 03:44:35 PM
LogName=System
SourceName=Microsoft-Windows-Service Control Manager
EventCode=7036
EventType=4
Type=Information
ComputerName=win-dc-807.attackrange.local
TaskCategory=None
OpCode=The operation completed successfully.
RecordNumber=81969
Keywords=Classic
Message=The WMI Performance Adapter service entered the stopped state.
11/03/2020 03:44:36 PM
LogName=System
SourceName=Microsoft-Windows-Service Control Manager
EventCode=7036
EventType=4
Type=Information
ComputerName=win-dc-807.attackrange.local
TaskCategory=None
OpCode=The operation completed successfully.
RecordNumber=81970
Keywords=Classic
Message=The NetSetupSvc service entered the stopped state.
11/03/2020 03:44:38 PM
LogName=System
SourceName=Microsoft-Windows-Time-Service
EventCode=143
EventType=4
Type=Information
ComputerName=win-dc-807.attackrange.local
User=NOT_TRANSLATED
Sid=S-1-5-19
SidType=0
TaskCategory=None
OpCode=Info
RecordNumber=81972
Keywords=None
Message=The time service has started advertising as a good time source.
11/03/2020 03:44:38 PM
LogName=System
SourceName=Microsoft-Windows-Time-Service
EventCode=139
EventType=4
Type=Information
ComputerName=win-dc-807.attackrange.local
User=NOT_TRANSLATED
Sid=S-1-5-19
SidType=0
TaskCategory=None
OpCode=Info
RecordNumber=81971
Keywords=None
Message=The time service has started advertising as a time source.
11/03/2020 03:44:45 PM
LogName=System
SourceName=Microsoft-Windows-Time-Service
EventCode=12
EventType=3
Type=Warning
ComputerName=win-dc-807.attackrange.local
User=NOT_TRANSLATED
Sid=S-1-5-19
SidType=0
TaskCategory=None
OpCode=Info
RecordNumber=81974
Keywords=None
Message=Time Provider NtpClient: This machine is configured to use the domain hierarchy to determine its time source, but it is the AD PDC emulator for the domain at the root of the forest, so there is no machine above it in the domain hierarchy to use as a time source. It is recommended that you either configure a reliable time service in the root domain, or manually configure the AD PDC to synchronize with an external time source. Otherwise, this machine will function as the authoritative time source in the domain hierarchy. If an external time source is not configured or used for this computer, you may choose to disable the NtpClient.
11/03/2020 03:44:45 PM
LogName=System
SourceName=Microsoft-Windows-Windows Remote Management
EventCode=10154
EventType=3
Type=Warning
ComputerName=win-dc-807.attackrange.local
TaskCategory=None
OpCode=Info
RecordNumber=81973
Keywords=Classic
Message=The WinRM service failed to create the following SPNs: WSMAN/win-dc-807.attackrange.local; WSMAN/win-dc-807. 

 Additional Data 
 The error received was 1355: %%1355.

 User Action 
 The SPNs can be created by an administrator using setspn.exe utility.
11/03/2020 03:44:50 PM
LogName=System
SourceName=Microsoft-Windows-Service Control Manager
EventCode=7036
EventType=4
Type=Information
ComputerName=win-dc-807.attackrange.local
TaskCategory=None
OpCode=The operation completed successfully.
RecordNumber=81976
Keywords=Classic
Message=The W32Time service entered the running state.
11/03/2020 03:44:50 PM
LogName=System
SourceName=Microsoft-Windows-Time-Service
EventCode=134
EventType=3
Type=Warning
ComputerName=win-dc-807.attackrange.local
User=NOT_TRANSLATED
Sid=S-1-5-19
SidType=0
TaskCategory=None
OpCode=Info
RecordNumber=81975
Keywords=None
Message=NtpClient was unable to set a manual peer to use as a time source because of DNS resolution error on 'time.windows.com,0x8'. NtpClient will try again in 15 minutes and double the reattempt interval thereafter. The error was: No such host is known. (0x80072AF9)
11/03/2020 03:44:57 PM
LogName=System
SourceName=Microsoft-Windows-Service Control Manager
EventCode=7036
EventType=4
Type=Information
ComputerName=win-dc-807.attackrange.local
TaskCategory=None
OpCode=The operation completed successfully.
RecordNumber=81979
Keywords=Classic
Message=The NetSetupSvc service entered the running state.
