11/03/2020 03:39:24 PM
LogName=System
SourceName=Microsoft-Windows-DistributedCOM
EventCode=10016
EventType=2
Type=Error
ComputerName=EC2AMAZ-N0JSFD5
User=NOT_TRANSLATED
Sid=S-1-5-21-635769498-3620204953-2298246598-500
SidType=0
TaskCategory=None
OpCode=Info
RecordNumber=81581
Keywords=Classic
Message=The application-specific permission settings do not grant Local Activation permission for the COM Server application with CLSID 
{D63B10C5-BB46-4990-A94F-E40B9D520160}
 and APPID 
{9CA88EE3-ACB7-47C8-AFC4-AB702511C276}
 to the user EC2AMAZ-N0JSFD5\Administrator SID (S-1-5-21-635769498-3620204953-2298246598-500) from address LocalHost (Using LRPC) running in the application container Unavailable SID (Unavailable). This security permission can be modified using the Component Services administrative tool.
11/03/2020 03:39:24 PM
LogName=System
SourceName=Microsoft-Windows-DistributedCOM
EventCode=10016
EventType=2
Type=Error
ComputerName=EC2AMAZ-N0JSFD5
User=NOT_TRANSLATED
Sid=S-1-5-21-635769498-3620204953-2298246598-500
SidType=0
TaskCategory=None
OpCode=Info
RecordNumber=81580
Keywords=Classic
Message=The application-specific permission settings do not grant Local Activation permission for the COM Server application with CLSID 
{D63B10C5-BB46-4990-A94F-E40B9D520160}
 and APPID 
{9CA88EE3-ACB7-47C8-AFC4-AB702511C276}
 to the user EC2AMAZ-N0JSFD5\Administrator SID (S-1-5-21-635769498-3620204953-2298246598-500) from address LocalHost (Using LRPC) running in the application container Unavailable SID (Unavailable). This security permission can be modified using the Component Services administrative tool.
11/03/2020 03:39:24 PM
LogName=System
SourceName=Microsoft-Windows-DistributedCOM
EventCode=10016
EventType=2
Type=Error
ComputerName=EC2AMAZ-N0JSFD5
User=NOT_TRANSLATED
Sid=S-1-5-21-635769498-3620204953-2298246598-500
SidType=0
TaskCategory=None
OpCode=Info
RecordNumber=81579
Keywords=Classic
Message=The application-specific permission settings do not grant Local Activation permission for the COM Server application with CLSID 
{D63B10C5-BB46-4990-A94F-E40B9D520160}
 and APPID 
{9CA88EE3-ACB7-47C8-AFC4-AB702511C276}
 to the user EC2AMAZ-N0JSFD5\Administrator SID (S-1-5-21-635769498-3620204953-2298246598-500) from address LocalHost (Using LRPC) running in the application container Unavailable SID (Unavailable). This security permission can be modified using the Component Services administrative tool.
11/03/2020 03:39:26 PM
LogName=System
SourceName=Microsoft-Windows-DistributedCOM
EventCode=10016
EventType=2
Type=Error
ComputerName=EC2AMAZ-N0JSFD5
User=NOT_TRANSLATED
Sid=S-1-5-21-635769498-3620204953-2298246598-500
SidType=0
TaskCategory=None
OpCode=Info
RecordNumber=81584
Keywords=Classic
Message=The application-specific permission settings do not grant Local Activation permission for the COM Server application with CLSID 
{D63B10C5-BB46-4990-A94F-E40B9D520160}
 and APPID 
{9CA88EE3-ACB7-47C8-AFC4-AB702511C276}
 to the user EC2AMAZ-N0JSFD5\Administrator SID (S-1-5-21-635769498-3620204953-2298246598-500) from address LocalHost (Using LRPC) running in the application container Unavailable SID (Unavailable). This security permission can be modified using the Component Services administrative tool.
11/03/2020 03:39:43 PM
LogName=System
SourceName=Microsoft-Windows-DistributedCOM
EventCode=10016
EventType=2
Type=Error
ComputerName=EC2AMAZ-N0JSFD5
User=NOT_TRANSLATED
Sid=S-1-5-21-635769498-3620204953-2298246598-500
SidType=0
TaskCategory=None
OpCode=Info
RecordNumber=81585
Keywords=Classic
Message=The application-specific permission settings do not grant Local Activation permission for the COM Server application with CLSID 
{D63B10C5-BB46-4990-A94F-E40B9D520160}
 and APPID 
{9CA88EE3-ACB7-47C8-AFC4-AB702511C276}
 to the user EC2AMAZ-N0JSFD5\Administrator SID (S-1-5-21-635769498-3620204953-2298246598-500) from address LocalHost (Using LRPC) running in the application container Unavailable SID (Unavailable). This security permission can be modified using the Component Services administrative tool.
11/03/2020 03:39:45 PM
LogName=System
SourceName=Microsoft-Windows-DistributedCOM
EventCode=10016
EventType=2
Type=Error
ComputerName=EC2AMAZ-N0JSFD5
User=NOT_TRANSLATED
Sid=S-1-5-21-635769498-3620204953-2298246598-500
SidType=0
TaskCategory=None
OpCode=Info
RecordNumber=81586
Keywords=Classic
Message=The application-specific permission settings do not grant Local Activation permission for the COM Server application with CLSID 
{D63B10C5-BB46-4990-A94F-E40B9D520160}
 and APPID 
{9CA88EE3-ACB7-47C8-AFC4-AB702511C276}
 to the user EC2AMAZ-N0JSFD5\Administrator SID (S-1-5-21-635769498-3620204953-2298246598-500) from address LocalHost (Using LRPC) running in the application container Unavailable SID (Unavailable). This security permission can be modified using the Component Services administrative tool.
11/03/2020 03:40:10 PM
LogName=System
SourceName=Microsoft-Windows-Service Control Manager
EventCode=7036
EventType=4
Type=Information
ComputerName=EC2AMAZ-N0JSFD5
TaskCategory=None
OpCode=The operation completed successfully.
RecordNumber=81587
Keywords=Classic
Message=The Portable Device Enumerator Service service entered the stopped state.
11/03/2020 03:40:13 PM
LogName=System
SourceName=Microsoft-Windows-Service Control Manager
EventCode=7036
EventType=4
Type=Information
ComputerName=EC2AMAZ-N0JSFD5
TaskCategory=None
OpCode=The operation completed successfully.
RecordNumber=81590
Keywords=Classic
Message=The Diagnostic System Host service entered the running state.
11/03/2020 03:40:13 PM
LogName=System
SourceName=Microsoft-Windows-Service Control Manager
EventCode=7036
EventType=4
Type=Information
ComputerName=EC2AMAZ-N0JSFD5
TaskCategory=None
OpCode=The operation completed successfully.
RecordNumber=81589
Keywords=Classic
Message=The Diagnostic Policy Service service entered the running state.
11/03/2020 03:40:13 PM
LogName=System
SourceName=Microsoft-Windows-Service Control Manager
EventCode=7036
EventType=4
Type=Information
ComputerName=EC2AMAZ-N0JSFD5
TaskCategory=None
OpCode=The operation completed successfully.
RecordNumber=81588
Keywords=Classic
Message=The Connected Devices Platform Service service entered the stopped state.
11/03/2020 03:40:15 PM
LogName=System
SourceName=Microsoft-Windows-Service Control Manager
EventCode=7040
EventType=4
Type=Information
ComputerName=EC2AMAZ-N0JSFD5
User=NOT_TRANSLATED
Sid=S-1-5-18
SidType=0
TaskCategory=None
OpCode=The operation completed successfully.
RecordNumber=81591
Keywords=Classic
Message=The start type of the Windows Modules Installer service was changed from demand start to auto start.
11/03/2020 03:40:16 PM
LogName=System
SourceName=Microsoft-Windows-Service Control Manager
EventCode=7036
EventType=4
Type=Information
ComputerName=EC2AMAZ-N0JSFD5
TaskCategory=None
OpCode=The operation completed successfully.
RecordNumber=81592
Keywords=Classic
Message=The Downloaded Maps Manager service entered the running state.
11/03/2020 03:40:17 PM
LogName=System
SourceName=Microsoft-Windows-Service Control Manager
EventCode=7036
EventType=4
Type=Information
ComputerName=EC2AMAZ-N0JSFD5
TaskCategory=None
OpCode=The operation completed successfully.
RecordNumber=81593
Keywords=Classic
Message=The Distributed Transaction Coordinator service entered the running state.
11/03/2020 03:40:18 PM
LogName=System
SourceName=Microsoft-Windows-Service Control Manager
EventCode=7036
EventType=4
Type=Information
ComputerName=EC2AMAZ-N0JSFD5
TaskCategory=None
OpCode=The operation completed successfully.
RecordNumber=81596
Keywords=Classic
Message=The Microsoft Software Shadow Copy Provider service entered the running state.
11/03/2020 03:40:18 PM
LogName=System
SourceName=Microsoft-Windows-Service Control Manager
EventCode=7036
EventType=4
Type=Information
ComputerName=EC2AMAZ-N0JSFD5
TaskCategory=None
OpCode=The operation completed successfully.
RecordNumber=81595
Keywords=Classic
Message=The Volume Shadow Copy service entered the running state.
11/03/2020 03:40:18 PM
LogName=System
SourceName=Microsoft-Windows-Service Control Manager
EventCode=7036
EventType=4
Type=Information
ComputerName=EC2AMAZ-N0JSFD5
TaskCategory=None
OpCode=The operation completed successfully.
RecordNumber=81594
Keywords=Classic
Message=The Software Protection service entered the running state.
11/03/2020 03:40:20 PM
LogName=System
SourceName=Microsoft-Windows-Service Control Manager
EventCode=7036
EventType=4
Type=Information
ComputerName=EC2AMAZ-N0JSFD5
TaskCategory=None
OpCode=The operation completed successfully.
RecordNumber=81597
Keywords=Classic
Message=The User Access Logging Service service entered the running state.
11/03/2020 03:40:25 PM
LogName=System
SourceName=Microsoft-Windows-DistributedCOM
EventCode=10016
EventType=2
Type=Error
ComputerName=EC2AMAZ-N0JSFD5
User=NOT_TRANSLATED
Sid=S-1-5-21-635769498-3620204953-2298246598-500
SidType=0
TaskCategory=None
OpCode=Info
RecordNumber=81598
Keywords=Classic
Message=The application-specific permission settings do not grant Local Activation permission for the COM Server application with CLSID 
{D63B10C5-BB46-4990-A94F-E40B9D520160}
 and APPID 
{9CA88EE3-ACB7-47C8-AFC4-AB702511C276}
 to the user EC2AMAZ-N0JSFD5\Administrator SID (S-1-5-21-635769498-3620204953-2298246598-500) from address LocalHost (Using LRPC) running in the application container Unavailable SID (Unavailable). This security permission can be modified using the Component Services administrative tool.
11/03/2020 03:40:26 PM
LogName=System
SourceName=Microsoft-Windows-Service Control Manager
EventCode=7036
EventType=4
Type=Information
ComputerName=EC2AMAZ-N0JSFD5
TaskCategory=None
OpCode=The operation completed successfully.
RecordNumber=81599
Keywords=Classic
Message=The Downloaded Maps Manager service entered the stopped state.
11/03/2020 03:40:27 PM
LogName=System
SourceName=Microsoft-Windows-DistributedCOM
EventCode=10016
EventType=2
Type=Error
ComputerName=EC2AMAZ-N0JSFD5
User=NOT_TRANSLATED
Sid=S-1-5-21-635769498-3620204953-2298246598-500
SidType=0
TaskCategory=None
OpCode=Info
RecordNumber=81600
Keywords=Classic
Message=The application-specific permission settings do not grant Local Activation permission for the COM Server application with CLSID 
{D63B10C5-BB46-4990-A94F-E40B9D520160}
 and APPID 
{9CA88EE3-ACB7-47C8-AFC4-AB702511C276}
 to the user EC2AMAZ-N0JSFD5\Administrator SID (S-1-5-21-635769498-3620204953-2298246598-500) from address LocalHost (Using LRPC) running in the application container Unavailable SID (Unavailable). This security permission can be modified using the Component Services administrative tool.
11/03/2020 03:40:29 PM
LogName=System
SourceName=Microsoft-Windows-DistributedCOM
EventCode=10016
EventType=2
Type=Error
ComputerName=EC2AMAZ-N0JSFD5
User=NOT_TRANSLATED
Sid=S-1-5-21-635769498-3620204953-2298246598-500
SidType=0
TaskCategory=None
OpCode=Info
RecordNumber=81603
Keywords=Classic
Message=The application-specific permission settings do not grant Local Activation permission for the COM Server application with CLSID 
{D63B10C5-BB46-4990-A94F-E40B9D520160}
 and APPID 
{9CA88EE3-ACB7-47C8-AFC4-AB702511C276}
 to the user EC2AMAZ-N0JSFD5\Administrator SID (S-1-5-21-635769498-3620204953-2298246598-500) from address LocalHost (Using LRPC) running in the application container Unavailable SID (Unavailable). This security permission can be modified using the Component Services administrative tool.
11/03/2020 03:40:29 PM
LogName=System
SourceName=Microsoft-Windows-Service Control Manager
EventCode=7036
EventType=4
Type=Information
ComputerName=EC2AMAZ-N0JSFD5
TaskCategory=None
OpCode=The operation completed successfully.
RecordNumber=81602
Keywords=Classic
Message=The Client License Service (ClipSVC) service entered the running state.
11/03/2020 03:40:29 PM
LogName=System
SourceName=Microsoft-Windows-Service Control Manager
EventCode=7036
EventType=4
Type=Information
ComputerName=EC2AMAZ-N0JSFD5
TaskCategory=None
OpCode=The operation completed successfully.
RecordNumber=81601
Keywords=Classic
Message=The Microsoft Account Sign-in Assistant service entered the running state.
11/03/2020 03:40:30 PM
LogName=System
SourceName=User32
EventCode=1074
EventType=4
Type=Information
ComputerName=EC2AMAZ-N0JSFD5
User=NOT_TRANSLATED
Sid=S-1-5-21-635769498-3620204953-2298246598-500
SidType=0
TaskCategory=None
OpCode=The operation completed successfully.
RecordNumber=81604
Keywords=Classic
Message=The process C:\Windows\system32\shutdown.exe (EC2AMAZ-N0JSFD5) has initiated the restart of computer EC2AMAZ-N0JSFD5 on behalf of user EC2AMAZ-N0JSFD5\Administrator for the following reason: No title for this reason could be found
 Reason Code: 0x800000ff
 Shutdown Type: restart
 Comment: Reboot initiated by Ansible
11/03/2020 03:40:31 PM
LogName=System
SourceName=Microsoft-Windows-Service Control Manager
EventCode=7036
EventType=4
Type=Information
ComputerName=EC2AMAZ-N0JSFD5
TaskCategory=None
OpCode=The operation completed successfully.
RecordNumber=81605
Keywords=Classic
Message=The Windows License Manager Service service entered the running state.
11/03/2020 03:40:32 PM
LogName=System
SourceName=Microsoft-Windows-Service Control Manager
EventCode=7036
EventType=4
Type=Information
ComputerName=EC2AMAZ-N0JSFD5
TaskCategory=None
OpCode=The operation completed successfully.
RecordNumber=81606
Keywords=Classic
Message=The Group Policy Client service entered the stopped state.
11/03/2020 03:40:34 PM
LogName=System
SourceName=Microsoft-Windows-Service Control Manager
EventCode=7036
EventType=4
Type=Information
ComputerName=win-dc-807
TaskCategory=None
OpCode=The operation completed successfully.
RecordNumber=81646
Keywords=Classic
Message=The Task Scheduler service entered the stopped state.
11/03/2020 03:40:34 PM
LogName=System
SourceName=Microsoft-Windows-Service Control Manager
EventCode=7036
EventType=4
Type=Information
ComputerName=win-dc-807
TaskCategory=None
OpCode=The operation completed successfully.
RecordNumber=81645
Keywords=Classic
Message=The Windows Remote Management (WS-Management) service entered the stopped state.
11/03/2020 03:40:34 PM
LogName=System
SourceName=Microsoft-Windows-Service Control Manager
EventCode=7036
EventType=4
Type=Information
ComputerName=win-dc-807
TaskCategory=None
OpCode=The operation completed successfully.
RecordNumber=81644
Keywords=Classic
Message=The Windows Defender Service service entered the stopped state.
11/03/2020 03:40:34 PM
LogName=System
SourceName=Microsoft-Windows-Service Control Manager
EventCode=7036
EventType=4
Type=Information
ComputerName=win-dc-807
TaskCategory=None
OpCode=The operation completed successfully.
RecordNumber=81639
Keywords=Classic
Message=The Remote Desktop Services service entered the stopped state.
11/03/2020 03:40:34 PM
LogName=System
SourceName=Microsoft-Windows-Service Control Manager
EventCode=7036
EventType=4
Type=Information
ComputerName=win-dc-807
TaskCategory=None
OpCode=The operation completed successfully.
RecordNumber=81638
Keywords=Classic
Message=The Windows Event Log service entered the stopped state.
11/03/2020 03:40:34 PM
LogName=System
SourceName=Microsoft-Windows-Service Control Manager
EventCode=7036
EventType=4
Type=Information
ComputerName=win-dc-807
TaskCategory=None
OpCode=The operation completed successfully.
RecordNumber=81637
Keywords=Classic
Message=The Cryptographic Services service entered the stopped state.
11/03/2020 03:40:34 PM
LogName=System
SourceName=Microsoft-Windows-Service Control Manager
EventCode=7036
EventType=4
Type=Information
ComputerName=win-dc-807
TaskCategory=None
OpCode=The operation completed successfully.
RecordNumber=81636
Keywords=Classic
Message=The Software Protection service entered the stopped state.
11/03/2020 03:40:34 PM
LogName=System
SourceName=Microsoft-Windows-Service Control Manager
EventCode=7036
EventType=4
Type=Information
ComputerName=win-dc-807
TaskCategory=None
OpCode=The operation completed successfully.
RecordNumber=81635
Keywords=Classic
Message=The Volume Shadow Copy service entered the stopped state.
11/03/2020 03:40:34 PM
LogName=System
SourceName=Microsoft-Windows-Service Control Manager
EventCode=7036
EventType=4
Type=Information
ComputerName=EC2AMAZ-N0JSFD5
TaskCategory=None
OpCode=The operation completed successfully.
RecordNumber=81634
Keywords=Classic
Message=The State Repository Service service entered the stopped state.
11/03/2020 03:40:34 PM
LogName=System
SourceName=Microsoft-Windows-Service Control Manager
EventCode=7036
EventType=4
Type=Information
ComputerName=EC2AMAZ-N0JSFD5
TaskCategory=None
OpCode=The operation completed successfully.
RecordNumber=81633
Keywords=Classic
Message=The Windows Connection Manager service entered the stopped state.
11/03/2020 03:40:34 PM
LogName=System
SourceName=Microsoft-Windows-Service Control Manager
EventCode=7036
EventType=4
Type=Information
ComputerName=EC2AMAZ-N0JSFD5
TaskCategory=None
OpCode=The operation completed successfully.
RecordNumber=81632
Keywords=Classic
Message=The Certificate Propagation service entered the stopped state.
11/03/2020 03:40:34 PM
LogName=System
SourceName=Microsoft-Windows-Service Control Manager
EventCode=7036
EventType=4
Type=Information
ComputerName=EC2AMAZ-N0JSFD5
TaskCategory=None
OpCode=The operation completed successfully.
RecordNumber=81631
Keywords=Classic
Message=The DHCP Client service entered the stopped state.
11/03/2020 03:40:34 PM
LogName=System
SourceName=Microsoft-Windows-Dhcp-Client
EventCode=50037
EventType=4
Type=Information
ComputerName=EC2AMAZ-N0JSFD5
User=NOT_TRANSLATED
Sid=S-1-5-19
SidType=0
TaskCategory=Service State Event
OpCode=ServiceStop
RecordNumber=81630
Keywords=None
Message=DHCPv4 client service is stopped. ShutDown Flag value is 1
11/03/2020 03:40:34 PM
LogName=System
SourceName=Microsoft-Windows-Service Control Manager
EventCode=7036
EventType=4
Type=Information
ComputerName=EC2AMAZ-N0JSFD5
TaskCategory=None
OpCode=The operation completed successfully.
RecordNumber=81629
Keywords=Classic
Message=The User Profile Service service entered the stopped state.
11/03/2020 03:40:34 PM
LogName=System
SourceName=Microsoft-Windows-Service Control Manager
EventCode=7036
EventType=4
Type=Information
ComputerName=EC2AMAZ-N0JSFD5
TaskCategory=None
OpCode=The operation completed successfully.
RecordNumber=81628
Keywords=Classic
Message=The Program Compatibility Assistant Service service entered the stopped state.
11/03/2020 03:40:34 PM
LogName=System
SourceName=Microsoft-Windows-DHCPv6-Client
EventCode=51047
EventType=4
Type=Information
ComputerName=EC2AMAZ-N0JSFD5
User=NOT_TRANSLATED
Sid=S-1-5-19
SidType=0
TaskCategory=Service State Event
OpCode=ServiceStop
RecordNumber=81627
Keywords=None
Message=DHCPv6 client service is stopped. ShutDown Flag value is 1
11/03/2020 03:40:34 PM
LogName=System
SourceName=Microsoft-Windows-Service Control Manager
EventCode=7036
EventType=4
Type=Information
ComputerName=EC2AMAZ-N0JSFD5
TaskCategory=None
OpCode=The operation completed successfully.
RecordNumber=81626
Keywords=Classic
Message=The Microsoft Software Shadow Copy Provider service entered the stopped state.
11/03/2020 03:40:34 PM
LogName=System
SourceName=Microsoft-Windows-Service Control Manager
EventCode=7036
EventType=4
Type=Information
ComputerName=EC2AMAZ-N0JSFD5
TaskCategory=None
OpCode=The operation completed successfully.
RecordNumber=81625
Keywords=Classic
Message=The Windows Font Cache Service service entered the stopped state.
11/03/2020 03:40:34 PM
LogName=System
SourceName=Microsoft-Windows-Service Control Manager
EventCode=7036
EventType=4
Type=Information
ComputerName=EC2AMAZ-N0JSFD5
TaskCategory=None
OpCode=The operation completed successfully.
RecordNumber=81624
Keywords=Classic
Message=The Windows Management Instrumentation service entered the stopped state.
11/03/2020 03:40:34 PM
LogName=System
SourceName=Microsoft-Windows-Service Control Manager
EventCode=7036
EventType=4
Type=Information
ComputerName=EC2AMAZ-N0JSFD5
TaskCategory=None
OpCode=The operation completed successfully.
RecordNumber=81623
Keywords=Classic
Message=The Distributed Transaction Coordinator service entered the stopped state.
11/03/2020 03:40:34 PM
LogName=System
SourceName=Microsoft-Windows-Service Control Manager
EventCode=7036
EventType=4
Type=Information
ComputerName=EC2AMAZ-N0JSFD5
TaskCategory=None
OpCode=The operation completed successfully.
RecordNumber=81622
Keywords=Classic
Message=The Client License Service (ClipSVC) service entered the stopped state.
11/03/2020 03:40:34 PM
LogName=System
SourceName=Microsoft-Windows-Service Control Manager
EventCode=7036
EventType=4
Type=Information
ComputerName=EC2AMAZ-N0JSFD5
TaskCategory=None
OpCode=The operation completed successfully.
RecordNumber=81621
Keywords=Classic
Message=The Diagnostic Policy Service service entered the stopped state.
11/03/2020 03:40:34 PM
LogName=System
SourceName=Microsoft-Windows-Service Control Manager
EventCode=7036
EventType=4
Type=Information
ComputerName=EC2AMAZ-N0JSFD5
TaskCategory=None
OpCode=The operation completed successfully.
RecordNumber=81620
Keywords=Classic
Message=The Diagnostic System Host service entered the stopped state.
11/03/2020 03:40:34 PM
LogName=System
SourceName=Microsoft-Windows-Service Control Manager
EventCode=7036
EventType=4
Type=Information
ComputerName=EC2AMAZ-N0JSFD5
TaskCategory=None
OpCode=The operation completed successfully.
RecordNumber=81619
Keywords=Classic
Message=The Distributed Link Tracking Client service entered the stopped state.
11/03/2020 03:40:34 PM
LogName=System
SourceName=Microsoft-Windows-Service Control Manager
EventCode=7036
EventType=4
Type=Information
ComputerName=EC2AMAZ-N0JSFD5
TaskCategory=None
OpCode=The operation completed successfully.
RecordNumber=81618
Keywords=Classic
Message=The IPsec Policy Agent service entered the stopped state.
11/03/2020 03:40:34 PM
LogName=System
SourceName=Microsoft-Windows-Service Control Manager
EventCode=7036
EventType=4
Type=Information
ComputerName=EC2AMAZ-N0JSFD5
TaskCategory=None
OpCode=The operation completed successfully.
RecordNumber=81617
Keywords=Classic
Message=The Device Install Service service entered the stopped state.
11/03/2020 03:40:34 PM
LogName=System
SourceName=Microsoft-Windows-Service Control Manager
EventCode=7036
EventType=4
Type=Information
ComputerName=EC2AMAZ-N0JSFD5
TaskCategory=None
OpCode=The operation completed successfully.
RecordNumber=81616
Keywords=Classic
Message=The AWS Lite Guest Agent service entered the stopped state.
11/03/2020 03:40:34 PM
LogName=System
SourceName=Microsoft-Windows-Service Control Manager
EventCode=7036
EventType=4
Type=Information
ComputerName=EC2AMAZ-N0JSFD5
TaskCategory=None
OpCode=The operation completed successfully.
RecordNumber=81615
Keywords=Classic
Message=The Amazon SSM Agent service entered the stopped state.
11/03/2020 03:40:34 PM
LogName=System
SourceName=Microsoft-Windows-Service Control Manager
EventCode=7036
EventType=4
Type=Information
ComputerName=EC2AMAZ-N0JSFD5
TaskCategory=None
OpCode=The operation completed successfully.
RecordNumber=81614
Keywords=Classic
Message=The Remote Desktop Services UserMode Port Redirector service entered the stopped state.
11/03/2020 03:40:34 PM
LogName=System
SourceName=Microsoft-Windows-Service Control Manager
EventCode=7036
EventType=4
Type=Information
ComputerName=EC2AMAZ-N0JSFD5
TaskCategory=None
OpCode=The operation completed successfully.
RecordNumber=81613
Keywords=Classic
Message=The Windows Time service entered the stopped state.
11/03/2020 03:40:34 PM
LogName=System
SourceName=Microsoft-Windows-Service Control Manager
EventCode=7036
EventType=4
Type=Information
ComputerName=EC2AMAZ-N0JSFD5
TaskCategory=None
OpCode=The operation completed successfully.
RecordNumber=81612
Keywords=Classic
Message=The Plug and Play service entered the stopped state.
11/03/2020 03:40:34 PM
LogName=System
SourceName=Microsoft-Windows-Service Control Manager
EventCode=7036
EventType=4
Type=Information
ComputerName=EC2AMAZ-N0JSFD5
TaskCategory=None
OpCode=The operation completed successfully.
RecordNumber=81611
Keywords=Classic
Message=The User Access Logging Service service entered the stopped state.
11/03/2020 03:40:34 PM
LogName=System
SourceName=Microsoft-Windows-Service Control Manager
EventCode=7036
EventType=4
Type=Information
ComputerName=EC2AMAZ-N0JSFD5
TaskCategory=None
OpCode=The operation completed successfully.
RecordNumber=81610
Keywords=Classic
Message=The Tile Data model server service entered the stopped state.
11/03/2020 03:40:34 PM
LogName=System
SourceName=Microsoft-Windows-Service Control Manager
EventCode=7036
EventType=4
Type=Information
ComputerName=EC2AMAZ-N0JSFD5
TaskCategory=None
OpCode=The operation completed successfully.
RecordNumber=81609
Keywords=Classic
Message=The Windows Modules Installer service entered the stopped state.
11/03/2020 03:40:34 PM
LogName=System
SourceName=EventLog
EventCode=6006
EventType=4
Type=Information
ComputerName=EC2AMAZ-N0JSFD5
TaskCategory=None
OpCode=None
RecordNumber=81608
Keywords=Classic
Message=The Event log service was stopped.
11/03/2020 03:40:34 PM
LogName=System
SourceName=Microsoft-Windows-Windows Remote Management
EventCode=10149
EventType=3
Type=Warning
ComputerName=EC2AMAZ-N0JSFD5
TaskCategory=None
OpCode=Info
RecordNumber=81607
Keywords=Classic
Message=The WinRM service is not listening for WS-Management requests. 

 User Action 
 If you did not intentionally stop the service, use the following command to see the WinRM configuration: 

 winrm enumerate winrm/config/listener
11/03/2020 03:40:38 PM
LogName=System
SourceName=Microsoft-Windows-Kernel-General
EventCode=13
EventType=4
Type=Information
ComputerName=win-dc-807
TaskCategory=2
OpCode=Info
RecordNumber=81650
Keywords=None
Message=The operating system is shutting down at system time ‎2020‎-‎11‎-‎03T15:40:38.669494300Z.
11/03/2020 03:40:38 PM
LogName=System
SourceName=Microsoft-Windows-Kernel-Power
EventCode=109
EventType=4
Type=Information
ComputerName=win-dc-807
TaskCategory=103
OpCode=Info
RecordNumber=81649
Keywords=None
Message=The kernel power manager has initiated a shutdown transition.

Shutdown Reason: Kernel API
11/03/2020 03:40:38 PM
LogName=System
SourceName=Microsoft-Windows-Service Control Manager
EventCode=7036
EventType=4
Type=Information
ComputerName=win-dc-807
TaskCategory=None
OpCode=The operation completed successfully.
RecordNumber=81648
Keywords=Classic
Message=The Windows Update service entered the stopped state.
11/03/2020 03:40:38 PM
LogName=System
SourceName=Microsoft-Windows-Service Control Manager
EventCode=7036
EventType=4
Type=Information
ComputerName=win-dc-807
TaskCategory=None
OpCode=The operation completed successfully.
RecordNumber=81647
Keywords=Classic
Message=The Device Setup Manager service entered the stopped state.
11/03/2020 03:40:58 PM
LogName=System
SourceName=Microsoft-Windows-Kernel-Boot
EventCode=32
EventType=4
Type=Information
ComputerName=win-dc-807
User=NOT_TRANSLATED
Sid=S-1-5-18
SidType=0
TaskCategory=None
OpCode=Info
RecordNumber=81657
Keywords=None
Message=The bootmgr spent 0 ms waiting for user input.
11/03/2020 03:40:58 PM
LogName=System
SourceName=Microsoft-Windows-Kernel-Boot
EventCode=18
EventType=4
Type=Information
ComputerName=win-dc-807
User=NOT_TRANSLATED
Sid=S-1-5-18
SidType=0
TaskCategory=None
OpCode=Info
RecordNumber=81656
Keywords=None
Message=There are 0x1 boot options on this system.
11/03/2020 03:40:58 PM
LogName=System
SourceName=Microsoft-Windows-Kernel-Boot
EventCode=25
EventType=4
Type=Information
ComputerName=win-dc-807
User=NOT_TRANSLATED
Sid=S-1-5-18
SidType=0
TaskCategory=32
OpCode=Info
RecordNumber=81655
Keywords=None
Message=The boot menu policy was 0x0.
11/03/2020 03:40:58 PM
LogName=System
SourceName=Microsoft-Windows-Kernel-Boot
EventCode=27
EventType=4
Type=Information
ComputerName=win-dc-807
User=NOT_TRANSLATED
Sid=S-1-5-18
SidType=0
TaskCategory=33
OpCode=Info
RecordNumber=81654
Keywords=None
Message=The boot type was 0x0.
11/03/2020 03:40:58 PM
LogName=System
SourceName=Microsoft-Windows-Kernel-Boot
EventCode=20
EventType=4
Type=Information
ComputerName=win-dc-807
User=NOT_TRANSLATED
Sid=S-1-5-18
SidType=0
TaskCategory=31
OpCode=Info
RecordNumber=81653
Keywords=None
Message=The last shutdown's success status was true. The last boot's success status was true.
11/03/2020 03:40:58 PM
LogName=System
SourceName=Microsoft-Windows-Kernel-Boot
EventCode=153
EventType=4
Type=Information
ComputerName=win-dc-807
User=NOT_TRANSLATED
Sid=S-1-5-18
SidType=0
TaskCategory=None
OpCode=Info
RecordNumber=81652
Keywords=None
Message=The Virtualization Based Security (policies: 0) is disabled with status STATUS_SUCCESS.
11/03/2020 03:40:58 PM
LogName=System
SourceName=Microsoft-Windows-Kernel-General
EventCode=12
EventType=4
Type=Information
ComputerName=win-dc-807
User=NOT_TRANSLATED
Sid=S-1-5-18
SidType=0
TaskCategory=1
OpCode=Info
RecordNumber=81651
Keywords=None
Message=The operating system started at system time ‎2020‎-‎11‎-‎03T15:40:58.487885400Z.
11/03/2020 03:41:02 PM
LogName=System
SourceName=Microsoft-Windows-Kernel-Processor-Power
EventCode=55
EventType=4
Type=Information
ComputerName=win-dc-807
User=NOT_TRANSLATED
Sid=S-1-5-18
SidType=0
TaskCategory=47
OpCode=Info
RecordNumber=81670
Keywords=None
Message=Processor 7 in group 0 exposes the following power management capabilities:

Idle state type: ACPI Idle (C) States (1 state(s))

Performance state type: None
Nominal Frequency (MHz): 2400
Maximum performance percentage: 100
Minimum performance percentage: 100
Minimum throttle percentage: 100
11/03/2020 03:41:02 PM
LogName=System
SourceName=Microsoft-Windows-Kernel-Processor-Power
EventCode=55
EventType=4
Type=Information
ComputerName=win-dc-807
User=NOT_TRANSLATED
Sid=S-1-5-18
SidType=0
TaskCategory=47
OpCode=Info
RecordNumber=81669
Keywords=None
Message=Processor 6 in group 0 exposes the following power management capabilities:

Idle state type: ACPI Idle (C) States (1 state(s))

Performance state type: None
Nominal Frequency (MHz): 2400
Maximum performance percentage: 100
Minimum performance percentage: 100
Minimum throttle percentage: 100
11/03/2020 03:41:02 PM
LogName=System
SourceName=Microsoft-Windows-Kernel-Processor-Power
EventCode=55
EventType=4
Type=Information
ComputerName=win-dc-807
User=NOT_TRANSLATED
Sid=S-1-5-18
SidType=0
TaskCategory=47
OpCode=Info
RecordNumber=81668
Keywords=None
Message=Processor 5 in group 0 exposes the following power management capabilities:

Idle state type: ACPI Idle (C) States (1 state(s))

Performance state type: None
Nominal Frequency (MHz): 2400
Maximum performance percentage: 100
Minimum performance percentage: 100
Minimum throttle percentage: 100
11/03/2020 03:41:02 PM
LogName=System
SourceName=Microsoft-Windows-Kernel-Processor-Power
EventCode=55
EventType=4
Type=Information
ComputerName=win-dc-807
User=NOT_TRANSLATED
Sid=S-1-5-18
SidType=0
TaskCategory=47
OpCode=Info
RecordNumber=81667
Keywords=None
Message=Processor 4 in group 0 exposes the following power management capabilities:

Idle state type: ACPI Idle (C) States (1 state(s))

Performance state type: None
Nominal Frequency (MHz): 2400
Maximum performance percentage: 100
Minimum performance percentage: 100
Minimum throttle percentage: 100
11/03/2020 03:41:02 PM
LogName=System
SourceName=Microsoft-Windows-Kernel-Processor-Power
EventCode=55
EventType=4
Type=Information
ComputerName=win-dc-807
User=NOT_TRANSLATED
Sid=S-1-5-18
SidType=0
TaskCategory=47
OpCode=Info
RecordNumber=81666
Keywords=None
Message=Processor 3 in group 0 exposes the following power management capabilities:

Idle state type: ACPI Idle (C) States (1 state(s))

Performance state type: None
Nominal Frequency (MHz): 2400
Maximum performance percentage: 100
Minimum performance percentage: 100
Minimum throttle percentage: 100
11/03/2020 03:41:02 PM
LogName=System
SourceName=Microsoft-Windows-Kernel-Processor-Power
EventCode=55
EventType=4
Type=Information
ComputerName=win-dc-807
User=NOT_TRANSLATED
Sid=S-1-5-18
SidType=0
TaskCategory=47
OpCode=Info
RecordNumber=81665
Keywords=None
Message=Processor 2 in group 0 exposes the following power management capabilities:

Idle state type: ACPI Idle (C) States (1 state(s))

Performance state type: None
Nominal Frequency (MHz): 2400
Maximum performance percentage: 100
Minimum performance percentage: 100
Minimum throttle percentage: 100
11/03/2020 03:41:02 PM
LogName=System
SourceName=Microsoft-Windows-Kernel-Processor-Power
EventCode=55
EventType=4
Type=Information
ComputerName=win-dc-807
User=NOT_TRANSLATED
Sid=S-1-5-18
SidType=0
TaskCategory=47
OpCode=Info
RecordNumber=81664
Keywords=None
Message=Processor 1 in group 0 exposes the following power management capabilities:

Idle state type: ACPI Idle (C) States (1 state(s))

Performance state type: None
Nominal Frequency (MHz): 2400
Maximum performance percentage: 100
Minimum performance percentage: 100
Minimum throttle percentage: 100
11/03/2020 03:41:02 PM
LogName=System
SourceName=Microsoft-Windows-Kernel-Processor-Power
EventCode=55
EventType=4
Type=Information
ComputerName=win-dc-807
User=NOT_TRANSLATED
Sid=S-1-5-18
SidType=0
TaskCategory=47
OpCode=Info
RecordNumber=81663
Keywords=None
Message=Processor 0 in group 0 exposes the following power management capabilities:

Idle state type: ACPI Idle (C) States (1 state(s))

Performance state type: None
Nominal Frequency (MHz): 2400
Maximum performance percentage: 100
Minimum performance percentage: 100
Minimum throttle percentage: 100
11/03/2020 03:41:02 PM
LogName=System
SourceName=Microsoft-Windows-Kernel-Power
EventCode=172
EventType=4
Type=Information
ComputerName=win-dc-807
User=NOT_TRANSLATED
Sid=S-1-5-18
SidType=0
TaskCategory=203
OpCode=Info
RecordNumber=81662
Keywords=None
Message=Connectivity state in standby: Disconnected, Reason: NIC compliance
11/03/2020 03:41:02 PM
LogName=System
SourceName=Microsoft-Windows-FilterManager
EventCode=6
EventType=4
Type=Information
ComputerName=win-dc-807
User=NOT_TRANSLATED
Sid=S-1-5-18
SidType=0
TaskCategory=None
OpCode=Info
RecordNumber=81661
Keywords=None
Message=File System Filter 'npsvctrig' (10.0, ‎2016‎-‎07‎-‎16T02:28:33.000000000Z) has successfully loaded and registered with Filter Manager.
11/03/2020 03:41:02 PM
LogName=System
SourceName=Microsoft-Windows-FilterManager
EventCode=6
EventType=4
Type=Information
ComputerName=win-dc-807
User=NOT_TRANSLATED
Sid=S-1-5-18
SidType=0
TaskCategory=None
OpCode=Info
RecordNumber=81660
Keywords=None
Message=File System Filter 'FileCrypt' (10.0, ‎2018‎-‎08‎-‎30T20:44:27.000000000Z) has successfully loaded and registered with Filter Manager.
11/03/2020 03:41:02 PM
LogName=System
SourceName=Microsoft-Windows-Ntfs
EventCode=98
EventType=4
Type=Information
ComputerName=win-dc-807
User=NOT_TRANSLATED
Sid=S-1-5-18
SidType=0
TaskCategory=None
OpCode=Info
RecordNumber=81659
Keywords=None
Message=Volume C: (\Device\HarddiskVolume1) is healthy.  No action is needed.
11/03/2020 03:41:02 PM
LogName=System
SourceName=Microsoft-Windows-FilterManager
EventCode=6
EventType=4
Type=Information
ComputerName=win-dc-807
User=NOT_TRANSLATED
Sid=S-1-5-18
SidType=0
TaskCategory=None
OpCode=Info
RecordNumber=81658
Keywords=None
Message=File System Filter 'Wof' (10.0, ‎2019‎-‎09‎-‎29T22:52:46.000000000Z) has successfully loaded and registered with Filter Manager.
11/03/2020 03:41:03 PM
LogName=System
SourceName=Microsoft-Windows-Service Control Manager
EventCode=7036
EventType=4
Type=Information
ComputerName=win-dc-807
TaskCategory=None
OpCode=The operation completed successfully.
RecordNumber=81706
Keywords=Classic
Message=The CertPropSvc service entered the running state.
11/03/2020 03:41:03 PM
LogName=System
SourceName=Microsoft-Windows-Service Control Manager
EventCode=7036
EventType=4
Type=Information
ComputerName=win-dc-807
TaskCategory=None
OpCode=The operation completed successfully.
RecordNumber=81705
Keywords=Classic
Message=The Dnscache service entered the running state.
11/03/2020 03:41:03 PM
LogName=System
SourceName=Microsoft-Windows-Service Control Manager
EventCode=7036
EventType=4
Type=Information
ComputerName=win-dc-807
TaskCategory=None
OpCode=The operation completed successfully.
RecordNumber=81704
Keywords=Classic
Message=The UmRdpService service entered the running state.
11/03/2020 03:41:03 PM
LogName=System
SourceName=Microsoft-Windows-Service Control Manager
EventCode=7036
EventType=4
Type=Information
ComputerName=win-dc-807
TaskCategory=None
OpCode=The operation completed successfully.
RecordNumber=81703
Keywords=Classic
Message=The NlaSvc service entered the running state.
11/03/2020 03:41:03 PM
LogName=System
SourceName=Microsoft-Windows-Service Control Manager
EventCode=7036
EventType=4
Type=Information
ComputerName=win-dc-807
TaskCategory=None
OpCode=The operation completed successfully.
RecordNumber=81702
Keywords=Classic
Message=The FontCache service entered the running state.
11/03/2020 03:41:03 PM
LogName=System
SourceName=Microsoft-Windows-Service Control Manager
EventCode=7036
EventType=4
Type=Information
ComputerName=win-dc-807
TaskCategory=None
OpCode=The operation completed successfully.
RecordNumber=81701
Keywords=Classic
Message=The Wcmsvc service entered the running state.
11/03/2020 03:41:03 PM
LogName=System
SourceName=Microsoft-Windows-Service Control Manager
EventCode=7036
EventType=4
Type=Information
ComputerName=win-dc-807
TaskCategory=None
OpCode=The operation completed successfully.
RecordNumber=81700
Keywords=Classic
Message=The ShellHWDetection service entered the running state.
11/03/2020 03:41:03 PM
LogName=System
SourceName=Microsoft-Windows-Service Control Manager
EventCode=7036
EventType=4
Type=Information
ComputerName=win-dc-807
TaskCategory=None
OpCode=The operation completed successfully.
RecordNumber=81699
Keywords=Classic
Message=The TrustedInstaller service entered the running state.
11/03/2020 03:41:03 PM
LogName=System
SourceName=Microsoft-Windows-Service Control Manager
EventCode=7036
EventType=4
Type=Information
ComputerName=win-dc-807
TaskCategory=None
OpCode=The operation completed successfully.
RecordNumber=81698
Keywords=Classic
Message=The gpsvc service entered the running state.
11/03/2020 03:41:03 PM
LogName=System
SourceName=Microsoft-Windows-Service Control Manager
EventCode=7036
EventType=4
Type=Information
ComputerName=win-dc-807
TaskCategory=None
OpCode=The operation completed successfully.
RecordNumber=81697
Keywords=Classic
Message=The SENS service entered the running state.
11/03/2020 03:41:03 PM
LogName=System
SourceName=Microsoft-Windows-Service Control Manager
EventCode=7036
EventType=4
Type=Information
ComputerName=win-dc-807
TaskCategory=None
OpCode=The operation completed successfully.
RecordNumber=81696
Keywords=Classic
Message=The ProfSvc service entered the running state.
11/03/2020 03:41:03 PM
LogName=System
SourceName=Microsoft-Windows-Service Control Manager
EventCode=7036
EventType=4
Type=Information
ComputerName=win-dc-807
TaskCategory=None
OpCode=The operation completed successfully.
RecordNumber=81695
Keywords=Classic
Message=The Dhcp service entered the running state.
11/03/2020 03:41:03 PM
LogName=System
SourceName=Microsoft-Windows-DHCPv6-Client
EventCode=51046
EventType=4
Type=Information
ComputerName=win-dc-807
User=NOT_TRANSLATED
Sid=S-1-5-19
SidType=0
TaskCategory=Service State Event
OpCode=ServiceStart
RecordNumber=81694
Keywords=None
Message=DHCPv6 client service is started
11/03/2020 03:41:03 PM
LogName=System
SourceName=Microsoft-Windows-Service Control Manager
EventCode=7036
EventType=4
Type=Information
ComputerName=win-dc-807
TaskCategory=None
OpCode=The operation completed successfully.
RecordNumber=81693
Keywords=Classic
Message=The EventSystem service entered the running state.
11/03/2020 03:41:03 PM
LogName=System
SourceName=Microsoft-Windows-Service Control Manager
EventCode=7036
EventType=4
Type=Information
ComputerName=win-dc-807
TaskCategory=None
OpCode=The operation completed successfully.
RecordNumber=81692
Keywords=Classic
Message=The WPDBusEnum service entered the running state.
11/03/2020 03:41:03 PM
LogName=System
SourceName=Microsoft-Windows-Service Control Manager
EventCode=7036
EventType=4
Type=Information
ComputerName=win-dc-807
TaskCategory=None
OpCode=The operation completed successfully.
RecordNumber=81691
Keywords=Classic
Message=The CoreMessagingRegistrar service entered the running state.
11/03/2020 03:41:03 PM
LogName=System
SourceName=Microsoft-Windows-Service Control Manager
EventCode=7036
EventType=4
Type=Information
ComputerName=win-dc-807
TaskCategory=None
OpCode=The operation completed successfully.
RecordNumber=81690
Keywords=Classic
Message=The Themes service entered the running state.
11/03/2020 03:41:03 PM
LogName=System
SourceName=Microsoft-Windows-Dhcp-Client
EventCode=50036
EventType=4
Type=Information
ComputerName=win-dc-807
User=NOT_TRANSLATED
Sid=S-1-5-19
SidType=0
TaskCategory=Service State Event
OpCode=ServiceStart
RecordNumber=81689
Keywords=None
Message=DHCPv4 client service is started
11/03/2020 03:41:03 PM
LogName=System
SourceName=Microsoft-Windows-Service Control Manager
EventCode=7036
EventType=4
Type=Information
ComputerName=win-dc-807
TaskCategory=None
OpCode=The operation completed successfully.
RecordNumber=81688
Keywords=Classic
Message=The nsi service entered the running state.
11/03/2020 03:41:03 PM
LogName=System
SourceName=Microsoft-Windows-FilterManager
EventCode=6
EventType=4
Type=Information
ComputerName=win-dc-807
User=NOT_TRANSLATED
Sid=S-1-5-18
SidType=0
TaskCategory=None
OpCode=Info
RecordNumber=81686
Keywords=None
Message=File System Filter 'storqosflt' (10.0, ‎2019‎-‎02‎-‎17T02:00:41.000000000Z) has successfully loaded and registered with Filter Manager.
11/03/2020 03:41:03 PM
LogName=System
SourceName=Microsoft-Windows-FilterManager
EventCode=6
EventType=4
Type=Information
ComputerName=win-dc-807
User=NOT_TRANSLATED
Sid=S-1-5-18
SidType=0
TaskCategory=None
OpCode=Info
RecordNumber=81685
Keywords=None
Message=File System Filter 'wcifs' (10.0, ‎2020‎-‎02‎-‎19T07:59:09.000000000Z) has successfully loaded and registered with Filter Manager.
11/03/2020 03:41:03 PM
LogName=System
SourceName=Microsoft-Windows-FilterManager
EventCode=6
EventType=4
Type=Information
ComputerName=win-dc-807
User=NOT_TRANSLATED
Sid=S-1-5-18
SidType=0
TaskCategory=None
OpCode=Info
RecordNumber=81684
Keywords=None
Message=File System Filter 'luafv' (10.0, ‎2019‎-‎04‎-‎02T04:23:00.000000000Z) has successfully loaded and registered with Filter Manager.
11/03/2020 03:41:03 PM
LogName=System
SourceName=Microsoft-Windows-Service Control Manager
EventCode=7036
EventType=4
Type=Information
ComputerName=win-dc-807
TaskCategory=None
OpCode=The operation completed successfully.
RecordNumber=81683
Keywords=Classic
Message=The EventLog service entered the running state.
11/03/2020 03:41:03 PM
LogName=System
SourceName=Microsoft-Windows-Service Control Manager
EventCode=7036
EventType=4
Type=Information
ComputerName=win-dc-807
TaskCategory=None
OpCode=The operation completed successfully.
RecordNumber=81682
Keywords=Classic
Message=The lmhosts service entered the running state.
11/03/2020 03:41:03 PM
LogName=System
SourceName=Microsoft-Windows-Service Control Manager
EventCode=7036
EventType=4
Type=Information
ComputerName=win-dc-807
TaskCategory=None
OpCode=The operation completed successfully.
RecordNumber=81681
Keywords=Classic
Message=The TermService service entered the running state.
11/03/2020 03:41:03 PM
LogName=System
SourceName=Microsoft-Windows-Service Control Manager
EventCode=7036
EventType=4
Type=Information
ComputerName=win-dc-807
TaskCategory=None
OpCode=The operation completed successfully.
RecordNumber=81680
Keywords=Classic
Message=The SystemEventsBroker service entered the running state.
11/03/2020 03:41:03 PM
LogName=System
SourceName=Microsoft-Windows-Service Control Manager
EventCode=7036
EventType=4
Type=Information
ComputerName=win-dc-807
TaskCategory=None
OpCode=The operation completed successfully.
RecordNumber=81679
Keywords=Classic
Message=The BrokerInfrastructure service entered the running state.
11/03/2020 03:41:03 PM
LogName=System
SourceName=Microsoft-Windows-Service Control Manager
EventCode=7036
EventType=4
Type=Information
ComputerName=win-dc-807
TaskCategory=None
OpCode=The operation completed successfully.
RecordNumber=81678
Keywords=Classic
Message=The LSM service entered the running state.
11/03/2020 03:41:03 PM
LogName=System
SourceName=Microsoft-Windows-Service Control Manager
EventCode=7036
EventType=4
Type=Information
ComputerName=win-dc-807
TaskCategory=None
OpCode=The operation completed successfully.
RecordNumber=81677
Keywords=Classic
Message=The RpcSs service entered the running state.
11/03/2020 03:41:03 PM
LogName=System
SourceName=Microsoft-Windows-Service Control Manager
EventCode=7036
EventType=4
Type=Information
ComputerName=win-dc-807
TaskCategory=None
OpCode=The operation completed successfully.
RecordNumber=81676
Keywords=Classic
Message=The RpcEptMapper service entered the running state.
11/03/2020 03:41:03 PM
LogName=System
SourceName=Microsoft-Windows-Service Control Manager
EventCode=7036
EventType=4
Type=Information
ComputerName=win-dc-807
TaskCategory=None
OpCode=The operation completed successfully.
RecordNumber=81675
Keywords=Classic
Message=The DcomLaunch service entered the running state.
11/03/2020 03:41:03 PM
LogName=System
SourceName=Microsoft-Windows-Service Control Manager
EventCode=7036
EventType=4
Type=Information
ComputerName=win-dc-807
TaskCategory=None
OpCode=The operation completed successfully.
RecordNumber=81674
Keywords=Classic
Message=The Power service entered the running state.
11/03/2020 03:41:03 PM
LogName=System
SourceName=Microsoft-Windows-Service Control Manager
EventCode=7036
EventType=4
Type=Information
ComputerName=win-dc-807
TaskCategory=None
OpCode=The operation completed successfully.
RecordNumber=81673
Keywords=Classic
Message=The PlugPlay service entered the running state.
11/03/2020 03:41:03 PM
LogName=System
SourceName=Microsoft-Windows-Directory-Services-SAM
EventCode=16962
EventType=4
Type=Information
ComputerName=win-dc-807
User=NOT_TRANSLATED
Sid=S-1-5-18
SidType=0
TaskCategory=None
OpCode=Info
RecordNumber=81672
Keywords=None
Message=Remote calls to the SAM database are being restricted using the default security descriptor: O:SYG:SYD:(A;;RC;;;BA).
For more information please see http://go.microsoft.com/fwlink/?LinkId=787651.
11/03/2020 03:41:03 PM
LogName=System
SourceName=Microsoft-Windows-Wininit
EventCode=14
EventType=4
Type=Information
ComputerName=win-dc-807
User=NOT_TRANSLATED
Sid=S-1-5-18
SidType=0
TaskCategory=None
OpCode=Info
RecordNumber=81671
Keywords=None
Message=Credential Guard (LsaIso.exe) configuration: 0x0, 0
11/03/2020 03:41:03 PM
LogName=System
SourceName=EventLog
EventCode=6013
EventType=4
Type=Information
ComputerName=win-dc-807
TaskCategory=None
OpCode=None
RecordNumber=81643
Keywords=Classic
Message=The system uptime is 5 seconds.
11/03/2020 03:41:03 PM
LogName=System
SourceName=EventLog
EventCode=6005
EventType=4
Type=Information
ComputerName=win-dc-807
TaskCategory=None
OpCode=None
RecordNumber=81642
Keywords=Classic
Message=The Event log service was started.
11/03/2020 03:41:03 PM
LogName=System
SourceName=EventLog
EventCode=6009
EventType=4
Type=Information
ComputerName=win-dc-807
TaskCategory=None
OpCode=None
RecordNumber=81641
Keywords=Classic
Message=Microsoft (R) Windows (R) 10.00. 14393  Multiprocessor Free.
11/03/2020 03:41:03 PM
LogName=System
SourceName=EventLog
EventCode=6011
EventType=4
Type=Information
ComputerName=win-dc-807
TaskCategory=None
OpCode=None
RecordNumber=81640
Keywords=Classic
Message=The NetBIOS name and DNS host name of this machine have been changed from EC2AMAZ-N0JSFD5 to WIN-DC-807.
11/03/2020 03:41:04 PM
LogName=System
SourceName=Microsoft-Windows-Service Control Manager
EventCode=7036
EventType=4
Type=Information
ComputerName=win-dc-807
TaskCategory=None
OpCode=The operation completed successfully.
RecordNumber=81739
Keywords=Classic
Message=The AmazonSSMAgent service entered the running state.
11/03/2020 03:41:04 PM
LogName=System
SourceName=Microsoft-Windows-Service Control Manager
EventCode=7036
EventType=4
Type=Information
ComputerName=win-dc-807
TaskCategory=None
OpCode=The operation completed successfully.
RecordNumber=81738
Keywords=Classic
Message=The KeyIso service entered the running state.
11/03/2020 03:41:04 PM
LogName=System
SourceName=Microsoft-Windows-Service Control Manager
EventCode=7026
EventType=4
Type=Information
ComputerName=win-dc-807
TaskCategory=None
OpCode=The operation completed successfully.
RecordNumber=81737
Keywords=Classic
Message=The following boot-start or system-start driver(s) did not load: 
cdrom
dam
11/03/2020 03:41:04 PM
LogName=System
SourceName=Microsoft-Windows-Service Control Manager
EventCode=7036
EventType=4
Type=Information
ComputerName=win-dc-807
TaskCategory=None
OpCode=The operation completed successfully.
RecordNumber=81736
Keywords=Classic
Message=The PolicyAgent service entered the running state.
11/03/2020 03:41:04 PM
LogName=System
SourceName=Microsoft-Windows-Iphlpsvc
EventCode=4200
EventType=4
Type=Information
ComputerName=win-dc-807
User=NOT_TRANSLATED
Sid=S-1-5-18
SidType=0
TaskCategory=None
OpCode=Info
RecordNumber=81735
Keywords=None
Message=Isatap interface isatap.eu-central-1.compute.internal with address fe80::5efe:10.0.1.14 has been brought up.
11/03/2020 03:41:04 PM
LogName=System
SourceName=Microsoft-Windows-Service Control Manager
EventCode=7036
EventType=4
Type=Information
ComputerName=win-dc-807
TaskCategory=None
OpCode=The operation completed successfully.
RecordNumber=81734
Keywords=Classic
Message=The NetSetupSvc service entered the running state.
