11/03/2020 03:51:00 PM
LogName=System
SourceName=Microsoft-Windows-DNS Client Events
EventCode=1014
EventType=3
Type=Warning
ComputerName=win-dc-807.attackrange.local
User=NOT_TRANSLATED
Sid=S-1-5-20
SidType=0
TaskCategory=1014
OpCode=Info
RecordNumber=82140
Keywords=None
Message=Name resolution for the name _ldap._tcp.dc._msdcs.attackrange.local. timed out after none of the configured DNS servers responded.
11/03/2020 03:51:00 PM
LogName=System
SourceName=Microsoft-Windows-Service Control Manager
EventCode=7036
EventType=4
Type=Information
ComputerName=win-dc-807.attackrange.local
TaskCategory=None
OpCode=The operation completed successfully.
RecordNumber=82139
Keywords=Classic
Message=The Schedule service entered the running state.
11/03/2020 03:51:00 PM
LogName=System
SourceName=Microsoft-Windows-Service Control Manager
EventCode=7036
EventType=4
Type=Information
ComputerName=win-dc-807.attackrange.local
TaskCategory=None
OpCode=The operation completed successfully.
RecordNumber=82138
Keywords=Classic
Message=The LanmanWorkstation service entered the running state.
11/03/2020 03:51:00 PM
LogName=System
SourceName=Microsoft-Windows-Service Control Manager
EventCode=7036
EventType=4
Type=Information
ComputerName=win-dc-807.attackrange.local
TaskCategory=None
OpCode=The operation completed successfully.
RecordNumber=82137
Keywords=Classic
Message=The WinHttpAutoProxySvc service entered the running state.
11/03/2020 03:51:00 PM
LogName=System
SourceName=Microsoft-Windows-Service Control Manager
EventCode=7036
EventType=4
Type=Information
ComputerName=win-dc-807.attackrange.local
TaskCategory=None
OpCode=The operation completed successfully.
RecordNumber=82136
Keywords=Classic
Message=The BFE service entered the running state.
11/03/2020 03:51:00 PM
LogName=System
SourceName=Microsoft-Windows-Service Control Manager
EventCode=7036
EventType=4
Type=Information
ComputerName=win-dc-807.attackrange.local
TaskCategory=None
OpCode=The operation completed successfully.
RecordNumber=82135
Keywords=Classic
Message=The UmRdpService service entered the running state.
11/03/2020 03:51:00 PM
LogName=System
SourceName=Microsoft-Windows-Service Control Manager
EventCode=7036
EventType=4
Type=Information
ComputerName=win-dc-807.attackrange.local
TaskCategory=None
OpCode=The operation completed successfully.
RecordNumber=82134
Keywords=Classic
Message=The ShellHWDetection service entered the running state.
11/03/2020 03:51:00 PM
LogName=System
SourceName=Microsoft-Windows-Service Control Manager
EventCode=7036
EventType=4
Type=Information
ComputerName=win-dc-807.attackrange.local
TaskCategory=None
OpCode=The operation completed successfully.
RecordNumber=82133
Keywords=Classic
Message=The FontCache service entered the running state.
11/03/2020 03:51:00 PM
LogName=System
SourceName=Microsoft-Windows-Service Control Manager
EventCode=7036
EventType=4
Type=Information
ComputerName=win-dc-807.attackrange.local
TaskCategory=None
OpCode=The operation completed successfully.
RecordNumber=82132
Keywords=Classic
Message=The Wcmsvc service entered the running state.
11/03/2020 03:51:00 PM
LogName=System
SourceName=Microsoft-Windows-Service Control Manager
EventCode=7036
EventType=4
Type=Information
ComputerName=win-dc-807.attackrange.local
TaskCategory=None
OpCode=The operation completed successfully.
RecordNumber=82131
Keywords=Classic
Message=The NcbService service entered the running state.
11/03/2020 03:51:00 PM
LogName=System
SourceName=Microsoft-Windows-Service Control Manager
EventCode=7036
EventType=4
Type=Information
ComputerName=win-dc-807.attackrange.local
TaskCategory=None
OpCode=The operation completed successfully.
RecordNumber=82130
Keywords=Classic
Message=The DsmSvc service entered the running state.
11/03/2020 03:51:00 PM
LogName=System
SourceName=Microsoft-Windows-Service Control Manager
EventCode=7036
EventType=4
Type=Information
ComputerName=win-dc-807.attackrange.local
TaskCategory=None
OpCode=The operation completed successfully.
RecordNumber=82129
Keywords=Classic
Message=The netprofm service entered the running state.
11/03/2020 03:51:00 PM
LogName=System
SourceName=Microsoft-Windows-DNS Client Events
EventCode=1014
EventType=3
Type=Warning
ComputerName=win-dc-807.attackrange.local
User=NOT_TRANSLATED
Sid=S-1-5-20
SidType=0
TaskCategory=1014
OpCode=Info
RecordNumber=82128
Keywords=None
Message=Name resolution for the name _ldap._tcp.dc._msdcs.attackrange.local. timed out after none of the configured DNS servers responded.
11/03/2020 03:51:00 PM
LogName=System
SourceName=Microsoft-Windows-Service Control Manager
EventCode=7036
EventType=4
Type=Information
ComputerName=win-dc-807.attackrange.local
TaskCategory=None
OpCode=The operation completed successfully.
RecordNumber=82127
Keywords=Classic
Message=The gpsvc service entered the running state.
11/03/2020 03:51:00 PM
LogName=System
SourceName=Microsoft-Windows-Service Control Manager
EventCode=7036
EventType=4
Type=Information
ComputerName=win-dc-807.attackrange.local
TaskCategory=None
OpCode=The operation completed successfully.
RecordNumber=82126
Keywords=Classic
Message=The SENS service entered the running state.
11/03/2020 03:51:00 PM
LogName=System
SourceName=Microsoft-Windows-Service Control Manager
EventCode=7036
EventType=4
Type=Information
ComputerName=win-dc-807.attackrange.local
TaskCategory=None
OpCode=The operation completed successfully.
RecordNumber=82125
Keywords=Classic
Message=The ProfSvc service entered the running state.
11/03/2020 03:51:00 PM
LogName=System
SourceName=Microsoft-Windows-Service Control Manager
EventCode=7036
EventType=4
Type=Information
ComputerName=win-dc-807.attackrange.local
TaskCategory=None
OpCode=The operation completed successfully.
RecordNumber=82124
Keywords=Classic
Message=The NlaSvc service entered the running state.
11/03/2020 03:51:00 PM
LogName=System
SourceName=Microsoft-Windows-Service Control Manager
EventCode=7036
EventType=4
Type=Information
ComputerName=win-dc-807.attackrange.local
TaskCategory=None
OpCode=The operation completed successfully.
RecordNumber=82123
Keywords=Classic
Message=The EventSystem service entered the running state.
11/03/2020 03:51:00 PM
LogName=System
SourceName=Microsoft-Windows-Service Control Manager
EventCode=7036
EventType=4
Type=Information
ComputerName=win-dc-807.attackrange.local
TaskCategory=None
OpCode=The operation completed successfully.
RecordNumber=82122
Keywords=Classic
Message=The CoreMessagingRegistrar service entered the running state.
11/03/2020 03:51:00 PM
LogName=System
SourceName=Microsoft-Windows-Service Control Manager
EventCode=7036
EventType=4
Type=Information
ComputerName=win-dc-807.attackrange.local
TaskCategory=None
OpCode=The operation completed successfully.
RecordNumber=82121
Keywords=Classic
Message=The Themes service entered the running state.
11/03/2020 03:51:00 PM
LogName=System
SourceName=Microsoft-Windows-Service Control Manager
EventCode=7036
EventType=4
Type=Information
ComputerName=win-dc-807.attackrange.local
TaskCategory=None
OpCode=The operation completed successfully.
RecordNumber=82120
Keywords=Classic
Message=The WPDBusEnum service entered the running state.
11/03/2020 03:51:00 PM
LogName=System
SourceName=Microsoft-Windows-Service Control Manager
EventCode=7036
EventType=4
Type=Information
ComputerName=win-dc-807.attackrange.local
TaskCategory=None
OpCode=The operation completed successfully.
RecordNumber=82119
Keywords=Classic
Message=The NTDS service entered the running state.
11/03/2020 03:51:00 PM
LogName=System
SourceName=Microsoft-Windows-FilterManager
EventCode=6
EventType=4
Type=Information
ComputerName=win-dc-807.attackrange.local
User=NOT_TRANSLATED
Sid=S-1-5-18
SidType=0
TaskCategory=None
OpCode=Info
RecordNumber=82118
Keywords=None
Message=File System Filter 'storqosflt' (10.0, ‎2019‎-‎02‎-‎17T02:00:41.000000000Z) has successfully loaded and registered with Filter Manager.
11/03/2020 03:51:00 PM
LogName=System
SourceName=Microsoft-Windows-Service Control Manager
EventCode=7036
EventType=4
Type=Information
ComputerName=win-dc-807.attackrange.local
TaskCategory=None
OpCode=The operation completed successfully.
RecordNumber=82117
Keywords=Classic
Message=The Dnscache service entered the running state.
11/03/2020 03:51:00 PM
LogName=System
SourceName=Microsoft-Windows-FilterManager
EventCode=6
EventType=4
Type=Information
ComputerName=win-dc-807.attackrange.local
User=NOT_TRANSLATED
Sid=S-1-5-18
SidType=0
TaskCategory=None
OpCode=Info
RecordNumber=82116
Keywords=None
Message=File System Filter 'wcifs' (10.0, ‎2020‎-‎02‎-‎19T07:59:09.000000000Z) has successfully loaded and registered with Filter Manager.
11/03/2020 03:51:00 PM
LogName=System
SourceName=Microsoft-Windows-Service Control Manager
EventCode=7036
EventType=4
Type=Information
ComputerName=win-dc-807.attackrange.local
TaskCategory=None
OpCode=The operation completed successfully.
RecordNumber=82115
Keywords=Classic
Message=The Dhcp service entered the running state.
11/03/2020 03:51:00 PM
LogName=System
SourceName=Microsoft-Windows-DHCPv6-Client
EventCode=51046
EventType=4
Type=Information
ComputerName=win-dc-807.attackrange.local
User=NOT_TRANSLATED
Sid=S-1-5-19
SidType=0
TaskCategory=Service State Event
OpCode=ServiceStart
RecordNumber=82114
Keywords=None
Message=DHCPv6 client service is started
11/03/2020 03:51:00 PM
LogName=System
SourceName=Microsoft-Windows-Service Control Manager
EventCode=7036
EventType=4
Type=Information
ComputerName=win-dc-807.attackrange.local
TaskCategory=None
OpCode=The operation completed successfully.
RecordNumber=82113
Keywords=Classic
Message=The EventLog service entered the running state.
11/03/2020 03:51:00 PM
LogName=System
SourceName=Microsoft-Windows-FilterManager
EventCode=6
EventType=4
Type=Information
ComputerName=win-dc-807.attackrange.local
User=NOT_TRANSLATED
Sid=S-1-5-18
SidType=0
TaskCategory=None
OpCode=Info
RecordNumber=82112
Keywords=None
Message=File System Filter 'luafv' (10.0, ‎2019‎-‎04‎-‎02T04:23:00.000000000Z) has successfully loaded and registered with Filter Manager.
11/03/2020 03:51:00 PM
LogName=System
SourceName=Microsoft-Windows-Dhcp-Client
EventCode=50036
EventType=4
Type=Information
ComputerName=win-dc-807.attackrange.local
User=NOT_TRANSLATED
Sid=S-1-5-19
SidType=0
TaskCategory=Service State Event
OpCode=ServiceStart
RecordNumber=82111
Keywords=None
Message=DHCPv4 client service is started
11/03/2020 03:51:00 PM
LogName=System
SourceName=Microsoft-Windows-Service Control Manager
EventCode=7036
EventType=4
Type=Information
ComputerName=win-dc-807.attackrange.local
TaskCategory=None
OpCode=The operation completed successfully.
RecordNumber=82110
Keywords=Classic
Message=The lmhosts service entered the running state.
11/03/2020 03:51:00 PM
LogName=System
SourceName=Microsoft-Windows-Service Control Manager
EventCode=7036
EventType=4
Type=Information
ComputerName=win-dc-807.attackrange.local
TaskCategory=None
OpCode=The operation completed successfully.
RecordNumber=82109
Keywords=Classic
Message=The TermService service entered the running state.
11/03/2020 03:51:00 PM
LogName=System
SourceName=Microsoft-Windows-Service Control Manager
EventCode=7036
EventType=4
Type=Information
ComputerName=win-dc-807.attackrange.local
TaskCategory=None
OpCode=The operation completed successfully.
RecordNumber=82108
Keywords=Classic
Message=The nsi service entered the running state.
11/03/2020 03:51:00 PM
LogName=System
SourceName=Microsoft-Windows-Service Control Manager
EventCode=7036
EventType=4
Type=Information
ComputerName=win-dc-807.attackrange.local
TaskCategory=None
OpCode=The operation completed successfully.
RecordNumber=82107
Keywords=Classic
Message=The SystemEventsBroker service entered the running state.
11/03/2020 03:51:00 PM
LogName=System
SourceName=Microsoft-Windows-Service Control Manager
EventCode=7036
EventType=4
Type=Information
ComputerName=win-dc-807.attackrange.local
TaskCategory=None
OpCode=The operation completed successfully.
RecordNumber=82106
Keywords=Classic
Message=The BrokerInfrastructure service entered the running state.
11/03/2020 03:51:00 PM
LogName=System
SourceName=Microsoft-Windows-Service Control Manager
EventCode=7036
EventType=4
Type=Information
ComputerName=win-dc-807.attackrange.local
TaskCategory=None
OpCode=The operation completed successfully.
RecordNumber=82105
Keywords=Classic
Message=The LSM service entered the running state.
11/03/2020 03:51:00 PM
LogName=System
SourceName=Microsoft-Windows-Service Control Manager
EventCode=7036
EventType=4
Type=Information
ComputerName=win-dc-807.attackrange.local
TaskCategory=None
OpCode=The operation completed successfully.
RecordNumber=82104
Keywords=Classic
Message=The RpcSs service entered the running state.
11/03/2020 03:51:00 PM
LogName=System
SourceName=Microsoft-Windows-Service Control Manager
EventCode=7036
EventType=4
Type=Information
ComputerName=win-dc-807.attackrange.local
TaskCategory=None
OpCode=The operation completed successfully.
RecordNumber=82103
Keywords=Classic
Message=The RpcEptMapper service entered the running state.
11/03/2020 03:51:00 PM
LogName=System
SourceName=Microsoft-Windows-Service Control Manager
EventCode=7036
EventType=4
Type=Information
ComputerName=win-dc-807.attackrange.local
TaskCategory=None
OpCode=The operation completed successfully.
RecordNumber=82102
Keywords=Classic
Message=The DcomLaunch service entered the running state.
11/03/2020 03:51:00 PM
LogName=System
SourceName=Microsoft-Windows-Service Control Manager
EventCode=7036
EventType=4
Type=Information
ComputerName=win-dc-807.attackrange.local
TaskCategory=None
OpCode=The operation completed successfully.
RecordNumber=82101
Keywords=Classic
Message=The Power service entered the running state.
11/03/2020 03:51:00 PM
LogName=System
SourceName=Microsoft-Windows-Service Control Manager
EventCode=7036
EventType=4
Type=Information
ComputerName=win-dc-807.attackrange.local
TaskCategory=None
OpCode=The operation completed successfully.
RecordNumber=82100
Keywords=Classic
Message=The PlugPlay service entered the running state.
11/03/2020 03:51:00 PM
LogName=System
SourceName=EventLog
EventCode=6013
EventType=4
Type=Information
ComputerName=win-dc-807.attackrange.local
TaskCategory=None
OpCode=None
RecordNumber=82071
Keywords=Classic
Message=The system uptime is 7 seconds.
11/03/2020 03:51:00 PM
LogName=System
SourceName=EventLog
EventCode=6005
EventType=4
Type=Information
ComputerName=win-dc-807.attackrange.local
TaskCategory=None
OpCode=None
RecordNumber=82070
Keywords=Classic
Message=The Event log service was started.
11/03/2020 03:51:00 PM
LogName=System
SourceName=EventLog
EventCode=6009
EventType=4
Type=Information
ComputerName=win-dc-807.attackrange.local
TaskCategory=None
OpCode=None
RecordNumber=82069
Keywords=Classic
Message=Microsoft (R) Windows (R) 10.00. 14393  Multiprocessor Free.
11/03/2020 03:51:01 PM
LogName=System
SourceName=Microsoft-Windows-DNS Client Events
EventCode=1014
EventType=3
Type=Warning
ComputerName=win-dc-807.attackrange.local
User=NOT_TRANSLATED
Sid=S-1-5-20
SidType=0
TaskCategory=1014
OpCode=Info
RecordNumber=82153
Keywords=None
Message=Name resolution for the name _ldap._tcp.dc._msdcs.attackrange.local. timed out after none of the configured DNS servers responded.
11/03/2020 03:51:01 PM
LogName=System
SourceName=Microsoft-Windows-Service Control Manager
EventCode=7036
EventType=4
Type=Information
ComputerName=win-dc-807.attackrange.local
TaskCategory=None
OpCode=The operation completed successfully.
RecordNumber=82152
Keywords=Classic
Message=The PolicyAgent service entered the running state.
11/03/2020 03:51:01 PM
LogName=System
SourceName=Microsoft-Windows-Iphlpsvc
EventCode=4200
EventType=4
Type=Information
ComputerName=win-dc-807.attackrange.local
User=NOT_TRANSLATED
Sid=S-1-5-18
SidType=0
TaskCategory=None
OpCode=Info
RecordNumber=82151
Keywords=None
Message=Isatap interface isatap.eu-central-1.compute.internal with address fe80::5efe:10.0.1.14 has been brought up.
11/03/2020 03:51:01 PM
LogName=System
SourceName=Microsoft-Windows-Service Control Manager
EventCode=7036
EventType=4
Type=Information
ComputerName=win-dc-807.attackrange.local
TaskCategory=None
OpCode=The operation completed successfully.
RecordNumber=82150
Keywords=Classic
Message=The NetSetupSvc service entered the running state.
11/03/2020 03:51:02 PM
LogName=System
SourceName=Microsoft-Windows-Service Control Manager
EventCode=7036
EventType=4
Type=Information
ComputerName=win-dc-807.attackrange.local
TaskCategory=None
OpCode=The operation completed successfully.
RecordNumber=82154
Keywords=Classic
Message=The CryptSvc service entered the running state.
11/03/2020 03:51:05 PM
LogName=System
SourceName=Microsoft-Windows-Service Control Manager
EventCode=7036
EventType=4
Type=Information
ComputerName=win-dc-807.attackrange.local
TaskCategory=None
OpCode=The operation completed successfully.
RecordNumber=82155
Keywords=Classic
Message=The wuauserv service entered the running state.
11/03/2020 03:51:06 PM
LogName=System
SourceName=Microsoft-Windows-Service Control Manager
EventCode=7036
EventType=4
Type=Information
ComputerName=win-dc-807.attackrange.local
TaskCategory=None
OpCode=The operation completed successfully.
RecordNumber=82156
Keywords=Classic
Message=The TrustedInstaller service entered the running state.
11/03/2020 03:51:10 PM
LogName=System
SourceName=Microsoft-Windows-Service Control Manager
EventCode=7036
EventType=4
Type=Information
ComputerName=win-dc-807.attackrange.local
TaskCategory=None
OpCode=The operation completed successfully.
RecordNumber=82158
Keywords=Classic
Message=The LanmanServer service entered the running state.
11/03/2020 03:51:10 PM
LogName=System
SourceName=Microsoft-Windows-Service Control Manager
EventCode=7036
EventType=4
Type=Information
ComputerName=win-dc-807.attackrange.local
TaskCategory=None
OpCode=The operation completed successfully.
RecordNumber=82157
Keywords=Classic
Message=The SamSs service entered the running state.
11/03/2020 03:51:15 PM
LogName=System
SourceName=Microsoft-Windows-Service Control Manager
EventCode=7036
EventType=4
Type=Information
ComputerName=win-dc-807.attackrange.local
TaskCategory=None
OpCode=The operation completed successfully.
RecordNumber=82180
Keywords=Classic
Message=The nxlog service entered the running state.
11/03/2020 03:51:15 PM
LogName=System
SourceName=Microsoft-Windows-Service Control Manager
EventCode=7036
EventType=4
Type=Information
ComputerName=win-dc-807.attackrange.local
TaskCategory=None
OpCode=The operation completed successfully.
RecordNumber=82179
Keywords=Classic
Message=The vds service entered the running state.
11/03/2020 03:51:15 PM
LogName=System
SourceName=Microsoft-Windows-Service Control Manager
EventCode=7036
EventType=4
Type=Information
ComputerName=win-dc-807.attackrange.local
TaskCategory=None
OpCode=The operation completed successfully.
RecordNumber=82178
Keywords=Classic
Message=The ADWS service entered the running state.
11/03/2020 03:51:15 PM
LogName=System
SourceName=Microsoft-Windows-Service Control Manager
EventCode=7036
EventType=4
Type=Information
ComputerName=win-dc-807.attackrange.local
TaskCategory=None
OpCode=The operation completed successfully.
RecordNumber=82177
Keywords=Classic
Message=The tiledatamodelsvc service entered the running state.
11/03/2020 03:51:15 PM
LogName=System
SourceName=Microsoft-Windows-Service Control Manager
EventCode=7036
EventType=4
Type=Information
ComputerName=win-dc-807.attackrange.local
TaskCategory=None
OpCode=The operation completed successfully.
RecordNumber=82176
Keywords=Classic
Message=The StateRepository service entered the running state.
11/03/2020 03:51:15 PM
LogName=System
SourceName=Microsoft-Windows-Service Control Manager
EventCode=7036
EventType=4
Type=Information
ComputerName=win-dc-807.attackrange.local
TaskCategory=None
OpCode=The operation completed successfully.
RecordNumber=82175
Keywords=Classic
Message=The sysmon64 service entered the running state.
11/03/2020 03:51:15 PM
LogName=System
SourceName=Microsoft-Windows-Service Control Manager
EventCode=7036
EventType=4
Type=Information
ComputerName=win-dc-807.attackrange.local
TaskCategory=None
OpCode=The operation completed successfully.
RecordNumber=82174
Keywords=Classic
Message=The DFSR service entered the running state.
11/03/2020 03:51:15 PM
LogName=System
SourceName=Microsoft-Windows-Service Control Manager
EventCode=7036
EventType=4
Type=Information
ComputerName=win-dc-807.attackrange.local
TaskCategory=None
OpCode=The operation completed successfully.
RecordNumber=82173
Keywords=Classic
Message=The WinRM service entered the running state.
11/03/2020 03:51:15 PM
LogName=System
SourceName=Microsoft-Windows-Service Control Manager
EventCode=7036
EventType=4
Type=Information
ComputerName=win-dc-807.attackrange.local
TaskCategory=None
OpCode=The operation completed successfully.
RecordNumber=82172
Keywords=Classic
Message=The EFS service entered the running state.
11/03/2020 03:51:15 PM
LogName=System
SourceName=Microsoft-Windows-Service Control Manager
EventCode=7036
EventType=4
Type=Information
ComputerName=win-dc-807.attackrange.local
TaskCategory=None
OpCode=The operation completed successfully.
RecordNumber=82171
Keywords=Classic
Message=The WpnService service entered the running state.
11/03/2020 03:51:15 PM
LogName=System
SourceName=Microsoft-Windows-Service Control Manager
EventCode=7036
EventType=4
Type=Information
ComputerName=win-dc-807.attackrange.local
TaskCategory=None
OpCode=The operation completed successfully.
RecordNumber=82170
Keywords=Classic
Message=The Dfs service entered the running state.
11/03/2020 03:51:15 PM
LogName=System
SourceName=Microsoft-Windows-Service Control Manager
EventCode=7036
EventType=4
Type=Information
ComputerName=win-dc-807.attackrange.local
TaskCategory=None
OpCode=The operation completed successfully.
RecordNumber=82169
Keywords=Classic
Message=The IsmServ service entered the running state.
11/03/2020 03:51:15 PM
LogName=System
SourceName=Microsoft-Windows-Service Control Manager
EventCode=7036
EventType=4
Type=Information
ComputerName=win-dc-807.attackrange.local
TaskCategory=None
OpCode=The operation completed successfully.
RecordNumber=82168
Keywords=Classic
Message=The AWSLiteAgent service entered the running state.
11/03/2020 03:51:15 PM
LogName=System
SourceName=Microsoft-Windows-Service Control Manager
EventCode=7036
EventType=4
Type=Information
ComputerName=win-dc-807.attackrange.local
TaskCategory=None
OpCode=The operation completed successfully.
RecordNumber=82167
Keywords=Classic
Message=The PcaSvc service entered the running state.
11/03/2020 03:51:15 PM
LogName=System
SourceName=Microsoft-Windows-Service Control Manager
EventCode=7036
EventType=4
Type=Information
ComputerName=win-dc-807.attackrange.local
TaskCategory=None
OpCode=The operation completed successfully.
RecordNumber=82166
Keywords=Classic
Message=The RemoteRegistry service entered the running state.
11/03/2020 03:51:15 PM
LogName=System
SourceName=Microsoft-Windows-Service Control Manager
EventCode=7036
EventType=4
Type=Information
ComputerName=win-dc-807.attackrange.local
TaskCategory=None
OpCode=The operation completed successfully.
RecordNumber=82165
Keywords=Classic
Message=The Spooler service entered the running state.
11/03/2020 03:51:15 PM
LogName=System
SourceName=Microsoft-Windows-Service Control Manager
EventCode=7036
EventType=4
Type=Information
ComputerName=win-dc-807.attackrange.local
TaskCategory=None
OpCode=The operation completed successfully.
RecordNumber=82164
Keywords=Classic
Message=The WerSvc service entered the running state.
11/03/2020 03:51:15 PM
LogName=System
SourceName=Virtual Disk Service
EventCode=3
EventType=4
Type=Information
ComputerName=win-dc-807.attackrange.local
TaskCategory=None
OpCode=None
RecordNumber=82163
Keywords=Classic
Message=Service started.
11/03/2020 03:51:15 PM
LogName=System
SourceName=Microsoft-Windows-Windows Remote Management
EventCode=10154
EventType=3
Type=Warning
ComputerName=win-dc-807.attackrange.local
TaskCategory=None
OpCode=Info
RecordNumber=82162
Keywords=Classic
Message=The WinRM service failed to create the following SPNs: WSMAN/win-dc-807.attackrange.local; WSMAN/win-dc-807. 

 Additional Data 
 The error received was 10054: %%10054.

 User Action 
 The SPNs can be created by an administrator using setspn.exe utility.
11/03/2020 03:51:15 PM
LogName=System
SourceName=Microsoft-Windows-Windows Remote Management
EventCode=10148
EventType=4
Type=Information
ComputerName=win-dc-807.attackrange.local
TaskCategory=None
OpCode=Info
RecordNumber=82161
Keywords=Classic
Message=The WinRM service is listening for WS-Management requests. 

 User Action 
 Use the following command to see the specific IPs on which WinRM is listening: 

 winrm enumerate winrm/config/listener
11/03/2020 03:51:15 PM
LogName=System
SourceName=Microsoft-Windows-DfsSvc
EventCode=14531
EventType=4
Type=Information
ComputerName=win-dc-807.attackrange.local
TaskCategory=None
OpCode=The operation completed successfully.
RecordNumber=82160
Keywords=Classic
Message=DFS server has finished initializing.
11/03/2020 03:51:15 PM
LogName=System
SourceName=Microsoft-Windows-DfsSvc
EventCode=14533
EventType=4
Type=Information
ComputerName=win-dc-807.attackrange.local
TaskCategory=None
OpCode=The operation completed successfully.
RecordNumber=82159
Keywords=Classic
Message=DFS has finished building all namespaces.
11/03/2020 03:51:16 PM
LogName=System
SourceName=Microsoft-Windows-Service Control Manager
EventCode=7036
EventType=4
Type=Information
ComputerName=win-dc-807.attackrange.local
TaskCategory=None
OpCode=The operation completed successfully.
RecordNumber=82181
Keywords=Classic
Message=The AmazonSSMAgent service entered the running state.
11/03/2020 03:51:21 PM
LogName=System
SourceName=Microsoft-Windows-Service Control Manager
EventCode=7026
EventType=4
Type=Information
ComputerName=win-dc-807.attackrange.local
TaskCategory=None
OpCode=The operation completed successfully.
RecordNumber=82183
Keywords=Classic
Message=The following boot-start or system-start driver(s) did not load: 
cdrom
dam
11/03/2020 03:51:21 PM
LogName=System
SourceName=Microsoft-Windows-Service Control Manager
EventCode=7036
EventType=4
Type=Information
ComputerName=win-dc-807.attackrange.local
TaskCategory=None
OpCode=The operation completed successfully.
RecordNumber=82182
Keywords=Classic
Message=The SplunkForwarder service entered the running state.
11/03/2020 03:51:28 PM
LogName=System
SourceName=Microsoft-Windows-Service Control Manager
EventCode=7036
EventType=4
Type=Information
ComputerName=win-dc-807.attackrange.local
TaskCategory=None
OpCode=The operation completed successfully.
RecordNumber=82184
Keywords=Classic
Message=The Netlogon service entered the running state.
11/03/2020 03:51:30 PM
LogName=System
SourceName=Microsoft-Windows-Time-Service
EventCode=143
EventType=4
Type=Information
ComputerName=win-dc-807.attackrange.local
User=NOT_TRANSLATED
Sid=S-1-5-19
SidType=0
TaskCategory=None
OpCode=Info
RecordNumber=82186
Keywords=None
Message=The time service has started advertising as a good time source.
11/03/2020 03:51:30 PM
LogName=System
SourceName=Microsoft-Windows-Time-Service
EventCode=139
EventType=4
Type=Information
ComputerName=win-dc-807.attackrange.local
User=NOT_TRANSLATED
Sid=S-1-5-19
SidType=0
TaskCategory=None
OpCode=Info
RecordNumber=82185
Keywords=None
Message=The time service has started advertising as a time source.
11/03/2020 03:51:40 PM
LogName=System
SourceName=Microsoft-Windows-DistributedCOM
EventCode=10016
EventType=2
Type=Error
ComputerName=win-dc-807.attackrange.local
User=NOT_TRANSLATED
Sid=S-1-5-21-635769498-3620204953-2298246598-500
SidType=0
TaskCategory=None
OpCode=Info
RecordNumber=82191
Keywords=Classic
Message=The application-specific permission settings do not grant Local Activation permission for the COM Server application with CLSID 
{D63B10C5-BB46-4990-A94F-E40B9D520160}
 and APPID 
{9CA88EE3-ACB7-47C8-AFC4-AB702511C276}
 to the user ATTACKRANGE\Administrator SID (S-1-5-21-635769498-3620204953-2298246598-500) from address LocalHost (Using LRPC) running in the application container Unavailable SID (Unavailable). This security permission can be modified using the Component Services administrative tool.
11/03/2020 03:51:40 PM
LogName=System
SourceName=Microsoft-Windows-Service Control Manager
EventCode=7036
EventType=4
Type=Information
ComputerName=win-dc-807.attackrange.local
TaskCategory=None
OpCode=The operation completed successfully.
RecordNumber=82190
Keywords=Classic
Message=The W32Time service entered the running state.
11/03/2020 03:51:40 PM
LogName=System
SourceName=Microsoft-Windows-Time-Service
EventCode=12
EventType=3
Type=Warning
ComputerName=win-dc-807.attackrange.local
User=NOT_TRANSLATED
Sid=S-1-5-19
SidType=0
TaskCategory=None
OpCode=Info
RecordNumber=82189
Keywords=None
Message=Time Provider NtpClient: This machine is configured to use the domain hierarchy to determine its time source, but it is the AD PDC emulator for the domain at the root of the forest, so there is no machine above it in the domain hierarchy to use as a time source. It is recommended that you either configure a reliable time service in the root domain, or manually configure the AD PDC to synchronize with an external time source. Otherwise, this machine will function as the authoritative time source in the domain hierarchy. If an external time source is not configured or used for this computer, you may choose to disable the NtpClient.
11/03/2020 03:51:40 PM
LogName=System
SourceName=Microsoft-Windows-Service Control Manager
EventCode=7036
EventType=4
Type=Information
ComputerName=win-dc-807.attackrange.local
TaskCategory=None
OpCode=The operation completed successfully.
RecordNumber=82188
Keywords=Classic
Message=The DNS service entered the running state.
11/03/2020 03:51:40 PM
LogName=System
SourceName=Microsoft-Windows-LSA
EventCode=6038
EventType=3
Type=Warning
ComputerName=win-dc-807.attackrange.local
TaskCategory=None
OpCode=Info
RecordNumber=82187
Keywords=Classic
Message=Microsoft Windows Server has detected that NTLM authentication is presently being used between clients and this server. This event occurs once per boot of the server on the first time a client uses NTLM with this server.
 
NTLM is a weaker authentication mechanism. Please check:
 
      Which applications are using NTLM authentication?
      Are there configuration issues preventing the use of stronger authentication such as Kerberos authentication?
      If NTLM must be supported, is Extended Protection configured?
 
Details on how to complete these checks can be found at http://go.microsoft.com/fwlink/?LinkId=225699.
11/03/2020 03:51:42 PM
LogName=System
SourceName=Microsoft-Windows-Time-Service
EventCode=37
EventType=4
Type=Information
ComputerName=win-dc-807.attackrange.local
User=NOT_TRANSLATED
Sid=S-1-5-19
SidType=0
TaskCategory=None
OpCode=Info
RecordNumber=82192
Keywords=None
Message=The time provider NtpClient is currently receiving valid time data from time.windows.com,0x8 (ntp.m|0x8|0.0.0.0:123->51.105.208.173:123).
11/03/2020 03:51:43 PM
LogName=System
SourceName=Microsoft-Windows-Service Control Manager
EventCode=7036
EventType=4
Type=Information
ComputerName=win-dc-807.attackrange.local
TaskCategory=None
OpCode=The operation completed successfully.
RecordNumber=82193
Keywords=Classic
Message=The NetSetupSvc service entered the stopped state.
11/03/2020 03:51:44 PM
LogName=System
SourceName=Microsoft-Windows-Service Control Manager
EventCode=7036
EventType=4
Type=Information
ComputerName=win-dc-807.attackrange.local
TaskCategory=None
OpCode=The operation completed successfully.
RecordNumber=82196
Keywords=Classic
Message=The NetSetupSvc service entered the running state.
11/03/2020 03:51:44 PM
LogName=System
SourceName=Microsoft-Windows-Service Control Manager
EventCode=7036
EventType=4
Type=Information
ComputerName=win-dc-807.attackrange.local
TaskCategory=None
OpCode=The operation completed successfully.
RecordNumber=82195
Keywords=Classic
Message=The NcaSvc service entered the stopped state.
11/03/2020 03:51:44 PM
LogName=System
SourceName=Microsoft-Windows-GroupPolicy
EventCode=1502
EventType=4
Type=Information
ComputerName=win-dc-807.attackrange.local
User=NOT_TRANSLATED
Sid=S-1-5-18
SidType=0
TaskCategory=None
OpCode=Start
RecordNumber=82194
Keywords=None
Message=The Group Policy settings for the computer were processed successfully. New settings from 2 Group Policy objects were detected and applied.
11/03/2020 03:51:45 PM
LogName=System
SourceName=Microsoft-Windows-Time-Service
EventCode=37
EventType=4
Type=Information
ComputerName=win-dc-807.attackrange.local
User=NOT_TRANSLATED
Sid=S-1-5-19
SidType=0
TaskCategory=None
OpCode=Info
RecordNumber=82198
Keywords=None
Message=The time provider NtpClient is currently receiving valid time data from time.windows.com,0x8 (ntp.m|0x8|0.0.0.0:123->51.105.208.173:123).
11/03/2020 03:51:45 PM
LogName=System
SourceName=Microsoft-Windows-Time-Service
EventCode=12
EventType=3
Type=Warning
ComputerName=win-dc-807.attackrange.local
User=NOT_TRANSLATED
Sid=S-1-5-19
SidType=0
TaskCategory=None
OpCode=Info
RecordNumber=82197
Keywords=None
Message=Time Provider NtpClient: This machine is configured to use the domain hierarchy to determine its time source, but it is the AD PDC emulator for the domain at the root of the forest, so there is no machine above it in the domain hierarchy to use as a time source. It is recommended that you either configure a reliable time service in the root domain, or manually configure the AD PDC to synchronize with an external time source. Otherwise, this machine will function as the authoritative time source in the domain hierarchy. If an external time source is not configured or used for this computer, you may choose to disable the NtpClient.
11/03/2020 03:51:56 PM
LogName=System
SourceName=Microsoft-Windows-Time-Service
EventCode=35
EventType=4
Type=Information
ComputerName=win-dc-807.attackrange.local
User=NOT_TRANSLATED
Sid=S-1-5-19
SidType=0
TaskCategory=None
OpCode=Info
RecordNumber=82200
Keywords=None
Message=The time service is now synchronizing the system time with the time source time.windows.com,0x8 (ntp.m|0x8|0.0.0.0:123->51.105.208.173:123).
11/03/2020 03:51:56 PM
LogName=System
SourceName=Microsoft-Windows-Time-Service
EventCode=144
EventType=3
Type=Warning
ComputerName=win-dc-807.attackrange.local
User=NOT_TRANSLATED
Sid=S-1-5-19
SidType=0
TaskCategory=None
OpCode=Info
RecordNumber=82199
Keywords=None
Message=The time service has stopped advertising as a good time source.
11/03/2020 03:52:57 PM
LogName=System
SourceName=Microsoft-Windows-Service Control Manager
EventCode=7036
EventType=4
Type=Information
ComputerName=win-dc-807.attackrange.local
TaskCategory=None
OpCode=The operation completed successfully.
RecordNumber=82202
Keywords=Classic
Message=The SplunkForwarder Service service entered the stopped state.
11/03/2020 03:52:57 PM
LogName=System
SourceName=Microsoft-Windows-Service Control Manager
EventCode=7036
EventType=4
Type=Information
ComputerName=win-dc-807.attackrange.local
TaskCategory=None
OpCode=The operation completed successfully.
RecordNumber=82201
Keywords=Classic
Message=The SplunkForwarder Service service entered the stopped state.
11/03/2020 03:52:58 PM
LogName=System
SourceName=Microsoft-Windows-Service Control Manager
EventCode=7036
EventType=4
Type=Information
ComputerName=win-dc-807.attackrange.local
TaskCategory=None
OpCode=The operation completed successfully.
RecordNumber=82204
Keywords=Classic
Message=The WCESERVICE service entered the running state.
11/03/2020 03:52:58 PM
LogName=System
SourceName=Microsoft-Windows-Service Control Manager
EventCode=7045
EventType=4
Type=Information
ComputerName=win-dc-807.attackrange.local
User=NOT_TRANSLATED
Sid=S-1-5-21-635769498-3620204953-2298246598-500
SidType=0
TaskCategory=None
OpCode=The operation completed successfully.
RecordNumber=82203
Keywords=Classic
Message=A service was installed in the system.

Service Name:  WCESERVICE
Service File Name:  C:\Users\ADMINI~1\AppData\Local\Temp\644c305e-30f4-470b-b616-d924c3206d1d.exe -S
Service Type:  user mode service
Service Start Type:  demand start
Service Account:  LocalSystem
11/03/2020 03:52:59 PM
LogName=System
SourceName=Microsoft-Windows-Service Control Manager
EventCode=7036
EventType=4
Type=Information
ComputerName=win-dc-807.attackrange.local
TaskCategory=None
OpCode=The operation completed successfully.
RecordNumber=82205
Keywords=Classic
Message=The WCESERVICE service entered the stopped state.
11/03/2020 03:53:08 PM
LogName=System
SourceName=Microsoft-Windows-Service Control Manager
EventCode=7036
EventType=4
Type=Information
ComputerName=win-dc-807.attackrange.local
TaskCategory=None
OpCode=The operation completed successfully.
RecordNumber=82206
Keywords=Classic
Message=The SplunkForwarder Service service entered the running state.
11/03/2020 03:53:10 PM
LogName=System
SourceName=Microsoft-Windows-Service Control Manager
EventCode=7045
EventType=4
Type=Information
ComputerName=win-dc-807.attackrange.local
User=NOT_TRANSLATED
Sid=S-1-5-18
SidType=0
TaskCategory=None
OpCode=The operation completed successfully.
RecordNumber=82207
Keywords=Classic
Message=A service was installed in the system.

Service Name:  npf
Service File Name:  C:/Program Files\SplunkUniversalForwarder\etc\apps\Splunk_TA_stream\windows_x86_64\bin\npf.sys
Service Type:  kernel mode driver
Service Start Type:  demand start
Service Account:
11/03/2020 03:53:15 PM
LogName=System
SourceName=Microsoft-Windows-Service Control Manager
EventCode=7036
EventType=4
Type=Information
ComputerName=win-dc-807.attackrange.local
TaskCategory=None
OpCode=The operation completed successfully.
RecordNumber=82208
Keywords=Classic
Message=The Windows Error Reporting Service service entered the stopped state.
11/03/2020 03:53:21 PM
LogName=System
SourceName=Microsoft-Windows-Service Control Manager
EventCode=7036
EventType=4
Type=Information
ComputerName=win-dc-807.attackrange.local
TaskCategory=None
OpCode=The operation completed successfully.
RecordNumber=82211
Keywords=Classic
Message=The Downloaded Maps Manager service entered the running state.
11/03/2020 03:53:21 PM
LogName=System
SourceName=Microsoft-Windows-Service Control Manager
EventCode=7036
EventType=4
Type=Information
ComputerName=win-dc-807.attackrange.local
TaskCategory=None
OpCode=The operation completed successfully.
RecordNumber=82210
Keywords=Classic
Message=The Diagnostic Policy Service service entered the running state.
11/03/2020 03:53:21 PM
LogName=System
SourceName=Microsoft-Windows-Service Control Manager
EventCode=7036
EventType=4
Type=Information
ComputerName=win-dc-807.attackrange.local
TaskCategory=None
OpCode=The operation completed successfully.
RecordNumber=82209
Keywords=Classic
Message=The Connected Devices Platform Service service entered the stopped state.
11/03/2020 03:53:22 PM
LogName=System
SourceName=Microsoft-Windows-Service Control Manager
EventCode=7036
EventType=4
Type=Information
ComputerName=win-dc-807.attackrange.local
TaskCategory=None
OpCode=The operation completed successfully.
RecordNumber=82213
Keywords=Classic
Message=The Software Protection service entered the running state.
11/03/2020 03:53:22 PM
LogName=System
SourceName=Microsoft-Windows-Service Control Manager
EventCode=7036
EventType=4
Type=Information
ComputerName=win-dc-807.attackrange.local
TaskCategory=None
OpCode=The operation completed successfully.
RecordNumber=82212
Keywords=Classic
Message=The Distributed Transaction Coordinator service entered the running state.
11/03/2020 03:53:23 PM
LogName=System
SourceName=Microsoft-Windows-Service Control Manager
EventCode=7036
EventType=4
Type=Information
ComputerName=win-dc-807.attackrange.local
TaskCategory=None
OpCode=The operation completed successfully.
RecordNumber=82214
Keywords=Classic
Message=The User Access Logging Service service entered the running state.
11/03/2020 03:53:31 PM
LogName=System
SourceName=Microsoft-Windows-Service Control Manager
EventCode=7036
EventType=4
Type=Information
ComputerName=win-dc-807.attackrange.local
TaskCategory=None
OpCode=The operation completed successfully.
RecordNumber=82215
Keywords=Classic
Message=The Downloaded Maps Manager service entered the stopped state.
11/03/2020 03:53:44 PM
LogName=System
SourceName=Microsoft-Windows-Service Control Manager
EventCode=7036
EventType=4
Type=Information
ComputerName=win-dc-807.attackrange.local
TaskCategory=None
OpCode=The operation completed successfully.
RecordNumber=82216
Keywords=Classic
Message=The Portable Device Enumerator Service service entered the stopped state.
11/03/2020 03:53:53 PM
LogName=System
SourceName=Microsoft-Windows-Service Control Manager
EventCode=7036
EventType=4
Type=Information
ComputerName=win-dc-807.attackrange.local
TaskCategory=None
OpCode=The operation completed successfully.
RecordNumber=82217
Keywords=Classic
Message=The Software Protection service entered the stopped state.
11/03/2020 03:54:03 PM
LogName=System
SourceName=Microsoft-Windows-Service Control Manager
EventCode=7036
EventType=4
Type=Information
ComputerName=win-dc-807.attackrange.local
TaskCategory=None
OpCode=The operation completed successfully.
RecordNumber=82218
Keywords=Classic
Message=The Network Setup Service service entered the stopped state.
11/03/2020 03:54:05 PM
LogName=System
SourceName=Microsoft-Windows-Service Control Manager
EventCode=7036
EventType=4
Type=Information
ComputerName=win-dc-807.attackrange.local
TaskCategory=None
OpCode=The operation completed successfully.
RecordNumber=82219
Keywords=Classic
Message=The Windows Modules Installer service entered the stopped state.
11/03/2020 03:56:01 PM
LogName=System
SourceName=Microsoft-Windows-Service Control Manager
EventCode=7036
EventType=4
Type=Information
ComputerName=win-dc-807.attackrange.local
TaskCategory=None
OpCode=The operation completed successfully.
RecordNumber=82221
Keywords=Classic
Message=The Windows Insider Service service entered the running state.
11/03/2020 03:56:01 PM
LogName=System
SourceName=Microsoft-Windows-Service Control Manager
EventCode=7036
EventType=4
Type=Information
ComputerName=win-dc-807.attackrange.local
TaskCategory=None
OpCode=The operation completed successfully.
RecordNumber=82220
Keywords=Classic
Message=The Update Orchestrator Service for Windows Update service entered the running state.
11/03/2020 03:57:01 PM
LogName=System
SourceName=Microsoft-Windows-Service Control Manager
EventCode=7036
EventType=4
Type=Information
ComputerName=win-dc-807.attackrange.local
TaskCategory=None
OpCode=The operation completed successfully.
RecordNumber=82222
Keywords=Classic
Message=The Windows Insider Service service entered the stopped state.
11/03/2020 03:57:07 PM
LogName=System
SourceName=Microsoft-Windows-Service Control Manager
EventCode=7036
EventType=4
Type=Information
ComputerName=win-dc-807.attackrange.local
TaskCategory=None
OpCode=The operation completed successfully.
RecordNumber=82223
Keywords=Classic
Message=The Update Orchestrator Service for Windows Update service entered the stopped state.
11/03/2020 03:57:26 PM
LogName=System
SourceName=Microsoft-Windows-Service Control Manager
EventCode=7036
EventType=4
Type=Information
ComputerName=win-dc-807.attackrange.local
TaskCategory=None
OpCode=The operation completed successfully.
RecordNumber=82224
Keywords=Classic
Message=The Device Setup Manager service entered the stopped state.
