11/03/2020 03:41:04 PM
LogName=System
SourceName=Microsoft-Windows-Service Control Manager
EventCode=7036
EventType=4
Type=Information
ComputerName=win-dc-807
TaskCategory=None
OpCode=The operation completed successfully.
RecordNumber=81733
Keywords=Classic
Message=The tiledatamodelsvc service entered the running state.
11/03/2020 03:41:04 PM
LogName=System
SourceName=Microsoft-Windows-Service Control Manager
EventCode=7036
EventType=4
Type=Information
ComputerName=win-dc-807
TaskCategory=None
OpCode=The operation completed successfully.
RecordNumber=81732
Keywords=Classic
Message=The StateRepository service entered the running state.
11/03/2020 03:41:04 PM
LogName=System
SourceName=Microsoft-Windows-Service Control Manager
EventCode=7036
EventType=4
Type=Information
ComputerName=win-dc-807
TaskCategory=None
OpCode=The operation completed successfully.
RecordNumber=81731
Keywords=Classic
Message=The iphlpsvc service entered the running state.
11/03/2020 03:41:04 PM
LogName=System
SourceName=Microsoft-Windows-Service Control Manager
EventCode=7036
EventType=4
Type=Information
ComputerName=win-dc-807
TaskCategory=None
OpCode=The operation completed successfully.
RecordNumber=81730
Keywords=Classic
Message=The WinRM service entered the running state.
11/03/2020 03:41:04 PM
LogName=System
SourceName=Microsoft-Windows-TerminalServices-RemoteConnectionManager
EventCode=1056
EventType=4
Type=Information
ComputerName=win-dc-807
TaskCategory=None
OpCode=The operation completed successfully.
RecordNumber=81729
Keywords=Classic
Message=A new self signed certificate to be used for RD Session Host Server authentication on SSL connections was generated. The name on this certificate is win-dc-807. The SHA1 hash of the certificate is in the event data.
11/03/2020 03:41:04 PM
LogName=System
SourceName=Microsoft-Windows-Service Control Manager
EventCode=7036
EventType=4
Type=Information
ComputerName=win-dc-807
TaskCategory=None
OpCode=The operation completed successfully.
RecordNumber=81728
Keywords=Classic
Message=The WpnService service entered the running state.
11/03/2020 03:41:04 PM
LogName=System
SourceName=Microsoft-Windows-Service Control Manager
EventCode=7036
EventType=4
Type=Information
ComputerName=win-dc-807
TaskCategory=None
OpCode=The operation completed successfully.
RecordNumber=81727
Keywords=Classic
Message=The LanmanServer service entered the running state.
11/03/2020 03:41:04 PM
LogName=System
SourceName=Microsoft-Windows-Service Control Manager
EventCode=7036
EventType=4
Type=Information
ComputerName=win-dc-807
TaskCategory=None
OpCode=The operation completed successfully.
RecordNumber=81726
Keywords=Classic
Message=The CryptSvc service entered the running state.
11/03/2020 03:41:04 PM
LogName=System
SourceName=Microsoft-Windows-Service Control Manager
EventCode=7036
EventType=4
Type=Information
ComputerName=win-dc-807
TaskCategory=None
OpCode=The operation completed successfully.
RecordNumber=81725
Keywords=Classic
Message=The Spooler service entered the running state.
11/03/2020 03:41:04 PM
LogName=System
SourceName=Microsoft-Windows-Service Control Manager
EventCode=7036
EventType=4
Type=Information
ComputerName=win-dc-807
TaskCategory=None
OpCode=The operation completed successfully.
RecordNumber=81724
Keywords=Classic
Message=The MpsSvc service entered the running state.
11/03/2020 03:41:04 PM
LogName=System
SourceName=Microsoft-Windows-Service Control Manager
EventCode=7036
EventType=4
Type=Information
ComputerName=win-dc-807
TaskCategory=None
OpCode=The operation completed successfully.
RecordNumber=81723
Keywords=Classic
Message=The AWSLiteAgent service entered the running state.
11/03/2020 03:41:04 PM
LogName=System
SourceName=Microsoft-Windows-Service Control Manager
EventCode=7036
EventType=4
Type=Information
ComputerName=win-dc-807
TaskCategory=None
OpCode=The operation completed successfully.
RecordNumber=81722
Keywords=Classic
Message=The W32Time service entered the running state.
11/03/2020 03:41:04 PM
LogName=System
SourceName=Microsoft-Windows-Service Control Manager
EventCode=7036
EventType=4
Type=Information
ComputerName=win-dc-807
TaskCategory=None
OpCode=The operation completed successfully.
RecordNumber=81721
Keywords=Classic
Message=The Winmgmt service entered the running state.
11/03/2020 03:41:04 PM
LogName=System
SourceName=Microsoft-Windows-Service Control Manager
EventCode=7036
EventType=4
Type=Information
ComputerName=win-dc-807
TaskCategory=None
OpCode=The operation completed successfully.
RecordNumber=81720
Keywords=Classic
Message=The RemoteRegistry service entered the running state.
11/03/2020 03:41:04 PM
LogName=System
SourceName=Microsoft-Windows-Service Control Manager
EventCode=7036
EventType=4
Type=Information
ComputerName=win-dc-807
TaskCategory=None
OpCode=The operation completed successfully.
RecordNumber=81719
Keywords=Classic
Message=The TrkWks service entered the running state.
11/03/2020 03:41:04 PM
LogName=System
SourceName=Microsoft-Windows-Service Control Manager
EventCode=7036
EventType=4
Type=Information
ComputerName=win-dc-807
TaskCategory=None
OpCode=The operation completed successfully.
RecordNumber=81718
Keywords=Classic
Message=The PcaSvc service entered the running state.
11/03/2020 03:41:04 PM
LogName=System
SourceName=Microsoft-Windows-Service Control Manager
EventCode=7036
EventType=4
Type=Information
ComputerName=win-dc-807
TaskCategory=None
OpCode=The operation completed successfully.
RecordNumber=81717
Keywords=Classic
Message=The UserManager service entered the running state.
11/03/2020 03:41:04 PM
LogName=System
SourceName=Microsoft-Windows-Service Control Manager
EventCode=7036
EventType=4
Type=Information
ComputerName=win-dc-807
TaskCategory=None
OpCode=The operation completed successfully.
RecordNumber=81716
Keywords=Classic
Message=The SamSs service entered the running state.
11/03/2020 03:41:04 PM
LogName=System
SourceName=Microsoft-Windows-Service Control Manager
EventCode=7036
EventType=4
Type=Information
ComputerName=win-dc-807
TaskCategory=None
OpCode=The operation completed successfully.
RecordNumber=81715
Keywords=Classic
Message=The TimeBrokerSvc service entered the running state.
11/03/2020 03:41:04 PM
LogName=System
SourceName=Microsoft-Windows-Service Control Manager
EventCode=7036
EventType=4
Type=Information
ComputerName=win-dc-807
TaskCategory=None
OpCode=The operation completed successfully.
RecordNumber=81714
Keywords=Classic
Message=The BFE service entered the running state.
11/03/2020 03:41:04 PM
LogName=System
SourceName=Microsoft-Windows-Service Control Manager
EventCode=7036
EventType=4
Type=Information
ComputerName=win-dc-807
TaskCategory=None
OpCode=The operation completed successfully.
RecordNumber=81713
Keywords=Classic
Message=The SessionEnv service entered the running state.
11/03/2020 03:41:04 PM
LogName=System
SourceName=Microsoft-Windows-Service Control Manager
EventCode=7036
EventType=4
Type=Information
ComputerName=win-dc-807
TaskCategory=None
OpCode=The operation completed successfully.
RecordNumber=81712
Keywords=Classic
Message=The Schedule service entered the running state.
11/03/2020 03:41:04 PM
LogName=System
SourceName=Microsoft-Windows-Service Control Manager
EventCode=7036
EventType=4
Type=Information
ComputerName=win-dc-807
TaskCategory=None
OpCode=The operation completed successfully.
RecordNumber=81711
Keywords=Classic
Message=The WinHttpAutoProxySvc service entered the running state.
11/03/2020 03:41:04 PM
LogName=System
SourceName=Microsoft-Windows-Service Control Manager
EventCode=7036
EventType=4
Type=Information
ComputerName=win-dc-807
TaskCategory=None
OpCode=The operation completed successfully.
RecordNumber=81710
Keywords=Classic
Message=The NcbService service entered the running state.
11/03/2020 03:41:04 PM
LogName=System
SourceName=Microsoft-Windows-Service Control Manager
EventCode=7036
EventType=4
Type=Information
ComputerName=win-dc-807
TaskCategory=None
OpCode=The operation completed successfully.
RecordNumber=81709
Keywords=Classic
Message=The DsmSvc service entered the running state.
11/03/2020 03:41:04 PM
LogName=System
SourceName=Microsoft-Windows-Service Control Manager
EventCode=7036
EventType=4
Type=Information
ComputerName=win-dc-807
TaskCategory=None
OpCode=The operation completed successfully.
RecordNumber=81708
Keywords=Classic
Message=The netprofm service entered the running state.
11/03/2020 03:41:04 PM
LogName=System
SourceName=Microsoft-Windows-Service Control Manager
EventCode=7036
EventType=4
Type=Information
ComputerName=win-dc-807
TaskCategory=None
OpCode=The operation completed successfully.
RecordNumber=81707
Keywords=Classic
Message=The LanmanWorkstation service entered the running state.
11/03/2020 03:41:04 PM
LogName=System
SourceName=Microsoft-Windows-Windows Remote Management
EventCode=10148
EventType=4
Type=Information
ComputerName=win-dc-807
TaskCategory=None
OpCode=Info
RecordNumber=81687
Keywords=Classic
Message=The WinRM service is listening for WS-Management requests. 

 User Action 
 Use the following command to see the specific IPs on which WinRM is listening: 

 winrm enumerate winrm/config/listener
11/03/2020 03:41:08 PM
LogName=System
SourceName=Microsoft-Windows-Service Control Manager
EventCode=7036
EventType=4
Type=Information
ComputerName=win-dc-807
TaskCategory=None
OpCode=The operation completed successfully.
RecordNumber=81740
Keywords=Classic
Message=The wuauserv service entered the running state.
11/03/2020 03:41:11 PM
LogName=System
SourceName=Microsoft-Windows-Service Control Manager
EventCode=7036
EventType=4
Type=Information
ComputerName=win-dc-807
TaskCategory=None
OpCode=The operation completed successfully.
RecordNumber=81742
Keywords=Classic
Message=The NetSetupSvc service entered the stopped state.
11/03/2020 03:41:11 PM
LogName=System
SourceName=Microsoft-Windows-DistributedCOM
EventCode=10016
EventType=2
Type=Error
ComputerName=win-dc-807
User=NOT_TRANSLATED
Sid=S-1-5-21-635769498-3620204953-2298246598-500
SidType=0
TaskCategory=None
OpCode=Info
RecordNumber=81741
Keywords=Classic
Message=The application-specific permission settings do not grant Local Activation permission for the COM Server application with CLSID 
{D63B10C5-BB46-4990-A94F-E40B9D520160}
 and APPID 
{9CA88EE3-ACB7-47C8-AFC4-AB702511C276}
 to the user WIN-DC-807\Administrator SID (S-1-5-21-635769498-3620204953-2298246598-500) from address LocalHost (Using LRPC) running in the application container Unavailable SID (Unavailable). This security permission can be modified using the Component Services administrative tool.
11/03/2020 03:41:32 PM
LogName=System
SourceName=Microsoft-Windows-Service Control Manager
EventCode=7036
EventType=4
Type=Information
ComputerName=win-dc-807
TaskCategory=None
OpCode=The operation completed successfully.
RecordNumber=81744
Keywords=Classic
Message=The NetSetupSvc service entered the running state.
11/03/2020 03:41:32 PM
LogName=System
SourceName=Microsoft-Windows-Service Control Manager
EventCode=7040
EventType=4
Type=Information
ComputerName=win-dc-807
User=NOT_TRANSLATED
Sid=S-1-5-18
SidType=0
TaskCategory=None
OpCode=The operation completed successfully.
RecordNumber=81743
Keywords=Classic
Message=The start type of the Windows Modules Installer service was changed from auto start to demand start.
11/03/2020 03:41:39 PM
LogName=System
SourceName=Microsoft-Windows-Service Control Manager
EventCode=7040
EventType=4
Type=Information
ComputerName=win-dc-807
User=NOT_TRANSLATED
Sid=S-1-5-18
SidType=0
TaskCategory=None
OpCode=The operation completed successfully.
RecordNumber=81745
Keywords=Classic
Message=The start type of the Windows Modules Installer service was changed from demand start to auto start.
11/03/2020 03:41:45 PM
LogName=System
SourceName=Microsoft-Windows-Service Control Manager
EventCode=7045
EventType=4
Type=Information
ComputerName=win-dc-807
User=NOT_TRANSLATED
Sid=S-1-5-18
SidType=0
TaskCategory=None
OpCode=The operation completed successfully.
RecordNumber=81746
Keywords=Classic
Message=A service was installed in the system.

Service Name:  DNS Server
Service File Name:  %systemroot%\system32\dns.exe
Service Type:  user mode service
Service Start Type:  auto start
Service Account:  LocalSystem
11/03/2020 03:41:47 PM
LogName=System
SourceName=Microsoft-Windows-Service Control Manager
EventCode=7036
EventType=4
Type=Information
ComputerName=win-dc-807
TaskCategory=None
OpCode=The operation completed successfully.
RecordNumber=81747
Keywords=Classic
Message=The DNS Server service entered the running state.
11/03/2020 03:41:48 PM
LogName=System
SourceName=Microsoft-Windows-Service Control Manager
EventCode=7036
EventType=4
Type=Information
ComputerName=win-dc-807
TaskCategory=None
OpCode=The operation completed successfully.
RecordNumber=81750
Keywords=Classic
Message=The Microsoft Software Shadow Copy Provider service entered the running state.
11/03/2020 03:41:48 PM
LogName=System
SourceName=Microsoft-Windows-Service Control Manager
EventCode=7036
EventType=4
Type=Information
ComputerName=win-dc-807
TaskCategory=None
OpCode=The operation completed successfully.
RecordNumber=81749
Keywords=Classic
Message=The Volume Shadow Copy service entered the running state.
11/03/2020 03:41:48 PM
LogName=System
SourceName=Microsoft-Windows-Service Control Manager
EventCode=7040
EventType=4
Type=Information
ComputerName=win-dc-807
User=NOT_TRANSLATED
Sid=S-1-5-18
SidType=0
TaskCategory=None
OpCode=The operation completed successfully.
RecordNumber=81748
Keywords=Classic
Message=The start type of the Windows Modules Installer service was changed from auto start to demand start.
11/03/2020 03:41:51 PM
LogName=System
SourceName=Microsoft-Windows-Service Control Manager
EventCode=7036
EventType=4
Type=Information
ComputerName=win-dc-807
TaskCategory=None
OpCode=The operation completed successfully.
RecordNumber=81751
Keywords=Classic
Message=The Update Orchestrator Service for Windows Update service entered the running state.
11/03/2020 03:41:52 PM
LogName=System
SourceName=Microsoft-Windows-Service Control Manager
EventCode=7036
EventType=4
Type=Information
ComputerName=win-dc-807
TaskCategory=None
OpCode=The operation completed successfully.
RecordNumber=81753
Keywords=Classic
Message=The Microsoft Account Sign-in Assistant service entered the running state.
11/03/2020 03:41:52 PM
LogName=System
SourceName=Microsoft-Windows-Service Control Manager
EventCode=7036
EventType=4
Type=Information
ComputerName=win-dc-807
TaskCategory=None
OpCode=The operation completed successfully.
RecordNumber=81752
Keywords=Classic
Message=The Windows Insider Service service entered the running state.
11/03/2020 03:42:06 PM
LogName=System
SourceName=Microsoft-Windows-Service Control Manager
EventCode=7040
EventType=4
Type=Information
ComputerName=win-dc-807
User=NOT_TRANSLATED
Sid=S-1-5-18
SidType=0
TaskCategory=None
OpCode=The operation completed successfully.
RecordNumber=81754
Keywords=Classic
Message=The start type of the Windows Modules Installer service was changed from demand start to auto start.
11/03/2020 03:42:16 PM
LogName=System
SourceName=Microsoft-Windows-Service Control Manager
EventCode=7040
EventType=4
Type=Information
ComputerName=win-dc-807
User=NOT_TRANSLATED
Sid=S-1-5-18
SidType=0
TaskCategory=None
OpCode=The operation completed successfully.
RecordNumber=81755
Keywords=Classic
Message=The start type of the Windows Modules Installer service was changed from auto start to demand start.
11/03/2020 03:42:24 PM
LogName=System
SourceName=Microsoft-Windows-Service Control Manager
EventCode=7040
EventType=4
Type=Information
ComputerName=win-dc-807
User=NOT_TRANSLATED
Sid=S-1-5-18
SidType=0
TaskCategory=None
OpCode=The operation completed successfully.
RecordNumber=81756
Keywords=Classic
Message=The start type of the Windows Modules Installer service was changed from demand start to auto start.
11/03/2020 03:42:37 PM
LogName=System
SourceName=Microsoft-Windows-Service Control Manager
EventCode=7045
EventType=4
Type=Information
ComputerName=win-dc-807
User=NOT_TRANSLATED
Sid=S-1-5-18
SidType=0
TaskCategory=None
OpCode=The operation completed successfully.
RecordNumber=81769
Keywords=Classic
Message=A service was installed in the system.

Service Name:  Microsoft Key Distribution Service
Service File Name:  %SystemRoot%\system32\lsass.exe
Service Type:  user mode service
Service Start Type:  demand start
Service Account:  LocalSystem
11/03/2020 03:42:37 PM
LogName=System
SourceName=Microsoft-Windows-Service Control Manager
EventCode=7045
EventType=4
Type=Information
ComputerName=win-dc-807
User=NOT_TRANSLATED
Sid=S-1-5-18
SidType=0
TaskCategory=None
OpCode=The operation completed successfully.
RecordNumber=81768
Keywords=Classic
Message=A service was installed in the system.

Service Name:  Active Directory Web Services
Service File Name:  %systemroot%\ADWS\Microsoft.ActiveDirectory.WebServices.exe
Service Type:  user mode service
Service Start Type:  disabled
Service Account:  LocalSystem
11/03/2020 03:42:37 PM
LogName=System
SourceName=Microsoft-Windows-Service Control Manager
EventCode=7045
EventType=4
Type=Information
ComputerName=win-dc-807
User=NOT_TRANSLATED
Sid=S-1-5-18
SidType=0
TaskCategory=None
OpCode=The operation completed successfully.
RecordNumber=81767
Keywords=Classic
Message=A service was installed in the system.

Service Name:  DFS Namespace Server Filter Driver
Service File Name:  system32\drivers\dfs.sys
Service Type:  kernel mode driver
Service Start Type:  system start
Service Account:
11/03/2020 03:42:37 PM
LogName=System
SourceName=Microsoft-Windows-Service Control Manager
EventCode=7045
EventType=4
Type=Information
ComputerName=win-dc-807
User=NOT_TRANSLATED
Sid=S-1-5-18
SidType=0
TaskCategory=None
OpCode=The operation completed successfully.
RecordNumber=81766
Keywords=Classic
Message=A service was installed in the system.

Service Name:  File Replication
Service File Name:  %SystemRoot%\system32\ntfrs.exe
Service Type:  user mode service
Service Start Type:  demand start
Service Account:  LocalSystem
11/03/2020 03:42:37 PM
LogName=System
SourceName=Microsoft-Windows-Service Control Manager
EventCode=7045
EventType=4
Type=Information
ComputerName=win-dc-807
User=NOT_TRANSLATED
Sid=S-1-5-18
SidType=0
TaskCategory=None
OpCode=The operation completed successfully.
RecordNumber=81765
Keywords=Classic
Message=A service was installed in the system.

Service Name:  DS Role Server
Service File Name:  %SystemRoot%\System32\lsass.exe
Service Type:  user mode service
Service Start Type:  demand start
Service Account:  LocalSystem
11/03/2020 03:42:37 PM
LogName=System
SourceName=Microsoft-Windows-Service Control Manager
EventCode=7045
EventType=4
Type=Information
ComputerName=win-dc-807
User=NOT_TRANSLATED
Sid=S-1-5-18
SidType=0
TaskCategory=None
OpCode=The operation completed successfully.
RecordNumber=81764
Keywords=Classic
Message=A service was installed in the system.

Service Name:  DFS Replication ReadOnly Driver
Service File Name:  system32\drivers\dfsrro.sys
Service Type:  kernel mode driver
Service Start Type:  boot start
Service Account:
11/03/2020 03:42:37 PM
LogName=System
SourceName=Microsoft-Windows-Service Control Manager
EventCode=7045
EventType=4
Type=Information
ComputerName=win-dc-807
User=NOT_TRANSLATED
Sid=S-1-5-18
SidType=0
TaskCategory=None
OpCode=The operation completed successfully.
RecordNumber=81763
Keywords=Classic
Message=A service was installed in the system.

Service Name:  DFS Namespace
Service File Name:  %SystemRoot%\system32\dfssvc.exe
Service Type:  user mode service
Service Start Type:  auto start
Service Account:  LocalSystem
11/03/2020 03:42:37 PM
LogName=System
SourceName=Microsoft-Windows-Service Control Manager
EventCode=7045
EventType=4
Type=Information
ComputerName=win-dc-807
User=NOT_TRANSLATED
Sid=S-1-5-18
SidType=0
TaskCategory=None
OpCode=The operation completed successfully.
RecordNumber=81762
Keywords=Classic
Message=A service was installed in the system.

Service Name:  DFS Replication
Service File Name:  %SystemRoot%\system32\DFSRs.exe
Service Type:  user mode service
Service Start Type:  auto start
Service Account:  LocalSystem
11/03/2020 03:42:37 PM
LogName=System
SourceName=Microsoft-Windows-Service Control Manager
EventCode=7045
EventType=4
Type=Information
ComputerName=win-dc-807
User=NOT_TRANSLATED
Sid=S-1-5-18
SidType=0
TaskCategory=None
OpCode=The operation completed successfully.
RecordNumber=81761
Keywords=Classic
Message=A service was installed in the system.

Service Name:  Active Directory Domain Services
Service File Name:  %SystemRoot%\System32\lsass.exe
Service Type:  user mode service
Service Start Type:  disabled
Service Account:  LocalSystem
11/03/2020 03:42:37 PM
LogName=System
SourceName=Microsoft-Windows-Service Control Manager
EventCode=7045
EventType=4
Type=Information
ComputerName=win-dc-807
User=NOT_TRANSLATED
Sid=S-1-5-18
SidType=0
TaskCategory=None
OpCode=The operation completed successfully.
RecordNumber=81760
Keywords=Classic
Message=A service was installed in the system.

Service Name:  Kerberos Key Distribution Center
Service File Name:  %SystemRoot%\System32\lsass.exe
Service Type:  user mode service
Service Start Type:  disabled
Service Account:  LocalSystem
11/03/2020 03:42:37 PM
LogName=System
SourceName=Microsoft-Windows-Service Control Manager
EventCode=7045
EventType=4
Type=Information
ComputerName=win-dc-807
User=NOT_TRANSLATED
Sid=S-1-5-18
SidType=0
TaskCategory=None
OpCode=The operation completed successfully.
RecordNumber=81759
Keywords=Classic
Message=A service was installed in the system.

Service Name:  Intersite Messaging
Service File Name:  %SystemRoot%\System32\ismserv.exe
Service Type:  user mode service
Service Start Type:  disabled
Service Account:  LocalSystem
11/03/2020 03:42:38 PM
LogName=System
SourceName=Microsoft-Windows-Service Control Manager
EventCode=7040
EventType=4
Type=Information
ComputerName=win-dc-807
User=NOT_TRANSLATED
Sid=S-1-5-18
SidType=0
TaskCategory=None
OpCode=The operation completed successfully.
RecordNumber=81776
Keywords=Classic
Message=The start type of the Windows Modules Installer service was changed from auto start to demand start.
11/03/2020 03:42:38 PM
LogName=System
SourceName=Microsoft-Windows-Service Control Manager
EventCode=7036
EventType=4
Type=Information
ComputerName=win-dc-807
TaskCategory=None
OpCode=The operation completed successfully.
RecordNumber=81775
Keywords=Classic
Message=The Virtual Disk service entered the running state.
11/03/2020 03:42:38 PM
LogName=System
SourceName=Virtual Disk Service
EventCode=3
EventType=4
Type=Information
ComputerName=win-dc-807
TaskCategory=None
OpCode=None
RecordNumber=81774
Keywords=Classic
Message=Service started.
11/03/2020 03:42:38 PM
LogName=System
SourceName=Microsoft-Windows-FilterManager
EventCode=6
EventType=4
Type=Information
ComputerName=win-dc-807
User=NOT_TRANSLATED
Sid=S-1-5-18
SidType=0
TaskCategory=None
OpCode=Info
RecordNumber=81773
Keywords=None
Message=File System Filter 'DfsrRo' (10.0, ‎2016‎-‎07‎-‎16T02:20:37.000000000Z) has successfully loaded and registered with Filter Manager.
11/03/2020 03:42:38 PM
LogName=System
SourceName=Microsoft-Windows-Service Control Manager
EventCode=7036
EventType=4
Type=Information
ComputerName=win-dc-807
TaskCategory=None
OpCode=The operation completed successfully.
RecordNumber=81772
Keywords=Classic
Message=The DFS Namespace service entered the running state.
11/03/2020 03:42:38 PM
LogName=System
SourceName=Microsoft-Windows-FilterManager
EventCode=6
EventType=4
Type=Information
ComputerName=win-dc-807
User=NOT_TRANSLATED
Sid=S-1-5-18
SidType=0
TaskCategory=None
OpCode=Info
RecordNumber=81771
Keywords=None
Message=File System Filter 'DfsDriver' (10.0, ‎2016‎-‎07‎-‎16T02:21:37.000000000Z) has successfully loaded and registered with Filter Manager.
11/03/2020 03:42:38 PM
LogName=System
SourceName=Microsoft-Windows-Service Control Manager
EventCode=7036
EventType=4
Type=Information
ComputerName=win-dc-807
TaskCategory=None
OpCode=The operation completed successfully.
RecordNumber=81770
Keywords=Classic
Message=The DFS Replication service entered the running state.
11/03/2020 03:42:38 PM
LogName=System
SourceName=Microsoft-Windows-DfsSvc
EventCode=14531
EventType=4
Type=Information
ComputerName=win-dc-807
TaskCategory=None
OpCode=The operation completed successfully.
RecordNumber=81758
Keywords=Classic
Message=DFS server has finished initializing.
11/03/2020 03:42:38 PM
LogName=System
SourceName=Microsoft-Windows-DfsSvc
EventCode=14533
EventType=4
Type=Information
ComputerName=win-dc-807
TaskCategory=None
OpCode=The operation completed successfully.
RecordNumber=81757
Keywords=Classic
Message=DFS has finished building all namespaces.
11/03/2020 03:42:48 PM
LogName=System
SourceName=Microsoft-Windows-Service Control Manager
EventCode=7036
EventType=4
Type=Information
ComputerName=win-dc-807
TaskCategory=None
OpCode=The operation completed successfully.
RecordNumber=81777
Keywords=Classic
Message=The DS Role Server service entered the running state.
11/03/2020 03:43:03 PM
LogName=System
SourceName=Microsoft-Windows-Service Control Manager
EventCode=7036
EventType=4
Type=Information
ComputerName=win-dc-807
TaskCategory=None
OpCode=The operation completed successfully.
RecordNumber=81778
Keywords=Classic
Message=The Portable Device Enumerator Service service entered the stopped state.
11/03/2020 03:43:04 PM
LogName=System
SourceName=Microsoft-Windows-Service Control Manager
EventCode=7036
EventType=4
Type=Information
ComputerName=win-dc-807
TaskCategory=None
OpCode=The operation completed successfully.
RecordNumber=81781
Keywords=Classic
Message=The Downloaded Maps Manager service entered the running state.
11/03/2020 03:43:04 PM
LogName=System
SourceName=Microsoft-Windows-Service Control Manager
EventCode=7036
EventType=4
Type=Information
ComputerName=win-dc-807
TaskCategory=None
OpCode=The operation completed successfully.
RecordNumber=81780
Keywords=Classic
Message=The Diagnostic Policy Service service entered the running state.
11/03/2020 03:43:04 PM
LogName=System
SourceName=Microsoft-Windows-Service Control Manager
EventCode=7036
EventType=4
Type=Information
ComputerName=win-dc-807
TaskCategory=None
OpCode=The operation completed successfully.
RecordNumber=81779
Keywords=Classic
Message=The Connected Devices Platform Service service entered the stopped state.
11/03/2020 03:43:05 PM
LogName=System
SourceName=Microsoft-Windows-Service Control Manager
EventCode=7036
EventType=4
Type=Information
ComputerName=win-dc-807
TaskCategory=None
OpCode=The operation completed successfully.
RecordNumber=81783
Keywords=Classic
Message=The Software Protection service entered the running state.
11/03/2020 03:43:05 PM
LogName=System
SourceName=Microsoft-Windows-Service Control Manager
EventCode=7036
EventType=4
Type=Information
ComputerName=win-dc-807
TaskCategory=None
OpCode=The operation completed successfully.
RecordNumber=81782
Keywords=Classic
Message=The Distributed Transaction Coordinator service entered the running state.
11/03/2020 03:43:06 PM
LogName=System
SourceName=Microsoft-Windows-Service Control Manager
EventCode=7036
EventType=4
Type=Information
ComputerName=win-dc-807
TaskCategory=None
OpCode=The operation completed successfully.
RecordNumber=81784
Keywords=Classic
Message=The User Access Logging Service service entered the running state.
11/03/2020 03:43:12 PM
LogName=System
SourceName=Microsoft-Windows-Service Control Manager
EventCode=7036
EventType=4
Type=Information
ComputerName=win-dc-807
TaskCategory=None
OpCode=The operation completed successfully.
RecordNumber=81785
Keywords=Classic
Message=The Network Connectivity Assistant service entered the stopped state.
11/03/2020 03:43:14 PM
LogName=System
SourceName=Microsoft-Windows-Service Control Manager
EventCode=7036
EventType=4
Type=Information
ComputerName=win-dc-807
TaskCategory=None
OpCode=The operation completed successfully.
RecordNumber=81786
Keywords=Classic
Message=The Downloaded Maps Manager service entered the stopped state.
11/03/2020 03:43:21 PM
LogName=System
SourceName=Microsoft-Windows-Service Control Manager
EventCode=7036
EventType=4
Type=Information
ComputerName=win-dc-807
TaskCategory=None
OpCode=The operation completed successfully.
RecordNumber=81793
Keywords=Classic
Message=The Network Connectivity Assistant service entered the stopped state.
11/03/2020 03:43:21 PM
LogName=System
SourceName=Microsoft-Windows-Service Control Manager
EventCode=7040
EventType=4
Type=Information
ComputerName=win-dc-807
User=NOT_TRANSLATED
Sid=S-1-5-18
SidType=0
TaskCategory=None
OpCode=The operation completed successfully.
RecordNumber=81792
Keywords=Classic
Message=The start type of the Distributed Link Tracking Client service was changed from auto start to demand start.
11/03/2020 03:43:21 PM
LogName=System
SourceName=Microsoft-Windows-Service Control Manager
EventCode=7040
EventType=4
Type=Information
ComputerName=win-dc-807
User=NOT_TRANSLATED
Sid=S-1-5-18
SidType=0
TaskCategory=None
OpCode=The operation completed successfully.
RecordNumber=81791
Keywords=Classic
Message=The start type of the Kerberos Key Distribution Center service was changed from disabled to auto start.
11/03/2020 03:43:21 PM
LogName=System
SourceName=Microsoft-Windows-Service Control Manager
EventCode=7040
EventType=4
Type=Information
ComputerName=win-dc-807
User=NOT_TRANSLATED
Sid=S-1-5-18
SidType=0
TaskCategory=None
OpCode=The operation completed successfully.
RecordNumber=81790
Keywords=Classic
Message=The start type of the Intersite Messaging service was changed from disabled to auto start.
11/03/2020 03:43:21 PM
LogName=System
SourceName=Microsoft-Windows-Service Control Manager
EventCode=7040
EventType=4
Type=Information
ComputerName=win-dc-807
User=NOT_TRANSLATED
Sid=S-1-5-18
SidType=0
TaskCategory=None
OpCode=The operation completed successfully.
RecordNumber=81789
Keywords=Classic
Message=The start type of the Active Directory Domain Services service was changed from disabled to auto start.
11/03/2020 03:43:21 PM
LogName=System
SourceName=Microsoft-Windows-Service Control Manager
EventCode=7040
EventType=4
Type=Information
ComputerName=win-dc-807
User=NOT_TRANSLATED
Sid=S-1-5-18
SidType=0
TaskCategory=None
OpCode=The operation completed successfully.
RecordNumber=81788
Keywords=Classic
Message=The start type of the Netlogon service was changed from demand start to auto start.
11/03/2020 03:43:22 PM
LogName=System
SourceName=Microsoft-Windows-Service Control Manager
EventCode=7036
EventType=4
Type=Information
ComputerName=win-dc-807
TaskCategory=None
OpCode=The operation completed successfully.
RecordNumber=81794
Keywords=Classic
Message=The Virtual Disk service entered the stopped state.
11/03/2020 03:43:22 PM
LogName=System
SourceName=Virtual Disk Service
EventCode=4
EventType=4
Type=Information
ComputerName=win-dc-807
TaskCategory=None
OpCode=None
RecordNumber=81787
Keywords=Classic
Message=Service stopped.
11/03/2020 03:43:23 PM
LogName=System
SourceName=Microsoft-Windows-Service Control Manager
EventCode=7040
EventType=4
Type=Information
ComputerName=win-dc-807
User=NOT_TRANSLATED
Sid=S-1-5-18
SidType=0
TaskCategory=None
OpCode=The operation completed successfully.
RecordNumber=81796
Keywords=Classic
Message=The start type of the File Replication service was changed from demand start to disabled.
11/03/2020 03:43:23 PM
LogName=System
SourceName=Microsoft-Windows-Service Control Manager
EventCode=7036
EventType=4
Type=Information
ComputerName=win-dc-807
TaskCategory=None
OpCode=The operation completed successfully.
RecordNumber=81795
Keywords=Classic
Message=The DFS Replication service entered the stopped state.
11/03/2020 03:43:26 PM
LogName=System
SourceName=Microsoft-Windows-Service Control Manager
EventCode=7040
EventType=4
Type=Information
ComputerName=win-dc-807
User=NOT_TRANSLATED
Sid=S-1-5-18
SidType=0
TaskCategory=None
OpCode=The operation completed successfully.
RecordNumber=81798
Keywords=Classic
Message=The start type of the SSDP Discovery service was changed from demand start to disabled.
11/03/2020 03:43:26 PM
LogName=System
SourceName=Microsoft-Windows-Service Control Manager
EventCode=7040
EventType=4
Type=Information
ComputerName=win-dc-807
User=NOT_TRANSLATED
Sid=S-1-5-18
SidType=0
TaskCategory=None
OpCode=The operation completed successfully.
RecordNumber=81797
Keywords=Classic
Message=The start type of the UPnP Device Host service was changed from demand start to disabled.
11/03/2020 03:43:28 PM
LogName=System
SourceName=Microsoft-Windows-Service Control Manager
EventCode=7036
EventType=4
Type=Information
ComputerName=win-dc-807
TaskCategory=None
OpCode=The operation completed successfully.
RecordNumber=81803
Keywords=Classic
Message=The Netlogon service entered the running state.
11/03/2020 03:43:28 PM
LogName=System
SourceName=Microsoft-Windows-Service Control Manager
EventCode=7040
EventType=4
Type=Information
ComputerName=win-dc-807
User=NOT_TRANSLATED
Sid=S-1-5-21-635769498-3620204953-2298246598-500
SidType=0
TaskCategory=None
OpCode=The operation completed successfully.
RecordNumber=81802
Keywords=Classic
Message=The start type of the Encrypting File System (EFS) service was changed from demand start to auto start.
11/03/2020 03:43:28 PM
LogName=System
SourceName=Microsoft-Windows-Service Control Manager
EventCode=7040
EventType=4
Type=Information
ComputerName=win-dc-807
User=NOT_TRANSLATED
Sid=S-1-5-21-635769498-3620204953-2298246598-500
SidType=0
TaskCategory=None
OpCode=The operation completed successfully.
RecordNumber=81801
Keywords=Classic
Message=The start type of the Active Directory Web Services service was changed from disabled to auto start.
11/03/2020 03:43:28 PM
LogName=System
SourceName=NETLOGON
EventCode=5719
EventType=2
Type=Error
ComputerName=win-dc-807
TaskCategory=None
OpCode=Info
RecordNumber=81800
Keywords=Classic
Message=This computer was not able to set up a secure session with a domain controller in domain ATTACKRANGE due to the following: 
There are currently no logon servers available to service the logon request. 
This may lead to authentication problems. Make sure that this computer is connected to the network. If the problem persists, please contact your domain administrator.  

ADDITIONAL INFO 
If this computer is a domain controller for the specified domain, it sets up the secure session to the primary domain controller emulator in the specified domain. Otherwise, this computer sets up the secure session to any domain controller in the specified domain.
11/03/2020 03:43:28 PM
LogName=System
SourceName=NETLOGON
EventCode=5516
EventType=2
Type=Error
ComputerName=win-dc-807
TaskCategory=None
OpCode=Info
RecordNumber=81799
Keywords=Classic
Message=The computer or domain WIN-DC-807 trusts domain ATTACKRANGE.  (This may be an indirect trust.)  However, WIN-DC-807 and ATTACKRANGE have the same machine security identifier (SID).  NT should be re-installed on either WIN-DC-807 or ATTACKRANGE.
11/03/2020 03:43:31 PM
LogName=System
SourceName=User32
EventCode=1074
EventType=4
Type=Information
ComputerName=win-dc-807
User=NOT_TRANSLATED
Sid=S-1-5-21-635769498-3620204953-2298246598-500
SidType=0
TaskCategory=None
OpCode=The operation completed successfully.
RecordNumber=81804
Keywords=Classic
Message=The process C:\Windows\system32\shutdown.exe (WIN-DC-807) has initiated the restart of computer WIN-DC-807 on behalf of user WIN-DC-807\Administrator for the following reason: No title for this reason could be found
 Reason Code: 0x800000ff
 Shutdown Type: restart
 Comment: Reboot initiated by Ansible
11/03/2020 03:43:34 PM
LogName=System
SourceName=Microsoft-Windows-Service Control Manager
EventCode=7036
EventType=4
Type=Information
ComputerName=win-dc-807.attackrange.local
TaskCategory=None
OpCode=The operation completed successfully.
RecordNumber=81837
Keywords=Classic
Message=The DNS Server service entered the stopped state.
11/03/2020 03:43:34 PM
LogName=System
SourceName=Microsoft-Windows-Service Control Manager
EventCode=7036
EventType=4
Type=Information
ComputerName=win-dc-807.attackrange.local
TaskCategory=None
OpCode=The operation completed successfully.
RecordNumber=81836
Keywords=Classic
Message=The Windows Event Log service entered the stopped state.
11/03/2020 03:43:34 PM
LogName=System
SourceName=Microsoft-Windows-Service Control Manager
EventCode=7036
EventType=4
Type=Information
ComputerName=win-dc-807
TaskCategory=None
OpCode=The operation completed successfully.
RecordNumber=81835
Keywords=Classic
Message=The Remote Desktop Services service entered the stopped state.
11/03/2020 03:43:34 PM
LogName=System
SourceName=Microsoft-Windows-Service Control Manager
EventCode=7036
EventType=4
Type=Information
ComputerName=win-dc-807
TaskCategory=None
OpCode=The operation completed successfully.
RecordNumber=81834
Keywords=Classic
Message=The Windows Remote Management (WS-Management) service entered the stopped state.
11/03/2020 03:43:34 PM
LogName=System
SourceName=Microsoft-Windows-Service Control Manager
EventCode=7036
EventType=4
Type=Information
ComputerName=win-dc-807
TaskCategory=None
OpCode=The operation completed successfully.
RecordNumber=81833
Keywords=Classic
Message=The Cryptographic Services service entered the stopped state.
11/03/2020 03:43:34 PM
LogName=System
SourceName=Microsoft-Windows-Service Control Manager
EventCode=7036
EventType=4
Type=Information
ComputerName=win-dc-807
TaskCategory=None
OpCode=The operation completed successfully.
RecordNumber=81832
Keywords=Classic
Message=The Volume Shadow Copy service entered the stopped state.
11/03/2020 03:43:34 PM
LogName=System
SourceName=Microsoft-Windows-Service Control Manager
EventCode=7036
EventType=4
Type=Information
ComputerName=win-dc-807
TaskCategory=None
OpCode=The operation completed successfully.
RecordNumber=81831
Keywords=Classic
Message=The State Repository Service service entered the stopped state.
11/03/2020 03:43:34 PM
LogName=System
SourceName=Microsoft-Windows-Service Control Manager
EventCode=7036
EventType=4
Type=Information
ComputerName=win-dc-807
TaskCategory=None
OpCode=The operation completed successfully.
RecordNumber=81830
Keywords=Classic
Message=The Software Protection service entered the stopped state.
11/03/2020 03:43:34 PM
LogName=System
SourceName=Microsoft-Windows-Service Control Manager
EventCode=7036
EventType=4
Type=Information
ComputerName=win-dc-807
TaskCategory=None
OpCode=The operation completed successfully.
RecordNumber=81829
Keywords=Classic
Message=The Windows Connection Manager service entered the stopped state.
11/03/2020 03:43:34 PM
LogName=System
SourceName=Microsoft-Windows-Service Control Manager
EventCode=7036
EventType=4
Type=Information
ComputerName=win-dc-807
TaskCategory=None
OpCode=The operation completed successfully.
RecordNumber=81828
Keywords=Classic
Message=The Windows Font Cache Service service entered the stopped state.
11/03/2020 03:43:34 PM
LogName=System
SourceName=Microsoft-Windows-Service Control Manager
EventCode=7036
EventType=4
Type=Information
ComputerName=win-dc-807
TaskCategory=None
OpCode=The operation completed successfully.
RecordNumber=81827
Keywords=Classic
Message=The Windows Management Instrumentation service entered the stopped state.
11/03/2020 03:43:34 PM
LogName=System
SourceName=Microsoft-Windows-Service Control Manager
EventCode=7036
EventType=4
Type=Information
ComputerName=win-dc-807
TaskCategory=None
OpCode=The operation completed successfully.
RecordNumber=81826
Keywords=Classic
Message=The User Profile Service service entered the stopped state.
11/03/2020 03:43:34 PM
LogName=System
SourceName=Microsoft-Windows-Service Control Manager
EventCode=7036
EventType=4
Type=Information
ComputerName=win-dc-807
TaskCategory=None
OpCode=The operation completed successfully.
RecordNumber=81825
Keywords=Classic
Message=The Program Compatibility Assistant Service service entered the stopped state.
11/03/2020 03:43:34 PM
LogName=System
SourceName=Microsoft-Windows-Service Control Manager
EventCode=7036
EventType=4
Type=Information
ComputerName=win-dc-807
TaskCategory=None
OpCode=The operation completed successfully.
RecordNumber=81824
Keywords=Classic
Message=The Distributed Transaction Coordinator service entered the stopped state.
11/03/2020 03:43:34 PM
LogName=System
SourceName=Microsoft-Windows-Service Control Manager
EventCode=7036
EventType=4
Type=Information
ComputerName=win-dc-807
TaskCategory=None
OpCode=The operation completed successfully.
RecordNumber=81823
Keywords=Classic
Message=The Diagnostic Policy Service service entered the stopped state.
11/03/2020 03:43:34 PM
LogName=System
SourceName=Microsoft-Windows-Service Control Manager
EventCode=7036
EventType=4
Type=Information
ComputerName=win-dc-807
TaskCategory=None
OpCode=The operation completed successfully.
RecordNumber=81822
Keywords=Classic
Message=The Windows Insider Service service entered the stopped state.
11/03/2020 03:43:34 PM
LogName=System
SourceName=Microsoft-Windows-Service Control Manager
EventCode=7036
EventType=4
Type=Information
ComputerName=win-dc-807
TaskCategory=None
OpCode=The operation completed successfully.
RecordNumber=81821
Keywords=Classic
Message=The Remote Desktop Services UserMode Port Redirector service entered the stopped state.
11/03/2020 03:43:34 PM
LogName=System
SourceName=Microsoft-Windows-Service Control Manager
EventCode=7036
EventType=4
Type=Information
ComputerName=win-dc-807
TaskCategory=None
OpCode=The operation completed successfully.
RecordNumber=81820
Keywords=Classic
Message=The Distributed Link Tracking Client service entered the stopped state.
11/03/2020 03:43:34 PM
LogName=System
SourceName=Microsoft-Windows-Service Control Manager
EventCode=7036
EventType=4
Type=Information
ComputerName=win-dc-807
TaskCategory=None
OpCode=The operation completed successfully.
RecordNumber=81819
Keywords=Classic
Message=The Microsoft Software Shadow Copy Provider service entered the stopped state.
11/03/2020 03:43:34 PM
LogName=System
SourceName=Microsoft-Windows-Service Control Manager
EventCode=7036
EventType=4
Type=Information
ComputerName=win-dc-807
TaskCategory=None
OpCode=The operation completed successfully.
RecordNumber=81818
Keywords=Classic
Message=The IPsec Policy Agent service entered the stopped state.
11/03/2020 03:43:34 PM
LogName=System
SourceName=Microsoft-Windows-Service Control Manager
EventCode=7036
EventType=4
Type=Information
ComputerName=win-dc-807
TaskCategory=None
OpCode=The operation completed successfully.
RecordNumber=81817
Keywords=Classic
Message=The Certificate Propagation service entered the stopped state.
11/03/2020 03:43:34 PM
LogName=System
SourceName=Microsoft-Windows-Service Control Manager
EventCode=7036
EventType=4
Type=Information
ComputerName=win-dc-807
TaskCategory=None
OpCode=The operation completed successfully.
RecordNumber=81816
Keywords=Classic
Message=The DHCP Client service entered the stopped state.
11/03/2020 03:43:34 PM
LogName=System
SourceName=Microsoft-Windows-Service Control Manager
EventCode=7036
EventType=4
Type=Information
ComputerName=win-dc-807
TaskCategory=None
OpCode=The operation completed successfully.
RecordNumber=81815
Keywords=Classic
Message=The Windows Time service entered the stopped state.
11/03/2020 03:43:34 PM
LogName=System
SourceName=Microsoft-Windows-Dhcp-Client
EventCode=50037
EventType=4
Type=Information
ComputerName=win-dc-807
User=NOT_TRANSLATED
Sid=S-1-5-19
SidType=0
TaskCategory=Service State Event
OpCode=ServiceStop
RecordNumber=81814
Keywords=None
Message=DHCPv4 client service is stopped. ShutDown Flag value is 1
11/03/2020 03:43:34 PM
LogName=System
SourceName=Microsoft-Windows-Service Control Manager
EventCode=7036
EventType=4
Type=Information
ComputerName=win-dc-807
TaskCategory=None
OpCode=The operation completed successfully.
RecordNumber=81813
Keywords=Classic
Message=The AWS Lite Guest Agent service entered the stopped state.
11/03/2020 03:43:34 PM
LogName=System
SourceName=Microsoft-Windows-DHCPv6-Client
EventCode=51047
EventType=4
Type=Information
ComputerName=win-dc-807
User=NOT_TRANSLATED
Sid=S-1-5-19
SidType=0
TaskCategory=Service State Event
OpCode=ServiceStop
RecordNumber=81812
Keywords=None
Message=DHCPv6 client service is stopped. ShutDown Flag value is 1
11/03/2020 03:43:34 PM
LogName=System
SourceName=Microsoft-Windows-Service Control Manager
EventCode=7036
EventType=4
Type=Information
ComputerName=win-dc-807
TaskCategory=None
OpCode=The operation completed successfully.
RecordNumber=81811
Keywords=Classic
Message=The Amazon SSM Agent service entered the stopped state.
11/03/2020 03:43:34 PM
LogName=System
SourceName=Microsoft-Windows-Service Control Manager
EventCode=7036
EventType=4
Type=Information
ComputerName=win-dc-807
TaskCategory=None
OpCode=The operation completed successfully.
RecordNumber=81810
Keywords=Classic
Message=The Plug and Play service entered the stopped state.
11/03/2020 03:43:34 PM
LogName=System
SourceName=Microsoft-Windows-Service Control Manager
EventCode=7036
EventType=4
Type=Information
ComputerName=win-dc-807
TaskCategory=None
OpCode=The operation completed successfully.
RecordNumber=81809
Keywords=Classic
Message=The User Access Logging Service service entered the stopped state.
11/03/2020 03:43:34 PM
LogName=System
SourceName=Microsoft-Windows-Service Control Manager
EventCode=7036
EventType=4
Type=Information
ComputerName=win-dc-807
TaskCategory=None
OpCode=The operation completed successfully.
RecordNumber=81808
Keywords=Classic
Message=The Tile Data model server service entered the stopped state.
11/03/2020 03:43:34 PM
LogName=System
SourceName=Microsoft-Windows-Service Control Manager
EventCode=7036
EventType=4
Type=Information
ComputerName=win-dc-807
TaskCategory=None
OpCode=The operation completed successfully.
RecordNumber=81807
Keywords=Classic
Message=The Windows Modules Installer service entered the stopped state.
11/03/2020 03:43:34 PM
LogName=System
SourceName=Microsoft-Windows-Service Control Manager
EventCode=7036
EventType=4
Type=Information
ComputerName=win-dc-807
TaskCategory=None
OpCode=The operation completed successfully.
RecordNumber=81806
Keywords=Classic
Message=The Group Policy Client service entered the stopped state.
11/03/2020 03:43:34 PM
LogName=System
SourceName=EventLog
EventCode=6006
EventType=4
Type=Information
ComputerName=win-dc-807
TaskCategory=None
OpCode=None
RecordNumber=81805
Keywords=Classic
Message=The Event log service was stopped.
11/03/2020 03:43:35 PM
LogName=System
SourceName=Microsoft-Windows-Kernel-Power
EventCode=109
EventType=4
Type=Information
ComputerName=win-dc-807.attackrange.local
TaskCategory=103
OpCode=Info
RecordNumber=81844
Keywords=None
Message=The kernel power manager has initiated a shutdown transition.

Shutdown Reason: Kernel API
11/03/2020 03:43:35 PM
LogName=System
SourceName=Microsoft-Windows-Service Control Manager
EventCode=7036
EventType=4
Type=Information
ComputerName=win-dc-807.attackrange.local
TaskCategory=None
OpCode=The operation completed successfully.
RecordNumber=81843
Keywords=Classic
Message=The Windows Update service entered the stopped state.
11/03/2020 03:43:35 PM
LogName=System
SourceName=Microsoft-Windows-Service Control Manager
EventCode=7036
EventType=4
Type=Information
ComputerName=win-dc-807.attackrange.local
TaskCategory=None
OpCode=The operation completed successfully.
RecordNumber=81842
Keywords=Classic
Message=The Device Setup Manager service entered the stopped state.
11/03/2020 03:43:35 PM
LogName=System
SourceName=Microsoft-Windows-Service Control Manager
EventCode=7036
EventType=4
Type=Information
ComputerName=win-dc-807.attackrange.local
TaskCategory=None
OpCode=The operation completed successfully.
RecordNumber=81838
Keywords=Classic
Message=The Task Scheduler service entered the stopped state.
11/03/2020 03:43:36 PM
LogName=System
SourceName=Microsoft-Windows-Kernel-General
EventCode=13
EventType=4
Type=Information
ComputerName=win-dc-807.attackrange.local
TaskCategory=2
OpCode=Info
RecordNumber=81845
Keywords=None
Message=The operating system is shutting down at system time ‎2020‎-‎11‎-‎03T15:43:36.255265400Z.
11/03/2020 03:43:56 PM
LogName=System
SourceName=Microsoft-Windows-Kernel-Boot
EventCode=32
EventType=4
Type=Information
ComputerName=win-dc-807.attackrange.local
User=NOT_TRANSLATED
Sid=S-1-5-18
SidType=0
TaskCategory=None
OpCode=Info
RecordNumber=81852
Keywords=None
Message=The bootmgr spent 0 ms waiting for user input.
11/03/2020 03:43:56 PM
LogName=System
SourceName=Microsoft-Windows-Kernel-Boot
EventCode=18
EventType=4
Type=Information
ComputerName=win-dc-807.attackrange.local
User=NOT_TRANSLATED
Sid=S-1-5-18
SidType=0
TaskCategory=None
OpCode=Info
RecordNumber=81851
Keywords=None
Message=There are 0x1 boot options on this system.
11/03/2020 03:43:56 PM
LogName=System
SourceName=Microsoft-Windows-Kernel-Boot
EventCode=25
EventType=4
Type=Information
ComputerName=win-dc-807.attackrange.local
User=NOT_TRANSLATED
Sid=S-1-5-18
SidType=0
TaskCategory=32
OpCode=Info
RecordNumber=81850
Keywords=None
Message=The boot menu policy was 0x0.
11/03/2020 03:43:56 PM
LogName=System
SourceName=Microsoft-Windows-Kernel-Boot
EventCode=27
EventType=4
Type=Information
ComputerName=win-dc-807.attackrange.local
User=NOT_TRANSLATED
Sid=S-1-5-18
SidType=0
TaskCategory=33
OpCode=Info
RecordNumber=81849
Keywords=None
Message=The boot type was 0x0.
11/03/2020 03:43:56 PM
LogName=System
SourceName=Microsoft-Windows-Kernel-Boot
EventCode=20
EventType=4
Type=Information
ComputerName=win-dc-807.attackrange.local
User=NOT_TRANSLATED
Sid=S-1-5-18
SidType=0
TaskCategory=31
OpCode=Info
RecordNumber=81848
Keywords=None
Message=The last shutdown's success status was true. The last boot's success status was true.
