11/03/2020 02:59:07 PM
LogName=System
SourceName=Microsoft-Windows-Service Control Manager
EventCode=7036
EventType=4
Type=Information
ComputerName=EC2AMAZ-N0JSFD5
TaskCategory=None
OpCode=The operation completed successfully.
RecordNumber=81457
Keywords=Classic
Message=The DHCP Client service entered the stopped state.
11/03/2020 02:59:07 PM
LogName=System
SourceName=Microsoft-Windows-Dhcp-Client
EventCode=50037
EventType=4
Type=Information
ComputerName=EC2AMAZ-N0JSFD5
User=NOT_TRANSLATED
Sid=S-1-5-19
SidType=0
TaskCategory=Service State Event
OpCode=ServiceStop
RecordNumber=81456
Keywords=None
Message=DHCPv4 client service is stopped. ShutDown Flag value is 1
11/03/2020 02:59:07 PM
LogName=System
SourceName=Microsoft-Windows-Service Control Manager
EventCode=7036
EventType=4
Type=Information
ComputerName=EC2AMAZ-N0JSFD5
TaskCategory=None
OpCode=The operation completed successfully.
RecordNumber=81455
Keywords=Classic
Message=The Cryptographic Services service entered the stopped state.
11/03/2020 02:59:07 PM
LogName=System
SourceName=Microsoft-Windows-Service Control Manager
EventCode=7036
EventType=4
Type=Information
ComputerName=EC2AMAZ-N0JSFD5
TaskCategory=None
OpCode=The operation completed successfully.
RecordNumber=81454
Keywords=Classic
Message=The Windows Connection Manager service entered the stopped state.
11/03/2020 02:59:07 PM
LogName=System
SourceName=Microsoft-Windows-Service Control Manager
EventCode=7036
EventType=4
Type=Information
ComputerName=EC2AMAZ-N0JSFD5
TaskCategory=None
OpCode=The operation completed successfully.
RecordNumber=81453
Keywords=Classic
Message=The Certificate Propagation service entered the stopped state.
11/03/2020 02:59:07 PM
LogName=System
SourceName=Microsoft-Windows-DHCPv6-Client
EventCode=51047
EventType=4
Type=Information
ComputerName=EC2AMAZ-N0JSFD5
User=NOT_TRANSLATED
Sid=S-1-5-19
SidType=0
TaskCategory=Service State Event
OpCode=ServiceStop
RecordNumber=81452
Keywords=None
Message=DHCPv6 client service is stopped. ShutDown Flag value is 1
11/03/2020 02:59:07 PM
LogName=System
SourceName=Microsoft-Windows-Service Control Manager
EventCode=7036
EventType=4
Type=Information
ComputerName=EC2AMAZ-N0JSFD5
TaskCategory=None
OpCode=The operation completed successfully.
RecordNumber=81451
Keywords=Classic
Message=The Program Compatibility Assistant Service service entered the stopped state.
11/03/2020 02:59:07 PM
LogName=System
SourceName=Microsoft-Windows-Service Control Manager
EventCode=7036
EventType=4
Type=Information
ComputerName=EC2AMAZ-N0JSFD5
TaskCategory=None
OpCode=The operation completed successfully.
RecordNumber=81450
Keywords=Classic
Message=The Windows Management Instrumentation service entered the stopped state.
11/03/2020 02:59:07 PM
LogName=System
SourceName=Microsoft-Windows-Service Control Manager
EventCode=7036
EventType=4
Type=Information
ComputerName=EC2AMAZ-N0JSFD5
TaskCategory=None
OpCode=The operation completed successfully.
RecordNumber=81449
Keywords=Classic
Message=The AWS Lite Guest Agent service entered the stopped state.
11/03/2020 02:59:07 PM
LogName=System
SourceName=Microsoft-Windows-Service Control Manager
EventCode=7036
EventType=4
Type=Information
ComputerName=EC2AMAZ-N0JSFD5
TaskCategory=None
OpCode=The operation completed successfully.
RecordNumber=81448
Keywords=Classic
Message=The Distributed Link Tracking Client service entered the stopped state.
11/03/2020 02:59:07 PM
LogName=System
SourceName=Microsoft-Windows-Service Control Manager
EventCode=7036
EventType=4
Type=Information
ComputerName=EC2AMAZ-N0JSFD5
TaskCategory=None
OpCode=The operation completed successfully.
RecordNumber=81447
Keywords=Classic
Message=The Windows Time service entered the stopped state.
11/03/2020 02:59:07 PM
LogName=System
SourceName=Microsoft-Windows-Kernel-General
EventCode=1
EventType=4
Type=Information
ComputerName=EC2AMAZ-N0JSFD5
User=NOT_TRANSLATED
Sid=S-1-5-19
SidType=0
TaskCategory=5
OpCode=Info
RecordNumber=81446
Keywords=Time
Message=The system time has changed to ‎2020‎-‎11‎-‎03T14:59:07.056000000Z from ‎2020‎-‎11‎-‎03T14:59:07.066436100Z.

Change Reason: An application or system component changed the time.
11/03/2020 02:59:07 PM
LogName=System
SourceName=Microsoft-Windows-Service Control Manager
EventCode=7036
EventType=4
Type=Information
ComputerName=EC2AMAZ-N0JSFD5
TaskCategory=None
OpCode=The operation completed successfully.
RecordNumber=81445
Keywords=Classic
Message=The Remote Desktop Services UserMode Port Redirector service entered the stopped state.
11/03/2020 02:59:07 PM
LogName=System
SourceName=Microsoft-Windows-Service Control Manager
EventCode=7036
EventType=4
Type=Information
ComputerName=EC2AMAZ-N0JSFD5
TaskCategory=None
OpCode=The operation completed successfully.
RecordNumber=81444
Keywords=Classic
Message=The AppX Deployment Service (AppXSVC) service entered the stopped state.
11/03/2020 02:59:07 PM
LogName=System
SourceName=Microsoft-Windows-Service Control Manager
EventCode=7036
EventType=4
Type=Information
ComputerName=EC2AMAZ-N0JSFD5
TaskCategory=None
OpCode=The operation completed successfully.
RecordNumber=81443
Keywords=Classic
Message=The Device Install Service service entered the stopped state.
11/03/2020 02:59:07 PM
LogName=System
SourceName=Microsoft-Windows-Service Control Manager
EventCode=7036
EventType=4
Type=Information
ComputerName=EC2AMAZ-N0JSFD5
TaskCategory=None
OpCode=The operation completed successfully.
RecordNumber=81442
Keywords=Classic
Message=The Plug and Play service entered the stopped state.
11/03/2020 02:59:07 PM
LogName=System
SourceName=EventLog
EventCode=6006
EventType=4
Type=Information
ComputerName=EC2AMAZ-N0JSFD5
TaskCategory=None
OpCode=None
RecordNumber=81439
Keywords=Classic
Message=The Event log service was stopped.
11/03/2020 02:59:07 PM
LogName=System
SourceName=Microsoft-Windows-Windows Remote Management
EventCode=10149
EventType=3
Type=Warning
ComputerName=EC2AMAZ-N0JSFD5
TaskCategory=None
OpCode=Info
RecordNumber=81438
Keywords=Classic
Message=The WinRM service is not listening for WS-Management requests. 

 User Action 
 If you did not intentionally stop the service, use the following command to see the WinRM configuration: 

 winrm enumerate winrm/config/listener
11/03/2020 02:59:11 PM
LogName=System
SourceName=Microsoft-Windows-Kernel-Power
EventCode=109
EventType=4
Type=Information
ComputerName=EC2AMAZ-N0JSFD5
TaskCategory=103
OpCode=Info
RecordNumber=81470
Keywords=None
Message=The kernel power manager has initiated a shutdown transition.

Shutdown Reason: Kernel API
11/03/2020 02:59:11 PM
LogName=System
SourceName=Microsoft-Windows-Service Control Manager
EventCode=7036
EventType=4
Type=Information
ComputerName=EC2AMAZ-N0JSFD5
TaskCategory=None
OpCode=The operation completed successfully.
RecordNumber=81466
Keywords=Classic
Message=The Device Setup Manager service entered the stopped state.
11/03/2020 02:59:12 PM
LogName=System
SourceName=Microsoft-Windows-Kernel-General
EventCode=13
EventType=4
Type=Information
ComputerName=EC2AMAZ-N0JSFD5
TaskCategory=2
OpCode=Info
RecordNumber=81472
Keywords=None
Message=The operating system is shutting down at system time ‎2020‎-‎11‎-‎03T14:59:12.525079500Z.
11/03/2020 03:37:55 PM
LogName=System
SourceName=Microsoft-Windows-Kernel-Boot
EventCode=32
EventType=4
Type=Information
ComputerName=EC2AMAZ-N0JSFD5
User=NOT_TRANSLATED
Sid=S-1-5-18
SidType=0
TaskCategory=None
OpCode=Info
RecordNumber=81479
Keywords=None
Message=The bootmgr spent 0 ms waiting for user input.
11/03/2020 03:37:55 PM
LogName=System
SourceName=Microsoft-Windows-Kernel-Boot
EventCode=18
EventType=4
Type=Information
ComputerName=EC2AMAZ-N0JSFD5
User=NOT_TRANSLATED
Sid=S-1-5-18
SidType=0
TaskCategory=None
OpCode=Info
RecordNumber=81478
Keywords=None
Message=There are 0x1 boot options on this system.
11/03/2020 03:37:55 PM
LogName=System
SourceName=Microsoft-Windows-Kernel-Boot
EventCode=25
EventType=4
Type=Information
ComputerName=EC2AMAZ-N0JSFD5
User=NOT_TRANSLATED
Sid=S-1-5-18
SidType=0
TaskCategory=32
OpCode=Info
RecordNumber=81477
Keywords=None
Message=The boot menu policy was 0x0.
11/03/2020 03:37:55 PM
LogName=System
SourceName=Microsoft-Windows-Kernel-Boot
EventCode=27
EventType=4
Type=Information
ComputerName=EC2AMAZ-N0JSFD5
User=NOT_TRANSLATED
Sid=S-1-5-18
SidType=0
TaskCategory=33
OpCode=Info
RecordNumber=81476
Keywords=None
Message=The boot type was 0x0.
11/03/2020 03:37:55 PM
LogName=System
SourceName=Microsoft-Windows-Kernel-Boot
EventCode=20
EventType=4
Type=Information
ComputerName=EC2AMAZ-N0JSFD5
User=NOT_TRANSLATED
Sid=S-1-5-18
SidType=0
TaskCategory=31
OpCode=Info
RecordNumber=81475
Keywords=None
Message=The last shutdown's success status was true. The last boot's success status was true.
11/03/2020 03:37:55 PM
LogName=System
SourceName=Microsoft-Windows-Kernel-Boot
EventCode=153
EventType=4
Type=Information
ComputerName=EC2AMAZ-N0JSFD5
User=NOT_TRANSLATED
Sid=S-1-5-18
SidType=0
TaskCategory=None
OpCode=Info
RecordNumber=81474
Keywords=None
Message=The Virtualization Based Security (policies: 0) is disabled with status STATUS_SUCCESS.
11/03/2020 03:37:55 PM
LogName=System
SourceName=Microsoft-Windows-Kernel-General
EventCode=12
EventType=4
Type=Information
ComputerName=EC2AMAZ-N0JSFD5
User=NOT_TRANSLATED
Sid=S-1-5-18
SidType=0
TaskCategory=1
OpCode=Info
RecordNumber=81473
Keywords=None
Message=The operating system started at system time ‎2020‎-‎11‎-‎03T15:37:55.495685300Z.
11/03/2020 03:37:59 PM
LogName=System
SourceName=Microsoft-Windows-FilterManager
EventCode=6
EventType=4
Type=Information
ComputerName=EC2AMAZ-N0JSFD5
User=NOT_TRANSLATED
Sid=S-1-5-18
SidType=0
TaskCategory=None
OpCode=Info
RecordNumber=81481
Keywords=None
Message=File System Filter 'WdFilter' (10.0, ‎2098‎-‎06‎-‎20T11:58:38.000000000Z) has successfully loaded and registered with Filter Manager.
11/03/2020 03:37:59 PM
LogName=System
SourceName=Microsoft-Windows-FilterManager
EventCode=6
EventType=4
Type=Information
ComputerName=EC2AMAZ-N0JSFD5
User=NOT_TRANSLATED
Sid=S-1-5-18
SidType=0
TaskCategory=None
OpCode=Info
RecordNumber=81480
Keywords=None
Message=File System Filter 'Wof' (10.0, ‎2019‎-‎09‎-‎29T22:52:46.000000000Z) has successfully loaded and registered with Filter Manager.
11/03/2020 03:38:00 PM
LogName=System
SourceName=Microsoft-Windows-Ntfs
EventCode=98
EventType=4
Type=Information
ComputerName=EC2AMAZ-N0JSFD5
User=NOT_TRANSLATED
Sid=S-1-5-18
SidType=0
TaskCategory=None
OpCode=Info
RecordNumber=81482
Keywords=None
Message=Volume C: (\Device\HarddiskVolume1) is healthy.  No action is needed.
11/03/2020 03:38:02 PM
LogName=System
SourceName=Microsoft-Windows-Kernel-Processor-Power
EventCode=55
EventType=4
Type=Information
ComputerName=EC2AMAZ-N0JSFD5
User=NOT_TRANSLATED
Sid=S-1-5-18
SidType=0
TaskCategory=47
OpCode=Info
RecordNumber=81493
Keywords=None
Message=Processor 7 in group 0 exposes the following power management capabilities:

Idle state type: ACPI Idle (C) States (1 state(s))

Performance state type: None
Nominal Frequency (MHz): 2400
Maximum performance percentage: 100
Minimum performance percentage: 100
Minimum throttle percentage: 100
11/03/2020 03:38:02 PM
LogName=System
SourceName=Microsoft-Windows-Kernel-Processor-Power
EventCode=55
EventType=4
Type=Information
ComputerName=EC2AMAZ-N0JSFD5
User=NOT_TRANSLATED
Sid=S-1-5-18
SidType=0
TaskCategory=47
OpCode=Info
RecordNumber=81492
Keywords=None
Message=Processor 6 in group 0 exposes the following power management capabilities:

Idle state type: ACPI Idle (C) States (1 state(s))

Performance state type: None
Nominal Frequency (MHz): 2400
Maximum performance percentage: 100
Minimum performance percentage: 100
Minimum throttle percentage: 100
11/03/2020 03:38:02 PM
LogName=System
SourceName=Microsoft-Windows-Kernel-Processor-Power
EventCode=55
EventType=4
Type=Information
ComputerName=EC2AMAZ-N0JSFD5
User=NOT_TRANSLATED
Sid=S-1-5-18
SidType=0
TaskCategory=47
OpCode=Info
RecordNumber=81491
Keywords=None
Message=Processor 5 in group 0 exposes the following power management capabilities:

Idle state type: ACPI Idle (C) States (1 state(s))

Performance state type: None
Nominal Frequency (MHz): 2400
Maximum performance percentage: 100
Minimum performance percentage: 100
Minimum throttle percentage: 100
11/03/2020 03:38:02 PM
LogName=System
SourceName=Microsoft-Windows-Kernel-Processor-Power
EventCode=55
EventType=4
Type=Information
ComputerName=EC2AMAZ-N0JSFD5
User=NOT_TRANSLATED
Sid=S-1-5-18
SidType=0
TaskCategory=47
OpCode=Info
RecordNumber=81490
Keywords=None
Message=Processor 4 in group 0 exposes the following power management capabilities:

Idle state type: ACPI Idle (C) States (1 state(s))

Performance state type: None
Nominal Frequency (MHz): 2400
Maximum performance percentage: 100
Minimum performance percentage: 100
Minimum throttle percentage: 100
11/03/2020 03:38:02 PM
LogName=System
SourceName=Microsoft-Windows-Kernel-Processor-Power
EventCode=55
EventType=4
Type=Information
ComputerName=EC2AMAZ-N0JSFD5
User=NOT_TRANSLATED
Sid=S-1-5-18
SidType=0
TaskCategory=47
OpCode=Info
RecordNumber=81489
Keywords=None
Message=Processor 3 in group 0 exposes the following power management capabilities:

Idle state type: ACPI Idle (C) States (1 state(s))

Performance state type: None
Nominal Frequency (MHz): 2400
Maximum performance percentage: 100
Minimum performance percentage: 100
Minimum throttle percentage: 100
11/03/2020 03:38:02 PM
LogName=System
SourceName=Microsoft-Windows-Kernel-Processor-Power
EventCode=55
EventType=4
Type=Information
ComputerName=EC2AMAZ-N0JSFD5
User=NOT_TRANSLATED
Sid=S-1-5-18
SidType=0
TaskCategory=47
OpCode=Info
RecordNumber=81488
Keywords=None
Message=Processor 2 in group 0 exposes the following power management capabilities:

Idle state type: ACPI Idle (C) States (1 state(s))

Performance state type: None
Nominal Frequency (MHz): 2400
Maximum performance percentage: 100
Minimum performance percentage: 100
Minimum throttle percentage: 100
11/03/2020 03:38:02 PM
LogName=System
SourceName=Microsoft-Windows-Kernel-Processor-Power
EventCode=55
EventType=4
Type=Information
ComputerName=EC2AMAZ-N0JSFD5
User=NOT_TRANSLATED
Sid=S-1-5-18
SidType=0
TaskCategory=47
OpCode=Info
RecordNumber=81487
Keywords=None
Message=Processor 1 in group 0 exposes the following power management capabilities:

Idle state type: ACPI Idle (C) States (1 state(s))

Performance state type: None
Nominal Frequency (MHz): 2400
Maximum performance percentage: 100
Minimum performance percentage: 100
Minimum throttle percentage: 100
11/03/2020 03:38:02 PM
LogName=System
SourceName=Microsoft-Windows-Kernel-Processor-Power
EventCode=55
EventType=4
Type=Information
ComputerName=EC2AMAZ-N0JSFD5
User=NOT_TRANSLATED
Sid=S-1-5-18
SidType=0
TaskCategory=47
OpCode=Info
RecordNumber=81486
Keywords=None
Message=Processor 0 in group 0 exposes the following power management capabilities:

Idle state type: ACPI Idle (C) States (1 state(s))

Performance state type: None
Nominal Frequency (MHz): 2400
Maximum performance percentage: 100
Minimum performance percentage: 100
Minimum throttle percentage: 100
11/03/2020 03:38:02 PM
LogName=System
SourceName=Microsoft-Windows-Kernel-Power
EventCode=172
EventType=4
Type=Information
ComputerName=EC2AMAZ-N0JSFD5
User=NOT_TRANSLATED
Sid=S-1-5-18
SidType=0
TaskCategory=203
OpCode=Info
RecordNumber=81485
Keywords=None
Message=Connectivity state in standby: Disconnected, Reason: NIC compliance
11/03/2020 03:38:02 PM
LogName=System
SourceName=Microsoft-Windows-FilterManager
EventCode=6
EventType=4
Type=Information
ComputerName=EC2AMAZ-N0JSFD5
User=NOT_TRANSLATED
Sid=S-1-5-18
SidType=0
TaskCategory=None
OpCode=Info
RecordNumber=81484
Keywords=None
Message=File System Filter 'npsvctrig' (10.0, ‎2016‎-‎07‎-‎16T02:28:33.000000000Z) has successfully loaded and registered with Filter Manager.
11/03/2020 03:38:02 PM
LogName=System
SourceName=Microsoft-Windows-FilterManager
EventCode=6
EventType=4
Type=Information
ComputerName=EC2AMAZ-N0JSFD5
User=NOT_TRANSLATED
Sid=S-1-5-18
SidType=0
TaskCategory=None
OpCode=Info
RecordNumber=81483
Keywords=None
Message=File System Filter 'FileCrypt' (10.0, ‎2018‎-‎08‎-‎30T20:44:27.000000000Z) has successfully loaded and registered with Filter Manager.
11/03/2020 03:38:08 PM
LogName=System
SourceName=Microsoft-Windows-Wininit
EventCode=14
EventType=4
Type=Information
ComputerName=EC2AMAZ-N0JSFD5
User=NOT_TRANSLATED
Sid=S-1-5-18
SidType=0
TaskCategory=None
OpCode=Info
RecordNumber=81494
Keywords=None
Message=Credential Guard (LsaIso.exe) configuration: 0x0, 0
11/03/2020 03:38:09 PM
LogName=System
SourceName=Microsoft-Windows-Service Control Manager
EventCode=7036
EventType=4
Type=Information
ComputerName=EC2AMAZ-N0JSFD5
TaskCategory=None
OpCode=The operation completed successfully.
RecordNumber=81498
Keywords=Classic
Message=The DcomLaunch service entered the running state.
11/03/2020 03:38:09 PM
LogName=System
SourceName=Microsoft-Windows-Service Control Manager
EventCode=7036
EventType=4
Type=Information
ComputerName=EC2AMAZ-N0JSFD5
TaskCategory=None
OpCode=The operation completed successfully.
RecordNumber=81497
Keywords=Classic
Message=The Power service entered the running state.
11/03/2020 03:38:09 PM
LogName=System
SourceName=Microsoft-Windows-Service Control Manager
EventCode=7036
EventType=4
Type=Information
ComputerName=EC2AMAZ-N0JSFD5
TaskCategory=None
OpCode=The operation completed successfully.
RecordNumber=81496
Keywords=Classic
Message=The PlugPlay service entered the running state.
11/03/2020 03:38:09 PM
LogName=System
SourceName=Microsoft-Windows-Directory-Services-SAM
EventCode=16962
EventType=4
Type=Information
ComputerName=EC2AMAZ-N0JSFD5
User=NOT_TRANSLATED
Sid=S-1-5-18
SidType=0
TaskCategory=None
OpCode=Info
RecordNumber=81495
Keywords=None
Message=Remote calls to the SAM database are being restricted using the default security descriptor: O:SYG:SYD:(A;;RC;;;BA).
For more information please see http://go.microsoft.com/fwlink/?LinkId=787651.
11/03/2020 03:38:10 PM
LogName=System
SourceName=Microsoft-Windows-Service Control Manager
EventCode=7036
EventType=4
Type=Information
ComputerName=EC2AMAZ-N0JSFD5
TaskCategory=None
OpCode=The operation completed successfully.
RecordNumber=81522
Keywords=Classic
Message=The CoreMessagingRegistrar service entered the running state.
11/03/2020 03:38:10 PM
LogName=System
SourceName=Microsoft-Windows-Service Control Manager
EventCode=7036
EventType=4
Type=Information
ComputerName=EC2AMAZ-N0JSFD5
TaskCategory=None
OpCode=The operation completed successfully.
RecordNumber=81521
Keywords=Classic
Message=The FontCache service entered the running state.
11/03/2020 03:38:10 PM
LogName=System
SourceName=Microsoft-Windows-Service Control Manager
EventCode=7036
EventType=4
Type=Information
ComputerName=EC2AMAZ-N0JSFD5
TaskCategory=None
OpCode=The operation completed successfully.
RecordNumber=81520
Keywords=Classic
Message=The Dnscache service entered the running state.
11/03/2020 03:38:10 PM
LogName=System
SourceName=Microsoft-Windows-Service Control Manager
EventCode=7036
EventType=4
Type=Information
ComputerName=EC2AMAZ-N0JSFD5
TaskCategory=None
OpCode=The operation completed successfully.
RecordNumber=81519
Keywords=Classic
Message=The NlaSvc service entered the running state.
11/03/2020 03:38:10 PM
LogName=System
SourceName=Microsoft-Windows-Service Control Manager
EventCode=7036
EventType=4
Type=Information
ComputerName=EC2AMAZ-N0JSFD5
TaskCategory=None
OpCode=The operation completed successfully.
RecordNumber=81518
Keywords=Classic
Message=The Wcmsvc service entered the running state.
11/03/2020 03:38:10 PM
LogName=System
SourceName=Microsoft-Windows-Service Control Manager
EventCode=7036
EventType=4
Type=Information
ComputerName=EC2AMAZ-N0JSFD5
TaskCategory=None
OpCode=The operation completed successfully.
RecordNumber=81517
Keywords=Classic
Message=The gpsvc service entered the running state.
11/03/2020 03:38:10 PM
LogName=System
SourceName=Microsoft-Windows-Service Control Manager
EventCode=7036
EventType=4
Type=Information
ComputerName=EC2AMAZ-N0JSFD5
TaskCategory=None
OpCode=The operation completed successfully.
RecordNumber=81516
Keywords=Classic
Message=The Dhcp service entered the running state.
11/03/2020 03:38:10 PM
LogName=System
SourceName=Microsoft-Windows-DHCPv6-Client
EventCode=51046
EventType=4
Type=Information
ComputerName=EC2AMAZ-N0JSFD5
User=NOT_TRANSLATED
Sid=S-1-5-19
SidType=0
TaskCategory=Service State Event
OpCode=ServiceStart
RecordNumber=81515
Keywords=None
Message=DHCPv6 client service is started
11/03/2020 03:38:10 PM
LogName=System
SourceName=Microsoft-Windows-Dhcp-Client
EventCode=50036
EventType=4
Type=Information
ComputerName=EC2AMAZ-N0JSFD5
User=NOT_TRANSLATED
Sid=S-1-5-19
SidType=0
TaskCategory=Service State Event
OpCode=ServiceStart
RecordNumber=81514
Keywords=None
Message=DHCPv4 client service is started
11/03/2020 03:38:10 PM
LogName=System
SourceName=Microsoft-Windows-Service Control Manager
EventCode=7036
EventType=4
Type=Information
ComputerName=EC2AMAZ-N0JSFD5
TaskCategory=None
OpCode=The operation completed successfully.
RecordNumber=81513
Keywords=Classic
Message=The Themes service entered the running state.
11/03/2020 03:38:10 PM
LogName=System
SourceName=Microsoft-Windows-Service Control Manager
EventCode=7036
EventType=4
Type=Information
ComputerName=EC2AMAZ-N0JSFD5
TaskCategory=None
OpCode=The operation completed successfully.
RecordNumber=81512
Keywords=Classic
Message=The nsi service entered the running state.
11/03/2020 03:38:10 PM
LogName=System
SourceName=Microsoft-Windows-Service Control Manager
EventCode=7036
EventType=4
Type=Information
ComputerName=EC2AMAZ-N0JSFD5
TaskCategory=None
OpCode=The operation completed successfully.
RecordNumber=81511
Keywords=Classic
Message=The EventSystem service entered the running state.
11/03/2020 03:38:10 PM
LogName=System
SourceName=Microsoft-Windows-Service Control Manager
EventCode=7036
EventType=4
Type=Information
ComputerName=EC2AMAZ-N0JSFD5
TaskCategory=None
OpCode=The operation completed successfully.
RecordNumber=81510
Keywords=Classic
Message=The EventLog service entered the running state.
11/03/2020 03:38:10 PM
LogName=System
SourceName=Microsoft-Windows-Service Control Manager
EventCode=7036
EventType=4
Type=Information
ComputerName=EC2AMAZ-N0JSFD5
TaskCategory=None
OpCode=The operation completed successfully.
RecordNumber=81509
Keywords=Classic
Message=The WPDBusEnum service entered the running state.
11/03/2020 03:38:10 PM
LogName=System
SourceName=Microsoft-Windows-FilterManager
EventCode=6
EventType=4
Type=Information
ComputerName=EC2AMAZ-N0JSFD5
User=NOT_TRANSLATED
Sid=S-1-5-18
SidType=0
TaskCategory=None
OpCode=Info
RecordNumber=81508
Keywords=None
Message=File System Filter 'storqosflt' (10.0, ‎2019‎-‎02‎-‎17T02:00:41.000000000Z) has successfully loaded and registered with Filter Manager.
11/03/2020 03:38:10 PM
LogName=System
SourceName=Microsoft-Windows-FilterManager
EventCode=6
EventType=4
Type=Information
ComputerName=EC2AMAZ-N0JSFD5
User=NOT_TRANSLATED
Sid=S-1-5-18
SidType=0
TaskCategory=None
OpCode=Info
RecordNumber=81507
Keywords=None
Message=File System Filter 'wcifs' (10.0, ‎2020‎-‎02‎-‎19T07:59:09.000000000Z) has successfully loaded and registered with Filter Manager.
11/03/2020 03:38:10 PM
LogName=System
SourceName=Microsoft-Windows-FilterManager
EventCode=6
EventType=4
Type=Information
ComputerName=EC2AMAZ-N0JSFD5
User=NOT_TRANSLATED
Sid=S-1-5-18
SidType=0
TaskCategory=None
OpCode=Info
RecordNumber=81506
Keywords=None
Message=File System Filter 'luafv' (10.0, ‎2019‎-‎04‎-‎02T04:23:00.000000000Z) has successfully loaded and registered with Filter Manager.
11/03/2020 03:38:10 PM
LogName=System
SourceName=Microsoft-Windows-Service Control Manager
EventCode=7036
EventType=4
Type=Information
ComputerName=EC2AMAZ-N0JSFD5
TaskCategory=None
OpCode=The operation completed successfully.
RecordNumber=81505
Keywords=Classic
Message=The lmhosts service entered the running state.
11/03/2020 03:38:10 PM
LogName=System
SourceName=Microsoft-Windows-Service Control Manager
EventCode=7036
EventType=4
Type=Information
ComputerName=EC2AMAZ-N0JSFD5
TaskCategory=None
OpCode=The operation completed successfully.
RecordNumber=81504
Keywords=Classic
Message=The TermService service entered the running state.
11/03/2020 03:38:10 PM
LogName=System
SourceName=Microsoft-Windows-Service Control Manager
EventCode=7036
EventType=4
Type=Information
ComputerName=EC2AMAZ-N0JSFD5
TaskCategory=None
OpCode=The operation completed successfully.
RecordNumber=81503
Keywords=Classic
Message=The SystemEventsBroker service entered the running state.
11/03/2020 03:38:10 PM
LogName=System
SourceName=Microsoft-Windows-Service Control Manager
EventCode=7036
EventType=4
Type=Information
ComputerName=EC2AMAZ-N0JSFD5
TaskCategory=None
OpCode=The operation completed successfully.
RecordNumber=81502
Keywords=Classic
Message=The BrokerInfrastructure service entered the running state.
11/03/2020 03:38:10 PM
LogName=System
SourceName=Microsoft-Windows-Service Control Manager
EventCode=7036
EventType=4
Type=Information
ComputerName=EC2AMAZ-N0JSFD5
TaskCategory=None
OpCode=The operation completed successfully.
RecordNumber=81501
Keywords=Classic
Message=The LSM service entered the running state.
11/03/2020 03:38:10 PM
LogName=System
SourceName=Microsoft-Windows-Service Control Manager
EventCode=7036
EventType=4
Type=Information
ComputerName=EC2AMAZ-N0JSFD5
TaskCategory=None
OpCode=The operation completed successfully.
RecordNumber=81500
Keywords=Classic
Message=The RpcSs service entered the running state.
11/03/2020 03:38:10 PM
LogName=System
SourceName=Microsoft-Windows-Service Control Manager
EventCode=7036
EventType=4
Type=Information
ComputerName=EC2AMAZ-N0JSFD5
TaskCategory=None
OpCode=The operation completed successfully.
RecordNumber=81499
Keywords=Classic
Message=The RpcEptMapper service entered the running state.
11/03/2020 03:38:10 PM
LogName=System
SourceName=EventLog
EventCode=6013
EventType=4
Type=Information
ComputerName=EC2AMAZ-N0JSFD5
TaskCategory=None
OpCode=None
RecordNumber=81469
Keywords=Classic
Message=The system uptime is 15 seconds.
11/03/2020 03:38:10 PM
LogName=System
SourceName=EventLog
EventCode=6005
EventType=4
Type=Information
ComputerName=EC2AMAZ-N0JSFD5
TaskCategory=None
OpCode=None
RecordNumber=81468
Keywords=Classic
Message=The Event log service was started.
11/03/2020 03:38:10 PM
LogName=System
SourceName=EventLog
EventCode=6009
EventType=4
Type=Information
ComputerName=EC2AMAZ-N0JSFD5
TaskCategory=None
OpCode=None
RecordNumber=81467
Keywords=Classic
Message=Microsoft (R) Windows (R) 10.00. 14393  Multiprocessor Free.
11/03/2020 03:38:11 PM
LogName=System
SourceName=Microsoft-Windows-Service Control Manager
EventCode=7026
EventType=4
Type=Information
ComputerName=EC2AMAZ-N0JSFD5
TaskCategory=None
OpCode=The operation completed successfully.
RecordNumber=81554
Keywords=Classic
Message=The following boot-start or system-start driver(s) did not load: 
cdrom
dam
11/03/2020 03:38:11 PM
LogName=System
SourceName=Microsoft-Windows-Service Control Manager
EventCode=7036
EventType=4
Type=Information
ComputerName=EC2AMAZ-N0JSFD5
TaskCategory=None
OpCode=The operation completed successfully.
RecordNumber=81553
Keywords=Classic
Message=The tiledatamodelsvc service entered the running state.
11/03/2020 03:38:11 PM
LogName=System
SourceName=Microsoft-Windows-Service Control Manager
EventCode=7036
EventType=4
Type=Information
ComputerName=EC2AMAZ-N0JSFD5
TaskCategory=None
OpCode=The operation completed successfully.
RecordNumber=81552
Keywords=Classic
Message=The StateRepository service entered the running state.
11/03/2020 03:38:11 PM
LogName=System
SourceName=Microsoft-Windows-Service Control Manager
EventCode=7036
EventType=4
Type=Information
ComputerName=EC2AMAZ-N0JSFD5
TaskCategory=None
OpCode=The operation completed successfully.
RecordNumber=81551
Keywords=Classic
Message=The WpnService service entered the running state.
11/03/2020 03:38:11 PM
LogName=System
SourceName=Microsoft-Windows-Service Control Manager
EventCode=7036
EventType=4
Type=Information
ComputerName=EC2AMAZ-N0JSFD5
TaskCategory=None
OpCode=The operation completed successfully.
RecordNumber=81550
Keywords=Classic
Message=The WinRM service entered the running state.
11/03/2020 03:38:11 PM
LogName=System
SourceName=Microsoft-Windows-Service Control Manager
EventCode=7036
EventType=4
Type=Information
ComputerName=EC2AMAZ-N0JSFD5
TaskCategory=None
OpCode=The operation completed successfully.
RecordNumber=81549
Keywords=Classic
Message=The LanmanServer service entered the running state.
11/03/2020 03:38:11 PM
LogName=System
SourceName=Microsoft-Windows-Service Control Manager
EventCode=7036
EventType=4
Type=Information
ComputerName=EC2AMAZ-N0JSFD5
TaskCategory=None
OpCode=The operation completed successfully.
RecordNumber=81548
Keywords=Classic
Message=The W32Time service entered the running state.
11/03/2020 03:38:11 PM
LogName=System
SourceName=Microsoft-Windows-Time-Service
EventCode=37
EventType=4
Type=Information
ComputerName=EC2AMAZ-N0JSFD5
User=NOT_TRANSLATED
Sid=S-1-5-19
SidType=0
TaskCategory=None
OpCode=Info
RecordNumber=81547
Keywords=None
Message=The time provider NtpClient is currently receiving valid time data from 169.254.169.123,0x9 (ntp.m|0x9|0.0.0.0:123->169.254.169.123:123).
11/03/2020 03:38:11 PM
LogName=System
SourceName=Microsoft-Windows-Service Control Manager
EventCode=7036
EventType=4
Type=Information
ComputerName=EC2AMAZ-N0JSFD5
TaskCategory=None
OpCode=The operation completed successfully.
RecordNumber=81546
Keywords=Classic
Message=The WinHttpAutoProxySvc service entered the running state.
11/03/2020 03:38:11 PM
LogName=System
SourceName=Microsoft-Windows-Service Control Manager
EventCode=7036
EventType=4
Type=Information
ComputerName=EC2AMAZ-N0JSFD5
TaskCategory=None
OpCode=The operation completed successfully.
RecordNumber=81545
Keywords=Classic
Message=The Winmgmt service entered the running state.
11/03/2020 03:38:11 PM
LogName=System
SourceName=Microsoft-Windows-Service Control Manager
EventCode=7036
EventType=4
Type=Information
ComputerName=EC2AMAZ-N0JSFD5
TaskCategory=None
OpCode=The operation completed successfully.
RecordNumber=81544
Keywords=Classic
Message=The RemoteRegistry service entered the running state.
11/03/2020 03:38:11 PM
LogName=System
SourceName=Microsoft-Windows-Service Control Manager
EventCode=7036
EventType=4
Type=Information
ComputerName=EC2AMAZ-N0JSFD5
TaskCategory=None
OpCode=The operation completed successfully.
RecordNumber=81543
Keywords=Classic
Message=The MpsSvc service entered the running state.
11/03/2020 03:38:11 PM
LogName=System
SourceName=Microsoft-Windows-Service Control Manager
EventCode=7036
EventType=4
Type=Information
ComputerName=EC2AMAZ-N0JSFD5
TaskCategory=None
OpCode=The operation completed successfully.
RecordNumber=81542
Keywords=Classic
Message=The CryptSvc service entered the running state.
11/03/2020 03:38:11 PM
LogName=System
SourceName=Microsoft-Windows-Service Control Manager
EventCode=7036
EventType=4
Type=Information
ComputerName=EC2AMAZ-N0JSFD5
TaskCategory=None
OpCode=The operation completed successfully.
RecordNumber=81541
Keywords=Classic
Message=The Spooler service entered the running state.
11/03/2020 03:38:11 PM
LogName=System
SourceName=Microsoft-Windows-Service Control Manager
EventCode=7036
EventType=4
Type=Information
ComputerName=EC2AMAZ-N0JSFD5
TaskCategory=None
OpCode=The operation completed successfully.
RecordNumber=81540
Keywords=Classic
Message=The AWSLiteAgent service entered the running state.
11/03/2020 03:38:11 PM
LogName=System
SourceName=Microsoft-Windows-Service Control Manager
EventCode=7036
EventType=4
Type=Information
ComputerName=EC2AMAZ-N0JSFD5
TaskCategory=None
OpCode=The operation completed successfully.
RecordNumber=81539
Keywords=Classic
Message=The TrkWks service entered the running state.
11/03/2020 03:38:11 PM
LogName=System
SourceName=Microsoft-Windows-Service Control Manager
EventCode=7036
EventType=4
Type=Information
ComputerName=EC2AMAZ-N0JSFD5
TaskCategory=None
OpCode=The operation completed successfully.
RecordNumber=81538
Keywords=Classic
Message=The PcaSvc service entered the running state.
11/03/2020 03:38:11 PM
LogName=System
SourceName=Microsoft-Windows-Service Control Manager
EventCode=7036
EventType=4
Type=Information
ComputerName=EC2AMAZ-N0JSFD5
TaskCategory=None
OpCode=The operation completed successfully.
RecordNumber=81537
Keywords=Classic
Message=The UserManager service entered the running state.
11/03/2020 03:38:11 PM
LogName=System
SourceName=Microsoft-Windows-Service Control Manager
EventCode=7036
EventType=4
Type=Information
ComputerName=EC2AMAZ-N0JSFD5
TaskCategory=None
OpCode=The operation completed successfully.
RecordNumber=81536
Keywords=Classic
Message=The TimeBrokerSvc service entered the running state.
11/03/2020 03:38:11 PM
LogName=System
SourceName=Microsoft-Windows-Service Control Manager
EventCode=7036
EventType=4
Type=Information
ComputerName=EC2AMAZ-N0JSFD5
TaskCategory=None
OpCode=The operation completed successfully.
RecordNumber=81535
Keywords=Classic
Message=The SessionEnv service entered the running state.
11/03/2020 03:38:11 PM
LogName=System
SourceName=Microsoft-Windows-Service Control Manager
EventCode=7036
EventType=4
Type=Information
ComputerName=EC2AMAZ-N0JSFD5
TaskCategory=None
OpCode=The operation completed successfully.
RecordNumber=81534
Keywords=Classic
Message=The SamSs service entered the running state.
11/03/2020 03:38:11 PM
LogName=System
SourceName=Microsoft-Windows-Service Control Manager
EventCode=7036
EventType=4
Type=Information
ComputerName=EC2AMAZ-N0JSFD5
TaskCategory=None
OpCode=The operation completed successfully.
RecordNumber=81533
Keywords=Classic
Message=The Schedule service entered the running state.
11/03/2020 03:38:11 PM
LogName=System
SourceName=Microsoft-Windows-Service Control Manager
EventCode=7036
EventType=4
Type=Information
ComputerName=EC2AMAZ-N0JSFD5
TaskCategory=None
OpCode=The operation completed successfully.
RecordNumber=81532
Keywords=Classic
Message=The BFE service entered the running state.
11/03/2020 03:38:11 PM
LogName=System
SourceName=Microsoft-Windows-Service Control Manager
EventCode=7036
EventType=4
Type=Information
ComputerName=EC2AMAZ-N0JSFD5
TaskCategory=None
OpCode=The operation completed successfully.
RecordNumber=81531
Keywords=Classic
Message=The CertPropSvc service entered the running state.
11/03/2020 03:38:11 PM
LogName=System
SourceName=Microsoft-Windows-Service Control Manager
EventCode=7036
EventType=4
Type=Information
ComputerName=EC2AMAZ-N0JSFD5
TaskCategory=None
OpCode=The operation completed successfully.
RecordNumber=81530
Keywords=Classic
Message=The UmRdpService service entered the running state.
11/03/2020 03:38:11 PM
LogName=System
SourceName=Microsoft-Windows-Service Control Manager
EventCode=7036
EventType=4
Type=Information
ComputerName=EC2AMAZ-N0JSFD5
TaskCategory=None
OpCode=The operation completed successfully.
RecordNumber=81529
Keywords=Classic
Message=The SENS service entered the running state.
11/03/2020 03:38:11 PM
LogName=System
SourceName=Microsoft-Windows-Service Control Manager
EventCode=7036
EventType=4
Type=Information
ComputerName=EC2AMAZ-N0JSFD5
TaskCategory=None
OpCode=The operation completed successfully.
RecordNumber=81528
Keywords=Classic
Message=The ShellHWDetection service entered the running state.
11/03/2020 03:38:11 PM
LogName=System
SourceName=Microsoft-Windows-Service Control Manager
EventCode=7036
EventType=4
Type=Information
ComputerName=EC2AMAZ-N0JSFD5
TaskCategory=None
OpCode=The operation completed successfully.
RecordNumber=81527
Keywords=Classic
Message=The DsmSvc service entered the running state.
11/03/2020 03:38:11 PM
LogName=System
SourceName=Microsoft-Windows-Service Control Manager
EventCode=7036
EventType=4
Type=Information
ComputerName=EC2AMAZ-N0JSFD5
TaskCategory=None
OpCode=The operation completed successfully.
RecordNumber=81526
Keywords=Classic
Message=The NcbService service entered the running state.
11/03/2020 03:38:11 PM
LogName=System
SourceName=Microsoft-Windows-Service Control Manager
EventCode=7036
EventType=4
Type=Information
ComputerName=EC2AMAZ-N0JSFD5
TaskCategory=None
OpCode=The operation completed successfully.
RecordNumber=81525
Keywords=Classic
Message=The ProfSvc service entered the running state.
11/03/2020 03:38:11 PM
LogName=System
SourceName=Microsoft-Windows-Service Control Manager
EventCode=7036
EventType=4
Type=Information
ComputerName=EC2AMAZ-N0JSFD5
TaskCategory=None
OpCode=The operation completed successfully.
RecordNumber=81524
Keywords=Classic
Message=The netprofm service entered the running state.
11/03/2020 03:38:11 PM
LogName=System
SourceName=Microsoft-Windows-Service Control Manager
EventCode=7036
EventType=4
Type=Information
ComputerName=EC2AMAZ-N0JSFD5
TaskCategory=None
OpCode=The operation completed successfully.
RecordNumber=81523
Keywords=Classic
Message=The LanmanWorkstation service entered the running state.
11/03/2020 03:38:11 PM
LogName=System
SourceName=Microsoft-Windows-Windows Remote Management
EventCode=10148
EventType=4
Type=Information
ComputerName=EC2AMAZ-N0JSFD5
TaskCategory=None
OpCode=Info
RecordNumber=81471
Keywords=Classic
Message=The WinRM service is listening for WS-Management requests. 

 User Action 
 Use the following command to see the specific IPs on which WinRM is listening: 

 winrm enumerate winrm/config/listener
11/03/2020 03:38:12 PM
LogName=System
SourceName=Microsoft-Windows-Iphlpsvc
EventCode=4200
EventType=4
Type=Information
ComputerName=EC2AMAZ-N0JSFD5
User=NOT_TRANSLATED
Sid=S-1-5-18
SidType=0
TaskCategory=None
OpCode=Info
RecordNumber=81558
Keywords=None
Message=Isatap interface isatap.eu-central-1.compute.internal with address fe80::5efe:10.0.1.14 has been brought up.
11/03/2020 03:38:12 PM
LogName=System
SourceName=Microsoft-Windows-Service Control Manager
EventCode=7036
EventType=4
Type=Information
ComputerName=EC2AMAZ-N0JSFD5
TaskCategory=None
OpCode=The operation completed successfully.
RecordNumber=81557
Keywords=Classic
Message=The NetSetupSvc service entered the running state.
11/03/2020 03:38:12 PM
LogName=System
SourceName=Microsoft-Windows-Service Control Manager
EventCode=7036
EventType=4
Type=Information
ComputerName=EC2AMAZ-N0JSFD5
TaskCategory=None
OpCode=The operation completed successfully.
RecordNumber=81556
Keywords=Classic
Message=The WinDefend service entered the running state.
11/03/2020 03:38:12 PM
LogName=System
SourceName=Microsoft-Windows-Service Control Manager
EventCode=7036
EventType=4
Type=Information
ComputerName=EC2AMAZ-N0JSFD5
TaskCategory=None
OpCode=The operation completed successfully.
RecordNumber=81555
Keywords=Classic
Message=The iphlpsvc service entered the running state.
11/03/2020 03:38:15 PM
LogName=System
SourceName=Microsoft-Windows-Service Control Manager
EventCode=7036
EventType=4
Type=Information
ComputerName=EC2AMAZ-N0JSFD5
TaskCategory=None
OpCode=The operation completed successfully.
RecordNumber=81559
Keywords=Classic
Message=The DeviceInstall service entered the running state.
11/03/2020 03:38:16 PM
LogName=System
SourceName=Microsoft-Windows-Service Control Manager
EventCode=7036
EventType=4
Type=Information
ComputerName=EC2AMAZ-N0JSFD5
TaskCategory=None
OpCode=The operation completed successfully.
RecordNumber=81560
Keywords=Classic
Message=The wuauserv service entered the running state.
11/03/2020 03:38:19 PM
LogName=System
SourceName=Microsoft-Windows-Service Control Manager
EventCode=7036
EventType=4
Type=Information
ComputerName=EC2AMAZ-N0JSFD5
TaskCategory=None
OpCode=The operation completed successfully.
RecordNumber=81561
Keywords=Classic
Message=The WdNisSvc service entered the running state.
11/03/2020 03:38:26 PM
LogName=System
SourceName=Microsoft-Windows-Service Control Manager
EventCode=7036
EventType=4
Type=Information
ComputerName=EC2AMAZ-N0JSFD5
TaskCategory=None
OpCode=The operation completed successfully.
RecordNumber=81562
Keywords=Classic
Message=The TrustedInstaller service entered the running state.
11/03/2020 03:38:53 PM
LogName=System
SourceName=Microsoft-Windows-Service Control Manager
EventCode=7036
EventType=4
Type=Information
ComputerName=EC2AMAZ-N0JSFD5
TaskCategory=None
OpCode=The operation completed successfully.
RecordNumber=81564
Keywords=Classic
Message=The vds service entered the running state.
11/03/2020 03:38:53 PM
LogName=System
SourceName=Virtual Disk Service
EventCode=3
EventType=4
Type=Information
ComputerName=EC2AMAZ-N0JSFD5
TaskCategory=None
OpCode=None
RecordNumber=81563
Keywords=Classic
Message=Service started.
11/03/2020 03:38:56 PM
LogName=System
SourceName=Microsoft-Windows-UserModePowerService
EventCode=12
EventType=4
Type=Information
ComputerName=EC2AMAZ-N0JSFD5
User=NOT_TRANSLATED
Sid=S-1-5-18
SidType=0
TaskCategory=10
OpCode=Info
RecordNumber=81565
Keywords=None
Message=Process C:\Windows\System32\powercfg.exe (process ID:3992) reset policy scheme from {8C5E7FDA-E8BF-4A96-9A85-A6E23A8C635C} to {8C5E7FDA-E8BF-4A96-9A85-A6E23A8C635C}
11/03/2020 03:38:57 PM
LogName=System
SourceName=Microsoft-Windows-Service Control Manager
EventCode=7040
EventType=4
Type=Information
ComputerName=EC2AMAZ-N0JSFD5
User=NOT_TRANSLATED
Sid=S-1-5-18
SidType=0
TaskCategory=None
OpCode=The operation completed successfully.
RecordNumber=81566
Keywords=Classic
Message=The start type of the Amazon SSM Agent service was changed from disabled to auto start.
11/03/2020 03:39:03 PM
LogName=System
SourceName=Microsoft-Windows-DistributedCOM
EventCode=10016
EventType=2
Type=Error
ComputerName=EC2AMAZ-N0JSFD5
User=NOT_TRANSLATED
Sid=S-1-5-21-635769498-3620204953-2298246598-500
SidType=0
TaskCategory=None
OpCode=Info
RecordNumber=81567
Keywords=Classic
Message=The application-specific permission settings do not grant Local Activation permission for the COM Server application with CLSID 
{D63B10C5-BB46-4990-A94F-E40B9D520160}
 and APPID 
{9CA88EE3-ACB7-47C8-AFC4-AB702511C276}
 to the user EC2AMAZ-N0JSFD5\Administrator SID (S-1-5-21-635769498-3620204953-2298246598-500) from address LocalHost (Using LRPC) running in the application container Unavailable SID (Unavailable). This security permission can be modified using the Component Services administrative tool.
11/03/2020 03:39:06 PM
LogName=System
SourceName=Microsoft-Windows-Service Control Manager
EventCode=7036
EventType=4
Type=Information
ComputerName=EC2AMAZ-N0JSFD5
TaskCategory=None
OpCode=The operation completed successfully.
RecordNumber=81568
Keywords=Classic
Message=The CNG Key Isolation service entered the running state.
11/03/2020 03:39:07 PM
LogName=System
SourceName=Microsoft-Windows-HttpEvent
EventCode=15301
EventType=3
Type=Warning
ComputerName=EC2AMAZ-N0JSFD5
TaskCategory=None
OpCode=The operation completed successfully.
RecordNumber=81572
Keywords=Classic
Message=SSL Certificate Settings created by an admin process for endpoint : 0.0.0.0:5986 .
11/03/2020 03:39:07 PM
LogName=System
SourceName=Microsoft-Windows-HttpEvent
EventCode=15007
EventType=4
Type=Information
ComputerName=EC2AMAZ-N0JSFD5
TaskCategory=None
OpCode=The operation completed successfully.
RecordNumber=81571
Keywords=Classic
Message=Reservation for namespace identified by URL prefix https://+:5986/wsman/ was successfully added.
11/03/2020 03:39:07 PM
LogName=System
SourceName=Microsoft-Windows-HttpEvent
EventCode=15008
EventType=4
Type=Information
ComputerName=EC2AMAZ-N0JSFD5
TaskCategory=None
OpCode=The operation completed successfully.
RecordNumber=81570
Keywords=Classic
Message=Reservation for namespace identified by URL prefix https://+:5986/wsman/ was successfully deleted.
11/03/2020 03:39:07 PM
LogName=System
SourceName=Microsoft-Windows-Service Control Manager
EventCode=7036
EventType=4
Type=Information
ComputerName=EC2AMAZ-N0JSFD5
TaskCategory=None
OpCode=The operation completed successfully.
RecordNumber=81569
Keywords=Classic
Message=The Microsoft Passport service entered the running state.
11/03/2020 03:39:09 PM
LogName=System
SourceName=Microsoft-Windows-DistributedCOM
EventCode=10016
EventType=2
Type=Error
ComputerName=EC2AMAZ-N0JSFD5
User=NOT_TRANSLATED
Sid=S-1-5-21-635769498-3620204953-2298246598-500
SidType=0
TaskCategory=None
OpCode=Info
RecordNumber=81574
Keywords=Classic
Message=The application-specific permission settings do not grant Local Activation permission for the COM Server application with CLSID 
{D63B10C5-BB46-4990-A94F-E40B9D520160}
 and APPID 
{9CA88EE3-ACB7-47C8-AFC4-AB702511C276}
 to the user EC2AMAZ-N0JSFD5\Administrator SID (S-1-5-21-635769498-3620204953-2298246598-500) from address LocalHost (Using LRPC) running in the application container Unavailable SID (Unavailable). This security permission can be modified using the Component Services administrative tool.
11/03/2020 03:39:09 PM
LogName=System
SourceName=Microsoft-Windows-Service Control Manager
EventCode=7036
EventType=4
Type=Information
ComputerName=EC2AMAZ-N0JSFD5
TaskCategory=None
OpCode=The operation completed successfully.
RecordNumber=81573
Keywords=Classic
Message=The IPsec Policy Agent service entered the running state.
11/03/2020 03:39:13 PM
LogName=System
SourceName=Microsoft-Windows-Service Control Manager
EventCode=7036
EventType=4
Type=Information
ComputerName=EC2AMAZ-N0JSFD5
TaskCategory=None
OpCode=The operation completed successfully.
RecordNumber=81575
Keywords=Classic
Message=The Amazon SSM Agent service entered the running state.
11/03/2020 03:39:23 PM
LogName=System
SourceName=Microsoft-Windows-DistributedCOM
EventCode=10016
EventType=2
Type=Error
ComputerName=EC2AMAZ-N0JSFD5
User=NOT_TRANSLATED
Sid=S-1-5-21-635769498-3620204953-2298246598-500
SidType=0
TaskCategory=None
OpCode=Info
RecordNumber=81578
Keywords=Classic
Message=The application-specific permission settings do not grant Local Activation permission for the COM Server application with CLSID 
{D63B10C5-BB46-4990-A94F-E40B9D520160}
 and APPID 
{9CA88EE3-ACB7-47C8-AFC4-AB702511C276}
 to the user EC2AMAZ-N0JSFD5\Administrator SID (S-1-5-21-635769498-3620204953-2298246598-500) from address LocalHost (Using LRPC) running in the application container Unavailable SID (Unavailable). This security permission can be modified using the Component Services administrative tool.
11/03/2020 03:39:23 PM
LogName=System
SourceName=Microsoft-Windows-DistributedCOM
EventCode=10016
EventType=2
Type=Error
ComputerName=EC2AMAZ-N0JSFD5
User=NOT_TRANSLATED
Sid=S-1-5-21-635769498-3620204953-2298246598-500
SidType=0
TaskCategory=None
OpCode=Info
RecordNumber=81577
Keywords=Classic
Message=The application-specific permission settings do not grant Local Activation permission for the COM Server application with CLSID 
{D63B10C5-BB46-4990-A94F-E40B9D520160}
 and APPID 
{9CA88EE3-ACB7-47C8-AFC4-AB702511C276}
 to the user EC2AMAZ-N0JSFD5\Administrator SID (S-1-5-21-635769498-3620204953-2298246598-500) from address LocalHost (Using LRPC) running in the application container Unavailable SID (Unavailable). This security permission can be modified using the Component Services administrative tool.
11/03/2020 03:39:23 PM
LogName=System
SourceName=Microsoft-Windows-DistributedCOM
EventCode=10016
EventType=2
Type=Error
ComputerName=EC2AMAZ-N0JSFD5
User=NOT_TRANSLATED
Sid=S-1-5-21-635769498-3620204953-2298246598-500
SidType=0
TaskCategory=None
OpCode=Info
RecordNumber=81576
Keywords=Classic
Message=The application-specific permission settings do not grant Local Activation permission for the COM Server application with CLSID 
{D63B10C5-BB46-4990-A94F-E40B9D520160}
 and APPID 
{9CA88EE3-ACB7-47C8-AFC4-AB702511C276}
 to the user EC2AMAZ-N0JSFD5\Administrator SID (S-1-5-21-635769498-3620204953-2298246598-500) from address LocalHost (Using LRPC) running in the application container Unavailable SID (Unavailable). This security permission can be modified using the Component Services administrative tool.
11/03/2020 03:39:24 PM
LogName=System
SourceName=Microsoft-Windows-DistributedCOM
EventCode=10016
EventType=2
Type=Error
ComputerName=EC2AMAZ-N0JSFD5
User=NOT_TRANSLATED
Sid=S-1-5-21-635769498-3620204953-2298246598-500
SidType=0
TaskCategory=None
OpCode=Info
RecordNumber=81583
Keywords=Classic
Message=The application-specific permission settings do not grant Local Activation permission for the COM Server application with CLSID 
{D63B10C5-BB46-4990-A94F-E40B9D520160}
 and APPID 
{9CA88EE3-ACB7-47C8-AFC4-AB702511C276}
 to the user EC2AMAZ-N0JSFD5\Administrator SID (S-1-5-21-635769498-3620204953-2298246598-500) from address LocalHost (Using LRPC) running in the application container Unavailable SID (Unavailable). This security permission can be modified using the Component Services administrative tool.
11/03/2020 03:39:24 PM
LogName=System
SourceName=Microsoft-Windows-DistributedCOM
EventCode=10016
EventType=2
Type=Error
ComputerName=EC2AMAZ-N0JSFD5
User=NOT_TRANSLATED
Sid=S-1-5-21-635769498-3620204953-2298246598-500
SidType=0
TaskCategory=None
OpCode=Info
RecordNumber=81582
Keywords=Classic
Message=The application-specific permission settings do not grant Local Activation permission for the COM Server application with CLSID 
{D63B10C5-BB46-4990-A94F-E40B9D520160}
 and APPID 
{9CA88EE3-ACB7-47C8-AFC4-AB702511C276}
 to the user EC2AMAZ-N0JSFD5\Administrator SID (S-1-5-21-635769498-3620204953-2298246598-500) from address LocalHost (Using LRPC) running in the application container Unavailable SID (Unavailable). This security permission can be modified using the Component Services administrative tool.
