11/03/2020 03:44:57 PM
LogName=System
SourceName=Microsoft-Windows-Time-Service
EventCode=37
EventType=4
Type=Information
ComputerName=win-dc-807.attackrange.local
User=NOT_TRANSLATED
Sid=S-1-5-19
SidType=0
TaskCategory=None
OpCode=Info
RecordNumber=81978
Keywords=None
Message=The time provider NtpClient is currently receiving valid time data from time.windows.com,0x8 (ntp.m|0x8|0.0.0.0:123->51.105.208.173:123).
11/03/2020 03:44:57 PM
LogName=System
SourceName=Microsoft-Windows-Service Control Manager
EventCode=7036
EventType=4
Type=Information
ComputerName=win-dc-807.attackrange.local
TaskCategory=None
OpCode=The operation completed successfully.
RecordNumber=81977
Keywords=Classic
Message=The DNS service entered the running state.
11/03/2020 03:44:59 PM
LogName=System
SourceName=Microsoft-Windows-Time-Service
EventCode=37
EventType=4
Type=Information
ComputerName=win-dc-807.attackrange.local
User=NOT_TRANSLATED
Sid=S-1-5-19
SidType=0
TaskCategory=None
OpCode=Info
RecordNumber=81980
Keywords=None
Message=The time provider NtpClient is currently receiving valid time data from time.windows.com,0x8 (ntp.m|0x8|0.0.0.0:123->51.105.208.173:123).
11/03/2020 03:45:06 PM
LogName=System
SourceName=Microsoft-Windows-Time-Service
EventCode=35
EventType=4
Type=Information
ComputerName=win-dc-807.attackrange.local
User=NOT_TRANSLATED
Sid=S-1-5-19
SidType=0
TaskCategory=None
OpCode=Info
RecordNumber=81982
Keywords=None
Message=The time service is now synchronizing the system time with the time source time.windows.com,0x8 (ntp.m|0x8|0.0.0.0:123->51.105.208.173:123).
11/03/2020 03:45:06 PM
LogName=System
SourceName=Microsoft-Windows-Time-Service
EventCode=144
EventType=3
Type=Warning
ComputerName=win-dc-807.attackrange.local
User=NOT_TRANSLATED
Sid=S-1-5-19
SidType=0
TaskCategory=None
OpCode=Info
RecordNumber=81981
Keywords=None
Message=The time service has stopped advertising as a good time source.
11/03/2020 03:45:08 PM
LogName=System
SourceName=Microsoft-Windows-Service Control Manager
EventCode=7036
EventType=4
Type=Information
ComputerName=win-dc-807.attackrange.local
TaskCategory=None
OpCode=The operation completed successfully.
RecordNumber=81983
Keywords=Classic
Message=The NetSetupSvc service entered the stopped state.
11/03/2020 03:46:18 PM
LogName=System
SourceName=Microsoft-Windows-Service Control Manager
EventCode=7036
EventType=4
Type=Information
ComputerName=win-dc-807.attackrange.local
TaskCategory=None
OpCode=The operation completed successfully.
RecordNumber=81984
Keywords=Classic
Message=The WPDBusEnum service entered the stopped state.
11/03/2020 03:46:34 PM
LogName=System
SourceName=Microsoft-Windows-Service Control Manager
EventCode=7036
EventType=4
Type=Information
ComputerName=win-dc-807.attackrange.local
TaskCategory=None
OpCode=The operation completed successfully.
RecordNumber=81989
Keywords=Classic
Message=The sppsvc service entered the running state.
11/03/2020 03:46:34 PM
LogName=System
SourceName=Microsoft-Windows-Service Control Manager
EventCode=7036
EventType=4
Type=Information
ComputerName=win-dc-807.attackrange.local
TaskCategory=None
OpCode=The operation completed successfully.
RecordNumber=81988
Keywords=Classic
Message=The Distributed Transaction Coordinator service entered the running state.
11/03/2020 03:46:34 PM
LogName=System
SourceName=Microsoft-Windows-Service Control Manager
EventCode=7036
EventType=4
Type=Information
ComputerName=win-dc-807.attackrange.local
TaskCategory=None
OpCode=The operation completed successfully.
RecordNumber=81987
Keywords=Classic
Message=The MapsBroker service entered the running state.
11/03/2020 03:46:34 PM
LogName=System
SourceName=Microsoft-Windows-Service Control Manager
EventCode=7036
EventType=4
Type=Information
ComputerName=win-dc-807.attackrange.local
TaskCategory=None
OpCode=The operation completed successfully.
RecordNumber=81986
Keywords=Classic
Message=The DPS service entered the running state.
11/03/2020 03:46:34 PM
LogName=System
SourceName=Microsoft-Windows-Service Control Manager
EventCode=7036
EventType=4
Type=Information
ComputerName=win-dc-807.attackrange.local
TaskCategory=None
OpCode=The operation completed successfully.
RecordNumber=81985
Keywords=Classic
Message=The Connected Devices Platform Service service entered the stopped state.
11/03/2020 03:46:36 PM
LogName=System
SourceName=Microsoft-Windows-Service Control Manager
EventCode=7036
EventType=4
Type=Information
ComputerName=win-dc-807.attackrange.local
TaskCategory=None
OpCode=The operation completed successfully.
RecordNumber=81990
Keywords=Classic
Message=The UALSVC service entered the running state.
11/03/2020 03:46:44 PM
LogName=System
SourceName=Microsoft-Windows-Service Control Manager
EventCode=7036
EventType=4
Type=Information
ComputerName=win-dc-807.attackrange.local
TaskCategory=None
OpCode=The operation completed successfully.
RecordNumber=81991
Keywords=Classic
Message=The MapsBroker service entered the stopped state.
11/03/2020 03:46:45 PM
LogName=System
SourceName=Microsoft-Windows-TerminalServices-RemoteConnectionManager
EventCode=1067
EventType=3
Type=Warning
ComputerName=win-dc-807.attackrange.local
TaskCategory=None
OpCode=The operation completed successfully.
RecordNumber=81992
Keywords=Classic
Message=The RD Session Host server cannot register 'TERMSRV' Service Principal Name to be used for server authentication. The following error occured: The specified domain either does not exist or could not be contacted.
.
11/03/2020 03:47:05 PM
LogName=System
SourceName=Microsoft-Windows-Service Control Manager
EventCode=7036
EventType=4
Type=Information
ComputerName=win-dc-807.attackrange.local
TaskCategory=None
OpCode=The operation completed successfully.
RecordNumber=81993
Keywords=Classic
Message=The sppsvc service entered the stopped state.
11/03/2020 03:47:18 PM
LogName=System
SourceName=Microsoft-Windows-Service Control Manager
EventCode=7036
EventType=4
Type=Information
ComputerName=win-dc-807.attackrange.local
TaskCategory=None
OpCode=The operation completed successfully.
RecordNumber=81995
Keywords=Classic
Message=The wisvc service entered the running state.
11/03/2020 03:47:18 PM
LogName=System
SourceName=Microsoft-Windows-Service Control Manager
EventCode=7036
EventType=4
Type=Information
ComputerName=win-dc-807.attackrange.local
TaskCategory=None
OpCode=The operation completed successfully.
RecordNumber=81994
Keywords=Classic
Message=The UsoSvc service entered the running state.
11/03/2020 03:48:18 PM
LogName=System
SourceName=Microsoft-Windows-Service Control Manager
EventCode=7036
EventType=4
Type=Information
ComputerName=win-dc-807.attackrange.local
TaskCategory=None
OpCode=The operation completed successfully.
RecordNumber=81996
Keywords=Classic
Message=The wisvc service entered the stopped state.
11/03/2020 03:48:24 PM
LogName=System
SourceName=Microsoft-Windows-Service Control Manager
EventCode=7036
EventType=4
Type=Information
ComputerName=win-dc-807.attackrange.local
TaskCategory=None
OpCode=The operation completed successfully.
RecordNumber=81997
Keywords=Classic
Message=The Update Orchestrator Service for Windows Update service entered the stopped state.
11/03/2020 03:48:32 PM
LogName=System
SourceName=Microsoft-Windows-DistributedCOM
EventCode=10016
EventType=2
Type=Error
ComputerName=win-dc-807.attackrange.local
User=NOT_TRANSLATED
Sid=S-1-5-21-635769498-3620204953-2298246598-500
SidType=0
TaskCategory=None
OpCode=Info
RecordNumber=81998
Keywords=Classic
Message=The application-specific permission settings do not grant Local Activation permission for the COM Server application with CLSID 
{D63B10C5-BB46-4990-A94F-E40B9D520160}
 and APPID 
{9CA88EE3-ACB7-47C8-AFC4-AB702511C276}
 to the user ATTACKRANGE\Administrator SID (S-1-5-21-635769498-3620204953-2298246598-500) from address LocalHost (Using LRPC) running in the application container Unavailable SID (Unavailable). This security permission can be modified using the Component Services administrative tool.
11/03/2020 03:48:41 PM
LogName=System
SourceName=Microsoft-Windows-Service Control Manager
EventCode=7036
EventType=4
Type=Information
ComputerName=win-dc-807.attackrange.local
TaskCategory=None
OpCode=The operation completed successfully.
RecordNumber=81999
Keywords=Classic
Message=The msiserver service entered the running state.
11/03/2020 03:48:42 PM
LogName=System
SourceName=Microsoft-Windows-Service Control Manager
EventCode=7036
EventType=4
Type=Information
ComputerName=win-dc-807.attackrange.local
TaskCategory=None
OpCode=The operation completed successfully.
RecordNumber=82000
Keywords=Classic
Message=The WdiSystemHost service entered the running state.
11/03/2020 03:48:45 PM
LogName=System
SourceName=Microsoft-Windows-Service Control Manager
EventCode=7045
EventType=4
Type=Information
ComputerName=win-dc-807.attackrange.local
User=NOT_TRANSLATED
Sid=S-1-5-18
SidType=0
TaskCategory=None
OpCode=The operation completed successfully.
RecordNumber=82003
Keywords=Classic
Message=A service was installed in the system.

Service Name:  SplunkMonitorNoHandle
Service File Name:  system32\DRIVERS\SplunkMonitorNoHandleDrv.sys
Service Type:  kernel mode driver
Service Start Type:  demand start
Service Account:
11/03/2020 03:48:45 PM
LogName=System
SourceName=Microsoft-Windows-Service Control Manager
EventCode=7045
EventType=4
Type=Information
ComputerName=win-dc-807.attackrange.local
User=NOT_TRANSLATED
Sid=S-1-5-18
SidType=0
TaskCategory=None
OpCode=The operation completed successfully.
RecordNumber=82002
Keywords=Classic
Message=A service was installed in the system.

Service Name:  splknetdrv
Service File Name:  \SystemRoot\system32\DRIVERS\splknetdrv.sys
Service Type:  kernel mode driver
Service Start Type:  demand start
Service Account:
11/03/2020 03:48:45 PM
LogName=System
SourceName=Microsoft-Windows-Service Control Manager
EventCode=7045
EventType=4
Type=Information
ComputerName=win-dc-807.attackrange.local
User=NOT_TRANSLATED
Sid=S-1-5-18
SidType=0
TaskCategory=None
OpCode=The operation completed successfully.
RecordNumber=82001
Keywords=Classic
Message=A service was installed in the system.

Service Name:  Splunk Trace Kernel Mode Driver
Service File Name:  \SystemRoot\system32\DRIVERS\splunkdrv.sys
Service Type:  kernel mode driver
Service Start Type:  demand start
Service Account:
11/03/2020 03:48:49 PM
LogName=System
SourceName=Microsoft-Windows-Service Control Manager
EventCode=7045
EventType=4
Type=Information
ComputerName=win-dc-807.attackrange.local
User=NOT_TRANSLATED
Sid=S-1-5-18
SidType=0
TaskCategory=None
OpCode=The operation completed successfully.
RecordNumber=82004
Keywords=Classic
Message=A service was installed in the system.

Service Name:  SplunkForwarder Service
Service File Name:  "C:\Program Files\SplunkUniversalForwarder\bin\splunkd.exe" service
Service Type:  user mode service
Service Start Type:  auto start
Service Account:  LocalSystem
11/03/2020 03:49:00 PM
LogName=System
SourceName=Microsoft-Windows-Service Control Manager
EventCode=7036
EventType=4
Type=Information
ComputerName=win-dc-807.attackrange.local
TaskCategory=None
OpCode=The operation completed successfully.
RecordNumber=82005
Keywords=Classic
Message=The SplunkForwarder Service service entered the running state.
11/03/2020 03:49:33 PM
LogName=System
SourceName=Microsoft-Windows-Service Control Manager
EventCode=7045
EventType=4
Type=Information
ComputerName=win-dc-807.attackrange.local
User=NOT_TRANSLATED
Sid=S-1-5-18
SidType=0
TaskCategory=None
OpCode=The operation completed successfully.
RecordNumber=82006
Keywords=Classic
Message=A service was installed in the system.

Service Name:  nxlog
Service File Name:  "C:\Program Files (x86)\nxlog\nxlog.exe" -c "C:\Program Files (x86)\nxlog\conf\nxlog.conf"
Service Type:  user mode service
Service Start Type:  auto start
Service Account:  LocalSystem
11/03/2020 03:49:38 PM
LogName=System
SourceName=Microsoft-Windows-Service Control Manager
EventCode=7036
EventType=4
Type=Information
ComputerName=win-dc-807.attackrange.local
TaskCategory=None
OpCode=The operation completed successfully.
RecordNumber=82007
Keywords=Classic
Message=The nxlog service entered the running state.
11/03/2020 03:49:42 PM
LogName=System
SourceName=Microsoft-Windows-Service Control Manager
EventCode=7036
EventType=4
Type=Information
ComputerName=win-dc-807.attackrange.local
TaskCategory=None
OpCode=The operation completed successfully.
RecordNumber=82009
Keywords=Classic
Message=The SplunkForwarder Service service entered the stopped state.
11/03/2020 03:49:42 PM
LogName=System
SourceName=Microsoft-Windows-Service Control Manager
EventCode=7036
EventType=4
Type=Information
ComputerName=win-dc-807.attackrange.local
TaskCategory=None
OpCode=The operation completed successfully.
RecordNumber=82008
Keywords=Classic
Message=The SplunkForwarder Service service entered the stopped state.
11/03/2020 03:49:44 PM
LogName=System
SourceName=Microsoft-Windows-Service Control Manager
EventCode=7036
EventType=4
Type=Information
ComputerName=win-dc-807.attackrange.local
TaskCategory=None
OpCode=The operation completed successfully.
RecordNumber=82011
Keywords=Classic
Message=The Network Setup Service service entered the running state.
11/03/2020 03:49:44 PM
LogName=System
SourceName=Microsoft-Windows-GroupPolicy
EventCode=1129
EventType=2
Type=Error
ComputerName=win-dc-807.attackrange.local
User=NOT_TRANSLATED
Sid=S-1-5-18
SidType=0
TaskCategory=None
OpCode=Info
RecordNumber=82010
Keywords=None
Message=The processing of Group Policy failed because of lack of network connectivity to a domain controller. This may be a transient condition. A success message would be generated once the machine gets connected to the domain controller and Group Policy has successfully processed. If you do not see a success message for several hours, then contact your administrator.
11/03/2020 03:49:50 PM
LogName=System
SourceName=Microsoft-Windows-Service Control Manager
EventCode=7036
EventType=4
Type=Information
ComputerName=win-dc-807.attackrange.local
TaskCategory=None
OpCode=The operation completed successfully.
RecordNumber=82012
Keywords=Classic
Message=The SplunkForwarder Service service entered the running state.
11/03/2020 03:49:52 PM
LogName=System
SourceName=Microsoft-Windows-Service Control Manager
EventCode=7036
EventType=4
Type=Information
ComputerName=win-dc-807.attackrange.local
TaskCategory=None
OpCode=The operation completed successfully.
RecordNumber=82013
Keywords=Classic
Message=The Windows Modules Installer service entered the running state.
11/03/2020 03:49:53 PM
LogName=System
SourceName=Microsoft-Windows-Service Control Manager
EventCode=7040
EventType=4
Type=Information
ComputerName=win-dc-807.attackrange.local
User=NOT_TRANSLATED
Sid=S-1-5-18
SidType=0
TaskCategory=None
OpCode=The operation completed successfully.
RecordNumber=82014
Keywords=Classic
Message=The start type of the Windows Modules Installer service was changed from demand start to auto start.
11/03/2020 03:49:54 PM
LogName=System
SourceName=Microsoft-Windows-Service Control Manager
EventCode=7036
EventType=4
Type=Information
ComputerName=win-dc-807.attackrange.local
TaskCategory=None
OpCode=The operation completed successfully.
RecordNumber=82017
Keywords=Classic
Message=The Microsoft Software Shadow Copy Provider service entered the running state.
11/03/2020 03:49:54 PM
LogName=System
SourceName=Microsoft-Windows-Service Control Manager
EventCode=7036
EventType=4
Type=Information
ComputerName=win-dc-807.attackrange.local
TaskCategory=None
OpCode=The operation completed successfully.
RecordNumber=82016
Keywords=Classic
Message=The Volume Shadow Copy service entered the running state.
11/03/2020 03:49:54 PM
LogName=System
SourceName=Microsoft-Windows-Service Control Manager
EventCode=7040
EventType=4
Type=Information
ComputerName=win-dc-807.attackrange.local
User=NOT_TRANSLATED
Sid=S-1-5-18
SidType=0
TaskCategory=None
OpCode=The operation completed successfully.
RecordNumber=82015
Keywords=Classic
Message=The start type of the Windows Modules Installer service was changed from auto start to demand start.
11/03/2020 03:50:04 PM
LogName=System
SourceName=Microsoft-Windows-Service Control Manager
EventCode=7036
EventType=4
Type=Information
ComputerName=win-dc-807.attackrange.local
TaskCategory=None
OpCode=The operation completed successfully.
RecordNumber=82018
Keywords=Classic
Message=The AppX Deployment Service (AppXSVC) service entered the running state.
11/03/2020 03:50:18 PM
LogName=System
SourceName=Microsoft-Windows-Service Control Manager
EventCode=7036
EventType=4
Type=Information
ComputerName=win-dc-807.attackrange.local
TaskCategory=None
OpCode=The operation completed successfully.
RecordNumber=82022
Keywords=Classic
Message=The sysmon64 service entered the running state.
11/03/2020 03:50:18 PM
LogName=System
SourceName=Microsoft-Windows-FilterManager
EventCode=6
EventType=4
Type=Information
ComputerName=win-dc-807.attackrange.local
User=NOT_TRANSLATED
Sid=S-1-5-18
SidType=0
TaskCategory=None
OpCode=Info
RecordNumber=82021
Keywords=None
Message=File System Filter 'SysmonDrv' (0.0, ‎2020‎-‎10‎-‎12T17:39:59.000000000Z) has successfully loaded and registered with Filter Manager.
11/03/2020 03:50:18 PM
LogName=System
SourceName=Microsoft-Windows-Service Control Manager
EventCode=7045
EventType=4
Type=Information
ComputerName=win-dc-807.attackrange.local
User=NOT_TRANSLATED
Sid=S-1-5-21-635769498-3620204953-2298246598-500
SidType=0
TaskCategory=None
OpCode=The operation completed successfully.
RecordNumber=82020
Keywords=Classic
Message=A service was installed in the system.

Service Name:  SysmonDrv
Service File Name:  C:\Windows\SysmonDrv.sys
Service Type:  kernel mode driver
Service Start Type:  boot start
Service Account:
11/03/2020 03:50:18 PM
LogName=System
SourceName=Microsoft-Windows-Service Control Manager
EventCode=7045
EventType=4
Type=Information
ComputerName=win-dc-807.attackrange.local
User=NOT_TRANSLATED
Sid=S-1-5-21-635769498-3620204953-2298246598-500
SidType=0
TaskCategory=None
OpCode=The operation completed successfully.
RecordNumber=82019
Keywords=Classic
Message=A service was installed in the system.

Service Name:  sysmon64
Service File Name:  C:\Windows\sysmon64.exe
Service Type:  user mode service
Service Start Type:  auto start
Service Account:  LocalSystem
11/03/2020 03:50:24 PM
LogName=System
SourceName=User32
EventCode=1074
EventType=4
Type=Information
ComputerName=win-dc-807.attackrange.local
User=NOT_TRANSLATED
Sid=S-1-5-21-635769498-3620204953-2298246598-500
SidType=0
TaskCategory=None
OpCode=The operation completed successfully.
RecordNumber=82023
Keywords=Classic
Message=The process C:\Windows\system32\shutdown.exe (WIN-DC-807) has initiated the restart of computer WIN-DC-807 on behalf of user ATTACKRANGE\Administrator for the following reason: No title for this reason could be found
 Reason Code: 0x800000ff
 Shutdown Type: restart
 Comment: Reboot initiated by Ansible
11/03/2020 03:50:26 PM
LogName=System
SourceName=Microsoft-Windows-Service Control Manager
EventCode=7036
EventType=4
Type=Information
ComputerName=win-dc-807.attackrange.local
TaskCategory=None
OpCode=The operation completed successfully.
RecordNumber=82026
Keywords=Classic
Message=The Group Policy Client service entered the stopped state.
11/03/2020 03:50:27 PM
LogName=System
SourceName=Microsoft-Windows-Service Control Manager
EventCode=7036
EventType=4
Type=Information
ComputerName=win-dc-807.attackrange.local
TaskCategory=None
OpCode=The operation completed successfully.
RecordNumber=82055
Keywords=Classic
Message=The Volume Shadow Copy service entered the stopped state.
11/03/2020 03:50:27 PM
LogName=System
SourceName=Microsoft-Windows-Service Control Manager
EventCode=7036
EventType=4
Type=Information
ComputerName=win-dc-807.attackrange.local
TaskCategory=None
OpCode=The operation completed successfully.
RecordNumber=82054
Keywords=Classic
Message=The State Repository Service service entered the stopped state.
11/03/2020 03:50:27 PM
LogName=System
SourceName=Microsoft-Windows-Service Control Manager
EventCode=7036
EventType=4
Type=Information
ComputerName=win-dc-807.attackrange.local
TaskCategory=None
OpCode=The operation completed successfully.
RecordNumber=82053
Keywords=Classic
Message=The DHCP Client service entered the stopped state.
11/03/2020 03:50:27 PM
LogName=System
SourceName=Microsoft-Windows-Dhcp-Client
EventCode=50037
EventType=4
Type=Information
ComputerName=win-dc-807.attackrange.local
User=NOT_TRANSLATED
Sid=S-1-5-19
SidType=0
TaskCategory=Service State Event
OpCode=ServiceStop
RecordNumber=82052
Keywords=None
Message=DHCPv4 client service is stopped. ShutDown Flag value is 1
11/03/2020 03:50:27 PM
LogName=System
SourceName=Microsoft-Windows-Service Control Manager
EventCode=7036
EventType=4
Type=Information
ComputerName=win-dc-807.attackrange.local
TaskCategory=None
OpCode=The operation completed successfully.
RecordNumber=82051
Keywords=Classic
Message=The Windows Connection Manager service entered the stopped state.
11/03/2020 03:50:27 PM
LogName=System
SourceName=Microsoft-Windows-DHCPv6-Client
EventCode=51047
EventType=4
Type=Information
ComputerName=win-dc-807.attackrange.local
User=NOT_TRANSLATED
Sid=S-1-5-19
SidType=0
TaskCategory=Service State Event
OpCode=ServiceStop
RecordNumber=82050
Keywords=None
Message=DHCPv6 client service is stopped. ShutDown Flag value is 1
11/03/2020 03:50:27 PM
LogName=System
SourceName=Microsoft-Windows-Service Control Manager
EventCode=7036
EventType=4
Type=Information
ComputerName=win-dc-807.attackrange.local
TaskCategory=None
OpCode=The operation completed successfully.
RecordNumber=82049
Keywords=Classic
Message=The Virtual Disk service entered the stopped state.
11/03/2020 03:50:27 PM
LogName=System
SourceName=Microsoft-Windows-Service Control Manager
EventCode=7036
EventType=4
Type=Information
ComputerName=win-dc-807.attackrange.local
TaskCategory=None
OpCode=The operation completed successfully.
RecordNumber=82048
Keywords=Classic
Message=The Windows Font Cache Service service entered the stopped state.
11/03/2020 03:50:27 PM
LogName=System
SourceName=Microsoft-Windows-Service Control Manager
EventCode=7036
EventType=4
Type=Information
ComputerName=win-dc-807.attackrange.local
TaskCategory=None
OpCode=The operation completed successfully.
RecordNumber=82047
Keywords=Classic
Message=The Windows Management Instrumentation service entered the stopped state.
11/03/2020 03:50:27 PM
LogName=System
SourceName=Microsoft-Windows-Service Control Manager
EventCode=7036
EventType=4
Type=Information
ComputerName=win-dc-807.attackrange.local
TaskCategory=None
OpCode=The operation completed successfully.
RecordNumber=82046
Keywords=Classic
Message=The Device Setup Manager service entered the stopped state.
11/03/2020 03:50:27 PM
LogName=System
SourceName=Microsoft-Windows-Service Control Manager
EventCode=7036
EventType=4
Type=Information
ComputerName=win-dc-807.attackrange.local
TaskCategory=None
OpCode=The operation completed successfully.
RecordNumber=82045
Keywords=Classic
Message=The Diagnostic Policy Service service entered the stopped state.
11/03/2020 03:50:27 PM
LogName=System
SourceName=Microsoft-Windows-Service Control Manager
EventCode=7036
EventType=4
Type=Information
ComputerName=win-dc-807.attackrange.local
TaskCategory=None
OpCode=The operation completed successfully.
RecordNumber=82044
Keywords=Classic
Message=The Distributed Transaction Coordinator service entered the stopped state.
11/03/2020 03:50:27 PM
LogName=System
SourceName=Microsoft-Windows-Service Control Manager
EventCode=7036
EventType=4
Type=Information
ComputerName=win-dc-807.attackrange.local
TaskCategory=None
OpCode=The operation completed successfully.
RecordNumber=82043
Keywords=Classic
Message=The Certificate Propagation service entered the stopped state.
11/03/2020 03:50:27 PM
LogName=System
SourceName=Microsoft-Windows-Service Control Manager
EventCode=7036
EventType=4
Type=Information
ComputerName=win-dc-807.attackrange.local
TaskCategory=None
OpCode=The operation completed successfully.
RecordNumber=82042
Keywords=Classic
Message=The Active Directory Web Services service entered the stopped state.
11/03/2020 03:50:27 PM
LogName=System
SourceName=Microsoft-Windows-Service Control Manager
EventCode=7036
EventType=4
Type=Information
ComputerName=win-dc-807.attackrange.local
TaskCategory=None
OpCode=The operation completed successfully.
RecordNumber=82041
Keywords=Classic
Message=The Windows Time service entered the stopped state.
11/03/2020 03:50:27 PM
LogName=System
SourceName=Microsoft-Windows-Service Control Manager
EventCode=7036
EventType=4
Type=Information
ComputerName=win-dc-807.attackrange.local
TaskCategory=None
OpCode=The operation completed successfully.
RecordNumber=82040
Keywords=Classic
Message=The AppX Deployment Service (AppXSVC) service entered the stopped state.
11/03/2020 03:50:27 PM
LogName=System
SourceName=Microsoft-Windows-Kernel-General
EventCode=1
EventType=4
Type=Information
ComputerName=win-dc-807.attackrange.local
User=NOT_TRANSLATED
Sid=S-1-5-19
SidType=0
TaskCategory=5
OpCode=Info
RecordNumber=82039
Keywords=Time
Message=The system time has changed to ‎2020‎-‎11‎-‎03T15:50:27.918000000Z from ‎2020‎-‎11‎-‎03T15:50:27.926765600Z.

Change Reason: An application or system component changed the time.
11/03/2020 03:50:27 PM
LogName=System
SourceName=Microsoft-Windows-Service Control Manager
EventCode=7036
EventType=4
Type=Information
ComputerName=win-dc-807.attackrange.local
TaskCategory=None
OpCode=The operation completed successfully.
RecordNumber=82038
Keywords=Classic
Message=The Program Compatibility Assistant Service service entered the stopped state.
11/03/2020 03:50:27 PM
LogName=System
SourceName=Microsoft-Windows-Service Control Manager
EventCode=7036
EventType=4
Type=Information
ComputerName=win-dc-807.attackrange.local
TaskCategory=None
OpCode=The operation completed successfully.
RecordNumber=82037
Keywords=Classic
Message=The Microsoft Software Shadow Copy Provider service entered the stopped state.
11/03/2020 03:50:27 PM
LogName=System
SourceName=Microsoft-Windows-Service Control Manager
EventCode=7036
EventType=4
Type=Information
ComputerName=win-dc-807.attackrange.local
TaskCategory=None
OpCode=The operation completed successfully.
RecordNumber=82036
Keywords=Classic
Message=The Windows Installer service entered the stopped state.
11/03/2020 03:50:27 PM
LogName=System
SourceName=Microsoft-Windows-Service Control Manager
EventCode=7036
EventType=4
Type=Information
ComputerName=win-dc-807.attackrange.local
TaskCategory=None
OpCode=The operation completed successfully.
RecordNumber=82035
Keywords=Classic
Message=The AWS Lite Guest Agent service entered the stopped state.
11/03/2020 03:50:27 PM
LogName=System
SourceName=Microsoft-Windows-Service Control Manager
EventCode=7036
EventType=4
Type=Information
ComputerName=win-dc-807.attackrange.local
TaskCategory=None
OpCode=The operation completed successfully.
RecordNumber=82034
Keywords=Classic
Message=The Amazon SSM Agent service entered the stopped state.
11/03/2020 03:50:27 PM
LogName=System
SourceName=Microsoft-Windows-Service Control Manager
EventCode=7036
EventType=4
Type=Information
ComputerName=win-dc-807.attackrange.local
TaskCategory=None
OpCode=The operation completed successfully.
RecordNumber=82033
Keywords=Classic
Message=The Diagnostic System Host service entered the stopped state.
11/03/2020 03:50:27 PM
LogName=System
SourceName=Microsoft-Windows-Service Control Manager
EventCode=7036
EventType=4
Type=Information
ComputerName=win-dc-807.attackrange.local
TaskCategory=None
OpCode=The operation completed successfully.
RecordNumber=82032
Keywords=Classic
Message=The IPsec Policy Agent service entered the stopped state.
11/03/2020 03:50:27 PM
LogName=System
SourceName=Microsoft-Windows-Service Control Manager
EventCode=7036
EventType=4
Type=Information
ComputerName=win-dc-807.attackrange.local
TaskCategory=None
OpCode=The operation completed successfully.
RecordNumber=82031
Keywords=Classic
Message=The Remote Desktop Services UserMode Port Redirector service entered the stopped state.
11/03/2020 03:50:27 PM
LogName=System
SourceName=Microsoft-Windows-Service Control Manager
EventCode=7036
EventType=4
Type=Information
ComputerName=win-dc-807.attackrange.local
TaskCategory=None
OpCode=The operation completed successfully.
RecordNumber=82030
Keywords=Classic
Message=The Plug and Play service entered the stopped state.
11/03/2020 03:50:27 PM
LogName=System
SourceName=Microsoft-Windows-Service Control Manager
EventCode=7036
EventType=4
Type=Information
ComputerName=win-dc-807.attackrange.local
TaskCategory=None
OpCode=The operation completed successfully.
RecordNumber=82029
Keywords=Classic
Message=The User Access Logging Service service entered the stopped state.
11/03/2020 03:50:27 PM
LogName=System
SourceName=Microsoft-Windows-Service Control Manager
EventCode=7036
EventType=4
Type=Information
ComputerName=win-dc-807.attackrange.local
TaskCategory=None
OpCode=The operation completed successfully.
RecordNumber=82028
Keywords=Classic
Message=The Tile Data model server service entered the stopped state.
11/03/2020 03:50:27 PM
LogName=System
SourceName=Microsoft-Windows-Service Control Manager
EventCode=7036
EventType=4
Type=Information
ComputerName=win-dc-807.attackrange.local
TaskCategory=None
OpCode=The operation completed successfully.
RecordNumber=82027
Keywords=Classic
Message=The Windows Modules Installer service entered the stopped state.
11/03/2020 03:50:27 PM
LogName=System
SourceName=EventLog
EventCode=6006
EventType=4
Type=Information
ComputerName=win-dc-807.attackrange.local
TaskCategory=None
OpCode=None
RecordNumber=82025
Keywords=Classic
Message=The Event log service was stopped.
11/03/2020 03:50:27 PM
LogName=System
SourceName=Microsoft-Windows-Windows Remote Management
EventCode=10149
EventType=3
Type=Warning
ComputerName=win-dc-807.attackrange.local
TaskCategory=None
OpCode=Info
RecordNumber=82024
Keywords=Classic
Message=The WinRM service is not listening for WS-Management requests. 

 User Action 
 If you did not intentionally stop the service, use the following command to see the WinRM configuration: 

 winrm enumerate winrm/config/listener
11/03/2020 03:50:28 PM
LogName=System
SourceName=Microsoft-Windows-Service Control Manager
EventCode=7036
EventType=4
Type=Information
ComputerName=win-dc-807.attackrange.local
TaskCategory=None
OpCode=The operation completed successfully.
RecordNumber=82065
Keywords=Classic
Message=The nxlog service entered the stopped state.
11/03/2020 03:50:28 PM
LogName=System
SourceName=Microsoft-Windows-Service Control Manager
EventCode=7036
EventType=4
Type=Information
ComputerName=win-dc-807.attackrange.local
TaskCategory=None
OpCode=The operation completed successfully.
RecordNumber=82064
Keywords=Classic
Message=The DFS Replication service entered the stopped state.
11/03/2020 03:50:28 PM
LogName=System
SourceName=Microsoft-Windows-Service Control Manager
EventCode=7036
EventType=4
Type=Information
ComputerName=win-dc-807.attackrange.local
TaskCategory=None
OpCode=The operation completed successfully.
RecordNumber=82063
Keywords=Classic
Message=The Task Scheduler service entered the stopped state.
11/03/2020 03:50:28 PM
LogName=System
SourceName=Microsoft-Windows-Service Control Manager
EventCode=7036
EventType=4
Type=Information
ComputerName=win-dc-807.attackrange.local
TaskCategory=None
OpCode=The operation completed successfully.
RecordNumber=82062
Keywords=Classic
Message=The Cryptographic Services service entered the stopped state.
11/03/2020 03:50:28 PM
LogName=System
SourceName=Microsoft-Windows-Service Control Manager
EventCode=7036
EventType=4
Type=Information
ComputerName=win-dc-807.attackrange.local
TaskCategory=None
OpCode=The operation completed successfully.
RecordNumber=82061
Keywords=Classic
Message=The Windows Remote Management (WS-Management) service entered the stopped state.
11/03/2020 03:50:28 PM
LogName=System
SourceName=Microsoft-Windows-Service Control Manager
EventCode=7036
EventType=4
Type=Information
ComputerName=win-dc-807.attackrange.local
TaskCategory=None
OpCode=The operation completed successfully.
RecordNumber=82060
Keywords=Classic
Message=The DNS Server service entered the stopped state.
11/03/2020 03:50:28 PM
LogName=System
SourceName=Microsoft-Windows-Service Control Manager
EventCode=7036
EventType=4
Type=Information
ComputerName=win-dc-807.attackrange.local
TaskCategory=None
OpCode=The operation completed successfully.
RecordNumber=82059
Keywords=Classic
Message=The Remote Desktop Services service entered the stopped state.
11/03/2020 03:50:28 PM
LogName=System
SourceName=Microsoft-Windows-Service Control Manager
EventCode=7036
EventType=4
Type=Information
ComputerName=win-dc-807.attackrange.local
TaskCategory=None
OpCode=The operation completed successfully.
RecordNumber=82058
Keywords=Classic
Message=The User Profile Service service entered the stopped state.
11/03/2020 03:50:28 PM
LogName=System
SourceName=Microsoft-Windows-Service Control Manager
EventCode=7036
EventType=4
Type=Information
ComputerName=win-dc-807.attackrange.local
TaskCategory=None
OpCode=The operation completed successfully.
RecordNumber=82057
Keywords=Classic
Message=The Intersite Messaging service entered the stopped state.
11/03/2020 03:50:28 PM
LogName=System
SourceName=Microsoft-Windows-Service Control Manager
EventCode=7036
EventType=4
Type=Information
ComputerName=win-dc-807.attackrange.local
TaskCategory=None
OpCode=The operation completed successfully.
RecordNumber=82056
Keywords=Classic
Message=The Windows Event Log service entered the stopped state.
11/03/2020 03:50:29 PM
LogName=System
SourceName=Microsoft-Windows-Service Control Manager
EventCode=7036
EventType=4
Type=Information
ComputerName=win-dc-807.attackrange.local
TaskCategory=None
OpCode=The operation completed successfully.
RecordNumber=82072
Keywords=Classic
Message=The Active Directory Domain Services service entered the stopped state.
11/03/2020 03:50:29 PM
LogName=System
SourceName=Microsoft-Windows-Service Control Manager
EventCode=7036
EventType=4
Type=Information
ComputerName=win-dc-807.attackrange.local
TaskCategory=None
OpCode=The operation completed successfully.
RecordNumber=82068
Keywords=Classic
Message=The SplunkForwarder Service service entered the stopped state.
11/03/2020 03:50:29 PM
LogName=System
SourceName=Microsoft-Windows-Service Control Manager
EventCode=7036
EventType=4
Type=Information
ComputerName=win-dc-807.attackrange.local
TaskCategory=None
OpCode=The operation completed successfully.
RecordNumber=82067
Keywords=Classic
Message=The SplunkForwarder Service service entered the stopped state.
11/03/2020 03:50:29 PM
LogName=System
SourceName=Microsoft-Windows-DNS Client Events
EventCode=1014
EventType=3
Type=Warning
ComputerName=win-dc-807.attackrange.local
User=NOT_TRANSLATED
Sid=S-1-5-20
SidType=0
TaskCategory=1014
OpCode=Info
RecordNumber=82066
Keywords=None
Message=Name resolution for the name 255.1.0.10.in-addr.arpa. timed out after none of the configured DNS servers responded.
11/03/2020 03:50:32 PM
LogName=System
SourceName=Microsoft-Windows-Kernel-Power
EventCode=109
EventType=4
Type=Information
ComputerName=win-dc-807.attackrange.local
TaskCategory=103
OpCode=Info
RecordNumber=82073
Keywords=None
Message=The kernel power manager has initiated a shutdown transition.

Shutdown Reason: Kernel API
11/03/2020 03:50:33 PM
LogName=System
SourceName=Microsoft-Windows-Kernel-General
EventCode=13
EventType=4
Type=Information
ComputerName=win-dc-807.attackrange.local
TaskCategory=2
OpCode=Info
RecordNumber=82074
Keywords=None
Message=The operating system is shutting down at system time ‎2020‎-‎11‎-‎03T15:50:33.397480900Z.
11/03/2020 03:50:53 PM
LogName=System
SourceName=Microsoft-Windows-Kernel-Boot
EventCode=32
EventType=4
Type=Information
ComputerName=win-dc-807.attackrange.local
User=NOT_TRANSLATED
Sid=S-1-5-18
SidType=0
TaskCategory=None
OpCode=Info
RecordNumber=82081
Keywords=None
Message=The bootmgr spent 0 ms waiting for user input.
11/03/2020 03:50:53 PM
LogName=System
SourceName=Microsoft-Windows-Kernel-Boot
EventCode=18
EventType=4
Type=Information
ComputerName=win-dc-807.attackrange.local
User=NOT_TRANSLATED
Sid=S-1-5-18
SidType=0
TaskCategory=None
OpCode=Info
RecordNumber=82080
Keywords=None
Message=There are 0x1 boot options on this system.
11/03/2020 03:50:53 PM
LogName=System
SourceName=Microsoft-Windows-Kernel-Boot
EventCode=25
EventType=4
Type=Information
ComputerName=win-dc-807.attackrange.local
User=NOT_TRANSLATED
Sid=S-1-5-18
SidType=0
TaskCategory=32
OpCode=Info
RecordNumber=82079
Keywords=None
Message=The boot menu policy was 0x0.
11/03/2020 03:50:53 PM
LogName=System
SourceName=Microsoft-Windows-Kernel-Boot
EventCode=27
EventType=4
Type=Information
ComputerName=win-dc-807.attackrange.local
User=NOT_TRANSLATED
Sid=S-1-5-18
SidType=0
TaskCategory=33
OpCode=Info
RecordNumber=82078
Keywords=None
Message=The boot type was 0x0.
11/03/2020 03:50:53 PM
LogName=System
SourceName=Microsoft-Windows-Kernel-Boot
EventCode=20
EventType=4
Type=Information
ComputerName=win-dc-807.attackrange.local
User=NOT_TRANSLATED
Sid=S-1-5-18
SidType=0
TaskCategory=31
OpCode=Info
RecordNumber=82077
Keywords=None
Message=The last shutdown's success status was true. The last boot's success status was true.
11/03/2020 03:50:53 PM
LogName=System
SourceName=Microsoft-Windows-Kernel-Boot
EventCode=153
EventType=4
Type=Information
ComputerName=win-dc-807.attackrange.local
User=NOT_TRANSLATED
Sid=S-1-5-18
SidType=0
TaskCategory=None
OpCode=Info
RecordNumber=82076
Keywords=None
Message=The Virtualization Based Security (policies: 0) is disabled with status STATUS_SUCCESS.
11/03/2020 03:50:53 PM
LogName=System
SourceName=Microsoft-Windows-Kernel-General
EventCode=12
EventType=4
Type=Information
ComputerName=win-dc-807.attackrange.local
User=NOT_TRANSLATED
Sid=S-1-5-18
SidType=0
TaskCategory=1
OpCode=Info
RecordNumber=82075
Keywords=None
Message=The operating system started at system time ‎2020‎-‎11‎-‎03T15:50:53.494217000Z.
11/03/2020 03:50:57 PM
LogName=System
SourceName=Microsoft-Windows-Kernel-Processor-Power
EventCode=55
EventType=4
Type=Information
ComputerName=win-dc-807.attackrange.local
User=NOT_TRANSLATED
Sid=S-1-5-18
SidType=0
TaskCategory=47
OpCode=Info
RecordNumber=82097
Keywords=None
Message=Processor 7 in group 0 exposes the following power management capabilities:

Idle state type: ACPI Idle (C) States (1 state(s))

Performance state type: None
Nominal Frequency (MHz): 2400
Maximum performance percentage: 100
Minimum performance percentage: 100
Minimum throttle percentage: 100
11/03/2020 03:50:57 PM
LogName=System
SourceName=Microsoft-Windows-Kernel-Processor-Power
EventCode=55
EventType=4
Type=Information
ComputerName=win-dc-807.attackrange.local
User=NOT_TRANSLATED
Sid=S-1-5-18
SidType=0
TaskCategory=47
OpCode=Info
RecordNumber=82096
Keywords=None
Message=Processor 6 in group 0 exposes the following power management capabilities:

Idle state type: ACPI Idle (C) States (1 state(s))

Performance state type: None
Nominal Frequency (MHz): 2400
Maximum performance percentage: 100
Minimum performance percentage: 100
Minimum throttle percentage: 100
11/03/2020 03:50:57 PM
LogName=System
SourceName=Microsoft-Windows-Kernel-Processor-Power
EventCode=55
EventType=4
Type=Information
ComputerName=win-dc-807.attackrange.local
User=NOT_TRANSLATED
Sid=S-1-5-18
SidType=0
TaskCategory=47
OpCode=Info
RecordNumber=82095
Keywords=None
Message=Processor 5 in group 0 exposes the following power management capabilities:

Idle state type: ACPI Idle (C) States (1 state(s))

Performance state type: None
Nominal Frequency (MHz): 2400
Maximum performance percentage: 100
Minimum performance percentage: 100
Minimum throttle percentage: 100
11/03/2020 03:50:57 PM
LogName=System
SourceName=Microsoft-Windows-Kernel-Processor-Power
EventCode=55
EventType=4
Type=Information
ComputerName=win-dc-807.attackrange.local
User=NOT_TRANSLATED
Sid=S-1-5-18
SidType=0
TaskCategory=47
OpCode=Info
RecordNumber=82094
Keywords=None
Message=Processor 4 in group 0 exposes the following power management capabilities:

Idle state type: ACPI Idle (C) States (1 state(s))

Performance state type: None
Nominal Frequency (MHz): 2400
Maximum performance percentage: 100
Minimum performance percentage: 100
Minimum throttle percentage: 100
11/03/2020 03:50:57 PM
LogName=System
SourceName=Microsoft-Windows-Kernel-Processor-Power
EventCode=55
EventType=4
Type=Information
ComputerName=win-dc-807.attackrange.local
User=NOT_TRANSLATED
Sid=S-1-5-18
SidType=0
TaskCategory=47
OpCode=Info
RecordNumber=82093
Keywords=None
Message=Processor 3 in group 0 exposes the following power management capabilities:

Idle state type: ACPI Idle (C) States (1 state(s))

Performance state type: None
Nominal Frequency (MHz): 2400
Maximum performance percentage: 100
Minimum performance percentage: 100
Minimum throttle percentage: 100
11/03/2020 03:50:57 PM
LogName=System
SourceName=Microsoft-Windows-Kernel-Processor-Power
EventCode=55
EventType=4
Type=Information
ComputerName=win-dc-807.attackrange.local
User=NOT_TRANSLATED
Sid=S-1-5-18
SidType=0
TaskCategory=47
OpCode=Info
RecordNumber=82092
Keywords=None
Message=Processor 2 in group 0 exposes the following power management capabilities:

Idle state type: ACPI Idle (C) States (1 state(s))

Performance state type: None
Nominal Frequency (MHz): 2400
Maximum performance percentage: 100
Minimum performance percentage: 100
Minimum throttle percentage: 100
11/03/2020 03:50:57 PM
LogName=System
SourceName=Microsoft-Windows-Kernel-Processor-Power
EventCode=55
EventType=4
Type=Information
ComputerName=win-dc-807.attackrange.local
User=NOT_TRANSLATED
Sid=S-1-5-18
SidType=0
TaskCategory=47
OpCode=Info
RecordNumber=82091
Keywords=None
Message=Processor 1 in group 0 exposes the following power management capabilities:

Idle state type: ACPI Idle (C) States (1 state(s))

Performance state type: None
Nominal Frequency (MHz): 2400
Maximum performance percentage: 100
Minimum performance percentage: 100
Minimum throttle percentage: 100
11/03/2020 03:50:57 PM
LogName=System
SourceName=Microsoft-Windows-Kernel-Processor-Power
EventCode=55
EventType=4
Type=Information
ComputerName=win-dc-807.attackrange.local
User=NOT_TRANSLATED
Sid=S-1-5-18
SidType=0
TaskCategory=47
OpCode=Info
RecordNumber=82090
Keywords=None
Message=Processor 0 in group 0 exposes the following power management capabilities:

Idle state type: ACPI Idle (C) States (1 state(s))

Performance state type: None
Nominal Frequency (MHz): 2400
Maximum performance percentage: 100
Minimum performance percentage: 100
Minimum throttle percentage: 100
11/03/2020 03:50:57 PM
LogName=System
SourceName=Microsoft-Windows-Kernel-Power
EventCode=172
EventType=4
Type=Information
ComputerName=win-dc-807.attackrange.local
User=NOT_TRANSLATED
Sid=S-1-5-18
SidType=0
TaskCategory=203
OpCode=Info
RecordNumber=82089
Keywords=None
Message=Connectivity state in standby: Disconnected, Reason: NIC compliance
11/03/2020 03:50:57 PM
LogName=System
SourceName=Microsoft-Windows-FilterManager
EventCode=6
EventType=4
Type=Information
ComputerName=win-dc-807.attackrange.local
User=NOT_TRANSLATED
Sid=S-1-5-18
SidType=0
TaskCategory=None
OpCode=Info
RecordNumber=82088
Keywords=None
Message=File System Filter 'npsvctrig' (10.0, ‎2016‎-‎07‎-‎16T02:28:33.000000000Z) has successfully loaded and registered with Filter Manager.
11/03/2020 03:50:57 PM
LogName=System
SourceName=Microsoft-Windows-FilterManager
EventCode=6
EventType=4
Type=Information
ComputerName=win-dc-807.attackrange.local
User=NOT_TRANSLATED
Sid=S-1-5-18
SidType=0
TaskCategory=None
OpCode=Info
RecordNumber=82087
Keywords=None
Message=File System Filter 'DfsDriver' (10.0, ‎2016‎-‎07‎-‎16T02:21:37.000000000Z) has successfully loaded and registered with Filter Manager.
11/03/2020 03:50:57 PM
LogName=System
SourceName=Microsoft-Windows-FilterManager
EventCode=6
EventType=4
Type=Information
ComputerName=win-dc-807.attackrange.local
User=NOT_TRANSLATED
Sid=S-1-5-18
SidType=0
TaskCategory=None
OpCode=Info
RecordNumber=82086
Keywords=None
Message=File System Filter 'FileCrypt' (10.0, ‎2018‎-‎08‎-‎30T20:44:27.000000000Z) has successfully loaded and registered with Filter Manager.
11/03/2020 03:50:57 PM
LogName=System
SourceName=Microsoft-Windows-Ntfs
EventCode=98
EventType=4
Type=Information
ComputerName=win-dc-807.attackrange.local
User=NOT_TRANSLATED
Sid=S-1-5-18
SidType=0
TaskCategory=None
OpCode=Info
RecordNumber=82085
Keywords=None
Message=Volume C: (\Device\HarddiskVolume1) is healthy.  No action is needed.
11/03/2020 03:50:57 PM
LogName=System
SourceName=Microsoft-Windows-FilterManager
EventCode=6
EventType=4
Type=Information
ComputerName=win-dc-807.attackrange.local
User=NOT_TRANSLATED
Sid=S-1-5-18
SidType=0
TaskCategory=None
OpCode=Info
RecordNumber=82084
Keywords=None
Message=File System Filter 'SysmonDrv' (0.0, ‎2020‎-‎10‎-‎12T17:39:59.000000000Z) has successfully loaded and registered with Filter Manager.
11/03/2020 03:50:57 PM
LogName=System
SourceName=Microsoft-Windows-FilterManager
EventCode=6
EventType=4
Type=Information
ComputerName=win-dc-807.attackrange.local
User=NOT_TRANSLATED
Sid=S-1-5-18
SidType=0
TaskCategory=None
OpCode=Info
RecordNumber=82083
Keywords=None
Message=File System Filter 'DfsrRo' (10.0, ‎2016‎-‎07‎-‎16T02:20:37.000000000Z) has successfully loaded and registered with Filter Manager.
11/03/2020 03:50:57 PM
LogName=System
SourceName=Microsoft-Windows-FilterManager
EventCode=6
EventType=4
Type=Information
ComputerName=win-dc-807.attackrange.local
User=NOT_TRANSLATED
Sid=S-1-5-18
SidType=0
TaskCategory=None
OpCode=Info
RecordNumber=82082
Keywords=None
Message=File System Filter 'Wof' (10.0, ‎2019‎-‎09‎-‎29T22:52:46.000000000Z) has successfully loaded and registered with Filter Manager.
11/03/2020 03:50:58 PM
LogName=System
SourceName=Microsoft-Windows-Wininit
EventCode=14
EventType=4
Type=Information
ComputerName=win-dc-807.attackrange.local
User=NOT_TRANSLATED
Sid=S-1-5-18
SidType=0
TaskCategory=None
OpCode=Info
RecordNumber=82098
Keywords=None
Message=Credential Guard (LsaIso.exe) configuration: 0x0, 0
11/03/2020 03:50:59 PM
LogName=System
SourceName=Microsoft-Windows-Directory-Services-SAM
EventCode=16962
EventType=4
Type=Information
ComputerName=win-dc-807.attackrange.local
User=NOT_TRANSLATED
Sid=S-1-5-18
SidType=0
TaskCategory=None
OpCode=Info
RecordNumber=82099
Keywords=None
Message=Remote calls to the SAM database are being restricted using the default security descriptor: .
For more information please see http://go.microsoft.com/fwlink/?LinkId=787651.
11/03/2020 03:51:00 PM
LogName=System
SourceName=Microsoft-Windows-Service Control Manager
EventCode=7036
EventType=4
Type=Information
ComputerName=win-dc-807.attackrange.local
TaskCategory=None
OpCode=The operation completed successfully.
RecordNumber=82149
Keywords=Classic
Message=The MpsSvc service entered the running state.
11/03/2020 03:51:00 PM
LogName=System
SourceName=Microsoft-Windows-Service Control Manager
EventCode=7036
EventType=4
Type=Information
ComputerName=win-dc-807.attackrange.local
TaskCategory=None
OpCode=The operation completed successfully.
RecordNumber=82148
Keywords=Classic
Message=The UserManager service entered the running state.
11/03/2020 03:51:00 PM
LogName=System
SourceName=Microsoft-Windows-Service Control Manager
EventCode=7036
EventType=4
Type=Information
ComputerName=win-dc-807.attackrange.local
TaskCategory=None
OpCode=The operation completed successfully.
RecordNumber=82147
Keywords=Classic
Message=The TimeBrokerSvc service entered the running state.
11/03/2020 03:51:00 PM
LogName=System
SourceName=Microsoft-Windows-Service Control Manager
EventCode=7036
EventType=4
Type=Information
ComputerName=win-dc-807.attackrange.local
TaskCategory=None
OpCode=The operation completed successfully.
RecordNumber=82146
Keywords=Classic
Message=The NcaSvc service entered the stopped state.
11/03/2020 03:51:00 PM
LogName=System
SourceName=Microsoft-Windows-Service Control Manager
EventCode=7036
EventType=4
Type=Information
ComputerName=win-dc-807.attackrange.local
TaskCategory=None
OpCode=The operation completed successfully.
RecordNumber=82145
Keywords=Classic
Message=The iphlpsvc service entered the running state.
11/03/2020 03:51:00 PM
LogName=System
SourceName=Microsoft-Windows-Service Control Manager
EventCode=7036
EventType=4
Type=Information
ComputerName=win-dc-807.attackrange.local
TaskCategory=None
OpCode=The operation completed successfully.
RecordNumber=82144
Keywords=Classic
Message=The SessionEnv service entered the running state.
11/03/2020 03:51:00 PM
LogName=System
SourceName=Microsoft-Windows-Service Control Manager
EventCode=7036
EventType=4
Type=Information
ComputerName=win-dc-807.attackrange.local
TaskCategory=None
OpCode=The operation completed successfully.
RecordNumber=82143
Keywords=Classic
Message=The Winmgmt service entered the running state.
11/03/2020 03:51:00 PM
LogName=System
SourceName=Microsoft-Windows-Service Control Manager
EventCode=7036
EventType=4
Type=Information
ComputerName=win-dc-807.attackrange.local
TaskCategory=None
OpCode=The operation completed successfully.
RecordNumber=82142
Keywords=Classic
Message=The Kdc service entered the running state.
11/03/2020 03:51:00 PM
LogName=System
SourceName=Microsoft-Windows-Service Control Manager
EventCode=7036
EventType=4
Type=Information
ComputerName=win-dc-807.attackrange.local
TaskCategory=None
OpCode=The operation completed successfully.
RecordNumber=82141
Keywords=Classic
Message=The CertPropSvc service entered the running state.
