11/03/2020 02:57:52 PM
LogName=System
SourceName=Microsoft-Windows-Service Control Manager
EventCode=7036
EventType=4
Type=Information
ComputerName=EC2AMAZ-H0SHIJ3
TaskCategory=None
OpCode=The operation completed successfully.
RecordNumber=81302
Keywords=Classic
Message=The Windows Management Instrumentation service entered the stopped state.
11/03/2020 02:57:52 PM
LogName=System
SourceName=Microsoft-Windows-Service Control Manager
EventCode=7036
EventType=4
Type=Information
ComputerName=EC2AMAZ-H0SHIJ3
TaskCategory=None
OpCode=The operation completed successfully.
RecordNumber=81301
Keywords=Classic
Message=The AppX Deployment Service (AppXSVC) service entered the stopped state.
11/03/2020 02:57:52 PM
LogName=System
SourceName=Microsoft-Windows-Service Control Manager
EventCode=7036
EventType=4
Type=Information
ComputerName=EC2AMAZ-H0SHIJ3
TaskCategory=None
OpCode=The operation completed successfully.
RecordNumber=81300
Keywords=Classic
Message=The Distributed Link Tracking Client service entered the stopped state.
11/03/2020 02:57:52 PM
LogName=System
SourceName=Microsoft-Windows-Service Control Manager
EventCode=7036
EventType=4
Type=Information
ComputerName=EC2AMAZ-H0SHIJ3
TaskCategory=None
OpCode=The operation completed successfully.
RecordNumber=81299
Keywords=Classic
Message=The Software Protection service entered the stopped state.
11/03/2020 02:57:52 PM
LogName=System
SourceName=Microsoft-Windows-Service Control Manager
EventCode=7036
EventType=4
Type=Information
ComputerName=EC2AMAZ-H0SHIJ3
TaskCategory=None
OpCode=The operation completed successfully.
RecordNumber=81298
Keywords=Classic
Message=The Windows Font Cache Service service entered the stopped state.
11/03/2020 02:57:52 PM
LogName=System
SourceName=Microsoft-Windows-Service Control Manager
EventCode=7036
EventType=4
Type=Information
ComputerName=EC2AMAZ-H0SHIJ3
TaskCategory=None
OpCode=The operation completed successfully.
RecordNumber=81297
Keywords=Classic
Message=The Device Install Service service entered the stopped state.
11/03/2020 02:57:52 PM
LogName=System
SourceName=Microsoft-Windows-Service Control Manager
EventCode=7036
EventType=4
Type=Information
ComputerName=EC2AMAZ-H0SHIJ3
TaskCategory=None
OpCode=The operation completed successfully.
RecordNumber=81296
Keywords=Classic
Message=The Device Setup Manager service entered the stopped state.
11/03/2020 02:57:52 PM
LogName=System
SourceName=Microsoft-Windows-Service Control Manager
EventCode=7036
EventType=4
Type=Information
ComputerName=EC2AMAZ-H0SHIJ3
TaskCategory=None
OpCode=The operation completed successfully.
RecordNumber=81295
Keywords=Classic
Message=The AWS Lite Guest Agent service entered the stopped state.
11/03/2020 02:57:52 PM
LogName=System
SourceName=Microsoft-Windows-Service Control Manager
EventCode=7036
EventType=4
Type=Information
ComputerName=EC2AMAZ-H0SHIJ3
TaskCategory=None
OpCode=The operation completed successfully.
RecordNumber=81294
Keywords=Classic
Message=The Windows Time service entered the stopped state.
11/03/2020 02:57:52 PM
LogName=System
SourceName=Microsoft-Windows-Service Control Manager
EventCode=7036
EventType=4
Type=Information
ComputerName=EC2AMAZ-H0SHIJ3
TaskCategory=None
OpCode=The operation completed successfully.
RecordNumber=81293
Keywords=Classic
Message=The Plug and Play service entered the stopped state.
11/03/2020 02:57:52 PM
LogName=System
SourceName=Microsoft-Windows-Service Control Manager
EventCode=7036
EventType=4
Type=Information
ComputerName=EC2AMAZ-H0SHIJ3
TaskCategory=None
OpCode=The operation completed successfully.
RecordNumber=81292
Keywords=Classic
Message=The Tile Data model server service entered the stopped state.
11/03/2020 02:57:52 PM
LogName=System
SourceName=Microsoft-Windows-Service Control Manager
EventCode=7036
EventType=4
Type=Information
ComputerName=EC2AMAZ-H0SHIJ3
TaskCategory=None
OpCode=The operation completed successfully.
RecordNumber=81291
Keywords=Classic
Message=The Group Policy Client service entered the stopped state.
11/03/2020 02:57:52 PM
LogName=System
SourceName=User32
EventCode=1074
EventType=4
Type=Information
ComputerName=EC2AMAZ-H0SHIJ3
User=NOT_TRANSLATED
Sid=S-1-5-18
SidType=0
TaskCategory=None
OpCode=The operation completed successfully.
RecordNumber=81290
Keywords=Classic
Message=The process C:\Windows\system32\winlogon.exe (EC2AMAZ-H0SHIJ3) has initiated the restart of computer WIN-UOP8L9IFMSK on behalf of user NT AUTHORITY\SYSTEM for the following reason: Operating System: Upgrade (Planned)
 Reason Code: 0x80020003
 Shutdown Type: restart
 Comment:
11/03/2020 02:57:52 PM
LogName=System
SourceName=Microsoft-Windows-Setup
EventCode=2004
EventType=4
Type=Information
ComputerName=EC2AMAZ-H0SHIJ3
User=NOT_TRANSLATED
Sid=S-1-5-18
SidType=0
TaskCategory=OS information
OpCode=Info
RecordNumber=81289
Keywords=None
Message=Successfully logged OS information
11/03/2020 02:57:52 PM
LogName=System
SourceName=EventLog
EventCode=6006
EventType=4
Type=Information
ComputerName=EC2AMAZ-H0SHIJ3
TaskCategory=None
OpCode=None
RecordNumber=81288
Keywords=Classic
Message=The Event log service was stopped.
11/03/2020 02:57:52 PM
LogName=System
SourceName=Microsoft-Windows-Windows Remote Management
EventCode=10149
EventType=3
Type=Warning
ComputerName=EC2AMAZ-H0SHIJ3
TaskCategory=None
OpCode=Info
RecordNumber=81287
Keywords=Classic
Message=The WinRM service is not listening for WS-Management requests. 

 User Action 
 If you did not intentionally stop the service, use the following command to see the WinRM configuration: 

 winrm enumerate winrm/config/listener
11/03/2020 02:57:53 PM
LogName=System
SourceName=Microsoft-Windows-Kernel-Power
EventCode=109
EventType=4
Type=Information
ComputerName=EC2AMAZ-N0JSFD5
TaskCategory=103
OpCode=Info
RecordNumber=81324
Keywords=None
Message=The kernel power manager has initiated a shutdown transition.

Shutdown Reason: Kernel API
11/03/2020 02:57:54 PM
LogName=System
SourceName=Microsoft-Windows-Kernel-General
EventCode=13
EventType=4
Type=Information
ComputerName=EC2AMAZ-N0JSFD5
TaskCategory=2
OpCode=Info
RecordNumber=81325
Keywords=None
Message=The operating system is shutting down at system time ‎2020‎-‎11‎-‎03T14:57:54.175282500Z.
11/03/2020 02:58:12 PM
LogName=System
SourceName=Microsoft-Windows-Kernel-Boot
EventCode=32
EventType=4
Type=Information
ComputerName=EC2AMAZ-N0JSFD5
User=NOT_TRANSLATED
Sid=S-1-5-18
SidType=0
TaskCategory=None
OpCode=Info
RecordNumber=81332
Keywords=None
Message=The bootmgr spent 0 ms waiting for user input.
11/03/2020 02:58:12 PM
LogName=System
SourceName=Microsoft-Windows-Kernel-Boot
EventCode=18
EventType=4
Type=Information
ComputerName=EC2AMAZ-N0JSFD5
User=NOT_TRANSLATED
Sid=S-1-5-18
SidType=0
TaskCategory=None
OpCode=Info
RecordNumber=81331
Keywords=None
Message=There are 0x1 boot options on this system.
11/03/2020 02:58:12 PM
LogName=System
SourceName=Microsoft-Windows-Kernel-Boot
EventCode=25
EventType=4
Type=Information
ComputerName=EC2AMAZ-N0JSFD5
User=NOT_TRANSLATED
Sid=S-1-5-18
SidType=0
TaskCategory=32
OpCode=Info
RecordNumber=81330
Keywords=None
Message=The boot menu policy was 0x0.
11/03/2020 02:58:12 PM
LogName=System
SourceName=Microsoft-Windows-Kernel-Boot
EventCode=27
EventType=4
Type=Information
ComputerName=EC2AMAZ-N0JSFD5
User=NOT_TRANSLATED
Sid=S-1-5-18
SidType=0
TaskCategory=33
OpCode=Info
RecordNumber=81329
Keywords=None
Message=The boot type was 0x0.
11/03/2020 02:58:12 PM
LogName=System
SourceName=Microsoft-Windows-Kernel-Boot
EventCode=20
EventType=4
Type=Information
ComputerName=EC2AMAZ-N0JSFD5
User=NOT_TRANSLATED
Sid=S-1-5-18
SidType=0
TaskCategory=31
OpCode=Info
RecordNumber=81328
Keywords=None
Message=The last shutdown's success status was true. The last boot's success status was true.
11/03/2020 02:58:12 PM
LogName=System
SourceName=Microsoft-Windows-Kernel-Boot
EventCode=153
EventType=4
Type=Information
ComputerName=EC2AMAZ-N0JSFD5
User=NOT_TRANSLATED
Sid=S-1-5-18
SidType=0
TaskCategory=None
OpCode=Info
RecordNumber=81327
Keywords=None
Message=The Virtualization Based Security (policies: 0) is disabled with status STATUS_SUCCESS.
11/03/2020 02:58:12 PM
LogName=System
SourceName=Microsoft-Windows-Kernel-General
EventCode=12
EventType=4
Type=Information
ComputerName=EC2AMAZ-N0JSFD5
User=NOT_TRANSLATED
Sid=S-1-5-18
SidType=0
TaskCategory=1
OpCode=Info
RecordNumber=81326
Keywords=None
Message=The operating system started at system time ‎2020‎-‎11‎-‎03T14:58:12.487600400Z.
11/03/2020 02:58:16 PM
LogName=System
SourceName=Microsoft-Windows-Kernel-Processor-Power
EventCode=55
EventType=4
Type=Information
ComputerName=EC2AMAZ-N0JSFD5
User=NOT_TRANSLATED
Sid=S-1-5-18
SidType=0
TaskCategory=47
OpCode=Info
RecordNumber=81340
Keywords=None
Message=Processor 1 in group 0 exposes the following power management capabilities:

Idle state type: ACPI Idle (C) States (1 state(s))

Performance state type: None
Nominal Frequency (MHz): 2400
Maximum performance percentage: 100
Minimum performance percentage: 100
Minimum throttle percentage: 100
11/03/2020 02:58:16 PM
LogName=System
SourceName=Microsoft-Windows-Kernel-Processor-Power
EventCode=55
EventType=4
Type=Information
ComputerName=EC2AMAZ-N0JSFD5
User=NOT_TRANSLATED
Sid=S-1-5-18
SidType=0
TaskCategory=47
OpCode=Info
RecordNumber=81339
Keywords=None
Message=Processor 0 in group 0 exposes the following power management capabilities:

Idle state type: ACPI Idle (C) States (1 state(s))

Performance state type: None
Nominal Frequency (MHz): 2400
Maximum performance percentage: 100
Minimum performance percentage: 100
Minimum throttle percentage: 100
11/03/2020 02:58:16 PM
LogName=System
SourceName=Microsoft-Windows-Kernel-Power
EventCode=172
EventType=4
Type=Information
ComputerName=EC2AMAZ-N0JSFD5
User=NOT_TRANSLATED
Sid=S-1-5-18
SidType=0
TaskCategory=203
OpCode=Info
RecordNumber=81338
Keywords=None
Message=Connectivity state in standby: Disconnected, Reason: NIC compliance
11/03/2020 02:58:16 PM
LogName=System
SourceName=Microsoft-Windows-FilterManager
EventCode=6
EventType=4
Type=Information
ComputerName=EC2AMAZ-N0JSFD5
User=NOT_TRANSLATED
Sid=S-1-5-18
SidType=0
TaskCategory=None
OpCode=Info
RecordNumber=81337
Keywords=None
Message=File System Filter 'npsvctrig' (10.0, ‎2016‎-‎07‎-‎16T02:28:33.000000000Z) has successfully loaded and registered with Filter Manager.
11/03/2020 02:58:16 PM
LogName=System
SourceName=Microsoft-Windows-FilterManager
EventCode=6
EventType=4
Type=Information
ComputerName=EC2AMAZ-N0JSFD5
User=NOT_TRANSLATED
Sid=S-1-5-18
SidType=0
TaskCategory=None
OpCode=Info
RecordNumber=81336
Keywords=None
Message=File System Filter 'FileCrypt' (10.0, ‎2018‎-‎08‎-‎30T20:44:27.000000000Z) has successfully loaded and registered with Filter Manager.
11/03/2020 02:58:16 PM
LogName=System
SourceName=Microsoft-Windows-Ntfs
EventCode=98
EventType=4
Type=Information
ComputerName=EC2AMAZ-N0JSFD5
User=NOT_TRANSLATED
Sid=S-1-5-18
SidType=0
TaskCategory=None
OpCode=Info
RecordNumber=81335
Keywords=None
Message=Volume C: (\Device\HarddiskVolume1) is healthy.  No action is needed.
11/03/2020 02:58:16 PM
LogName=System
SourceName=Microsoft-Windows-FilterManager
EventCode=6
EventType=4
Type=Information
ComputerName=EC2AMAZ-N0JSFD5
User=NOT_TRANSLATED
Sid=S-1-5-18
SidType=0
TaskCategory=None
OpCode=Info
RecordNumber=81334
Keywords=None
Message=File System Filter 'WdFilter' (10.0, ‎2098‎-‎06‎-‎20T11:58:38.000000000Z) has successfully loaded and registered with Filter Manager.
11/03/2020 02:58:16 PM
LogName=System
SourceName=Microsoft-Windows-FilterManager
EventCode=6
EventType=4
Type=Information
ComputerName=EC2AMAZ-N0JSFD5
User=NOT_TRANSLATED
Sid=S-1-5-18
SidType=0
TaskCategory=None
OpCode=Info
RecordNumber=81333
Keywords=None
Message=File System Filter 'Wof' (10.0, ‎2019‎-‎09‎-‎29T22:52:46.000000000Z) has successfully loaded and registered with Filter Manager.
11/03/2020 02:58:17 PM
LogName=System
SourceName=Microsoft-Windows-Wininit
EventCode=14
EventType=4
Type=Information
ComputerName=EC2AMAZ-N0JSFD5
User=NOT_TRANSLATED
Sid=S-1-5-18
SidType=0
TaskCategory=None
OpCode=Info
RecordNumber=81341
Keywords=None
Message=Credential Guard (LsaIso.exe) configuration: 0x0, 0
11/03/2020 02:58:18 PM
LogName=System
SourceName=Microsoft-Windows-Service Control Manager
EventCode=7036
EventType=4
Type=Information
ComputerName=EC2AMAZ-N0JSFD5
TaskCategory=None
OpCode=The operation completed successfully.
RecordNumber=81358
Keywords=Classic
Message=The tiledatamodelsvc service entered the running state.
11/03/2020 02:58:18 PM
LogName=System
SourceName=Microsoft-Windows-Service Control Manager
EventCode=7036
EventType=4
Type=Information
ComputerName=EC2AMAZ-N0JSFD5
TaskCategory=None
OpCode=The operation completed successfully.
RecordNumber=81357
Keywords=Classic
Message=The AppXSvc service entered the running state.
11/03/2020 02:58:18 PM
LogName=System
SourceName=Microsoft-Windows-Service Control Manager
EventCode=7036
EventType=4
Type=Information
ComputerName=EC2AMAZ-N0JSFD5
TaskCategory=None
OpCode=The operation completed successfully.
RecordNumber=81356
Keywords=Classic
Message=The StateRepository service entered the running state.
11/03/2020 02:58:18 PM
LogName=System
SourceName=Microsoft-Windows-Service Control Manager
EventCode=7036
EventType=4
Type=Information
ComputerName=EC2AMAZ-N0JSFD5
TaskCategory=None
OpCode=The operation completed successfully.
RecordNumber=81355
Keywords=Classic
Message=The NetSetupSvc service entered the running state.
11/03/2020 02:58:18 PM
LogName=System
SourceName=Microsoft-Windows-Service Control Manager
EventCode=7036
EventType=4
Type=Information
ComputerName=EC2AMAZ-N0JSFD5
TaskCategory=None
OpCode=The operation completed successfully.
RecordNumber=81354
Keywords=Classic
Message=The dmwappushservice service entered the running state.
11/03/2020 02:58:18 PM
LogName=System
SourceName=Microsoft-Windows-Service Control Manager
EventCode=7036
EventType=4
Type=Information
ComputerName=EC2AMAZ-N0JSFD5
TaskCategory=None
OpCode=The operation completed successfully.
RecordNumber=81353
Keywords=Classic
Message=The SystemEventsBroker service entered the running state.
11/03/2020 02:58:18 PM
LogName=System
SourceName=Microsoft-Windows-Service Control Manager
EventCode=7036
EventType=4
Type=Information
ComputerName=EC2AMAZ-N0JSFD5
TaskCategory=None
OpCode=The operation completed successfully.
RecordNumber=81352
Keywords=Classic
Message=The DeviceInstall service entered the running state.
11/03/2020 02:58:18 PM
LogName=System
SourceName=Microsoft-Windows-Service Control Manager
EventCode=7036
EventType=4
Type=Information
ComputerName=EC2AMAZ-N0JSFD5
TaskCategory=None
OpCode=The operation completed successfully.
RecordNumber=81351
Keywords=Classic
Message=The CoreMessagingRegistrar service entered the running state.
11/03/2020 02:58:18 PM
LogName=System
SourceName=Microsoft-Windows-Service Control Manager
EventCode=7036
EventType=4
Type=Information
ComputerName=EC2AMAZ-N0JSFD5
TaskCategory=None
OpCode=The operation completed successfully.
RecordNumber=81350
Keywords=Classic
Message=The sppsvc service entered the running state.
11/03/2020 02:58:18 PM
LogName=System
SourceName=vxn
EventCode=31
EventType=4
Type=Information
ComputerName=EC2AMAZ-N0JSFD5
TaskCategory=None
OpCode=None
RecordNumber=81349
Keywords=Classic
Message=Intel(R) 82599 Virtual Function
 Network link has been established at 10Gbps full duplex.
11/03/2020 02:58:18 PM
LogName=System
SourceName=Microsoft-Windows-Service Control Manager
EventCode=7036
EventType=4
Type=Information
ComputerName=EC2AMAZ-N0JSFD5
TaskCategory=None
OpCode=The operation completed successfully.
RecordNumber=81348
Keywords=Classic
Message=The LSM service entered the running state.
11/03/2020 02:58:18 PM
LogName=System
SourceName=Microsoft-Windows-Service Control Manager
EventCode=7036
EventType=4
Type=Information
ComputerName=EC2AMAZ-N0JSFD5
TaskCategory=None
OpCode=The operation completed successfully.
RecordNumber=81347
Keywords=Classic
Message=The RpcSs service entered the running state.
11/03/2020 02:58:18 PM
LogName=System
SourceName=Microsoft-Windows-Service Control Manager
EventCode=7036
EventType=4
Type=Information
ComputerName=EC2AMAZ-N0JSFD5
TaskCategory=None
OpCode=The operation completed successfully.
RecordNumber=81346
Keywords=Classic
Message=The RpcEptMapper service entered the running state.
11/03/2020 02:58:18 PM
LogName=System
SourceName=Microsoft-Windows-Service Control Manager
EventCode=7036
EventType=4
Type=Information
ComputerName=EC2AMAZ-N0JSFD5
TaskCategory=None
OpCode=The operation completed successfully.
RecordNumber=81345
Keywords=Classic
Message=The DcomLaunch service entered the running state.
11/03/2020 02:58:18 PM
LogName=System
SourceName=Microsoft-Windows-Service Control Manager
EventCode=7036
EventType=4
Type=Information
ComputerName=EC2AMAZ-N0JSFD5
TaskCategory=None
OpCode=The operation completed successfully.
RecordNumber=81344
Keywords=Classic
Message=The Power service entered the running state.
11/03/2020 02:58:18 PM
LogName=System
SourceName=Microsoft-Windows-Service Control Manager
EventCode=7036
EventType=4
Type=Information
ComputerName=EC2AMAZ-N0JSFD5
TaskCategory=None
OpCode=The operation completed successfully.
RecordNumber=81343
Keywords=Classic
Message=The PlugPlay service entered the running state.
11/03/2020 02:58:18 PM
LogName=System
SourceName=Microsoft-Windows-Directory-Services-SAM
EventCode=16962
EventType=4
Type=Information
ComputerName=EC2AMAZ-N0JSFD5
User=NOT_TRANSLATED
Sid=S-1-5-18
SidType=0
TaskCategory=None
OpCode=Info
RecordNumber=81342
Keywords=None
Message=Remote calls to the SAM database are being restricted using the default security descriptor: O:SYG:SYD:(A;;RC;;;BA).
For more information please see http://go.microsoft.com/fwlink/?LinkId=787651.
11/03/2020 02:58:23 PM
LogName=System
SourceName=Microsoft-Windows-Kernel-General
EventCode=1
EventType=4
Type=Information
ComputerName=EC2AMAZ-N0JSFD5
User=NOT_TRANSLATED
Sid=S-1-5-18
SidType=0
TaskCategory=5
OpCode=Info
RecordNumber=81360
Keywords=Time
Message=The system time has changed to ‎2020‎-‎11‎-‎03T14:58:23.850000000Z from ‎2020‎-‎11‎-‎03T14:58:23.864567300Z.

Change Reason: An application or system component changed the time.
11/03/2020 02:58:23 PM
LogName=System
SourceName=Microsoft-Windows-Kernel-General
EventCode=1
EventType=4
Type=Information
ComputerName=EC2AMAZ-N0JSFD5
User=NOT_TRANSLATED
Sid=S-1-5-18
SidType=0
TaskCategory=5
OpCode=Info
RecordNumber=81359
Keywords=Time
Message=The system time has changed to ‎2020‎-‎11‎-‎03T14:58:23.850211300Z from ‎2020‎-‎11‎-‎03T14:58:23.850211300Z.

Change Reason: System time adjusted to the new time zone.
11/03/2020 02:58:24 PM
LogName=System
SourceName=Microsoft-Windows-Service Control Manager
EventCode=7036
EventType=4
Type=Information
ComputerName=EC2AMAZ-N0JSFD5
TaskCategory=None
OpCode=The operation completed successfully.
RecordNumber=81361
Keywords=Classic
Message=The CryptSvc service entered the running state.
11/03/2020 02:58:25 PM
LogName=System
SourceName=Microsoft-Windows-Service Control Manager
EventCode=7036
EventType=4
Type=Information
ComputerName=EC2AMAZ-N0JSFD5
TaskCategory=None
OpCode=The operation completed successfully.
RecordNumber=81382
Keywords=Classic
Message=The NcbService service entered the running state.
11/03/2020 02:58:25 PM
LogName=System
SourceName=Microsoft-Windows-FilterManager
EventCode=6
EventType=4
Type=Information
ComputerName=EC2AMAZ-N0JSFD5
User=NOT_TRANSLATED
Sid=S-1-5-18
SidType=0
TaskCategory=None
OpCode=Info
RecordNumber=81381
Keywords=None
Message=File System Filter 'storqosflt' (10.0, ‎2019‎-‎02‎-‎17T02:00:41.000000000Z) has successfully loaded and registered with Filter Manager.
11/03/2020 02:58:25 PM
LogName=System
SourceName=Microsoft-Windows-FilterManager
EventCode=6
EventType=4
Type=Information
ComputerName=EC2AMAZ-N0JSFD5
User=NOT_TRANSLATED
Sid=S-1-5-18
SidType=0
TaskCategory=None
OpCode=Info
RecordNumber=81379
Keywords=None
Message=File System Filter 'wcifs' (10.0, ‎2020‎-‎02‎-‎19T07:59:09.000000000Z) has successfully loaded and registered with Filter Manager.
11/03/2020 02:58:25 PM
LogName=System
SourceName=Microsoft-Windows-FilterManager
EventCode=6
EventType=4
Type=Information
ComputerName=EC2AMAZ-N0JSFD5
User=NOT_TRANSLATED
Sid=S-1-5-18
SidType=0
TaskCategory=None
OpCode=Info
RecordNumber=81378
Keywords=None
Message=File System Filter 'luafv' (10.0, ‎2019‎-‎04‎-‎02T04:23:00.000000000Z) has successfully loaded and registered with Filter Manager.
11/03/2020 02:58:25 PM
LogName=System
SourceName=Microsoft-Windows-Service Control Manager
EventCode=7036
EventType=4
Type=Information
ComputerName=EC2AMAZ-N0JSFD5
TaskCategory=None
OpCode=The operation completed successfully.
RecordNumber=81377
Keywords=Classic
Message=The WPDBusEnum service entered the running state.
11/03/2020 02:58:25 PM
LogName=System
SourceName=Microsoft-Windows-Service Control Manager
EventCode=7036
EventType=4
Type=Information
ComputerName=EC2AMAZ-N0JSFD5
TaskCategory=None
OpCode=The operation completed successfully.
RecordNumber=81376
Keywords=Classic
Message=The gpsvc service entered the running state.
11/03/2020 02:58:25 PM
LogName=System
SourceName=Microsoft-Windows-Service Control Manager
EventCode=7036
EventType=4
Type=Information
ComputerName=EC2AMAZ-N0JSFD5
TaskCategory=None
OpCode=The operation completed successfully.
RecordNumber=81375
Keywords=Classic
Message=The WinHttpAutoProxySvc service entered the running state.
11/03/2020 02:58:25 PM
LogName=System
SourceName=Microsoft-Windows-Service Control Manager
EventCode=7036
EventType=4
Type=Information
ComputerName=EC2AMAZ-N0JSFD5
TaskCategory=None
OpCode=The operation completed successfully.
RecordNumber=81374
Keywords=Classic
Message=The Schedule service entered the running state.
11/03/2020 02:58:25 PM
LogName=System
SourceName=Microsoft-Windows-Service Control Manager
EventCode=7036
EventType=4
Type=Information
ComputerName=EC2AMAZ-N0JSFD5
TaskCategory=None
OpCode=The operation completed successfully.
RecordNumber=81373
Keywords=Classic
Message=The lmhosts service entered the running state.
11/03/2020 02:58:25 PM
LogName=System
SourceName=Microsoft-Windows-Service Control Manager
EventCode=7036
EventType=4
Type=Information
ComputerName=EC2AMAZ-N0JSFD5
TaskCategory=None
OpCode=The operation completed successfully.
RecordNumber=81372
Keywords=Classic
Message=The netprofm service entered the running state.
11/03/2020 02:58:25 PM
LogName=System
SourceName=Microsoft-Windows-Service Control Manager
EventCode=7036
EventType=4
Type=Information
ComputerName=EC2AMAZ-N0JSFD5
TaskCategory=None
OpCode=The operation completed successfully.
RecordNumber=81371
Keywords=Classic
Message=The Dnscache service entered the running state.
11/03/2020 02:58:25 PM
LogName=System
SourceName=Microsoft-Windows-Service Control Manager
EventCode=7036
EventType=4
Type=Information
ComputerName=EC2AMAZ-N0JSFD5
TaskCategory=None
OpCode=The operation completed successfully.
RecordNumber=81370
Keywords=Classic
Message=The Themes service entered the running state.
11/03/2020 02:58:25 PM
LogName=System
SourceName=Microsoft-Windows-Service Control Manager
EventCode=7036
EventType=4
Type=Information
ComputerName=EC2AMAZ-N0JSFD5
TaskCategory=None
OpCode=The operation completed successfully.
RecordNumber=81369
Keywords=Classic
Message=The NlaSvc service entered the running state.
11/03/2020 02:58:25 PM
LogName=System
SourceName=Microsoft-Windows-Service Control Manager
EventCode=7036
EventType=4
Type=Information
ComputerName=EC2AMAZ-N0JSFD5
TaskCategory=None
OpCode=The operation completed successfully.
RecordNumber=81368
Keywords=Classic
Message=The BrokerInfrastructure service entered the running state.
11/03/2020 02:58:25 PM
LogName=System
SourceName=Microsoft-Windows-Service Control Manager
EventCode=7036
EventType=4
Type=Information
ComputerName=EC2AMAZ-N0JSFD5
TaskCategory=None
OpCode=The operation completed successfully.
RecordNumber=81367
Keywords=Classic
Message=The Dhcp service entered the running state.
11/03/2020 02:58:25 PM
LogName=System
SourceName=Microsoft-Windows-DHCPv6-Client
EventCode=51046
EventType=4
Type=Information
ComputerName=EC2AMAZ-N0JSFD5
User=NOT_TRANSLATED
Sid=S-1-5-19
SidType=0
TaskCategory=Service State Event
OpCode=ServiceStart
RecordNumber=81366
Keywords=None
Message=DHCPv6 client service is started
11/03/2020 02:58:25 PM
LogName=System
SourceName=Microsoft-Windows-Dhcp-Client
EventCode=50036
EventType=4
Type=Information
ComputerName=EC2AMAZ-N0JSFD5
User=NOT_TRANSLATED
Sid=S-1-5-19
SidType=0
TaskCategory=Service State Event
OpCode=ServiceStart
RecordNumber=81365
Keywords=None
Message=DHCPv4 client service is started
11/03/2020 02:58:25 PM
LogName=System
SourceName=Microsoft-Windows-Service Control Manager
EventCode=7036
EventType=4
Type=Information
ComputerName=EC2AMAZ-N0JSFD5
TaskCategory=None
OpCode=The operation completed successfully.
RecordNumber=81364
Keywords=Classic
Message=The nsi service entered the running state.
11/03/2020 02:58:25 PM
LogName=System
SourceName=Microsoft-Windows-Service Control Manager
EventCode=7036
EventType=4
Type=Information
ComputerName=EC2AMAZ-N0JSFD5
TaskCategory=None
OpCode=The operation completed successfully.
RecordNumber=81363
Keywords=Classic
Message=The EventLog service entered the running state.
11/03/2020 02:58:25 PM
LogName=System
SourceName=Microsoft-Windows-Service Control Manager
EventCode=7036
EventType=4
Type=Information
ComputerName=EC2AMAZ-N0JSFD5
TaskCategory=None
OpCode=The operation completed successfully.
RecordNumber=81362
Keywords=Classic
Message=The W32Time service entered the running state.
11/03/2020 02:58:25 PM
LogName=System
SourceName=EventLog
EventCode=6013
EventType=4
Type=Information
ComputerName=EC2AMAZ-N0JSFD5
TaskCategory=None
OpCode=None
RecordNumber=81317
Keywords=Classic
Message=The system uptime is 13 seconds.
11/03/2020 02:58:25 PM
LogName=System
SourceName=EventLog
EventCode=6005
EventType=4
Type=Information
ComputerName=EC2AMAZ-N0JSFD5
TaskCategory=None
OpCode=None
RecordNumber=81316
Keywords=Classic
Message=The Event log service was started.
11/03/2020 02:58:25 PM
LogName=System
SourceName=EventLog
EventCode=6009
EventType=4
Type=Information
ComputerName=EC2AMAZ-N0JSFD5
TaskCategory=None
OpCode=None
RecordNumber=81315
Keywords=Classic
Message=Microsoft (R) Windows (R) 10.00. 14393  Multiprocessor Free.
11/03/2020 02:58:25 PM
LogName=System
SourceName=EventLog
EventCode=6011
EventType=4
Type=Information
ComputerName=EC2AMAZ-N0JSFD5
TaskCategory=None
OpCode=None
RecordNumber=81314
Keywords=Classic
Message=The NetBIOS name and DNS host name of this machine have been changed from WIN-UOP8L9IFMSK to EC2AMAZ-N0JSFD5.
11/03/2020 02:58:26 PM
LogName=System
SourceName=Microsoft-Windows-Service Control Manager
EventCode=7036
EventType=4
Type=Information
ComputerName=EC2AMAZ-N0JSFD5
TaskCategory=None
OpCode=The operation completed successfully.
RecordNumber=81406
Keywords=Classic
Message=The WinDefend service entered the running state.
11/03/2020 02:58:26 PM
LogName=System
SourceName=Microsoft-Windows-Service Control Manager
EventCode=7036
EventType=4
Type=Information
ComputerName=EC2AMAZ-N0JSFD5
TaskCategory=None
OpCode=The operation completed successfully.
RecordNumber=81405
Keywords=Classic
Message=The WpnService service entered the running state.
11/03/2020 02:58:26 PM
LogName=System
SourceName=Microsoft-Windows-Service Control Manager
EventCode=7036
EventType=4
Type=Information
ComputerName=EC2AMAZ-N0JSFD5
TaskCategory=None
OpCode=The operation completed successfully.
RecordNumber=81404
Keywords=Classic
Message=The WinRM service entered the running state.
11/03/2020 02:58:26 PM
LogName=System
SourceName=Microsoft-Windows-Service Control Manager
EventCode=7026
EventType=4
Type=Information
ComputerName=EC2AMAZ-N0JSFD5
TaskCategory=None
OpCode=The operation completed successfully.
RecordNumber=81403
Keywords=Classic
Message=The following boot-start or system-start driver(s) did not load: 
cdrom
dam
11/03/2020 02:58:26 PM
LogName=System
SourceName=Microsoft-Windows-Service Control Manager
EventCode=7036
EventType=4
Type=Information
ComputerName=EC2AMAZ-N0JSFD5
TaskCategory=None
OpCode=The operation completed successfully.
RecordNumber=81402
Keywords=Classic
Message=The LanmanServer service entered the running state.
11/03/2020 02:58:26 PM
LogName=System
SourceName=Microsoft-Windows-Service Control Manager
EventCode=7036
EventType=4
Type=Information
ComputerName=EC2AMAZ-N0JSFD5
TaskCategory=None
OpCode=The operation completed successfully.
RecordNumber=81401
Keywords=Classic
Message=The AWSLiteAgent service entered the running state.
11/03/2020 02:58:26 PM
LogName=System
SourceName=Microsoft-Windows-Service Control Manager
EventCode=7036
EventType=4
Type=Information
ComputerName=EC2AMAZ-N0JSFD5
TaskCategory=None
OpCode=The operation completed successfully.
RecordNumber=81400
Keywords=Classic
Message=The RemoteRegistry service entered the running state.
11/03/2020 02:58:26 PM
LogName=System
SourceName=Microsoft-Windows-Service Control Manager
EventCode=7036
EventType=4
Type=Information
ComputerName=EC2AMAZ-N0JSFD5
TaskCategory=None
OpCode=The operation completed successfully.
RecordNumber=81399
Keywords=Classic
Message=The TrkWks service entered the running state.
11/03/2020 02:58:26 PM
LogName=System
SourceName=Microsoft-Windows-Service Control Manager
EventCode=7036
EventType=4
Type=Information
ComputerName=EC2AMAZ-N0JSFD5
TaskCategory=None
OpCode=The operation completed successfully.
RecordNumber=81398
Keywords=Classic
Message=The PcaSvc service entered the running state.
11/03/2020 02:58:26 PM
LogName=System
SourceName=Microsoft-Windows-Service Control Manager
EventCode=7036
EventType=4
Type=Information
ComputerName=EC2AMAZ-N0JSFD5
TaskCategory=None
OpCode=The operation completed successfully.
RecordNumber=81397
Keywords=Classic
Message=The Winmgmt service entered the running state.
11/03/2020 02:58:26 PM
LogName=System
SourceName=Microsoft-Windows-Service Control Manager
EventCode=7036
EventType=4
Type=Information
ComputerName=EC2AMAZ-N0JSFD5
TaskCategory=None
OpCode=The operation completed successfully.
RecordNumber=81396
Keywords=Classic
Message=The Spooler service entered the running state.
11/03/2020 02:58:26 PM
LogName=System
SourceName=Microsoft-Windows-Service Control Manager
EventCode=7036
EventType=4
Type=Information
ComputerName=EC2AMAZ-N0JSFD5
TaskCategory=None
OpCode=The operation completed successfully.
RecordNumber=81395
Keywords=Classic
Message=The SamSs service entered the running state.
11/03/2020 02:58:26 PM
LogName=System
SourceName=Microsoft-Windows-Service Control Manager
EventCode=7036
EventType=4
Type=Information
ComputerName=EC2AMAZ-N0JSFD5
TaskCategory=None
OpCode=The operation completed successfully.
RecordNumber=81394
Keywords=Classic
Message=The MpsSvc service entered the running state.
11/03/2020 02:58:26 PM
LogName=System
SourceName=Microsoft-Windows-Service Control Manager
EventCode=7036
EventType=4
Type=Information
ComputerName=EC2AMAZ-N0JSFD5
TaskCategory=None
OpCode=The operation completed successfully.
RecordNumber=81393
Keywords=Classic
Message=The BFE service entered the running state.
11/03/2020 02:58:26 PM
LogName=System
SourceName=Microsoft-Windows-Service Control Manager
EventCode=7036
EventType=4
Type=Information
ComputerName=EC2AMAZ-N0JSFD5
TaskCategory=None
OpCode=The operation completed successfully.
RecordNumber=81392
Keywords=Classic
Message=The LanmanWorkstation service entered the running state.
11/03/2020 02:58:26 PM
LogName=System
SourceName=Microsoft-Windows-Service Control Manager
EventCode=7036
EventType=4
Type=Information
ComputerName=EC2AMAZ-N0JSFD5
TaskCategory=None
OpCode=The operation completed successfully.
RecordNumber=81391
Keywords=Classic
Message=The FontCache service entered the running state.
11/03/2020 02:58:26 PM
LogName=System
SourceName=Microsoft-Windows-Service Control Manager
EventCode=7036
EventType=4
Type=Information
ComputerName=EC2AMAZ-N0JSFD5
TaskCategory=None
OpCode=The operation completed successfully.
RecordNumber=81390
Keywords=Classic
Message=The ShellHWDetection service entered the running state.
11/03/2020 02:58:26 PM
LogName=System
SourceName=Microsoft-Windows-Service Control Manager
EventCode=7036
EventType=4
Type=Information
ComputerName=EC2AMAZ-N0JSFD5
TaskCategory=None
OpCode=The operation completed successfully.
RecordNumber=81389
Keywords=Classic
Message=The DsmSvc service entered the running state.
11/03/2020 02:58:26 PM
LogName=System
SourceName=Microsoft-Windows-Service Control Manager
EventCode=7036
EventType=4
Type=Information
ComputerName=EC2AMAZ-N0JSFD5
TaskCategory=None
OpCode=The operation completed successfully.
RecordNumber=81388
Keywords=Classic
Message=The Wcmsvc service entered the running state.
11/03/2020 02:58:26 PM
LogName=System
SourceName=Microsoft-Windows-Service Control Manager
EventCode=7036
EventType=4
Type=Information
ComputerName=EC2AMAZ-N0JSFD5
TaskCategory=None
OpCode=The operation completed successfully.
RecordNumber=81387
Keywords=Classic
Message=The SENS service entered the running state.
11/03/2020 02:58:26 PM
LogName=System
SourceName=Microsoft-Windows-Service Control Manager
EventCode=7036
EventType=4
Type=Information
ComputerName=EC2AMAZ-N0JSFD5
TaskCategory=None
OpCode=The operation completed successfully.
RecordNumber=81386
Keywords=Classic
Message=The UserManager service entered the running state.
11/03/2020 02:58:26 PM
LogName=System
SourceName=Microsoft-Windows-Service Control Manager
EventCode=7036
EventType=4
Type=Information
ComputerName=EC2AMAZ-N0JSFD5
TaskCategory=None
OpCode=The operation completed successfully.
RecordNumber=81385
Keywords=Classic
Message=The EventSystem service entered the running state.
11/03/2020 02:58:26 PM
LogName=System
SourceName=Microsoft-Windows-Service Control Manager
EventCode=7036
EventType=4
Type=Information
ComputerName=EC2AMAZ-N0JSFD5
TaskCategory=None
OpCode=The operation completed successfully.
RecordNumber=81384
Keywords=Classic
Message=The ProfSvc service entered the running state.
11/03/2020 02:58:26 PM
LogName=System
SourceName=Microsoft-Windows-Service Control Manager
EventCode=7036
EventType=4
Type=Information
ComputerName=EC2AMAZ-N0JSFD5
TaskCategory=None
OpCode=The operation completed successfully.
RecordNumber=81383
Keywords=Classic
Message=The TimeBrokerSvc service entered the running state.
11/03/2020 02:58:26 PM
LogName=System
SourceName=Microsoft-Windows-Windows Remote Management
EventCode=10148
EventType=4
Type=Information
ComputerName=EC2AMAZ-N0JSFD5
TaskCategory=None
OpCode=Info
RecordNumber=81380
Keywords=Classic
Message=The WinRM service is listening for WS-Management requests. 

 User Action 
 Use the following command to see the specific IPs on which WinRM is listening: 

 winrm enumerate winrm/config/listener
11/03/2020 02:58:27 PM
LogName=System
SourceName=Microsoft-Windows-Service Control Manager
EventCode=7036
EventType=4
Type=Information
ComputerName=EC2AMAZ-N0JSFD5
TaskCategory=None
OpCode=The operation completed successfully.
RecordNumber=81413
Keywords=Classic
Message=The DmEnrollmentSvc service entered the stopped state.
11/03/2020 02:58:27 PM
LogName=System
SourceName=Microsoft-Windows-Service Control Manager
EventCode=7036
EventType=4
Type=Information
ComputerName=EC2AMAZ-N0JSFD5
TaskCategory=None
OpCode=The operation completed successfully.
RecordNumber=81412
Keywords=Classic
Message=The DmEnrollmentSvc service entered the running state.
11/03/2020 02:58:27 PM
LogName=System
SourceName=Microsoft-Windows-Service Control Manager
EventCode=7036
EventType=4
Type=Information
ComputerName=EC2AMAZ-N0JSFD5
TaskCategory=None
OpCode=The operation completed successfully.
RecordNumber=81411
Keywords=Classic
Message=The wlidsvc service entered the running state.
11/03/2020 02:58:27 PM
LogName=System
SourceName=Microsoft-Windows-Service Control Manager
EventCode=7036
EventType=4
Type=Information
ComputerName=EC2AMAZ-N0JSFD5
TaskCategory=None
OpCode=The operation completed successfully.
RecordNumber=81410
Keywords=Classic
Message=The AppReadiness service entered the running state.
11/03/2020 02:58:27 PM
LogName=System
SourceName=Microsoft-Windows-Time-Service
EventCode=35
EventType=4
Type=Information
ComputerName=EC2AMAZ-N0JSFD5
User=NOT_TRANSLATED
Sid=S-1-5-19
SidType=0
TaskCategory=None
OpCode=Info
RecordNumber=81409
Keywords=None
Message=The time service is now synchronizing the system time with the time source 169.254.169.123,0x9 (ntp.m|0x9|0.0.0.0:123->169.254.169.123:123).
11/03/2020 02:58:27 PM
LogName=System
SourceName=Microsoft-Windows-Time-Service
EventCode=37
EventType=4
Type=Information
ComputerName=EC2AMAZ-N0JSFD5
User=NOT_TRANSLATED
Sid=S-1-5-19
SidType=0
TaskCategory=None
OpCode=Info
RecordNumber=81408
Keywords=None
Message=The time provider NtpClient is currently receiving valid time data from 169.254.169.123,0x9 (ntp.m|0x9|0.0.0.0:123->169.254.169.123:123).
11/03/2020 02:58:27 PM
LogName=System
SourceName=Microsoft-Windows-Service Control Manager
EventCode=7036
EventType=4
Type=Information
ComputerName=EC2AMAZ-N0JSFD5
TaskCategory=None
OpCode=The operation completed successfully.
RecordNumber=81407
Keywords=Classic
Message=The iphlpsvc service entered the running state.
11/03/2020 02:58:28 PM
LogName=System
SourceName=Microsoft-Windows-Service Control Manager
EventCode=7036
EventType=4
Type=Information
ComputerName=EC2AMAZ-N0JSFD5
TaskCategory=None
OpCode=The operation completed successfully.
RecordNumber=81415
Keywords=Classic
Message=The TermService service entered the running state.
11/03/2020 02:58:28 PM
LogName=System
SourceName=Microsoft-Windows-Kernel-General
EventCode=1
EventType=4
Type=Information
ComputerName=EC2AMAZ-N0JSFD5
User=NOT_TRANSLATED
Sid=S-1-5-18
SidType=0
TaskCategory=5
OpCode=Info
RecordNumber=81414
Keywords=Time
Message=The system time has changed to ‎2020‎-‎11‎-‎03T14:58:28.040035200Z from ‎2020‎-‎11‎-‎03T14:58:28.040035200Z.

Change Reason: System time adjusted to the new time zone.
11/03/2020 02:58:29 PM
LogName=System
SourceName=Microsoft-Windows-Service Control Manager
EventCode=7036
EventType=4
Type=Information
ComputerName=EC2AMAZ-N0JSFD5
TaskCategory=None
OpCode=The operation completed successfully.
RecordNumber=81422
Keywords=Classic
Message=The KeyIso service entered the running state.
11/03/2020 02:58:29 PM
LogName=System
SourceName=Microsoft-Windows-Service Control Manager
EventCode=7036
EventType=4
Type=Information
ComputerName=EC2AMAZ-N0JSFD5
TaskCategory=None
OpCode=The operation completed successfully.
RecordNumber=81420
Keywords=Classic
Message=The CertPropSvc service entered the running state.
11/03/2020 02:58:29 PM
LogName=System
SourceName=Microsoft-Windows-Service Control Manager
EventCode=7036
EventType=4
Type=Information
ComputerName=EC2AMAZ-N0JSFD5
TaskCategory=None
OpCode=The operation completed successfully.
RecordNumber=81419
Keywords=Classic
Message=The SessionEnv service entered the running state.
11/03/2020 02:58:29 PM
LogName=System
SourceName=Microsoft-Windows-Service Control Manager
EventCode=7036
EventType=4
Type=Information
ComputerName=EC2AMAZ-N0JSFD5
TaskCategory=None
OpCode=The operation completed successfully.
RecordNumber=81418
Keywords=Classic
Message=The WdNisSvc service entered the running state.
11/03/2020 02:58:29 PM
LogName=System
SourceName=Microsoft-Windows-Service Control Manager
EventCode=7036
EventType=4
Type=Information
ComputerName=EC2AMAZ-N0JSFD5
TaskCategory=None
OpCode=The operation completed successfully.
RecordNumber=81417
Keywords=Classic
Message=The UmRdpService service entered the running state.
11/03/2020 02:58:29 PM
LogName=System
SourceName=Microsoft-Windows-Service Control Manager
EventCode=7036
EventType=4
Type=Information
ComputerName=EC2AMAZ-N0JSFD5
TaskCategory=None
OpCode=The operation completed successfully.
RecordNumber=81416
Keywords=Classic
Message=The wuauserv service entered the running state.
11/03/2020 02:58:30 PM
LogName=System
SourceName=Microsoft-Windows-Iphlpsvc
EventCode=4200
EventType=4
Type=Information
ComputerName=EC2AMAZ-N0JSFD5
User=NOT_TRANSLATED
Sid=S-1-5-18
SidType=0
TaskCategory=None
OpCode=Info
RecordNumber=81423
Keywords=None
Message=Isatap interface isatap.eu-central-1.compute.internal with address fe80::5efe:172.31.39.202 has been brought up.
11/03/2020 02:58:30 PM
LogName=System
SourceName=Microsoft-Windows-TerminalServices-RemoteConnectionManager
EventCode=1056
EventType=4
Type=Information
ComputerName=EC2AMAZ-N0JSFD5
TaskCategory=None
OpCode=The operation completed successfully.
RecordNumber=81421
Keywords=Classic
Message=A new self signed certificate to be used for RD Session Host Server authentication on SSL connections was generated. The name on this certificate is EC2AMAZ-N0JSFD5. The SHA1 hash of the certificate is in the event data.
11/03/2020 02:58:33 PM
LogName=System
SourceName=Microsoft-Windows-TPM-WMI
EventCode=1282
EventType=4
Type=Information
ComputerName=EC2AMAZ-N0JSFD5
User=NOT_TRANSLATED
Sid=S-1-5-18
SidType=0
TaskCategory=None
OpCode=Info
RecordNumber=81425
Keywords=None
Message=The TBS device identifier has been generated.
11/03/2020 02:58:33 PM
LogName=System
SourceName=Microsoft-Windows-TPM-WMI
EventCode=1281
EventType=4
Type=Information
ComputerName=EC2AMAZ-N0JSFD5
User=NOT_TRANSLATED
Sid=S-1-5-18
SidType=0
TaskCategory=None
OpCode=Info
RecordNumber=81424
Keywords=None
Message=This event triggers the TBS device identifier generation.
11/03/2020 02:58:37 PM
LogName=System
SourceName=Microsoft-Windows-Service Control Manager
EventCode=7036
EventType=4
Type=Information
ComputerName=EC2AMAZ-N0JSFD5
TaskCategory=None
OpCode=The operation completed successfully.
RecordNumber=81426
Keywords=Classic
Message=The TrustedInstaller service entered the running state.
11/03/2020 02:58:48 PM
LogName=System
SourceName=Microsoft-Windows-Service Control Manager
EventCode=7036
EventType=4
Type=Information
ComputerName=EC2AMAZ-N0JSFD5
TaskCategory=None
OpCode=The operation completed successfully.
RecordNumber=81428
Keywords=Classic
Message=The vds service entered the running state.
11/03/2020 02:58:48 PM
LogName=System
SourceName=Virtual Disk Service
EventCode=3
EventType=4
Type=Information
ComputerName=EC2AMAZ-N0JSFD5
TaskCategory=None
OpCode=None
RecordNumber=81427
Keywords=Classic
Message=Service started.
11/03/2020 02:58:52 PM
LogName=System
SourceName=Microsoft-Windows-Service Control Manager
EventCode=7040
EventType=4
Type=Information
ComputerName=EC2AMAZ-N0JSFD5
User=NOT_TRANSLATED
Sid=S-1-5-18
SidType=0
TaskCategory=None
OpCode=The operation completed successfully.
RecordNumber=81430
Keywords=Classic
Message=The start type of the Amazon SSM Agent service was changed from disabled to auto start.
11/03/2020 02:58:52 PM
LogName=System
SourceName=Microsoft-Windows-UserModePowerService
EventCode=12
EventType=4
Type=Information
ComputerName=EC2AMAZ-N0JSFD5
User=NOT_TRANSLATED
Sid=S-1-5-18
SidType=0
TaskCategory=10
OpCode=Info
RecordNumber=81429
Keywords=None
Message=Process C:\Windows\System32\powercfg.exe (process ID:3160) reset policy scheme from {8C5E7FDA-E8BF-4A96-9A85-A6E23A8C635C} to {8C5E7FDA-E8BF-4A96-9A85-A6E23A8C635C}
11/03/2020 02:59:01 PM
LogName=System
SourceName=Microsoft-Windows-DistributedCOM
EventCode=10016
EventType=2
Type=Error
ComputerName=EC2AMAZ-N0JSFD5
User=NOT_TRANSLATED
Sid=S-1-5-21-635769498-3620204953-2298246598-500
SidType=0
TaskCategory=None
OpCode=Info
RecordNumber=81431
Keywords=Classic
Message=The application-specific permission settings do not grant Local Activation permission for the COM Server application with CLSID 
{D63B10C5-BB46-4990-A94F-E40B9D520160}
 and APPID 
{9CA88EE3-ACB7-47C8-AFC4-AB702511C276}
 to the user EC2AMAZ-N0JSFD5\Administrator SID (S-1-5-21-635769498-3620204953-2298246598-500) from address LocalHost (Using LRPC) running in the application container Unavailable SID (Unavailable). This security permission can be modified using the Component Services administrative tool.
11/03/2020 02:59:04 PM
LogName=System
SourceName=Microsoft-Windows-Service Control Manager
EventCode=7040
EventType=4
Type=Information
ComputerName=EC2AMAZ-N0JSFD5
User=NOT_TRANSLATED
Sid=S-1-5-21-635769498-3620204953-2298246598-500
SidType=0
TaskCategory=None
OpCode=The operation completed successfully.
RecordNumber=81432
Keywords=Classic
Message=The start type of the Amazon SSM Agent service was changed from auto start to disabled.
11/03/2020 02:59:05 PM
LogName=System
SourceName=Microsoft-Windows-Service Control Manager
EventCode=7036
EventType=4
Type=Information
ComputerName=EC2AMAZ-N0JSFD5
TaskCategory=None
OpCode=The operation completed successfully.
RecordNumber=81434
Keywords=Classic
Message=The Group Policy Client service entered the stopped state.
11/03/2020 02:59:05 PM
LogName=System
SourceName=User32
EventCode=1074
EventType=4
Type=Information
ComputerName=EC2AMAZ-N0JSFD5
User=NOT_TRANSLATED
Sid=S-1-5-21-635769498-3620204953-2298246598-500
SidType=0
TaskCategory=None
OpCode=The operation completed successfully.
RecordNumber=81433
Keywords=Classic
Message=The process C:\Windows\system32\shutdown.exe (EC2AMAZ-N0JSFD5) has initiated the shutdown of computer EC2AMAZ-N0JSFD5 on behalf of user EC2AMAZ-N0JSFD5\Administrator for the following reason: No title for this reason could be found
 Reason Code: 0x800000ff
 Shutdown Type: shutdown
 Comment:
11/03/2020 02:59:06 PM
LogName=System
SourceName=Microsoft-Windows-Service Control Manager
EventCode=7023
EventType=2
Type=Error
ComputerName=EC2AMAZ-N0JSFD5
TaskCategory=None
OpCode=The operation completed successfully.
RecordNumber=81441
Keywords=Classic
Message=Splunk could not get the description for this event. Either the component that raises this event is not installed on your local computer or the installation is corrupt.

FormatMessage error:

Got the following information from this event: 

Tile Data model server
%%2147943515
11/03/2020 02:59:06 PM
LogName=System
SourceName=Microsoft-Windows-Service Control Manager
EventCode=7036
EventType=4
Type=Information
ComputerName=EC2AMAZ-N0JSFD5
TaskCategory=None
OpCode=The operation completed successfully.
RecordNumber=81440
Keywords=Classic
Message=The Tile Data model server service entered the stopped state.
11/03/2020 02:59:06 PM
LogName=System
SourceName=Microsoft-Windows-Service Control Manager
EventCode=7036
EventType=4
Type=Information
ComputerName=EC2AMAZ-N0JSFD5
TaskCategory=None
OpCode=The operation completed successfully.
RecordNumber=81437
Keywords=Classic
Message=The App Readiness service entered the stopped state.
11/03/2020 02:59:06 PM
LogName=System
SourceName=Microsoft-Windows-Service Control Manager
EventCode=7036
EventType=4
Type=Information
ComputerName=EC2AMAZ-N0JSFD5
TaskCategory=None
OpCode=The operation completed successfully.
RecordNumber=81436
Keywords=Classic
Message=The Tile Data model server service entered the stopped state.
11/03/2020 02:59:06 PM
LogName=System
SourceName=Microsoft-Windows-Service Control Manager
EventCode=7036
EventType=4
Type=Information
ComputerName=EC2AMAZ-N0JSFD5
TaskCategory=None
OpCode=The operation completed successfully.
RecordNumber=81435
Keywords=Classic
Message=The Windows Modules Installer service entered the stopped state.
11/03/2020 02:59:07 PM
LogName=System
SourceName=Microsoft-Windows-Service Control Manager
EventCode=7036
EventType=4
Type=Information
ComputerName=EC2AMAZ-N0JSFD5
TaskCategory=None
OpCode=The operation completed successfully.
RecordNumber=81465
Keywords=Classic
Message=The Windows Update service entered the stopped state.
11/03/2020 02:59:07 PM
LogName=System
SourceName=Microsoft-Windows-Service Control Manager
EventCode=7036
EventType=4
Type=Information
ComputerName=EC2AMAZ-N0JSFD5
TaskCategory=None
OpCode=The operation completed successfully.
RecordNumber=81464
Keywords=Classic
Message=The Windows Event Log service entered the stopped state.
11/03/2020 02:59:07 PM
LogName=System
SourceName=Microsoft-Windows-Service Control Manager
EventCode=7036
EventType=4
Type=Information
ComputerName=EC2AMAZ-N0JSFD5
TaskCategory=None
OpCode=The operation completed successfully.
RecordNumber=81463
Keywords=Classic
Message=The Remote Desktop Services service entered the stopped state.
11/03/2020 02:59:07 PM
LogName=System
SourceName=Microsoft-Windows-Service Control Manager
EventCode=7036
EventType=4
Type=Information
ComputerName=EC2AMAZ-N0JSFD5
TaskCategory=None
OpCode=The operation completed successfully.
RecordNumber=81462
Keywords=Classic
Message=The Windows Remote Management (WS-Management) service entered the stopped state.
11/03/2020 02:59:07 PM
LogName=System
SourceName=Microsoft-Windows-Service Control Manager
EventCode=7036
EventType=4
Type=Information
ComputerName=EC2AMAZ-N0JSFD5
TaskCategory=None
OpCode=The operation completed successfully.
RecordNumber=81461
Keywords=Classic
Message=The Task Scheduler service entered the stopped state.
11/03/2020 02:59:07 PM
LogName=System
SourceName=Microsoft-Windows-Service Control Manager
EventCode=7036
EventType=4
Type=Information
ComputerName=EC2AMAZ-N0JSFD5
TaskCategory=None
OpCode=The operation completed successfully.
RecordNumber=81460
Keywords=Classic
Message=The Windows Font Cache Service service entered the stopped state.
11/03/2020 02:59:07 PM
LogName=System
SourceName=Microsoft-Windows-Service Control Manager
EventCode=7036
EventType=4
Type=Information
ComputerName=EC2AMAZ-N0JSFD5
TaskCategory=None
OpCode=The operation completed successfully.
RecordNumber=81459
Keywords=Classic
Message=The Software Protection service entered the stopped state.
11/03/2020 02:59:07 PM
LogName=System
SourceName=Microsoft-Windows-Service Control Manager
EventCode=7036
EventType=4
Type=Information
ComputerName=EC2AMAZ-N0JSFD5
TaskCategory=None
OpCode=The operation completed successfully.
RecordNumber=81458
Keywords=Classic
Message=The State Repository Service service entered the stopped state.
